ARM GAS  /tmp/ccAMoUk2.s 			page 1


   1              		.cpu cortex-m7
   2              		.eabi_attribute 28, 1
   3              		.eabi_attribute 20, 1
   4              		.eabi_attribute 21, 1
   5              		.eabi_attribute 23, 3
   6              		.eabi_attribute 24, 1
   7              		.eabi_attribute 25, 1
   8              		.eabi_attribute 26, 1
   9              		.eabi_attribute 30, 1
  10              		.eabi_attribute 34, 1
  11              		.eabi_attribute 18, 4
  12              		.file	"inet_chksum.c"
  13              		.text
  14              	.Ltext0:
  15              		.cfi_sections	.debug_frame
  16              		.section	.text.lwip_standard_chksum,"ax",%progbits
  17              		.align	1
  18              		.global	lwip_standard_chksum
  19              		.syntax unified
  20              		.thumb
  21              		.thumb_func
  22              		.fpu fpv5-d16
  24              	lwip_standard_chksum:
  25              	.LFB158:
  26              		.file 1 "Middlewares/Third_Party/LwIP/src/core/inet_chksum.c"
   1:Middlewares/Third_Party/LwIP/src/core/inet_chksum.c **** /**
   2:Middlewares/Third_Party/LwIP/src/core/inet_chksum.c ****  * @file
   3:Middlewares/Third_Party/LwIP/src/core/inet_chksum.c ****  * Internet checksum functions.\n
   4:Middlewares/Third_Party/LwIP/src/core/inet_chksum.c ****  *
   5:Middlewares/Third_Party/LwIP/src/core/inet_chksum.c ****  * These are some reference implementations of the checksum algorithm, with the
   6:Middlewares/Third_Party/LwIP/src/core/inet_chksum.c ****  * aim of being simple, correct and fully portable. Checksumming is the
   7:Middlewares/Third_Party/LwIP/src/core/inet_chksum.c ****  * first thing you would want to optimize for your platform. If you create
   8:Middlewares/Third_Party/LwIP/src/core/inet_chksum.c ****  * your own version, link it in and in your cc.h put:
   9:Middlewares/Third_Party/LwIP/src/core/inet_chksum.c ****  *
  10:Middlewares/Third_Party/LwIP/src/core/inet_chksum.c ****  * \#define LWIP_CHKSUM your_checksum_routine
  11:Middlewares/Third_Party/LwIP/src/core/inet_chksum.c ****  *
  12:Middlewares/Third_Party/LwIP/src/core/inet_chksum.c ****  * Or you can select from the implementations below by defining
  13:Middlewares/Third_Party/LwIP/src/core/inet_chksum.c ****  * LWIP_CHKSUM_ALGORITHM to 1, 2 or 3.
  14:Middlewares/Third_Party/LwIP/src/core/inet_chksum.c ****  */
  15:Middlewares/Third_Party/LwIP/src/core/inet_chksum.c **** 
  16:Middlewares/Third_Party/LwIP/src/core/inet_chksum.c **** /*
  17:Middlewares/Third_Party/LwIP/src/core/inet_chksum.c ****  * Copyright (c) 2001-2004 Swedish Institute of Computer Science.
  18:Middlewares/Third_Party/LwIP/src/core/inet_chksum.c ****  * All rights reserved.
  19:Middlewares/Third_Party/LwIP/src/core/inet_chksum.c ****  *
  20:Middlewares/Third_Party/LwIP/src/core/inet_chksum.c ****  * Redistribution and use in source and binary forms, with or without modification,
  21:Middlewares/Third_Party/LwIP/src/core/inet_chksum.c ****  * are permitted provided that the following conditions are met:
  22:Middlewares/Third_Party/LwIP/src/core/inet_chksum.c ****  *
  23:Middlewares/Third_Party/LwIP/src/core/inet_chksum.c ****  * 1. Redistributions of source code must retain the above copyright notice,
  24:Middlewares/Third_Party/LwIP/src/core/inet_chksum.c ****  *    this list of conditions and the following disclaimer.
  25:Middlewares/Third_Party/LwIP/src/core/inet_chksum.c ****  * 2. Redistributions in binary form must reproduce the above copyright notice,
  26:Middlewares/Third_Party/LwIP/src/core/inet_chksum.c ****  *    this list of conditions and the following disclaimer in the documentation
  27:Middlewares/Third_Party/LwIP/src/core/inet_chksum.c ****  *    and/or other materials provided with the distribution.
  28:Middlewares/Third_Party/LwIP/src/core/inet_chksum.c ****  * 3. The name of the author may not be used to endorse or promote products
  29:Middlewares/Third_Party/LwIP/src/core/inet_chksum.c ****  *    derived from this software without specific prior written permission.
  30:Middlewares/Third_Party/LwIP/src/core/inet_chksum.c ****  *
  31:Middlewares/Third_Party/LwIP/src/core/inet_chksum.c ****  * THIS SOFTWARE IS PROVIDED BY THE AUTHOR ``AS IS'' AND ANY EXPRESS OR IMPLIED
  32:Middlewares/Third_Party/LwIP/src/core/inet_chksum.c ****  * WARRANTIES, INCLUDING, BUT NOT LIMITED TO, THE IMPLIED WARRANTIES OF
ARM GAS  /tmp/ccAMoUk2.s 			page 2


  33:Middlewares/Third_Party/LwIP/src/core/inet_chksum.c ****  * MERCHANTABILITY AND FITNESS FOR A PARTICULAR PURPOSE ARE DISCLAIMED. IN NO EVENT
  34:Middlewares/Third_Party/LwIP/src/core/inet_chksum.c ****  * SHALL THE AUTHOR BE LIABLE FOR ANY DIRECT, INDIRECT, INCIDENTAL, SPECIAL,
  35:Middlewares/Third_Party/LwIP/src/core/inet_chksum.c ****  * EXEMPLARY, OR CONSEQUENTIAL DAMAGES (INCLUDING, BUT NOT LIMITED TO, PROCUREMENT
  36:Middlewares/Third_Party/LwIP/src/core/inet_chksum.c ****  * OF SUBSTITUTE GOODS OR SERVICES; LOSS OF USE, DATA, OR PROFITS; OR BUSINESS
  37:Middlewares/Third_Party/LwIP/src/core/inet_chksum.c ****  * INTERRUPTION) HOWEVER CAUSED AND ON ANY THEORY OF LIABILITY, WHETHER IN
  38:Middlewares/Third_Party/LwIP/src/core/inet_chksum.c ****  * CONTRACT, STRICT LIABILITY, OR TORT (INCLUDING NEGLIGENCE OR OTHERWISE) ARISING
  39:Middlewares/Third_Party/LwIP/src/core/inet_chksum.c ****  * IN ANY WAY OUT OF THE USE OF THIS SOFTWARE, EVEN IF ADVISED OF THE POSSIBILITY
  40:Middlewares/Third_Party/LwIP/src/core/inet_chksum.c ****  * OF SUCH DAMAGE.
  41:Middlewares/Third_Party/LwIP/src/core/inet_chksum.c ****  *
  42:Middlewares/Third_Party/LwIP/src/core/inet_chksum.c ****  * This file is part of the lwIP TCP/IP stack.
  43:Middlewares/Third_Party/LwIP/src/core/inet_chksum.c ****  *
  44:Middlewares/Third_Party/LwIP/src/core/inet_chksum.c ****  * Author: Adam Dunkels <adam@sics.se>
  45:Middlewares/Third_Party/LwIP/src/core/inet_chksum.c ****  *
  46:Middlewares/Third_Party/LwIP/src/core/inet_chksum.c ****  */
  47:Middlewares/Third_Party/LwIP/src/core/inet_chksum.c **** 
  48:Middlewares/Third_Party/LwIP/src/core/inet_chksum.c **** #include "lwip/opt.h"
  49:Middlewares/Third_Party/LwIP/src/core/inet_chksum.c **** 
  50:Middlewares/Third_Party/LwIP/src/core/inet_chksum.c **** #include "lwip/inet_chksum.h"
  51:Middlewares/Third_Party/LwIP/src/core/inet_chksum.c **** #include "lwip/def.h"
  52:Middlewares/Third_Party/LwIP/src/core/inet_chksum.c **** #include "lwip/ip_addr.h"
  53:Middlewares/Third_Party/LwIP/src/core/inet_chksum.c **** 
  54:Middlewares/Third_Party/LwIP/src/core/inet_chksum.c **** #include <string.h>
  55:Middlewares/Third_Party/LwIP/src/core/inet_chksum.c **** 
  56:Middlewares/Third_Party/LwIP/src/core/inet_chksum.c **** #ifndef LWIP_CHKSUM
  57:Middlewares/Third_Party/LwIP/src/core/inet_chksum.c **** # define LWIP_CHKSUM lwip_standard_chksum
  58:Middlewares/Third_Party/LwIP/src/core/inet_chksum.c **** # ifndef LWIP_CHKSUM_ALGORITHM
  59:Middlewares/Third_Party/LwIP/src/core/inet_chksum.c **** #  define LWIP_CHKSUM_ALGORITHM 2
  60:Middlewares/Third_Party/LwIP/src/core/inet_chksum.c **** # endif
  61:Middlewares/Third_Party/LwIP/src/core/inet_chksum.c **** u16_t lwip_standard_chksum(const void *dataptr, int len);
  62:Middlewares/Third_Party/LwIP/src/core/inet_chksum.c **** #endif
  63:Middlewares/Third_Party/LwIP/src/core/inet_chksum.c **** /* If none set: */
  64:Middlewares/Third_Party/LwIP/src/core/inet_chksum.c **** #ifndef LWIP_CHKSUM_ALGORITHM
  65:Middlewares/Third_Party/LwIP/src/core/inet_chksum.c **** # define LWIP_CHKSUM_ALGORITHM 0
  66:Middlewares/Third_Party/LwIP/src/core/inet_chksum.c **** #endif
  67:Middlewares/Third_Party/LwIP/src/core/inet_chksum.c **** 
  68:Middlewares/Third_Party/LwIP/src/core/inet_chksum.c **** #if (LWIP_CHKSUM_ALGORITHM == 1) /* Version #1 */
  69:Middlewares/Third_Party/LwIP/src/core/inet_chksum.c **** /**
  70:Middlewares/Third_Party/LwIP/src/core/inet_chksum.c ****  * lwip checksum
  71:Middlewares/Third_Party/LwIP/src/core/inet_chksum.c ****  *
  72:Middlewares/Third_Party/LwIP/src/core/inet_chksum.c ****  * @param dataptr points to start of data to be summed at any boundary
  73:Middlewares/Third_Party/LwIP/src/core/inet_chksum.c ****  * @param len length of data to be summed
  74:Middlewares/Third_Party/LwIP/src/core/inet_chksum.c ****  * @return host order (!) lwip checksum (non-inverted Internet sum)
  75:Middlewares/Third_Party/LwIP/src/core/inet_chksum.c ****  *
  76:Middlewares/Third_Party/LwIP/src/core/inet_chksum.c ****  * @note accumulator size limits summable length to 64k
  77:Middlewares/Third_Party/LwIP/src/core/inet_chksum.c ****  * @note host endianess is irrelevant (p3 RFC1071)
  78:Middlewares/Third_Party/LwIP/src/core/inet_chksum.c ****  */
  79:Middlewares/Third_Party/LwIP/src/core/inet_chksum.c **** u16_t
  80:Middlewares/Third_Party/LwIP/src/core/inet_chksum.c **** lwip_standard_chksum(const void *dataptr, int len)
  81:Middlewares/Third_Party/LwIP/src/core/inet_chksum.c **** {
  82:Middlewares/Third_Party/LwIP/src/core/inet_chksum.c ****   u32_t acc;
  83:Middlewares/Third_Party/LwIP/src/core/inet_chksum.c ****   u16_t src;
  84:Middlewares/Third_Party/LwIP/src/core/inet_chksum.c ****   const u8_t *octetptr;
  85:Middlewares/Third_Party/LwIP/src/core/inet_chksum.c **** 
  86:Middlewares/Third_Party/LwIP/src/core/inet_chksum.c ****   acc = 0;
  87:Middlewares/Third_Party/LwIP/src/core/inet_chksum.c ****   /* dataptr may be at odd or even addresses */
  88:Middlewares/Third_Party/LwIP/src/core/inet_chksum.c ****   octetptr = (const u8_t *)dataptr;
  89:Middlewares/Third_Party/LwIP/src/core/inet_chksum.c ****   while (len > 1) {
ARM GAS  /tmp/ccAMoUk2.s 			page 3


  90:Middlewares/Third_Party/LwIP/src/core/inet_chksum.c ****     /* declare first octet as most significant
  91:Middlewares/Third_Party/LwIP/src/core/inet_chksum.c ****        thus assume network order, ignoring host order */
  92:Middlewares/Third_Party/LwIP/src/core/inet_chksum.c ****     src = (*octetptr) << 8;
  93:Middlewares/Third_Party/LwIP/src/core/inet_chksum.c ****     octetptr++;
  94:Middlewares/Third_Party/LwIP/src/core/inet_chksum.c ****     /* declare second octet as least significant */
  95:Middlewares/Third_Party/LwIP/src/core/inet_chksum.c ****     src |= (*octetptr);
  96:Middlewares/Third_Party/LwIP/src/core/inet_chksum.c ****     octetptr++;
  97:Middlewares/Third_Party/LwIP/src/core/inet_chksum.c ****     acc += src;
  98:Middlewares/Third_Party/LwIP/src/core/inet_chksum.c ****     len -= 2;
  99:Middlewares/Third_Party/LwIP/src/core/inet_chksum.c ****   }
 100:Middlewares/Third_Party/LwIP/src/core/inet_chksum.c ****   if (len > 0) {
 101:Middlewares/Third_Party/LwIP/src/core/inet_chksum.c ****     /* accumulate remaining octet */
 102:Middlewares/Third_Party/LwIP/src/core/inet_chksum.c ****     src = (*octetptr) << 8;
 103:Middlewares/Third_Party/LwIP/src/core/inet_chksum.c ****     acc += src;
 104:Middlewares/Third_Party/LwIP/src/core/inet_chksum.c ****   }
 105:Middlewares/Third_Party/LwIP/src/core/inet_chksum.c ****   /* add deferred carry bits */
 106:Middlewares/Third_Party/LwIP/src/core/inet_chksum.c ****   acc = (acc >> 16) + (acc & 0x0000ffffUL);
 107:Middlewares/Third_Party/LwIP/src/core/inet_chksum.c ****   if ((acc & 0xffff0000UL) != 0) {
 108:Middlewares/Third_Party/LwIP/src/core/inet_chksum.c ****     acc = (acc >> 16) + (acc & 0x0000ffffUL);
 109:Middlewares/Third_Party/LwIP/src/core/inet_chksum.c ****   }
 110:Middlewares/Third_Party/LwIP/src/core/inet_chksum.c ****   /* This maybe a little confusing: reorder sum using lwip_htons()
 111:Middlewares/Third_Party/LwIP/src/core/inet_chksum.c ****      instead of lwip_ntohs() since it has a little less call overhead.
 112:Middlewares/Third_Party/LwIP/src/core/inet_chksum.c ****      The caller must invert bits for Internet sum ! */
 113:Middlewares/Third_Party/LwIP/src/core/inet_chksum.c ****   return lwip_htons((u16_t)acc);
 114:Middlewares/Third_Party/LwIP/src/core/inet_chksum.c **** }
 115:Middlewares/Third_Party/LwIP/src/core/inet_chksum.c **** #endif
 116:Middlewares/Third_Party/LwIP/src/core/inet_chksum.c **** 
 117:Middlewares/Third_Party/LwIP/src/core/inet_chksum.c **** #if (LWIP_CHKSUM_ALGORITHM == 2) /* Alternative version #2 */
 118:Middlewares/Third_Party/LwIP/src/core/inet_chksum.c **** /*
 119:Middlewares/Third_Party/LwIP/src/core/inet_chksum.c ****  * Curt McDowell
 120:Middlewares/Third_Party/LwIP/src/core/inet_chksum.c ****  * Broadcom Corp.
 121:Middlewares/Third_Party/LwIP/src/core/inet_chksum.c ****  * csm@broadcom.com
 122:Middlewares/Third_Party/LwIP/src/core/inet_chksum.c ****  *
 123:Middlewares/Third_Party/LwIP/src/core/inet_chksum.c ****  * IP checksum two bytes at a time with support for
 124:Middlewares/Third_Party/LwIP/src/core/inet_chksum.c ****  * unaligned buffer.
 125:Middlewares/Third_Party/LwIP/src/core/inet_chksum.c ****  * Works for len up to and including 0x20000.
 126:Middlewares/Third_Party/LwIP/src/core/inet_chksum.c ****  * by Curt McDowell, Broadcom Corp. 12/08/2005
 127:Middlewares/Third_Party/LwIP/src/core/inet_chksum.c ****  *
 128:Middlewares/Third_Party/LwIP/src/core/inet_chksum.c ****  * @param dataptr points to start of data to be summed at any boundary
 129:Middlewares/Third_Party/LwIP/src/core/inet_chksum.c ****  * @param len length of data to be summed
 130:Middlewares/Third_Party/LwIP/src/core/inet_chksum.c ****  * @return host order (!) lwip checksum (non-inverted Internet sum)
 131:Middlewares/Third_Party/LwIP/src/core/inet_chksum.c ****  */
 132:Middlewares/Third_Party/LwIP/src/core/inet_chksum.c **** u16_t
 133:Middlewares/Third_Party/LwIP/src/core/inet_chksum.c **** lwip_standard_chksum(const void *dataptr, int len)
 134:Middlewares/Third_Party/LwIP/src/core/inet_chksum.c **** {
  27              		.loc 1 134 0
  28              		.cfi_startproc
  29              		@ args = 0, pretend = 0, frame = 8
  30              		@ frame_needed = 0, uses_anonymous_args = 0
  31              		@ link register save eliminated.
  32              	.LVL0:
  33 0000 10B4     		push	{r4}
  34              	.LCFI0:
  35              		.cfi_def_cfa_offset 4
  36              		.cfi_offset 4, -4
  37 0002 83B0     		sub	sp, sp, #12
  38              	.LCFI1:
ARM GAS  /tmp/ccAMoUk2.s 			page 4


  39              		.cfi_def_cfa_offset 16
  40              	.LVL1:
 135:Middlewares/Third_Party/LwIP/src/core/inet_chksum.c ****   const u8_t *pb = (const u8_t *)dataptr;
 136:Middlewares/Third_Party/LwIP/src/core/inet_chksum.c ****   const u16_t *ps;
 137:Middlewares/Third_Party/LwIP/src/core/inet_chksum.c ****   u16_t t = 0;
  41              		.loc 1 137 0
  42 0004 0023     		movs	r3, #0
  43 0006 ADF80630 		strh	r3, [sp, #6]	@ movhi
  44              	.LVL2:
 138:Middlewares/Third_Party/LwIP/src/core/inet_chksum.c ****   u32_t sum = 0;
 139:Middlewares/Third_Party/LwIP/src/core/inet_chksum.c ****   int odd = ((mem_ptr_t)pb & 1);
  45              		.loc 1 139 0
  46 000a 00F00104 		and	r4, r0, #1
  47              	.LVL3:
 140:Middlewares/Third_Party/LwIP/src/core/inet_chksum.c **** 
 141:Middlewares/Third_Party/LwIP/src/core/inet_chksum.c ****   /* Get aligned to u16_t */
 142:Middlewares/Third_Party/LwIP/src/core/inet_chksum.c ****   if (odd && len > 0) {
  48              		.loc 1 142 0
  49 000e 0B46     		mov	r3, r1
  50 0010 0029     		cmp	r1, #0
  51 0012 D4BF     		ite	le
  52 0014 0021     		movle	r1, #0
  53 0016 04F00101 		andgt	r1, r4, #1
  54              	.LVL4:
  55 001a 31B1     		cbz	r1, .L7
 143:Middlewares/Third_Party/LwIP/src/core/inet_chksum.c ****     ((u8_t *)&t)[1] = *pb++;
  56              		.loc 1 143 0
  57 001c 421C     		adds	r2, r0, #1
  58              	.LVL5:
  59 001e 0178     		ldrb	r1, [r0]	@ zero_extendqisi2
  60 0020 8DF80710 		strb	r1, [sp, #7]
 144:Middlewares/Third_Party/LwIP/src/core/inet_chksum.c ****     len--;
  61              		.loc 1 144 0
  62 0024 013B     		subs	r3, r3, #1
  63              	.LVL6:
  64              	.L2:
 138:Middlewares/Third_Party/LwIP/src/core/inet_chksum.c ****   int odd = ((mem_ptr_t)pb & 1);
  65              		.loc 1 138 0
  66 0026 0021     		movs	r1, #0
 145:Middlewares/Third_Party/LwIP/src/core/inet_chksum.c ****   }
 146:Middlewares/Third_Party/LwIP/src/core/inet_chksum.c **** 
 147:Middlewares/Third_Party/LwIP/src/core/inet_chksum.c ****   /* Add the bulk of the data */
 148:Middlewares/Third_Party/LwIP/src/core/inet_chksum.c ****   ps = (const u16_t *)(const void *)pb;
 149:Middlewares/Third_Party/LwIP/src/core/inet_chksum.c ****   while (len > 1) {
  67              		.loc 1 149 0
  68 0028 05E0     		b	.L3
  69              	.LVL7:
  70              	.L7:
 135:Middlewares/Third_Party/LwIP/src/core/inet_chksum.c ****   const u16_t *ps;
  71              		.loc 1 135 0
  72 002a 0246     		mov	r2, r0
  73 002c FBE7     		b	.L2
  74              	.LVL8:
  75              	.L4:
 150:Middlewares/Third_Party/LwIP/src/core/inet_chksum.c ****     sum += *ps++;
  76              		.loc 1 150 0
  77 002e 1088     		ldrh	r0, [r2]
ARM GAS  /tmp/ccAMoUk2.s 			page 5


  78 0030 0144     		add	r1, r1, r0
  79              	.LVL9:
 151:Middlewares/Third_Party/LwIP/src/core/inet_chksum.c ****     len -= 2;
  80              		.loc 1 151 0
  81 0032 023B     		subs	r3, r3, #2
  82              	.LVL10:
 150:Middlewares/Third_Party/LwIP/src/core/inet_chksum.c ****     sum += *ps++;
  83              		.loc 1 150 0
  84 0034 0232     		adds	r2, r2, #2
  85              	.LVL11:
  86              	.L3:
 149:Middlewares/Third_Party/LwIP/src/core/inet_chksum.c ****     sum += *ps++;
  87              		.loc 1 149 0
  88 0036 012B     		cmp	r3, #1
  89 0038 F9DC     		bgt	.L4
 152:Middlewares/Third_Party/LwIP/src/core/inet_chksum.c ****   }
 153:Middlewares/Third_Party/LwIP/src/core/inet_chksum.c **** 
 154:Middlewares/Third_Party/LwIP/src/core/inet_chksum.c ****   /* Consume left-over byte, if any */
 155:Middlewares/Third_Party/LwIP/src/core/inet_chksum.c ****   if (len > 0) {
  90              		.loc 1 155 0
  91 003a 002B     		cmp	r3, #0
  92 003c 02DD     		ble	.L5
 156:Middlewares/Third_Party/LwIP/src/core/inet_chksum.c ****     ((u8_t *)&t)[0] = *(const u8_t *)ps;
  93              		.loc 1 156 0
  94 003e 1378     		ldrb	r3, [r2]	@ zero_extendqisi2
  95              	.LVL12:
  96 0040 8DF80630 		strb	r3, [sp, #6]
  97              	.L5:
 157:Middlewares/Third_Party/LwIP/src/core/inet_chksum.c ****   }
 158:Middlewares/Third_Party/LwIP/src/core/inet_chksum.c **** 
 159:Middlewares/Third_Party/LwIP/src/core/inet_chksum.c ****   /* Add end bytes */
 160:Middlewares/Third_Party/LwIP/src/core/inet_chksum.c ****   sum += t;
  98              		.loc 1 160 0
  99 0044 BDF80600 		ldrh	r0, [sp, #6]
 100 0048 0144     		add	r1, r1, r0
 101              	.LVL13:
 161:Middlewares/Third_Party/LwIP/src/core/inet_chksum.c **** 
 162:Middlewares/Third_Party/LwIP/src/core/inet_chksum.c ****   /* Fold 32-bit sum to 16 bits
 163:Middlewares/Third_Party/LwIP/src/core/inet_chksum.c ****      calling this twice is probably faster than if statements... */
 164:Middlewares/Third_Party/LwIP/src/core/inet_chksum.c ****   sum = FOLD_U32T(sum);
 102              		.loc 1 164 0
 103 004a 88B2     		uxth	r0, r1
 104 004c 00EB1141 		add	r1, r0, r1, lsr #16
 105              	.LVL14:
 165:Middlewares/Third_Party/LwIP/src/core/inet_chksum.c ****   sum = FOLD_U32T(sum);
 106              		.loc 1 165 0
 107 0050 88B2     		uxth	r0, r1
 108 0052 00EB1140 		add	r0, r0, r1, lsr #16
 109              	.LVL15:
 166:Middlewares/Third_Party/LwIP/src/core/inet_chksum.c **** 
 167:Middlewares/Third_Party/LwIP/src/core/inet_chksum.c ****   /* Swap if alignment was odd */
 168:Middlewares/Third_Party/LwIP/src/core/inet_chksum.c ****   if (odd) {
 110              		.loc 1 168 0
 111 0056 24B1     		cbz	r4, .L6
 169:Middlewares/Third_Party/LwIP/src/core/inet_chksum.c ****     sum = SWAP_BYTES_IN_WORD(sum);
 112              		.loc 1 169 0
 113 0058 0302     		lsls	r3, r0, #8
ARM GAS  /tmp/ccAMoUk2.s 			page 6


 114 005a 9BB2     		uxth	r3, r3
 115 005c C0F30720 		ubfx	r0, r0, #8, #8
 116              	.LVL16:
 117 0060 1843     		orrs	r0, r0, r3
 118              	.LVL17:
 119              	.L6:
 170:Middlewares/Third_Party/LwIP/src/core/inet_chksum.c ****   }
 171:Middlewares/Third_Party/LwIP/src/core/inet_chksum.c **** 
 172:Middlewares/Third_Party/LwIP/src/core/inet_chksum.c ****   return (u16_t)sum;
 173:Middlewares/Third_Party/LwIP/src/core/inet_chksum.c **** }
 120              		.loc 1 173 0
 121 0062 80B2     		uxth	r0, r0
 122              	.LVL18:
 123 0064 03B0     		add	sp, sp, #12
 124              	.LCFI2:
 125              		.cfi_def_cfa_offset 4
 126              		@ sp needed
 127 0066 5DF8044B 		ldr	r4, [sp], #4
 128              	.LCFI3:
 129              		.cfi_restore 4
 130              		.cfi_def_cfa_offset 0
 131              	.LVL19:
 132 006a 7047     		bx	lr
 133              		.cfi_endproc
 134              	.LFE158:
 136              		.section	.text.inet_cksum_pseudo_base,"ax",%progbits
 137              		.align	1
 138              		.syntax unified
 139              		.thumb
 140              		.thumb_func
 141              		.fpu fpv5-d16
 143              	inet_cksum_pseudo_base:
 144              	.LFB159:
 174:Middlewares/Third_Party/LwIP/src/core/inet_chksum.c **** #endif
 175:Middlewares/Third_Party/LwIP/src/core/inet_chksum.c **** 
 176:Middlewares/Third_Party/LwIP/src/core/inet_chksum.c **** #if (LWIP_CHKSUM_ALGORITHM == 3) /* Alternative version #3 */
 177:Middlewares/Third_Party/LwIP/src/core/inet_chksum.c **** /**
 178:Middlewares/Third_Party/LwIP/src/core/inet_chksum.c ****  * An optimized checksum routine. Basically, it uses loop-unrolling on
 179:Middlewares/Third_Party/LwIP/src/core/inet_chksum.c ****  * the checksum loop, treating the head and tail bytes specially, whereas
 180:Middlewares/Third_Party/LwIP/src/core/inet_chksum.c ****  * the inner loop acts on 8 bytes at a time.
 181:Middlewares/Third_Party/LwIP/src/core/inet_chksum.c ****  *
 182:Middlewares/Third_Party/LwIP/src/core/inet_chksum.c ****  * @arg start of buffer to be checksummed. May be an odd byte address.
 183:Middlewares/Third_Party/LwIP/src/core/inet_chksum.c ****  * @len number of bytes in the buffer to be checksummed.
 184:Middlewares/Third_Party/LwIP/src/core/inet_chksum.c ****  * @return host order (!) lwip checksum (non-inverted Internet sum)
 185:Middlewares/Third_Party/LwIP/src/core/inet_chksum.c ****  *
 186:Middlewares/Third_Party/LwIP/src/core/inet_chksum.c ****  * by Curt McDowell, Broadcom Corp. December 8th, 2005
 187:Middlewares/Third_Party/LwIP/src/core/inet_chksum.c ****  */
 188:Middlewares/Third_Party/LwIP/src/core/inet_chksum.c **** u16_t
 189:Middlewares/Third_Party/LwIP/src/core/inet_chksum.c **** lwip_standard_chksum(const void *dataptr, int len)
 190:Middlewares/Third_Party/LwIP/src/core/inet_chksum.c **** {
 191:Middlewares/Third_Party/LwIP/src/core/inet_chksum.c ****   const u8_t *pb = (const u8_t *)dataptr;
 192:Middlewares/Third_Party/LwIP/src/core/inet_chksum.c ****   const u16_t *ps;
 193:Middlewares/Third_Party/LwIP/src/core/inet_chksum.c ****   u16_t t = 0;
 194:Middlewares/Third_Party/LwIP/src/core/inet_chksum.c ****   const u32_t *pl;
 195:Middlewares/Third_Party/LwIP/src/core/inet_chksum.c ****   u32_t sum = 0, tmp;
 196:Middlewares/Third_Party/LwIP/src/core/inet_chksum.c ****   /* starts at odd byte address? */
 197:Middlewares/Third_Party/LwIP/src/core/inet_chksum.c ****   int odd = ((mem_ptr_t)pb & 1);
ARM GAS  /tmp/ccAMoUk2.s 			page 7


 198:Middlewares/Third_Party/LwIP/src/core/inet_chksum.c **** 
 199:Middlewares/Third_Party/LwIP/src/core/inet_chksum.c ****   if (odd && len > 0) {
 200:Middlewares/Third_Party/LwIP/src/core/inet_chksum.c ****     ((u8_t *)&t)[1] = *pb++;
 201:Middlewares/Third_Party/LwIP/src/core/inet_chksum.c ****     len--;
 202:Middlewares/Third_Party/LwIP/src/core/inet_chksum.c ****   }
 203:Middlewares/Third_Party/LwIP/src/core/inet_chksum.c **** 
 204:Middlewares/Third_Party/LwIP/src/core/inet_chksum.c ****   ps = (const u16_t *)(const void *)pb;
 205:Middlewares/Third_Party/LwIP/src/core/inet_chksum.c **** 
 206:Middlewares/Third_Party/LwIP/src/core/inet_chksum.c ****   if (((mem_ptr_t)ps & 3) && len > 1) {
 207:Middlewares/Third_Party/LwIP/src/core/inet_chksum.c ****     sum += *ps++;
 208:Middlewares/Third_Party/LwIP/src/core/inet_chksum.c ****     len -= 2;
 209:Middlewares/Third_Party/LwIP/src/core/inet_chksum.c ****   }
 210:Middlewares/Third_Party/LwIP/src/core/inet_chksum.c **** 
 211:Middlewares/Third_Party/LwIP/src/core/inet_chksum.c ****   pl = (const u32_t *)(const void *)ps;
 212:Middlewares/Third_Party/LwIP/src/core/inet_chksum.c **** 
 213:Middlewares/Third_Party/LwIP/src/core/inet_chksum.c ****   while (len > 7)  {
 214:Middlewares/Third_Party/LwIP/src/core/inet_chksum.c ****     tmp = sum + *pl++;          /* ping */
 215:Middlewares/Third_Party/LwIP/src/core/inet_chksum.c ****     if (tmp < sum) {
 216:Middlewares/Third_Party/LwIP/src/core/inet_chksum.c ****       tmp++;                    /* add back carry */
 217:Middlewares/Third_Party/LwIP/src/core/inet_chksum.c ****     }
 218:Middlewares/Third_Party/LwIP/src/core/inet_chksum.c **** 
 219:Middlewares/Third_Party/LwIP/src/core/inet_chksum.c ****     sum = tmp + *pl++;          /* pong */
 220:Middlewares/Third_Party/LwIP/src/core/inet_chksum.c ****     if (sum < tmp) {
 221:Middlewares/Third_Party/LwIP/src/core/inet_chksum.c ****       sum++;                    /* add back carry */
 222:Middlewares/Third_Party/LwIP/src/core/inet_chksum.c ****     }
 223:Middlewares/Third_Party/LwIP/src/core/inet_chksum.c **** 
 224:Middlewares/Third_Party/LwIP/src/core/inet_chksum.c ****     len -= 8;
 225:Middlewares/Third_Party/LwIP/src/core/inet_chksum.c ****   }
 226:Middlewares/Third_Party/LwIP/src/core/inet_chksum.c **** 
 227:Middlewares/Third_Party/LwIP/src/core/inet_chksum.c ****   /* make room in upper bits */
 228:Middlewares/Third_Party/LwIP/src/core/inet_chksum.c ****   sum = FOLD_U32T(sum);
 229:Middlewares/Third_Party/LwIP/src/core/inet_chksum.c **** 
 230:Middlewares/Third_Party/LwIP/src/core/inet_chksum.c ****   ps = (const u16_t *)pl;
 231:Middlewares/Third_Party/LwIP/src/core/inet_chksum.c **** 
 232:Middlewares/Third_Party/LwIP/src/core/inet_chksum.c ****   /* 16-bit aligned word remaining? */
 233:Middlewares/Third_Party/LwIP/src/core/inet_chksum.c ****   while (len > 1) {
 234:Middlewares/Third_Party/LwIP/src/core/inet_chksum.c ****     sum += *ps++;
 235:Middlewares/Third_Party/LwIP/src/core/inet_chksum.c ****     len -= 2;
 236:Middlewares/Third_Party/LwIP/src/core/inet_chksum.c ****   }
 237:Middlewares/Third_Party/LwIP/src/core/inet_chksum.c **** 
 238:Middlewares/Third_Party/LwIP/src/core/inet_chksum.c ****   /* dangling tail byte remaining? */
 239:Middlewares/Third_Party/LwIP/src/core/inet_chksum.c ****   if (len > 0) {                /* include odd byte */
 240:Middlewares/Third_Party/LwIP/src/core/inet_chksum.c ****     ((u8_t *)&t)[0] = *(const u8_t *)ps;
 241:Middlewares/Third_Party/LwIP/src/core/inet_chksum.c ****   }
 242:Middlewares/Third_Party/LwIP/src/core/inet_chksum.c **** 
 243:Middlewares/Third_Party/LwIP/src/core/inet_chksum.c ****   sum += t;                     /* add end bytes */
 244:Middlewares/Third_Party/LwIP/src/core/inet_chksum.c **** 
 245:Middlewares/Third_Party/LwIP/src/core/inet_chksum.c ****   /* Fold 32-bit sum to 16 bits
 246:Middlewares/Third_Party/LwIP/src/core/inet_chksum.c ****      calling this twice is probably faster than if statements... */
 247:Middlewares/Third_Party/LwIP/src/core/inet_chksum.c ****   sum = FOLD_U32T(sum);
 248:Middlewares/Third_Party/LwIP/src/core/inet_chksum.c ****   sum = FOLD_U32T(sum);
 249:Middlewares/Third_Party/LwIP/src/core/inet_chksum.c **** 
 250:Middlewares/Third_Party/LwIP/src/core/inet_chksum.c ****   if (odd) {
 251:Middlewares/Third_Party/LwIP/src/core/inet_chksum.c ****     sum = SWAP_BYTES_IN_WORD(sum);
 252:Middlewares/Third_Party/LwIP/src/core/inet_chksum.c ****   }
 253:Middlewares/Third_Party/LwIP/src/core/inet_chksum.c **** 
 254:Middlewares/Third_Party/LwIP/src/core/inet_chksum.c ****   return (u16_t)sum;
ARM GAS  /tmp/ccAMoUk2.s 			page 8


 255:Middlewares/Third_Party/LwIP/src/core/inet_chksum.c **** }
 256:Middlewares/Third_Party/LwIP/src/core/inet_chksum.c **** #endif
 257:Middlewares/Third_Party/LwIP/src/core/inet_chksum.c **** 
 258:Middlewares/Third_Party/LwIP/src/core/inet_chksum.c **** /** Parts of the pseudo checksum which are common to IPv4 and IPv6 */
 259:Middlewares/Third_Party/LwIP/src/core/inet_chksum.c **** static u16_t
 260:Middlewares/Third_Party/LwIP/src/core/inet_chksum.c **** inet_cksum_pseudo_base(struct pbuf *p, u8_t proto, u16_t proto_len, u32_t acc)
 261:Middlewares/Third_Party/LwIP/src/core/inet_chksum.c **** {
 145              		.loc 1 261 0
 146              		.cfi_startproc
 147              		@ args = 0, pretend = 0, frame = 0
 148              		@ frame_needed = 0, uses_anonymous_args = 0
 149              	.LVL20:
 150 0000 2DE9F041 		push	{r4, r5, r6, r7, r8, lr}
 151              	.LCFI4:
 152              		.cfi_def_cfa_offset 24
 153              		.cfi_offset 4, -24
 154              		.cfi_offset 5, -20
 155              		.cfi_offset 6, -16
 156              		.cfi_offset 7, -12
 157              		.cfi_offset 8, -8
 158              		.cfi_offset 14, -4
 159 0004 0546     		mov	r5, r0
 160 0006 8846     		mov	r8, r1
 161 0008 1746     		mov	r7, r2
 162 000a 1C46     		mov	r4, r3
 163              	.LVL21:
 262:Middlewares/Third_Party/LwIP/src/core/inet_chksum.c ****   struct pbuf *q;
 263:Middlewares/Third_Party/LwIP/src/core/inet_chksum.c ****   int swapped = 0;
 164              		.loc 1 263 0
 165 000c 0026     		movs	r6, #0
 264:Middlewares/Third_Party/LwIP/src/core/inet_chksum.c **** 
 265:Middlewares/Third_Party/LwIP/src/core/inet_chksum.c ****   /* iterate through all pbuf in chain */
 266:Middlewares/Third_Party/LwIP/src/core/inet_chksum.c ****   for (q = p; q != NULL; q = q->next) {
 166              		.loc 1 266 0
 167 000e 00E0     		b	.L10
 168              	.LVL22:
 169              	.L11:
 170              		.loc 1 266 0 is_stmt 0 discriminator 2
 171 0010 2D68     		ldr	r5, [r5]
 172              	.LVL23:
 173              	.L10:
 174              		.loc 1 266 0 discriminator 1
 175 0012 9DB1     		cbz	r5, .L15
 267:Middlewares/Third_Party/LwIP/src/core/inet_chksum.c ****     LWIP_DEBUGF(INET_DEBUG, ("inet_chksum_pseudo(): checksumming pbuf %p (has next %p) \n",
 268:Middlewares/Third_Party/LwIP/src/core/inet_chksum.c ****                              (void *)q, (void *)q->next));
 269:Middlewares/Third_Party/LwIP/src/core/inet_chksum.c ****     acc += LWIP_CHKSUM(q->payload, q->len);
 176              		.loc 1 269 0 is_stmt 1
 177 0014 6989     		ldrh	r1, [r5, #10]
 178 0016 6868     		ldr	r0, [r5, #4]
 179 0018 FFF7FEFF 		bl	lwip_standard_chksum
 180              	.LVL24:
 181 001c 0444     		add	r4, r4, r0
 182              	.LVL25:
 270:Middlewares/Third_Party/LwIP/src/core/inet_chksum.c ****     /*LWIP_DEBUGF(INET_DEBUG, ("inet_chksum_pseudo(): unwrapped lwip_chksum()=%"X32_F" \n", acc));*
 271:Middlewares/Third_Party/LwIP/src/core/inet_chksum.c ****     /* just executing this next line is probably faster that the if statement needed
 272:Middlewares/Third_Party/LwIP/src/core/inet_chksum.c ****        to check whether we really need to execute it, and does no harm */
 273:Middlewares/Third_Party/LwIP/src/core/inet_chksum.c ****     acc = FOLD_U32T(acc);
ARM GAS  /tmp/ccAMoUk2.s 			page 9


 183              		.loc 1 273 0
 184 001e A0B2     		uxth	r0, r4
 185 0020 00EB1444 		add	r4, r0, r4, lsr #16
 186              	.LVL26:
 274:Middlewares/Third_Party/LwIP/src/core/inet_chksum.c ****     if (q->len % 2 != 0) {
 187              		.loc 1 274 0
 188 0024 6B89     		ldrh	r3, [r5, #10]
 189 0026 13F0010F 		tst	r3, #1
 190 002a F1D0     		beq	.L11
 275:Middlewares/Third_Party/LwIP/src/core/inet_chksum.c ****       swapped = !swapped;
 191              		.loc 1 275 0
 192 002c 86F00106 		eor	r6, r6, #1
 193              	.LVL27:
 276:Middlewares/Third_Party/LwIP/src/core/inet_chksum.c ****       acc = SWAP_BYTES_IN_WORD(acc);
 194              		.loc 1 276 0
 195 0030 2302     		lsls	r3, r4, #8
 196 0032 9BB2     		uxth	r3, r3
 197 0034 C4F30724 		ubfx	r4, r4, #8, #8
 198              	.LVL28:
 199 0038 1C43     		orrs	r4, r4, r3
 200              	.LVL29:
 201 003a E9E7     		b	.L11
 202              	.L15:
 277:Middlewares/Third_Party/LwIP/src/core/inet_chksum.c ****     }
 278:Middlewares/Third_Party/LwIP/src/core/inet_chksum.c ****     /*LWIP_DEBUGF(INET_DEBUG, ("inet_chksum_pseudo(): wrapped lwip_chksum()=%"X32_F" \n", acc));*/
 279:Middlewares/Third_Party/LwIP/src/core/inet_chksum.c ****   }
 280:Middlewares/Third_Party/LwIP/src/core/inet_chksum.c **** 
 281:Middlewares/Third_Party/LwIP/src/core/inet_chksum.c ****   if (swapped) {
 203              		.loc 1 281 0
 204 003c 26B1     		cbz	r6, .L13
 282:Middlewares/Third_Party/LwIP/src/core/inet_chksum.c ****     acc = SWAP_BYTES_IN_WORD(acc);
 205              		.loc 1 282 0
 206 003e 2302     		lsls	r3, r4, #8
 207 0040 9BB2     		uxth	r3, r3
 208 0042 C4F30724 		ubfx	r4, r4, #8, #8
 209              	.LVL30:
 210 0046 1C43     		orrs	r4, r4, r3
 211              	.LVL31:
 212              	.L13:
 283:Middlewares/Third_Party/LwIP/src/core/inet_chksum.c ****   }
 284:Middlewares/Third_Party/LwIP/src/core/inet_chksum.c **** 
 285:Middlewares/Third_Party/LwIP/src/core/inet_chksum.c ****   acc += (u32_t)lwip_htons((u16_t)proto);
 213              		.loc 1 285 0
 214 0048 4046     		mov	r0, r8
 215 004a FFF7FEFF 		bl	lwip_htons
 216              	.LVL32:
 217 004e 0444     		add	r4, r4, r0
 218              	.LVL33:
 286:Middlewares/Third_Party/LwIP/src/core/inet_chksum.c ****   acc += (u32_t)lwip_htons(proto_len);
 219              		.loc 1 286 0
 220 0050 3846     		mov	r0, r7
 221 0052 FFF7FEFF 		bl	lwip_htons
 222              	.LVL34:
 223 0056 2044     		add	r0, r0, r4
 224              	.LVL35:
 287:Middlewares/Third_Party/LwIP/src/core/inet_chksum.c **** 
 288:Middlewares/Third_Party/LwIP/src/core/inet_chksum.c ****   /* Fold 32-bit sum to 16 bits
ARM GAS  /tmp/ccAMoUk2.s 			page 10


 289:Middlewares/Third_Party/LwIP/src/core/inet_chksum.c ****      calling this twice is probably faster than if statements... */
 290:Middlewares/Third_Party/LwIP/src/core/inet_chksum.c ****   acc = FOLD_U32T(acc);
 225              		.loc 1 290 0
 226 0058 84B2     		uxth	r4, r0
 227 005a 04EB1044 		add	r4, r4, r0, lsr #16
 228              	.LVL36:
 291:Middlewares/Third_Party/LwIP/src/core/inet_chksum.c ****   acc = FOLD_U32T(acc);
 229              		.loc 1 291 0
 230 005e A0B2     		uxth	r0, r4
 231 0060 00EB1440 		add	r0, r0, r4, lsr #16
 232              	.LVL37:
 292:Middlewares/Third_Party/LwIP/src/core/inet_chksum.c ****   LWIP_DEBUGF(INET_DEBUG, ("inet_chksum_pseudo(): pbuf chain lwip_chksum()=%"X32_F"\n", acc));
 293:Middlewares/Third_Party/LwIP/src/core/inet_chksum.c ****   return (u16_t)~(acc & 0xffffUL);
 233              		.loc 1 293 0
 234 0064 C043     		mvns	r0, r0
 235              	.LVL38:
 294:Middlewares/Third_Party/LwIP/src/core/inet_chksum.c **** }
 236              		.loc 1 294 0
 237 0066 80B2     		uxth	r0, r0
 238              	.LVL39:
 239 0068 BDE8F081 		pop	{r4, r5, r6, r7, r8, pc}
 240              		.cfi_endproc
 241              	.LFE159:
 243              		.section	.text.inet_cksum_pseudo_partial_base,"ax",%progbits
 244              		.align	1
 245              		.syntax unified
 246              		.thumb
 247              		.thumb_func
 248              		.fpu fpv5-d16
 250              	inet_cksum_pseudo_partial_base:
 251              	.LFB162:
 295:Middlewares/Third_Party/LwIP/src/core/inet_chksum.c **** 
 296:Middlewares/Third_Party/LwIP/src/core/inet_chksum.c **** #if LWIP_IPV4
 297:Middlewares/Third_Party/LwIP/src/core/inet_chksum.c **** /* inet_chksum_pseudo:
 298:Middlewares/Third_Party/LwIP/src/core/inet_chksum.c ****  *
 299:Middlewares/Third_Party/LwIP/src/core/inet_chksum.c ****  * Calculates the IPv4 pseudo Internet checksum used by TCP and UDP for a pbuf chain.
 300:Middlewares/Third_Party/LwIP/src/core/inet_chksum.c ****  * IP addresses are expected to be in network byte order.
 301:Middlewares/Third_Party/LwIP/src/core/inet_chksum.c ****  *
 302:Middlewares/Third_Party/LwIP/src/core/inet_chksum.c ****  * @param p chain of pbufs over that a checksum should be calculated (ip data part)
 303:Middlewares/Third_Party/LwIP/src/core/inet_chksum.c ****  * @param src source ip address (used for checksum of pseudo header)
 304:Middlewares/Third_Party/LwIP/src/core/inet_chksum.c ****  * @param dst destination ip address (used for checksum of pseudo header)
 305:Middlewares/Third_Party/LwIP/src/core/inet_chksum.c ****  * @param proto ip protocol (used for checksum of pseudo header)
 306:Middlewares/Third_Party/LwIP/src/core/inet_chksum.c ****  * @param proto_len length of the ip data part (used for checksum of pseudo header)
 307:Middlewares/Third_Party/LwIP/src/core/inet_chksum.c ****  * @return checksum (as u16_t) to be saved directly in the protocol header
 308:Middlewares/Third_Party/LwIP/src/core/inet_chksum.c ****  */
 309:Middlewares/Third_Party/LwIP/src/core/inet_chksum.c **** u16_t
 310:Middlewares/Third_Party/LwIP/src/core/inet_chksum.c **** inet_chksum_pseudo(struct pbuf *p, u8_t proto, u16_t proto_len,
 311:Middlewares/Third_Party/LwIP/src/core/inet_chksum.c ****                    const ip4_addr_t *src, const ip4_addr_t *dest)
 312:Middlewares/Third_Party/LwIP/src/core/inet_chksum.c **** {
 313:Middlewares/Third_Party/LwIP/src/core/inet_chksum.c ****   u32_t acc;
 314:Middlewares/Third_Party/LwIP/src/core/inet_chksum.c ****   u32_t addr;
 315:Middlewares/Third_Party/LwIP/src/core/inet_chksum.c **** 
 316:Middlewares/Third_Party/LwIP/src/core/inet_chksum.c ****   addr = ip4_addr_get_u32(src);
 317:Middlewares/Third_Party/LwIP/src/core/inet_chksum.c ****   acc = (addr & 0xffffUL);
 318:Middlewares/Third_Party/LwIP/src/core/inet_chksum.c ****   acc = (u32_t)(acc + ((addr >> 16) & 0xffffUL));
 319:Middlewares/Third_Party/LwIP/src/core/inet_chksum.c ****   addr = ip4_addr_get_u32(dest);
 320:Middlewares/Third_Party/LwIP/src/core/inet_chksum.c ****   acc = (u32_t)(acc + (addr & 0xffffUL));
ARM GAS  /tmp/ccAMoUk2.s 			page 11


 321:Middlewares/Third_Party/LwIP/src/core/inet_chksum.c ****   acc = (u32_t)(acc + ((addr >> 16) & 0xffffUL));
 322:Middlewares/Third_Party/LwIP/src/core/inet_chksum.c ****   /* fold down to 16 bits */
 323:Middlewares/Third_Party/LwIP/src/core/inet_chksum.c ****   acc = FOLD_U32T(acc);
 324:Middlewares/Third_Party/LwIP/src/core/inet_chksum.c ****   acc = FOLD_U32T(acc);
 325:Middlewares/Third_Party/LwIP/src/core/inet_chksum.c **** 
 326:Middlewares/Third_Party/LwIP/src/core/inet_chksum.c ****   return inet_cksum_pseudo_base(p, proto, proto_len, acc);
 327:Middlewares/Third_Party/LwIP/src/core/inet_chksum.c **** }
 328:Middlewares/Third_Party/LwIP/src/core/inet_chksum.c **** #endif /* LWIP_IPV4 */
 329:Middlewares/Third_Party/LwIP/src/core/inet_chksum.c **** 
 330:Middlewares/Third_Party/LwIP/src/core/inet_chksum.c **** #if LWIP_IPV6
 331:Middlewares/Third_Party/LwIP/src/core/inet_chksum.c **** /**
 332:Middlewares/Third_Party/LwIP/src/core/inet_chksum.c ****  * Calculates the checksum with IPv6 pseudo header used by TCP and UDP for a pbuf chain.
 333:Middlewares/Third_Party/LwIP/src/core/inet_chksum.c ****  * IPv6 addresses are expected to be in network byte order.
 334:Middlewares/Third_Party/LwIP/src/core/inet_chksum.c ****  *
 335:Middlewares/Third_Party/LwIP/src/core/inet_chksum.c ****  * @param p chain of pbufs over that a checksum should be calculated (ip data part)
 336:Middlewares/Third_Party/LwIP/src/core/inet_chksum.c ****  * @param proto ipv6 protocol/next header (used for checksum of pseudo header)
 337:Middlewares/Third_Party/LwIP/src/core/inet_chksum.c ****  * @param proto_len length of the ipv6 payload (used for checksum of pseudo header)
 338:Middlewares/Third_Party/LwIP/src/core/inet_chksum.c ****  * @param src source ipv6 address (used for checksum of pseudo header)
 339:Middlewares/Third_Party/LwIP/src/core/inet_chksum.c ****  * @param dest destination ipv6 address (used for checksum of pseudo header)
 340:Middlewares/Third_Party/LwIP/src/core/inet_chksum.c ****  * @return checksum (as u16_t) to be saved directly in the protocol header
 341:Middlewares/Third_Party/LwIP/src/core/inet_chksum.c ****  */
 342:Middlewares/Third_Party/LwIP/src/core/inet_chksum.c **** u16_t
 343:Middlewares/Third_Party/LwIP/src/core/inet_chksum.c **** ip6_chksum_pseudo(struct pbuf *p, u8_t proto, u16_t proto_len,
 344:Middlewares/Third_Party/LwIP/src/core/inet_chksum.c ****                   const ip6_addr_t *src, const ip6_addr_t *dest)
 345:Middlewares/Third_Party/LwIP/src/core/inet_chksum.c **** {
 346:Middlewares/Third_Party/LwIP/src/core/inet_chksum.c ****   u32_t acc = 0;
 347:Middlewares/Third_Party/LwIP/src/core/inet_chksum.c ****   u32_t addr;
 348:Middlewares/Third_Party/LwIP/src/core/inet_chksum.c ****   u8_t addr_part;
 349:Middlewares/Third_Party/LwIP/src/core/inet_chksum.c **** 
 350:Middlewares/Third_Party/LwIP/src/core/inet_chksum.c ****   for (addr_part = 0; addr_part < 4; addr_part++) {
 351:Middlewares/Third_Party/LwIP/src/core/inet_chksum.c ****     addr = src->addr[addr_part];
 352:Middlewares/Third_Party/LwIP/src/core/inet_chksum.c ****     acc = (u32_t)(acc + (addr & 0xffffUL));
 353:Middlewares/Third_Party/LwIP/src/core/inet_chksum.c ****     acc = (u32_t)(acc + ((addr >> 16) & 0xffffUL));
 354:Middlewares/Third_Party/LwIP/src/core/inet_chksum.c ****     addr = dest->addr[addr_part];
 355:Middlewares/Third_Party/LwIP/src/core/inet_chksum.c ****     acc = (u32_t)(acc + (addr & 0xffffUL));
 356:Middlewares/Third_Party/LwIP/src/core/inet_chksum.c ****     acc = (u32_t)(acc + ((addr >> 16) & 0xffffUL));
 357:Middlewares/Third_Party/LwIP/src/core/inet_chksum.c ****   }
 358:Middlewares/Third_Party/LwIP/src/core/inet_chksum.c ****   /* fold down to 16 bits */
 359:Middlewares/Third_Party/LwIP/src/core/inet_chksum.c ****   acc = FOLD_U32T(acc);
 360:Middlewares/Third_Party/LwIP/src/core/inet_chksum.c ****   acc = FOLD_U32T(acc);
 361:Middlewares/Third_Party/LwIP/src/core/inet_chksum.c **** 
 362:Middlewares/Third_Party/LwIP/src/core/inet_chksum.c ****   return inet_cksum_pseudo_base(p, proto, proto_len, acc);
 363:Middlewares/Third_Party/LwIP/src/core/inet_chksum.c **** }
 364:Middlewares/Third_Party/LwIP/src/core/inet_chksum.c **** #endif /* LWIP_IPV6 */
 365:Middlewares/Third_Party/LwIP/src/core/inet_chksum.c **** 
 366:Middlewares/Third_Party/LwIP/src/core/inet_chksum.c **** /* ip_chksum_pseudo:
 367:Middlewares/Third_Party/LwIP/src/core/inet_chksum.c ****  *
 368:Middlewares/Third_Party/LwIP/src/core/inet_chksum.c ****  * Calculates the IPv4 or IPv6 pseudo Internet checksum used by TCP and UDP for a pbuf chain.
 369:Middlewares/Third_Party/LwIP/src/core/inet_chksum.c ****  * IP addresses are expected to be in network byte order.
 370:Middlewares/Third_Party/LwIP/src/core/inet_chksum.c ****  *
 371:Middlewares/Third_Party/LwIP/src/core/inet_chksum.c ****  * @param p chain of pbufs over that a checksum should be calculated (ip data part)
 372:Middlewares/Third_Party/LwIP/src/core/inet_chksum.c ****  * @param src source ip address (used for checksum of pseudo header)
 373:Middlewares/Third_Party/LwIP/src/core/inet_chksum.c ****  * @param dst destination ip address (used for checksum of pseudo header)
 374:Middlewares/Third_Party/LwIP/src/core/inet_chksum.c ****  * @param proto ip protocol (used for checksum of pseudo header)
 375:Middlewares/Third_Party/LwIP/src/core/inet_chksum.c ****  * @param proto_len length of the ip data part (used for checksum of pseudo header)
 376:Middlewares/Third_Party/LwIP/src/core/inet_chksum.c ****  * @return checksum (as u16_t) to be saved directly in the protocol header
 377:Middlewares/Third_Party/LwIP/src/core/inet_chksum.c ****  */
ARM GAS  /tmp/ccAMoUk2.s 			page 12


 378:Middlewares/Third_Party/LwIP/src/core/inet_chksum.c **** u16_t
 379:Middlewares/Third_Party/LwIP/src/core/inet_chksum.c **** ip_chksum_pseudo(struct pbuf *p, u8_t proto, u16_t proto_len,
 380:Middlewares/Third_Party/LwIP/src/core/inet_chksum.c ****                  const ip_addr_t *src, const ip_addr_t *dest)
 381:Middlewares/Third_Party/LwIP/src/core/inet_chksum.c **** {
 382:Middlewares/Third_Party/LwIP/src/core/inet_chksum.c **** #if LWIP_IPV6
 383:Middlewares/Third_Party/LwIP/src/core/inet_chksum.c ****   if (IP_IS_V6(dest)) {
 384:Middlewares/Third_Party/LwIP/src/core/inet_chksum.c ****     return ip6_chksum_pseudo(p, proto, proto_len, ip_2_ip6(src), ip_2_ip6(dest));
 385:Middlewares/Third_Party/LwIP/src/core/inet_chksum.c ****   }
 386:Middlewares/Third_Party/LwIP/src/core/inet_chksum.c **** #endif /* LWIP_IPV6 */
 387:Middlewares/Third_Party/LwIP/src/core/inet_chksum.c **** #if LWIP_IPV4 && LWIP_IPV6
 388:Middlewares/Third_Party/LwIP/src/core/inet_chksum.c ****   else
 389:Middlewares/Third_Party/LwIP/src/core/inet_chksum.c **** #endif /* LWIP_IPV4 && LWIP_IPV6 */
 390:Middlewares/Third_Party/LwIP/src/core/inet_chksum.c **** #if LWIP_IPV4
 391:Middlewares/Third_Party/LwIP/src/core/inet_chksum.c ****   {
 392:Middlewares/Third_Party/LwIP/src/core/inet_chksum.c ****     return inet_chksum_pseudo(p, proto, proto_len, ip_2_ip4(src), ip_2_ip4(dest));
 393:Middlewares/Third_Party/LwIP/src/core/inet_chksum.c ****   }
 394:Middlewares/Third_Party/LwIP/src/core/inet_chksum.c **** #endif /* LWIP_IPV4 */
 395:Middlewares/Third_Party/LwIP/src/core/inet_chksum.c **** }
 396:Middlewares/Third_Party/LwIP/src/core/inet_chksum.c **** 
 397:Middlewares/Third_Party/LwIP/src/core/inet_chksum.c **** /** Parts of the pseudo checksum which are common to IPv4 and IPv6 */
 398:Middlewares/Third_Party/LwIP/src/core/inet_chksum.c **** static u16_t
 399:Middlewares/Third_Party/LwIP/src/core/inet_chksum.c **** inet_cksum_pseudo_partial_base(struct pbuf *p, u8_t proto, u16_t proto_len,
 400:Middlewares/Third_Party/LwIP/src/core/inet_chksum.c ****                                u16_t chksum_len, u32_t acc)
 401:Middlewares/Third_Party/LwIP/src/core/inet_chksum.c **** {
 252              		.loc 1 401 0
 253              		.cfi_startproc
 254              		@ args = 4, pretend = 0, frame = 0
 255              		@ frame_needed = 0, uses_anonymous_args = 0
 256              	.LVL40:
 257 0000 2DE9F047 		push	{r4, r5, r6, r7, r8, r9, r10, lr}
 258              	.LCFI5:
 259              		.cfi_def_cfa_offset 32
 260              		.cfi_offset 4, -32
 261              		.cfi_offset 5, -28
 262              		.cfi_offset 6, -24
 263              		.cfi_offset 7, -20
 264              		.cfi_offset 8, -16
 265              		.cfi_offset 9, -12
 266              		.cfi_offset 10, -8
 267              		.cfi_offset 14, -4
 268 0004 0646     		mov	r6, r0
 269 0006 8946     		mov	r9, r1
 270 0008 9046     		mov	r8, r2
 271 000a 9A46     		mov	r10, r3
 272 000c 089C     		ldr	r4, [sp, #32]
 273              	.LVL41:
 402:Middlewares/Third_Party/LwIP/src/core/inet_chksum.c ****   struct pbuf *q;
 403:Middlewares/Third_Party/LwIP/src/core/inet_chksum.c ****   int swapped = 0;
 274              		.loc 1 403 0
 275 000e 0027     		movs	r7, #0
 404:Middlewares/Third_Party/LwIP/src/core/inet_chksum.c ****   u16_t chklen;
 405:Middlewares/Third_Party/LwIP/src/core/inet_chksum.c **** 
 406:Middlewares/Third_Party/LwIP/src/core/inet_chksum.c ****   /* iterate through all pbuf in chain */
 407:Middlewares/Third_Party/LwIP/src/core/inet_chksum.c ****   for (q = p; (q != NULL) && (chksum_len > 0); q = q->next) {
 276              		.loc 1 407 0
 277 0010 08E0     		b	.L17
 278              	.LVL42:
ARM GAS  /tmp/ccAMoUk2.s 			page 13


 279              	.L26:
 408:Middlewares/Third_Party/LwIP/src/core/inet_chksum.c ****     LWIP_DEBUGF(INET_DEBUG, ("inet_chksum_pseudo(): checksumming pbuf %p (has next %p) \n",
 409:Middlewares/Third_Party/LwIP/src/core/inet_chksum.c ****                              (void *)q, (void *)q->next));
 410:Middlewares/Third_Party/LwIP/src/core/inet_chksum.c ****     chklen = q->len;
 411:Middlewares/Third_Party/LwIP/src/core/inet_chksum.c ****     if (chklen > chksum_len) {
 412:Middlewares/Third_Party/LwIP/src/core/inet_chksum.c ****       chklen = chksum_len;
 413:Middlewares/Third_Party/LwIP/src/core/inet_chksum.c ****     }
 414:Middlewares/Third_Party/LwIP/src/core/inet_chksum.c ****     acc += LWIP_CHKSUM(q->payload, chklen);
 415:Middlewares/Third_Party/LwIP/src/core/inet_chksum.c ****     chksum_len = (u16_t)(chksum_len - chklen);
 416:Middlewares/Third_Party/LwIP/src/core/inet_chksum.c ****     LWIP_ASSERT("delete me", chksum_len < 0x7fff);
 280              		.loc 1 416 0 discriminator 1
 281 0012 234B     		ldr	r3, .L27
 282 0014 4FF4D072 		mov	r2, #416
 283 0018 2249     		ldr	r1, .L27+4
 284 001a 2348     		ldr	r0, .L27+8
 285 001c FFF7FEFF 		bl	printf
 286              	.LVL43:
 287 0020 16E0     		b	.L19
 288              	.L20:
 407:Middlewares/Third_Party/LwIP/src/core/inet_chksum.c ****     LWIP_DEBUGF(INET_DEBUG, ("inet_chksum_pseudo(): checksumming pbuf %p (has next %p) \n",
 289              		.loc 1 407 0 discriminator 2
 290 0022 3668     		ldr	r6, [r6]
 291              	.LVL44:
 292              	.L17:
 407:Middlewares/Third_Party/LwIP/src/core/inet_chksum.c ****     LWIP_DEBUGF(INET_DEBUG, ("inet_chksum_pseudo(): checksumming pbuf %p (has next %p) \n",
 293              		.loc 1 407 0 is_stmt 0 discriminator 1
 294 0024 002E     		cmp	r6, #0
 295 0026 18BF     		it	ne
 296 0028 BAF1000F 		cmpne	r10, #0
 297 002c 1FD0     		beq	.L25
 410:Middlewares/Third_Party/LwIP/src/core/inet_chksum.c ****     if (chklen > chksum_len) {
 298              		.loc 1 410 0 is_stmt 1
 299 002e 7589     		ldrh	r5, [r6, #10]
 300              	.LVL45:
 411:Middlewares/Third_Party/LwIP/src/core/inet_chksum.c ****       chklen = chksum_len;
 301              		.loc 1 411 0
 302 0030 AA45     		cmp	r10, r5
 303 0032 00D2     		bcs	.L18
 412:Middlewares/Third_Party/LwIP/src/core/inet_chksum.c ****     }
 304              		.loc 1 412 0
 305 0034 5546     		mov	r5, r10
 306              	.LVL46:
 307              	.L18:
 414:Middlewares/Third_Party/LwIP/src/core/inet_chksum.c ****     chksum_len = (u16_t)(chksum_len - chklen);
 308              		.loc 1 414 0
 309 0036 2946     		mov	r1, r5
 310 0038 7068     		ldr	r0, [r6, #4]
 311 003a FFF7FEFF 		bl	lwip_standard_chksum
 312              	.LVL47:
 313 003e 0444     		add	r4, r4, r0
 314              	.LVL48:
 415:Middlewares/Third_Party/LwIP/src/core/inet_chksum.c ****     LWIP_ASSERT("delete me", chksum_len < 0x7fff);
 315              		.loc 1 415 0
 316 0040 AAEB0505 		sub	r5, r10, r5
 317              	.LVL49:
 318 0044 1FFA85FA 		uxth	r10, r5
 319              	.LVL50:
ARM GAS  /tmp/ccAMoUk2.s 			page 14


 320              		.loc 1 416 0
 321 0048 47F6FE73 		movw	r3, #32766
 322 004c 9A45     		cmp	r10, r3
 323 004e E0D8     		bhi	.L26
 324              	.L19:
 417:Middlewares/Third_Party/LwIP/src/core/inet_chksum.c ****     /*LWIP_DEBUGF(INET_DEBUG, ("inet_chksum_pseudo(): unwrapped lwip_chksum()=%"X32_F" \n", acc));*
 418:Middlewares/Third_Party/LwIP/src/core/inet_chksum.c ****     /* fold the upper bit down */
 419:Middlewares/Third_Party/LwIP/src/core/inet_chksum.c ****     acc = FOLD_U32T(acc);
 325              		.loc 1 419 0
 326 0050 A0B2     		uxth	r0, r4
 327 0052 00EB1444 		add	r4, r0, r4, lsr #16
 328              	.LVL51:
 420:Middlewares/Third_Party/LwIP/src/core/inet_chksum.c ****     if (q->len % 2 != 0) {
 329              		.loc 1 420 0
 330 0056 7389     		ldrh	r3, [r6, #10]
 331 0058 13F0010F 		tst	r3, #1
 332 005c E1D0     		beq	.L20
 421:Middlewares/Third_Party/LwIP/src/core/inet_chksum.c ****       swapped = !swapped;
 333              		.loc 1 421 0
 334 005e 87F00107 		eor	r7, r7, #1
 335              	.LVL52:
 422:Middlewares/Third_Party/LwIP/src/core/inet_chksum.c ****       acc = SWAP_BYTES_IN_WORD(acc);
 336              		.loc 1 422 0
 337 0062 2302     		lsls	r3, r4, #8
 338 0064 9BB2     		uxth	r3, r3
 339 0066 C4F30724 		ubfx	r4, r4, #8, #8
 340              	.LVL53:
 341 006a 1C43     		orrs	r4, r4, r3
 342              	.LVL54:
 343 006c D9E7     		b	.L20
 344              	.L25:
 423:Middlewares/Third_Party/LwIP/src/core/inet_chksum.c ****     }
 424:Middlewares/Third_Party/LwIP/src/core/inet_chksum.c ****     /*LWIP_DEBUGF(INET_DEBUG, ("inet_chksum_pseudo(): wrapped lwip_chksum()=%"X32_F" \n", acc));*/
 425:Middlewares/Third_Party/LwIP/src/core/inet_chksum.c ****   }
 426:Middlewares/Third_Party/LwIP/src/core/inet_chksum.c **** 
 427:Middlewares/Third_Party/LwIP/src/core/inet_chksum.c ****   if (swapped) {
 345              		.loc 1 427 0
 346 006e 27B1     		cbz	r7, .L22
 428:Middlewares/Third_Party/LwIP/src/core/inet_chksum.c ****     acc = SWAP_BYTES_IN_WORD(acc);
 347              		.loc 1 428 0
 348 0070 2302     		lsls	r3, r4, #8
 349 0072 9BB2     		uxth	r3, r3
 350 0074 C4F30724 		ubfx	r4, r4, #8, #8
 351              	.LVL55:
 352 0078 1C43     		orrs	r4, r4, r3
 353              	.LVL56:
 354              	.L22:
 429:Middlewares/Third_Party/LwIP/src/core/inet_chksum.c ****   }
 430:Middlewares/Third_Party/LwIP/src/core/inet_chksum.c **** 
 431:Middlewares/Third_Party/LwIP/src/core/inet_chksum.c ****   acc += (u32_t)lwip_htons((u16_t)proto);
 355              		.loc 1 431 0
 356 007a 4846     		mov	r0, r9
 357 007c FFF7FEFF 		bl	lwip_htons
 358              	.LVL57:
 359 0080 0444     		add	r4, r4, r0
 360              	.LVL58:
 432:Middlewares/Third_Party/LwIP/src/core/inet_chksum.c ****   acc += (u32_t)lwip_htons(proto_len);
ARM GAS  /tmp/ccAMoUk2.s 			page 15


 361              		.loc 1 432 0
 362 0082 4046     		mov	r0, r8
 363 0084 FFF7FEFF 		bl	lwip_htons
 364              	.LVL59:
 365 0088 2044     		add	r0, r0, r4
 366              	.LVL60:
 433:Middlewares/Third_Party/LwIP/src/core/inet_chksum.c **** 
 434:Middlewares/Third_Party/LwIP/src/core/inet_chksum.c ****   /* Fold 32-bit sum to 16 bits
 435:Middlewares/Third_Party/LwIP/src/core/inet_chksum.c ****      calling this twice is probably faster than if statements... */
 436:Middlewares/Third_Party/LwIP/src/core/inet_chksum.c ****   acc = FOLD_U32T(acc);
 367              		.loc 1 436 0
 368 008a 84B2     		uxth	r4, r0
 369 008c 04EB1044 		add	r4, r4, r0, lsr #16
 370              	.LVL61:
 437:Middlewares/Third_Party/LwIP/src/core/inet_chksum.c ****   acc = FOLD_U32T(acc);
 371              		.loc 1 437 0
 372 0090 A0B2     		uxth	r0, r4
 373 0092 00EB1440 		add	r0, r0, r4, lsr #16
 374              	.LVL62:
 438:Middlewares/Third_Party/LwIP/src/core/inet_chksum.c ****   LWIP_DEBUGF(INET_DEBUG, ("inet_chksum_pseudo(): pbuf chain lwip_chksum()=%"X32_F"\n", acc));
 439:Middlewares/Third_Party/LwIP/src/core/inet_chksum.c ****   return (u16_t)~(acc & 0xffffUL);
 375              		.loc 1 439 0
 376 0096 C043     		mvns	r0, r0
 377              	.LVL63:
 440:Middlewares/Third_Party/LwIP/src/core/inet_chksum.c **** }
 378              		.loc 1 440 0
 379 0098 80B2     		uxth	r0, r0
 380              	.LVL64:
 381 009a BDE8F087 		pop	{r4, r5, r6, r7, r8, r9, r10, pc}
 382              	.LVL65:
 383              	.L28:
 384 009e 00BF     		.align	2
 385              	.L27:
 386 00a0 00000000 		.word	.LC0
 387 00a4 34000000 		.word	.LC1
 388 00a8 40000000 		.word	.LC2
 389              		.cfi_endproc
 390              	.LFE162:
 392              		.section	.text.inet_chksum_pseudo,"ax",%progbits
 393              		.align	1
 394              		.global	inet_chksum_pseudo
 395              		.syntax unified
 396              		.thumb
 397              		.thumb_func
 398              		.fpu fpv5-d16
 400              	inet_chksum_pseudo:
 401              	.LFB160:
 312:Middlewares/Third_Party/LwIP/src/core/inet_chksum.c ****   u32_t acc;
 402              		.loc 1 312 0
 403              		.cfi_startproc
 404              		@ args = 4, pretend = 0, frame = 0
 405              		@ frame_needed = 0, uses_anonymous_args = 0
 406              	.LVL66:
 407 0000 10B5     		push	{r4, lr}
 408              	.LCFI6:
 409              		.cfi_def_cfa_offset 8
 410              		.cfi_offset 4, -8
ARM GAS  /tmp/ccAMoUk2.s 			page 16


 411              		.cfi_offset 14, -4
 316:Middlewares/Third_Party/LwIP/src/core/inet_chksum.c ****   acc = (addr & 0xffffUL);
 412              		.loc 1 316 0
 413 0002 1B68     		ldr	r3, [r3]
 414              	.LVL67:
 318:Middlewares/Third_Party/LwIP/src/core/inet_chksum.c ****   addr = ip4_addr_get_u32(dest);
 415              		.loc 1 318 0
 416 0004 1C0C     		lsrs	r4, r3, #16
 417 0006 14FA83F3 		uxtah	r3, r4, r3
 418              	.LVL68:
 319:Middlewares/Third_Party/LwIP/src/core/inet_chksum.c ****   acc = (u32_t)(acc + (addr & 0xffffUL));
 419              		.loc 1 319 0
 420 000a 029C     		ldr	r4, [sp, #8]
 421 000c 2468     		ldr	r4, [r4]
 422              	.LVL69:
 320:Middlewares/Third_Party/LwIP/src/core/inet_chksum.c ****   acc = (u32_t)(acc + ((addr >> 16) & 0xffffUL));
 423              		.loc 1 320 0
 424 000e 13FA84F3 		uxtah	r3, r3, r4
 425              	.LVL70:
 321:Middlewares/Third_Party/LwIP/src/core/inet_chksum.c ****   /* fold down to 16 bits */
 426              		.loc 1 321 0
 427 0012 03EB1443 		add	r3, r3, r4, lsr #16
 428              	.LVL71:
 323:Middlewares/Third_Party/LwIP/src/core/inet_chksum.c ****   acc = FOLD_U32T(acc);
 429              		.loc 1 323 0
 430 0016 9CB2     		uxth	r4, r3
 431              	.LVL72:
 432 0018 04EB1343 		add	r3, r4, r3, lsr #16
 433              	.LVL73:
 324:Middlewares/Third_Party/LwIP/src/core/inet_chksum.c **** 
 434              		.loc 1 324 0
 435 001c 9CB2     		uxth	r4, r3
 436              	.LVL74:
 326:Middlewares/Third_Party/LwIP/src/core/inet_chksum.c **** }
 437              		.loc 1 326 0
 438 001e 04EB1343 		add	r3, r4, r3, lsr #16
 439              	.LVL75:
 440 0022 FFF7FEFF 		bl	inet_cksum_pseudo_base
 441              	.LVL76:
 327:Middlewares/Third_Party/LwIP/src/core/inet_chksum.c **** #endif /* LWIP_IPV4 */
 442              		.loc 1 327 0
 443 0026 10BD     		pop	{r4, pc}
 444              		.cfi_endproc
 445              	.LFE160:
 447              		.section	.text.ip_chksum_pseudo,"ax",%progbits
 448              		.align	1
 449              		.global	ip_chksum_pseudo
 450              		.syntax unified
 451              		.thumb
 452              		.thumb_func
 453              		.fpu fpv5-d16
 455              	ip_chksum_pseudo:
 456              	.LFB161:
 381:Middlewares/Third_Party/LwIP/src/core/inet_chksum.c **** #if LWIP_IPV6
 457              		.loc 1 381 0
 458              		.cfi_startproc
 459              		@ args = 4, pretend = 0, frame = 0
ARM GAS  /tmp/ccAMoUk2.s 			page 17


 460              		@ frame_needed = 0, uses_anonymous_args = 0
 461              	.LVL77:
 462 0000 10B5     		push	{r4, lr}
 463              	.LCFI7:
 464              		.cfi_def_cfa_offset 8
 465              		.cfi_offset 4, -8
 466              		.cfi_offset 14, -4
 467 0002 82B0     		sub	sp, sp, #8
 468              	.LCFI8:
 469              		.cfi_def_cfa_offset 16
 392:Middlewares/Third_Party/LwIP/src/core/inet_chksum.c ****   }
 470              		.loc 1 392 0
 471 0004 049C     		ldr	r4, [sp, #16]
 472 0006 0094     		str	r4, [sp]
 473 0008 FFF7FEFF 		bl	inet_chksum_pseudo
 474              	.LVL78:
 395:Middlewares/Third_Party/LwIP/src/core/inet_chksum.c **** 
 475              		.loc 1 395 0
 476 000c 02B0     		add	sp, sp, #8
 477              	.LCFI9:
 478              		.cfi_def_cfa_offset 8
 479              		@ sp needed
 480 000e 10BD     		pop	{r4, pc}
 481              		.cfi_endproc
 482              	.LFE161:
 484              		.section	.text.inet_chksum_pseudo_partial,"ax",%progbits
 485              		.align	1
 486              		.global	inet_chksum_pseudo_partial
 487              		.syntax unified
 488              		.thumb
 489              		.thumb_func
 490              		.fpu fpv5-d16
 492              	inet_chksum_pseudo_partial:
 493              	.LFB163:
 441:Middlewares/Third_Party/LwIP/src/core/inet_chksum.c **** 
 442:Middlewares/Third_Party/LwIP/src/core/inet_chksum.c **** #if LWIP_IPV4
 443:Middlewares/Third_Party/LwIP/src/core/inet_chksum.c **** /* inet_chksum_pseudo_partial:
 444:Middlewares/Third_Party/LwIP/src/core/inet_chksum.c ****  *
 445:Middlewares/Third_Party/LwIP/src/core/inet_chksum.c ****  * Calculates the IPv4 pseudo Internet checksum used by TCP and UDP for a pbuf chain.
 446:Middlewares/Third_Party/LwIP/src/core/inet_chksum.c ****  * IP addresses are expected to be in network byte order.
 447:Middlewares/Third_Party/LwIP/src/core/inet_chksum.c ****  *
 448:Middlewares/Third_Party/LwIP/src/core/inet_chksum.c ****  * @param p chain of pbufs over that a checksum should be calculated (ip data part)
 449:Middlewares/Third_Party/LwIP/src/core/inet_chksum.c ****  * @param src source ip address (used for checksum of pseudo header)
 450:Middlewares/Third_Party/LwIP/src/core/inet_chksum.c ****  * @param dst destination ip address (used for checksum of pseudo header)
 451:Middlewares/Third_Party/LwIP/src/core/inet_chksum.c ****  * @param proto ip protocol (used for checksum of pseudo header)
 452:Middlewares/Third_Party/LwIP/src/core/inet_chksum.c ****  * @param proto_len length of the ip data part (used for checksum of pseudo header)
 453:Middlewares/Third_Party/LwIP/src/core/inet_chksum.c ****  * @return checksum (as u16_t) to be saved directly in the protocol header
 454:Middlewares/Third_Party/LwIP/src/core/inet_chksum.c ****  */
 455:Middlewares/Third_Party/LwIP/src/core/inet_chksum.c **** u16_t
 456:Middlewares/Third_Party/LwIP/src/core/inet_chksum.c **** inet_chksum_pseudo_partial(struct pbuf *p, u8_t proto, u16_t proto_len,
 457:Middlewares/Third_Party/LwIP/src/core/inet_chksum.c ****                            u16_t chksum_len, const ip4_addr_t *src, const ip4_addr_t *dest)
 458:Middlewares/Third_Party/LwIP/src/core/inet_chksum.c **** {
 494              		.loc 1 458 0
 495              		.cfi_startproc
 496              		@ args = 8, pretend = 0, frame = 0
 497              		@ frame_needed = 0, uses_anonymous_args = 0
 498              	.LVL79:
ARM GAS  /tmp/ccAMoUk2.s 			page 18


 499 0000 30B5     		push	{r4, r5, lr}
 500              	.LCFI10:
 501              		.cfi_def_cfa_offset 12
 502              		.cfi_offset 4, -12
 503              		.cfi_offset 5, -8
 504              		.cfi_offset 14, -4
 505 0002 83B0     		sub	sp, sp, #12
 506              	.LCFI11:
 507              		.cfi_def_cfa_offset 24
 459:Middlewares/Third_Party/LwIP/src/core/inet_chksum.c ****   u32_t acc;
 460:Middlewares/Third_Party/LwIP/src/core/inet_chksum.c ****   u32_t addr;
 461:Middlewares/Third_Party/LwIP/src/core/inet_chksum.c **** 
 462:Middlewares/Third_Party/LwIP/src/core/inet_chksum.c ****   addr = ip4_addr_get_u32(src);
 508              		.loc 1 462 0
 509 0004 069C     		ldr	r4, [sp, #24]
 510 0006 2468     		ldr	r4, [r4]
 511              	.LVL80:
 463:Middlewares/Third_Party/LwIP/src/core/inet_chksum.c ****   acc = (addr & 0xffffUL);
 464:Middlewares/Third_Party/LwIP/src/core/inet_chksum.c ****   acc = (u32_t)(acc + ((addr >> 16) & 0xffffUL));
 512              		.loc 1 464 0
 513 0008 250C     		lsrs	r5, r4, #16
 514 000a 15FA84F4 		uxtah	r4, r5, r4
 515              	.LVL81:
 465:Middlewares/Third_Party/LwIP/src/core/inet_chksum.c ****   addr = ip4_addr_get_u32(dest);
 516              		.loc 1 465 0
 517 000e 079D     		ldr	r5, [sp, #28]
 518 0010 2D68     		ldr	r5, [r5]
 519              	.LVL82:
 466:Middlewares/Third_Party/LwIP/src/core/inet_chksum.c ****   acc = (u32_t)(acc + (addr & 0xffffUL));
 520              		.loc 1 466 0
 521 0012 14FA85F4 		uxtah	r4, r4, r5
 522              	.LVL83:
 467:Middlewares/Third_Party/LwIP/src/core/inet_chksum.c ****   acc = (u32_t)(acc + ((addr >> 16) & 0xffffUL));
 523              		.loc 1 467 0
 524 0016 04EB1544 		add	r4, r4, r5, lsr #16
 525              	.LVL84:
 468:Middlewares/Third_Party/LwIP/src/core/inet_chksum.c ****   /* fold down to 16 bits */
 469:Middlewares/Third_Party/LwIP/src/core/inet_chksum.c ****   acc = FOLD_U32T(acc);
 526              		.loc 1 469 0
 527 001a A5B2     		uxth	r5, r4
 528              	.LVL85:
 529 001c 05EB1444 		add	r4, r5, r4, lsr #16
 530              	.LVL86:
 470:Middlewares/Third_Party/LwIP/src/core/inet_chksum.c ****   acc = FOLD_U32T(acc);
 531              		.loc 1 470 0
 532 0020 A5B2     		uxth	r5, r4
 533 0022 05EB1444 		add	r4, r5, r4, lsr #16
 534              	.LVL87:
 471:Middlewares/Third_Party/LwIP/src/core/inet_chksum.c **** 
 472:Middlewares/Third_Party/LwIP/src/core/inet_chksum.c ****   return inet_cksum_pseudo_partial_base(p, proto, proto_len, chksum_len, acc);
 535              		.loc 1 472 0
 536 0026 0094     		str	r4, [sp]
 537              	.LVL88:
 538 0028 FFF7FEFF 		bl	inet_cksum_pseudo_partial_base
 539              	.LVL89:
 473:Middlewares/Third_Party/LwIP/src/core/inet_chksum.c **** }
 540              		.loc 1 473 0
ARM GAS  /tmp/ccAMoUk2.s 			page 19


 541 002c 03B0     		add	sp, sp, #12
 542              	.LCFI12:
 543              		.cfi_def_cfa_offset 12
 544              		@ sp needed
 545 002e 30BD     		pop	{r4, r5, pc}
 546              		.cfi_endproc
 547              	.LFE163:
 549              		.section	.text.ip_chksum_pseudo_partial,"ax",%progbits
 550              		.align	1
 551              		.global	ip_chksum_pseudo_partial
 552              		.syntax unified
 553              		.thumb
 554              		.thumb_func
 555              		.fpu fpv5-d16
 557              	ip_chksum_pseudo_partial:
 558              	.LFB164:
 474:Middlewares/Third_Party/LwIP/src/core/inet_chksum.c **** #endif /* LWIP_IPV4 */
 475:Middlewares/Third_Party/LwIP/src/core/inet_chksum.c **** 
 476:Middlewares/Third_Party/LwIP/src/core/inet_chksum.c **** #if LWIP_IPV6
 477:Middlewares/Third_Party/LwIP/src/core/inet_chksum.c **** /**
 478:Middlewares/Third_Party/LwIP/src/core/inet_chksum.c ****  * Calculates the checksum with IPv6 pseudo header used by TCP and UDP for a pbuf chain.
 479:Middlewares/Third_Party/LwIP/src/core/inet_chksum.c ****  * IPv6 addresses are expected to be in network byte order. Will only compute for a
 480:Middlewares/Third_Party/LwIP/src/core/inet_chksum.c ****  * portion of the payload.
 481:Middlewares/Third_Party/LwIP/src/core/inet_chksum.c ****  *
 482:Middlewares/Third_Party/LwIP/src/core/inet_chksum.c ****  * @param p chain of pbufs over that a checksum should be calculated (ip data part)
 483:Middlewares/Third_Party/LwIP/src/core/inet_chksum.c ****  * @param proto ipv6 protocol/next header (used for checksum of pseudo header)
 484:Middlewares/Third_Party/LwIP/src/core/inet_chksum.c ****  * @param proto_len length of the ipv6 payload (used for checksum of pseudo header)
 485:Middlewares/Third_Party/LwIP/src/core/inet_chksum.c ****  * @param chksum_len number of payload bytes used to compute chksum
 486:Middlewares/Third_Party/LwIP/src/core/inet_chksum.c ****  * @param src source ipv6 address (used for checksum of pseudo header)
 487:Middlewares/Third_Party/LwIP/src/core/inet_chksum.c ****  * @param dest destination ipv6 address (used for checksum of pseudo header)
 488:Middlewares/Third_Party/LwIP/src/core/inet_chksum.c ****  * @return checksum (as u16_t) to be saved directly in the protocol header
 489:Middlewares/Third_Party/LwIP/src/core/inet_chksum.c ****  */
 490:Middlewares/Third_Party/LwIP/src/core/inet_chksum.c **** u16_t
 491:Middlewares/Third_Party/LwIP/src/core/inet_chksum.c **** ip6_chksum_pseudo_partial(struct pbuf *p, u8_t proto, u16_t proto_len,
 492:Middlewares/Third_Party/LwIP/src/core/inet_chksum.c ****                           u16_t chksum_len, const ip6_addr_t *src, const ip6_addr_t *dest)
 493:Middlewares/Third_Party/LwIP/src/core/inet_chksum.c **** {
 494:Middlewares/Third_Party/LwIP/src/core/inet_chksum.c ****   u32_t acc = 0;
 495:Middlewares/Third_Party/LwIP/src/core/inet_chksum.c ****   u32_t addr;
 496:Middlewares/Third_Party/LwIP/src/core/inet_chksum.c ****   u8_t addr_part;
 497:Middlewares/Third_Party/LwIP/src/core/inet_chksum.c **** 
 498:Middlewares/Third_Party/LwIP/src/core/inet_chksum.c ****   for (addr_part = 0; addr_part < 4; addr_part++) {
 499:Middlewares/Third_Party/LwIP/src/core/inet_chksum.c ****     addr = src->addr[addr_part];
 500:Middlewares/Third_Party/LwIP/src/core/inet_chksum.c ****     acc = (u32_t)(acc + (addr & 0xffffUL));
 501:Middlewares/Third_Party/LwIP/src/core/inet_chksum.c ****     acc = (u32_t)(acc + ((addr >> 16) & 0xffffUL));
 502:Middlewares/Third_Party/LwIP/src/core/inet_chksum.c ****     addr = dest->addr[addr_part];
 503:Middlewares/Third_Party/LwIP/src/core/inet_chksum.c ****     acc = (u32_t)(acc + (addr & 0xffffUL));
 504:Middlewares/Third_Party/LwIP/src/core/inet_chksum.c ****     acc = (u32_t)(acc + ((addr >> 16) & 0xffffUL));
 505:Middlewares/Third_Party/LwIP/src/core/inet_chksum.c ****   }
 506:Middlewares/Third_Party/LwIP/src/core/inet_chksum.c ****   /* fold down to 16 bits */
 507:Middlewares/Third_Party/LwIP/src/core/inet_chksum.c ****   acc = FOLD_U32T(acc);
 508:Middlewares/Third_Party/LwIP/src/core/inet_chksum.c ****   acc = FOLD_U32T(acc);
 509:Middlewares/Third_Party/LwIP/src/core/inet_chksum.c **** 
 510:Middlewares/Third_Party/LwIP/src/core/inet_chksum.c ****   return inet_cksum_pseudo_partial_base(p, proto, proto_len, chksum_len, acc);
 511:Middlewares/Third_Party/LwIP/src/core/inet_chksum.c **** }
 512:Middlewares/Third_Party/LwIP/src/core/inet_chksum.c **** #endif /* LWIP_IPV6 */
 513:Middlewares/Third_Party/LwIP/src/core/inet_chksum.c **** 
 514:Middlewares/Third_Party/LwIP/src/core/inet_chksum.c **** /* ip_chksum_pseudo_partial:
ARM GAS  /tmp/ccAMoUk2.s 			page 20


 515:Middlewares/Third_Party/LwIP/src/core/inet_chksum.c ****  *
 516:Middlewares/Third_Party/LwIP/src/core/inet_chksum.c ****  * Calculates the IPv4 or IPv6 pseudo Internet checksum used by TCP and UDP for a pbuf chain.
 517:Middlewares/Third_Party/LwIP/src/core/inet_chksum.c ****  *
 518:Middlewares/Third_Party/LwIP/src/core/inet_chksum.c ****  * @param p chain of pbufs over that a checksum should be calculated (ip data part)
 519:Middlewares/Third_Party/LwIP/src/core/inet_chksum.c ****  * @param src source ip address (used for checksum of pseudo header)
 520:Middlewares/Third_Party/LwIP/src/core/inet_chksum.c ****  * @param dst destination ip address (used for checksum of pseudo header)
 521:Middlewares/Third_Party/LwIP/src/core/inet_chksum.c ****  * @param proto ip protocol (used for checksum of pseudo header)
 522:Middlewares/Third_Party/LwIP/src/core/inet_chksum.c ****  * @param proto_len length of the ip data part (used for checksum of pseudo header)
 523:Middlewares/Third_Party/LwIP/src/core/inet_chksum.c ****  * @return checksum (as u16_t) to be saved directly in the protocol header
 524:Middlewares/Third_Party/LwIP/src/core/inet_chksum.c ****  */
 525:Middlewares/Third_Party/LwIP/src/core/inet_chksum.c **** u16_t
 526:Middlewares/Third_Party/LwIP/src/core/inet_chksum.c **** ip_chksum_pseudo_partial(struct pbuf *p, u8_t proto, u16_t proto_len,
 527:Middlewares/Third_Party/LwIP/src/core/inet_chksum.c ****                          u16_t chksum_len, const ip_addr_t *src, const ip_addr_t *dest)
 528:Middlewares/Third_Party/LwIP/src/core/inet_chksum.c **** {
 559              		.loc 1 528 0
 560              		.cfi_startproc
 561              		@ args = 8, pretend = 0, frame = 0
 562              		@ frame_needed = 0, uses_anonymous_args = 0
 563              	.LVL90:
 564 0000 10B5     		push	{r4, lr}
 565              	.LCFI13:
 566              		.cfi_def_cfa_offset 8
 567              		.cfi_offset 4, -8
 568              		.cfi_offset 14, -4
 569 0002 82B0     		sub	sp, sp, #8
 570              	.LCFI14:
 571              		.cfi_def_cfa_offset 16
 529:Middlewares/Third_Party/LwIP/src/core/inet_chksum.c **** #if LWIP_IPV6
 530:Middlewares/Third_Party/LwIP/src/core/inet_chksum.c ****   if (IP_IS_V6(dest)) {
 531:Middlewares/Third_Party/LwIP/src/core/inet_chksum.c ****     return ip6_chksum_pseudo_partial(p, proto, proto_len, chksum_len, ip_2_ip6(src), ip_2_ip6(dest)
 532:Middlewares/Third_Party/LwIP/src/core/inet_chksum.c ****   }
 533:Middlewares/Third_Party/LwIP/src/core/inet_chksum.c **** #endif /* LWIP_IPV6 */
 534:Middlewares/Third_Party/LwIP/src/core/inet_chksum.c **** #if LWIP_IPV4 && LWIP_IPV6
 535:Middlewares/Third_Party/LwIP/src/core/inet_chksum.c ****   else
 536:Middlewares/Third_Party/LwIP/src/core/inet_chksum.c **** #endif /* LWIP_IPV4 && LWIP_IPV6 */
 537:Middlewares/Third_Party/LwIP/src/core/inet_chksum.c **** #if LWIP_IPV4
 538:Middlewares/Third_Party/LwIP/src/core/inet_chksum.c ****   {
 539:Middlewares/Third_Party/LwIP/src/core/inet_chksum.c ****     return inet_chksum_pseudo_partial(p, proto, proto_len, chksum_len, ip_2_ip4(src), ip_2_ip4(dest
 572              		.loc 1 539 0
 573 0004 059C     		ldr	r4, [sp, #20]
 574 0006 0194     		str	r4, [sp, #4]
 575 0008 049C     		ldr	r4, [sp, #16]
 576 000a 0094     		str	r4, [sp]
 577 000c FFF7FEFF 		bl	inet_chksum_pseudo_partial
 578              	.LVL91:
 540:Middlewares/Third_Party/LwIP/src/core/inet_chksum.c ****   }
 541:Middlewares/Third_Party/LwIP/src/core/inet_chksum.c **** #endif /* LWIP_IPV4 */
 542:Middlewares/Third_Party/LwIP/src/core/inet_chksum.c **** }
 579              		.loc 1 542 0
 580 0010 02B0     		add	sp, sp, #8
 581              	.LCFI15:
 582              		.cfi_def_cfa_offset 8
 583              		@ sp needed
 584 0012 10BD     		pop	{r4, pc}
 585              		.cfi_endproc
 586              	.LFE164:
 588              		.section	.text.inet_chksum,"ax",%progbits
ARM GAS  /tmp/ccAMoUk2.s 			page 21


 589              		.align	1
 590              		.global	inet_chksum
 591              		.syntax unified
 592              		.thumb
 593              		.thumb_func
 594              		.fpu fpv5-d16
 596              	inet_chksum:
 597              	.LFB165:
 543:Middlewares/Third_Party/LwIP/src/core/inet_chksum.c **** 
 544:Middlewares/Third_Party/LwIP/src/core/inet_chksum.c **** /* inet_chksum:
 545:Middlewares/Third_Party/LwIP/src/core/inet_chksum.c ****  *
 546:Middlewares/Third_Party/LwIP/src/core/inet_chksum.c ****  * Calculates the Internet checksum over a portion of memory. Used primarily for IP
 547:Middlewares/Third_Party/LwIP/src/core/inet_chksum.c ****  * and ICMP.
 548:Middlewares/Third_Party/LwIP/src/core/inet_chksum.c ****  *
 549:Middlewares/Third_Party/LwIP/src/core/inet_chksum.c ****  * @param dataptr start of the buffer to calculate the checksum (no alignment needed)
 550:Middlewares/Third_Party/LwIP/src/core/inet_chksum.c ****  * @param len length of the buffer to calculate the checksum
 551:Middlewares/Third_Party/LwIP/src/core/inet_chksum.c ****  * @return checksum (as u16_t) to be saved directly in the protocol header
 552:Middlewares/Third_Party/LwIP/src/core/inet_chksum.c ****  */
 553:Middlewares/Third_Party/LwIP/src/core/inet_chksum.c **** 
 554:Middlewares/Third_Party/LwIP/src/core/inet_chksum.c **** u16_t
 555:Middlewares/Third_Party/LwIP/src/core/inet_chksum.c **** inet_chksum(const void *dataptr, u16_t len)
 556:Middlewares/Third_Party/LwIP/src/core/inet_chksum.c **** {
 598              		.loc 1 556 0
 599              		.cfi_startproc
 600              		@ args = 0, pretend = 0, frame = 0
 601              		@ frame_needed = 0, uses_anonymous_args = 0
 602              	.LVL92:
 603 0000 08B5     		push	{r3, lr}
 604              	.LCFI16:
 605              		.cfi_def_cfa_offset 8
 606              		.cfi_offset 3, -8
 607              		.cfi_offset 14, -4
 557:Middlewares/Third_Party/LwIP/src/core/inet_chksum.c ****   return (u16_t)~(unsigned int)LWIP_CHKSUM(dataptr, len);
 608              		.loc 1 557 0
 609 0002 FFF7FEFF 		bl	lwip_standard_chksum
 610              	.LVL93:
 611 0006 C043     		mvns	r0, r0
 558:Middlewares/Third_Party/LwIP/src/core/inet_chksum.c **** }
 612              		.loc 1 558 0
 613 0008 80B2     		uxth	r0, r0
 614 000a 08BD     		pop	{r3, pc}
 615              		.cfi_endproc
 616              	.LFE165:
 618              		.section	.text.inet_chksum_pbuf,"ax",%progbits
 619              		.align	1
 620              		.global	inet_chksum_pbuf
 621              		.syntax unified
 622              		.thumb
 623              		.thumb_func
 624              		.fpu fpv5-d16
 626              	inet_chksum_pbuf:
 627              	.LFB166:
 559:Middlewares/Third_Party/LwIP/src/core/inet_chksum.c **** 
 560:Middlewares/Third_Party/LwIP/src/core/inet_chksum.c **** /**
 561:Middlewares/Third_Party/LwIP/src/core/inet_chksum.c ****  * Calculate a checksum over a chain of pbufs (without pseudo-header, much like
 562:Middlewares/Third_Party/LwIP/src/core/inet_chksum.c ****  * inet_chksum only pbufs are used).
 563:Middlewares/Third_Party/LwIP/src/core/inet_chksum.c ****  *
ARM GAS  /tmp/ccAMoUk2.s 			page 22


 564:Middlewares/Third_Party/LwIP/src/core/inet_chksum.c ****  * @param p pbuf chain over that the checksum should be calculated
 565:Middlewares/Third_Party/LwIP/src/core/inet_chksum.c ****  * @return checksum (as u16_t) to be saved directly in the protocol header
 566:Middlewares/Third_Party/LwIP/src/core/inet_chksum.c ****  */
 567:Middlewares/Third_Party/LwIP/src/core/inet_chksum.c **** u16_t
 568:Middlewares/Third_Party/LwIP/src/core/inet_chksum.c **** inet_chksum_pbuf(struct pbuf *p)
 569:Middlewares/Third_Party/LwIP/src/core/inet_chksum.c **** {
 628              		.loc 1 569 0
 629              		.cfi_startproc
 630              		@ args = 0, pretend = 0, frame = 0
 631              		@ frame_needed = 0, uses_anonymous_args = 0
 632              	.LVL94:
 633 0000 70B5     		push	{r4, r5, r6, lr}
 634              	.LCFI17:
 635              		.cfi_def_cfa_offset 16
 636              		.cfi_offset 4, -16
 637              		.cfi_offset 5, -12
 638              		.cfi_offset 6, -8
 639              		.cfi_offset 14, -4
 640 0002 0546     		mov	r5, r0
 641              	.LVL95:
 570:Middlewares/Third_Party/LwIP/src/core/inet_chksum.c ****   u32_t acc;
 571:Middlewares/Third_Party/LwIP/src/core/inet_chksum.c ****   struct pbuf *q;
 572:Middlewares/Third_Party/LwIP/src/core/inet_chksum.c ****   int swapped = 0;
 642              		.loc 1 572 0
 643 0004 0026     		movs	r6, #0
 573:Middlewares/Third_Party/LwIP/src/core/inet_chksum.c **** 
 574:Middlewares/Third_Party/LwIP/src/core/inet_chksum.c ****   acc = 0;
 644              		.loc 1 574 0
 645 0006 3446     		mov	r4, r6
 575:Middlewares/Third_Party/LwIP/src/core/inet_chksum.c ****   for (q = p; q != NULL; q = q->next) {
 646              		.loc 1 575 0
 647 0008 00E0     		b	.L40
 648              	.LVL96:
 649              	.L41:
 650              		.loc 1 575 0 is_stmt 0 discriminator 2
 651 000a 2D68     		ldr	r5, [r5]
 652              	.LVL97:
 653              	.L40:
 654              		.loc 1 575 0 discriminator 1
 655 000c 9DB1     		cbz	r5, .L45
 576:Middlewares/Third_Party/LwIP/src/core/inet_chksum.c ****     acc += LWIP_CHKSUM(q->payload, q->len);
 656              		.loc 1 576 0 is_stmt 1
 657 000e 6989     		ldrh	r1, [r5, #10]
 658 0010 6868     		ldr	r0, [r5, #4]
 659 0012 FFF7FEFF 		bl	lwip_standard_chksum
 660              	.LVL98:
 661 0016 2044     		add	r0, r0, r4
 662              	.LVL99:
 577:Middlewares/Third_Party/LwIP/src/core/inet_chksum.c ****     acc = FOLD_U32T(acc);
 663              		.loc 1 577 0
 664 0018 84B2     		uxth	r4, r0
 665 001a 04EB1044 		add	r4, r4, r0, lsr #16
 666              	.LVL100:
 578:Middlewares/Third_Party/LwIP/src/core/inet_chksum.c ****     if (q->len % 2 != 0) {
 667              		.loc 1 578 0
 668 001e 6B89     		ldrh	r3, [r5, #10]
 669 0020 13F0010F 		tst	r3, #1
ARM GAS  /tmp/ccAMoUk2.s 			page 23


 670 0024 F1D0     		beq	.L41
 579:Middlewares/Third_Party/LwIP/src/core/inet_chksum.c ****       swapped = !swapped;
 671              		.loc 1 579 0
 672 0026 86F00106 		eor	r6, r6, #1
 673              	.LVL101:
 580:Middlewares/Third_Party/LwIP/src/core/inet_chksum.c ****       acc = SWAP_BYTES_IN_WORD(acc);
 674              		.loc 1 580 0
 675 002a 2302     		lsls	r3, r4, #8
 676 002c 9BB2     		uxth	r3, r3
 677 002e C4F30724 		ubfx	r4, r4, #8, #8
 678              	.LVL102:
 679 0032 1C43     		orrs	r4, r4, r3
 680              	.LVL103:
 681 0034 E9E7     		b	.L41
 682              	.L45:
 581:Middlewares/Third_Party/LwIP/src/core/inet_chksum.c ****     }
 582:Middlewares/Third_Party/LwIP/src/core/inet_chksum.c ****   }
 583:Middlewares/Third_Party/LwIP/src/core/inet_chksum.c **** 
 584:Middlewares/Third_Party/LwIP/src/core/inet_chksum.c ****   if (swapped) {
 683              		.loc 1 584 0
 684 0036 26B1     		cbz	r6, .L43
 585:Middlewares/Third_Party/LwIP/src/core/inet_chksum.c ****     acc = SWAP_BYTES_IN_WORD(acc);
 685              		.loc 1 585 0
 686 0038 2302     		lsls	r3, r4, #8
 687 003a 9BB2     		uxth	r3, r3
 688 003c C4F30724 		ubfx	r4, r4, #8, #8
 689              	.LVL104:
 690 0040 1C43     		orrs	r4, r4, r3
 691              	.LVL105:
 692              	.L43:
 586:Middlewares/Third_Party/LwIP/src/core/inet_chksum.c ****   }
 587:Middlewares/Third_Party/LwIP/src/core/inet_chksum.c ****   return (u16_t)~(acc & 0xffffUL);
 693              		.loc 1 587 0
 694 0042 E043     		mvns	r0, r4
 588:Middlewares/Third_Party/LwIP/src/core/inet_chksum.c **** }
 695              		.loc 1 588 0
 696 0044 80B2     		uxth	r0, r0
 697 0046 70BD     		pop	{r4, r5, r6, pc}
 698              		.cfi_endproc
 699              	.LFE166:
 701              		.section	.rodata.inet_cksum_pseudo_partial_base.str1.4,"aMS",%progbits,1
 702              		.align	2
 703              	.LC0:
 704 0000 4D696464 		.ascii	"Middlewares/Third_Party/LwIP/src/core/inet_chksum.c"
 704      6C657761 
 704      7265732F 
 704      54686972 
 704      645F5061 
 705 0033 00       		.ascii	"\000"
 706              	.LC1:
 707 0034 64656C65 		.ascii	"delete me\000"
 707      7465206D 
 707      6500
 708 003e 0000     		.space	2
 709              	.LC2:
 710 0040 41737365 		.ascii	"Assertion \"%s\" failed at line %d in %s\012\000"
 710      7274696F 
ARM GAS  /tmp/ccAMoUk2.s 			page 24


 710      6E202225 
 710      73222066 
 710      61696C65 
 711              		.text
 712              	.Letext0:
 713              		.file 2 "/usr/include/newlib/machine/_default_types.h"
 714              		.file 3 "/usr/include/newlib/sys/_stdint.h"
 715              		.file 4 "Drivers/CMSIS/Include/core_cm7.h"
 716              		.file 5 "Drivers/CMSIS/Device/ST/STM32F7xx/Include/system_stm32f7xx.h"
 717              		.file 6 "Drivers/STM32F7xx_HAL_Driver/Inc/stm32f7xx_hal.h"
 718              		.file 7 "/usr/include/newlib/sys/lock.h"
 719              		.file 8 "/usr/include/newlib/sys/_types.h"
 720              		.file 9 "/usr/lib/gcc/arm-none-eabi/6.3.1/include/stddef.h"
 721              		.file 10 "/usr/include/newlib/sys/reent.h"
 722              		.file 11 "/usr/include/newlib/stdlib.h"
 723              		.file 12 "/usr/include/newlib/time.h"
 724              		.file 13 "Middlewares/Third_Party/LwIP/src/include/lwip/arch.h"
 725              		.file 14 "/usr/include/newlib/ctype.h"
 726              		.file 15 "Middlewares/Third_Party/LwIP/src/include/lwip/pbuf.h"
 727              		.file 16 "Middlewares/Third_Party/LwIP/src/include/lwip/ip4_addr.h"
 728              		.file 17 "Middlewares/Third_Party/LwIP/src/include/lwip/ip_addr.h"
 729              		.file 18 "/usr/include/newlib/stdio.h"
 730              		.file 19 "Middlewares/Third_Party/LwIP/src/include/lwip/def.h"
ARM GAS  /tmp/ccAMoUk2.s 			page 25


DEFINED SYMBOLS
                            *ABS*:0000000000000000 inet_chksum.c
     /tmp/ccAMoUk2.s:17     .text.lwip_standard_chksum:0000000000000000 $t
     /tmp/ccAMoUk2.s:24     .text.lwip_standard_chksum:0000000000000000 lwip_standard_chksum
     /tmp/ccAMoUk2.s:137    .text.inet_cksum_pseudo_base:0000000000000000 $t
     /tmp/ccAMoUk2.s:143    .text.inet_cksum_pseudo_base:0000000000000000 inet_cksum_pseudo_base
     /tmp/ccAMoUk2.s:244    .text.inet_cksum_pseudo_partial_base:0000000000000000 $t
     /tmp/ccAMoUk2.s:250    .text.inet_cksum_pseudo_partial_base:0000000000000000 inet_cksum_pseudo_partial_base
     /tmp/ccAMoUk2.s:386    .text.inet_cksum_pseudo_partial_base:00000000000000a0 $d
     /tmp/ccAMoUk2.s:393    .text.inet_chksum_pseudo:0000000000000000 $t
     /tmp/ccAMoUk2.s:400    .text.inet_chksum_pseudo:0000000000000000 inet_chksum_pseudo
     /tmp/ccAMoUk2.s:448    .text.ip_chksum_pseudo:0000000000000000 $t
     /tmp/ccAMoUk2.s:455    .text.ip_chksum_pseudo:0000000000000000 ip_chksum_pseudo
     /tmp/ccAMoUk2.s:485    .text.inet_chksum_pseudo_partial:0000000000000000 $t
     /tmp/ccAMoUk2.s:492    .text.inet_chksum_pseudo_partial:0000000000000000 inet_chksum_pseudo_partial
     /tmp/ccAMoUk2.s:550    .text.ip_chksum_pseudo_partial:0000000000000000 $t
     /tmp/ccAMoUk2.s:557    .text.ip_chksum_pseudo_partial:0000000000000000 ip_chksum_pseudo_partial
     /tmp/ccAMoUk2.s:589    .text.inet_chksum:0000000000000000 $t
     /tmp/ccAMoUk2.s:596    .text.inet_chksum:0000000000000000 inet_chksum
     /tmp/ccAMoUk2.s:619    .text.inet_chksum_pbuf:0000000000000000 $t
     /tmp/ccAMoUk2.s:626    .text.inet_chksum_pbuf:0000000000000000 inet_chksum_pbuf
     /tmp/ccAMoUk2.s:702    .rodata.inet_cksum_pseudo_partial_base.str1.4:0000000000000000 $d
                     .debug_frame:0000000000000010 $d

UNDEFINED SYMBOLS
lwip_htons
printf
