ARM GAS  /tmp/ccNfEqDY.s 			page 1


   1              		.cpu cortex-m7
   2              		.eabi_attribute 28, 1
   3              		.eabi_attribute 20, 1
   4              		.eabi_attribute 21, 1
   5              		.eabi_attribute 23, 3
   6              		.eabi_attribute 24, 1
   7              		.eabi_attribute 25, 1
   8              		.eabi_attribute 26, 1
   9              		.eabi_attribute 30, 1
  10              		.eabi_attribute 34, 1
  11              		.eabi_attribute 18, 4
  12              		.file	"ip.c"
  13              		.text
  14              	.Ltext0:
  15              		.cfi_sections	.debug_frame
  16              		.comm	ip_data,24,4
  17              	.Letext0:
  18              		.file 1 "/usr/include/newlib/machine/_default_types.h"
  19              		.file 2 "/usr/include/newlib/sys/_stdint.h"
  20              		.file 3 "Drivers/CMSIS/Include/core_cm7.h"
  21              		.file 4 "Drivers/CMSIS/Device/ST/STM32F7xx/Include/system_stm32f7xx.h"
  22              		.file 5 "Drivers/STM32F7xx_HAL_Driver/Inc/stm32f7xx_hal.h"
  23              		.file 6 "/usr/include/newlib/sys/lock.h"
  24              		.file 7 "/usr/include/newlib/sys/_types.h"
  25              		.file 8 "/usr/lib/gcc/arm-none-eabi/6.3.1/include/stddef.h"
  26              		.file 9 "/usr/include/newlib/sys/reent.h"
  27              		.file 10 "/usr/include/newlib/stdlib.h"
  28              		.file 11 "/usr/include/newlib/time.h"
  29              		.file 12 "Middlewares/Third_Party/LwIP/src/include/lwip/arch.h"
  30              		.file 13 "/usr/include/newlib/ctype.h"
  31              		.file 14 "Middlewares/Third_Party/LwIP/src/include/lwip/ip4_addr.h"
  32              		.file 15 "Middlewares/Third_Party/LwIP/src/include/lwip/ip_addr.h"
  33              		.file 16 "Middlewares/Third_Party/LwIP/src/include/lwip/err.h"
  34              		.file 17 "Middlewares/Third_Party/LwIP/src/include/lwip/pbuf.h"
  35              		.file 18 "Middlewares/Third_Party/LwIP/src/include/lwip/memp.h"
  36              		.file 19 "Middlewares/Third_Party/LwIP/src/include/lwip/priv/memp_priv.h"
  37              		.file 20 "Middlewares/Third_Party/LwIP/src/include/lwip/netif.h"
  38              		.file 21 "Middlewares/Third_Party/LwIP/src/include/lwip/prot/ip4.h"
  39              		.file 22 "Middlewares/Third_Party/LwIP/src/include/lwip/ip.h"
  40              		.file 23 "Middlewares/Third_Party/LwIP/src/core/ip.c"
ARM GAS  /tmp/ccNfEqDY.s 			page 2


DEFINED SYMBOLS
                            *ABS*:0000000000000000 ip.c
                            *COM*:0000000000000018 ip_data

NO UNDEFINED SYMBOLS
