ARM GAS  /tmp/ccnAHjQh.s 			page 1


   1              		.cpu cortex-m7
   2              		.eabi_attribute 28, 1
   3              		.eabi_attribute 20, 1
   4              		.eabi_attribute 21, 1
   5              		.eabi_attribute 23, 3
   6              		.eabi_attribute 24, 1
   7              		.eabi_attribute 25, 1
   8              		.eabi_attribute 26, 1
   9              		.eabi_attribute 30, 1
  10              		.eabi_attribute 34, 1
  11              		.eabi_attribute 18, 4
  12              		.file	"stm32f7xx_hal_gpio.c"
  13              		.text
  14              	.Ltext0:
  15              		.cfi_sections	.debug_frame
  16              		.section	.text.HAL_GPIO_Init,"ax",%progbits
  17              		.align	1
  18              		.global	HAL_GPIO_Init
  19              		.syntax unified
  20              		.thumb
  21              		.thumb_func
  22              		.fpu fpv5-d16
  24              	HAL_GPIO_Init:
  25              	.LFB141:
  26              		.file 1 "Drivers/STM32F7xx_HAL_Driver/Src/stm32f7xx_hal_gpio.c"
   1:Drivers/STM32F7xx_HAL_Driver/Src/stm32f7xx_hal_gpio.c **** /**
   2:Drivers/STM32F7xx_HAL_Driver/Src/stm32f7xx_hal_gpio.c ****   ******************************************************************************
   3:Drivers/STM32F7xx_HAL_Driver/Src/stm32f7xx_hal_gpio.c ****   * @file    stm32f7xx_hal_gpio.c
   4:Drivers/STM32F7xx_HAL_Driver/Src/stm32f7xx_hal_gpio.c ****   * @author  MCD Application Team
   5:Drivers/STM32F7xx_HAL_Driver/Src/stm32f7xx_hal_gpio.c ****   * @brief   GPIO HAL module driver.
   6:Drivers/STM32F7xx_HAL_Driver/Src/stm32f7xx_hal_gpio.c ****   *          This file provides firmware functions to manage the following 
   7:Drivers/STM32F7xx_HAL_Driver/Src/stm32f7xx_hal_gpio.c ****   *          functionalities of the General Purpose Input/Output (GPIO) peripheral:
   8:Drivers/STM32F7xx_HAL_Driver/Src/stm32f7xx_hal_gpio.c ****   *           + Initialization and de-initialization functions
   9:Drivers/STM32F7xx_HAL_Driver/Src/stm32f7xx_hal_gpio.c ****   *           + IO operation functions
  10:Drivers/STM32F7xx_HAL_Driver/Src/stm32f7xx_hal_gpio.c ****   *
  11:Drivers/STM32F7xx_HAL_Driver/Src/stm32f7xx_hal_gpio.c ****   @verbatim
  12:Drivers/STM32F7xx_HAL_Driver/Src/stm32f7xx_hal_gpio.c ****   ==============================================================================
  13:Drivers/STM32F7xx_HAL_Driver/Src/stm32f7xx_hal_gpio.c ****                     ##### GPIO Peripheral features #####
  14:Drivers/STM32F7xx_HAL_Driver/Src/stm32f7xx_hal_gpio.c ****   ==============================================================================
  15:Drivers/STM32F7xx_HAL_Driver/Src/stm32f7xx_hal_gpio.c ****   [..] 
  16:Drivers/STM32F7xx_HAL_Driver/Src/stm32f7xx_hal_gpio.c ****   Subject to the specific hardware characteristics of each I/O port listed in the datasheet, each
  17:Drivers/STM32F7xx_HAL_Driver/Src/stm32f7xx_hal_gpio.c ****   port bit of the General Purpose IO (GPIO) Ports, can be individually configured by software
  18:Drivers/STM32F7xx_HAL_Driver/Src/stm32f7xx_hal_gpio.c ****   in several modes:
  19:Drivers/STM32F7xx_HAL_Driver/Src/stm32f7xx_hal_gpio.c ****   (+) Input mode 
  20:Drivers/STM32F7xx_HAL_Driver/Src/stm32f7xx_hal_gpio.c ****   (+) Analog mode
  21:Drivers/STM32F7xx_HAL_Driver/Src/stm32f7xx_hal_gpio.c ****   (+) Output mode
  22:Drivers/STM32F7xx_HAL_Driver/Src/stm32f7xx_hal_gpio.c ****   (+) Alternate function mode
  23:Drivers/STM32F7xx_HAL_Driver/Src/stm32f7xx_hal_gpio.c ****   (+) External interrupt/event lines
  24:Drivers/STM32F7xx_HAL_Driver/Src/stm32f7xx_hal_gpio.c **** 
  25:Drivers/STM32F7xx_HAL_Driver/Src/stm32f7xx_hal_gpio.c ****   [..]  
  26:Drivers/STM32F7xx_HAL_Driver/Src/stm32f7xx_hal_gpio.c ****   During and just after reset, the alternate functions and external interrupt  
  27:Drivers/STM32F7xx_HAL_Driver/Src/stm32f7xx_hal_gpio.c ****   lines are not active and the I/O ports are configured in input floating mode.
  28:Drivers/STM32F7xx_HAL_Driver/Src/stm32f7xx_hal_gpio.c ****   
  29:Drivers/STM32F7xx_HAL_Driver/Src/stm32f7xx_hal_gpio.c ****   [..]   
  30:Drivers/STM32F7xx_HAL_Driver/Src/stm32f7xx_hal_gpio.c ****   All GPIO pins have weak internal pull-up and pull-down resistors, which can be 
  31:Drivers/STM32F7xx_HAL_Driver/Src/stm32f7xx_hal_gpio.c ****   activated or not.
  32:Drivers/STM32F7xx_HAL_Driver/Src/stm32f7xx_hal_gpio.c **** 
ARM GAS  /tmp/ccnAHjQh.s 			page 2


  33:Drivers/STM32F7xx_HAL_Driver/Src/stm32f7xx_hal_gpio.c ****   [..]
  34:Drivers/STM32F7xx_HAL_Driver/Src/stm32f7xx_hal_gpio.c ****   In Output or Alternate mode, each IO can be configured on open-drain or push-pull
  35:Drivers/STM32F7xx_HAL_Driver/Src/stm32f7xx_hal_gpio.c ****   type and the IO speed can be selected depending on the VDD value.
  36:Drivers/STM32F7xx_HAL_Driver/Src/stm32f7xx_hal_gpio.c **** 
  37:Drivers/STM32F7xx_HAL_Driver/Src/stm32f7xx_hal_gpio.c ****   [..]  
  38:Drivers/STM32F7xx_HAL_Driver/Src/stm32f7xx_hal_gpio.c ****   All ports have external interrupt/event capability. To use external interrupt 
  39:Drivers/STM32F7xx_HAL_Driver/Src/stm32f7xx_hal_gpio.c ****   lines, the port must be configured in input mode. All available GPIO pins are 
  40:Drivers/STM32F7xx_HAL_Driver/Src/stm32f7xx_hal_gpio.c ****   connected to the 16 external interrupt/event lines from EXTI0 to EXTI15.
  41:Drivers/STM32F7xx_HAL_Driver/Src/stm32f7xx_hal_gpio.c ****   
  42:Drivers/STM32F7xx_HAL_Driver/Src/stm32f7xx_hal_gpio.c ****   [..]
  43:Drivers/STM32F7xx_HAL_Driver/Src/stm32f7xx_hal_gpio.c ****   The external interrupt/event controller consists of up to 23 edge detectors 
  44:Drivers/STM32F7xx_HAL_Driver/Src/stm32f7xx_hal_gpio.c ****   (16 lines are connected to GPIO) for generating event/interrupt requests (each 
  45:Drivers/STM32F7xx_HAL_Driver/Src/stm32f7xx_hal_gpio.c ****   input line can be independently configured to select the type (interrupt or event) 
  46:Drivers/STM32F7xx_HAL_Driver/Src/stm32f7xx_hal_gpio.c ****   and the corresponding trigger event (rising or falling or both). Each line can 
  47:Drivers/STM32F7xx_HAL_Driver/Src/stm32f7xx_hal_gpio.c ****   also be masked independently. 
  48:Drivers/STM32F7xx_HAL_Driver/Src/stm32f7xx_hal_gpio.c **** 
  49:Drivers/STM32F7xx_HAL_Driver/Src/stm32f7xx_hal_gpio.c ****                      ##### How to use this driver #####
  50:Drivers/STM32F7xx_HAL_Driver/Src/stm32f7xx_hal_gpio.c ****   ==============================================================================  
  51:Drivers/STM32F7xx_HAL_Driver/Src/stm32f7xx_hal_gpio.c ****   [..]
  52:Drivers/STM32F7xx_HAL_Driver/Src/stm32f7xx_hal_gpio.c ****     (#) Enable the GPIO AHB clock using the following function: __HAL_RCC_GPIOx_CLK_ENABLE(). 
  53:Drivers/STM32F7xx_HAL_Driver/Src/stm32f7xx_hal_gpio.c **** 
  54:Drivers/STM32F7xx_HAL_Driver/Src/stm32f7xx_hal_gpio.c ****     (#) Configure the GPIO pin(s) using HAL_GPIO_Init().
  55:Drivers/STM32F7xx_HAL_Driver/Src/stm32f7xx_hal_gpio.c ****         (++) Configure the IO mode using "Mode" member from GPIO_InitTypeDef structure
  56:Drivers/STM32F7xx_HAL_Driver/Src/stm32f7xx_hal_gpio.c ****         (++) Activate Pull-up, Pull-down resistor using "Pull" member from GPIO_InitTypeDef 
  57:Drivers/STM32F7xx_HAL_Driver/Src/stm32f7xx_hal_gpio.c ****              structure.
  58:Drivers/STM32F7xx_HAL_Driver/Src/stm32f7xx_hal_gpio.c ****         (++) In case of Output or alternate function mode selection: the speed is 
  59:Drivers/STM32F7xx_HAL_Driver/Src/stm32f7xx_hal_gpio.c ****              configured through "Speed" member from GPIO_InitTypeDef structure.
  60:Drivers/STM32F7xx_HAL_Driver/Src/stm32f7xx_hal_gpio.c ****         (++) In alternate mode is selection, the alternate function connected to the IO
  61:Drivers/STM32F7xx_HAL_Driver/Src/stm32f7xx_hal_gpio.c ****              is configured through "Alternate" member from GPIO_InitTypeDef structure.
  62:Drivers/STM32F7xx_HAL_Driver/Src/stm32f7xx_hal_gpio.c ****         (++) Analog mode is required when a pin is to be used as ADC channel 
  63:Drivers/STM32F7xx_HAL_Driver/Src/stm32f7xx_hal_gpio.c ****              or DAC output.
  64:Drivers/STM32F7xx_HAL_Driver/Src/stm32f7xx_hal_gpio.c ****         (++) In case of external interrupt/event selection the "Mode" member from 
  65:Drivers/STM32F7xx_HAL_Driver/Src/stm32f7xx_hal_gpio.c ****              GPIO_InitTypeDef structure select the type (interrupt or event) and 
  66:Drivers/STM32F7xx_HAL_Driver/Src/stm32f7xx_hal_gpio.c ****              the corresponding trigger event (rising or falling or both).
  67:Drivers/STM32F7xx_HAL_Driver/Src/stm32f7xx_hal_gpio.c **** 
  68:Drivers/STM32F7xx_HAL_Driver/Src/stm32f7xx_hal_gpio.c ****     (#) In case of external interrupt/event mode selection, configure NVIC IRQ priority 
  69:Drivers/STM32F7xx_HAL_Driver/Src/stm32f7xx_hal_gpio.c ****         mapped to the EXTI line using HAL_NVIC_SetPriority() and enable it using
  70:Drivers/STM32F7xx_HAL_Driver/Src/stm32f7xx_hal_gpio.c ****         HAL_NVIC_EnableIRQ().
  71:Drivers/STM32F7xx_HAL_Driver/Src/stm32f7xx_hal_gpio.c ****          
  72:Drivers/STM32F7xx_HAL_Driver/Src/stm32f7xx_hal_gpio.c ****     (#) To get the level of a pin configured in input mode use HAL_GPIO_ReadPin().
  73:Drivers/STM32F7xx_HAL_Driver/Src/stm32f7xx_hal_gpio.c ****             
  74:Drivers/STM32F7xx_HAL_Driver/Src/stm32f7xx_hal_gpio.c ****     (#) To set/reset the level of a pin configured in output mode use 
  75:Drivers/STM32F7xx_HAL_Driver/Src/stm32f7xx_hal_gpio.c ****         HAL_GPIO_WritePin()/HAL_GPIO_TogglePin().
  76:Drivers/STM32F7xx_HAL_Driver/Src/stm32f7xx_hal_gpio.c ****     
  77:Drivers/STM32F7xx_HAL_Driver/Src/stm32f7xx_hal_gpio.c ****     (#) To lock pin configuration until next reset use HAL_GPIO_LockPin().
  78:Drivers/STM32F7xx_HAL_Driver/Src/stm32f7xx_hal_gpio.c **** 
  79:Drivers/STM32F7xx_HAL_Driver/Src/stm32f7xx_hal_gpio.c ****                  
  80:Drivers/STM32F7xx_HAL_Driver/Src/stm32f7xx_hal_gpio.c ****     (#) During and just after reset, the alternate functions are not 
  81:Drivers/STM32F7xx_HAL_Driver/Src/stm32f7xx_hal_gpio.c ****         active and the GPIO pins are configured in input floating mode (except JTAG
  82:Drivers/STM32F7xx_HAL_Driver/Src/stm32f7xx_hal_gpio.c ****         pins).
  83:Drivers/STM32F7xx_HAL_Driver/Src/stm32f7xx_hal_gpio.c ****   
  84:Drivers/STM32F7xx_HAL_Driver/Src/stm32f7xx_hal_gpio.c ****     (#) The LSE oscillator pins OSC32_IN and OSC32_OUT can be used as general purpose 
  85:Drivers/STM32F7xx_HAL_Driver/Src/stm32f7xx_hal_gpio.c ****         (PC14 and PC15, respectively) when the LSE oscillator is off. The LSE has 
  86:Drivers/STM32F7xx_HAL_Driver/Src/stm32f7xx_hal_gpio.c ****         priority over the GPIO function.
  87:Drivers/STM32F7xx_HAL_Driver/Src/stm32f7xx_hal_gpio.c ****   
  88:Drivers/STM32F7xx_HAL_Driver/Src/stm32f7xx_hal_gpio.c ****     (#) The HSE oscillator pins OSC_IN/OSC_OUT can be used as 
  89:Drivers/STM32F7xx_HAL_Driver/Src/stm32f7xx_hal_gpio.c ****         general purpose PH0 and PH1, respectively, when the HSE oscillator is off. 
ARM GAS  /tmp/ccnAHjQh.s 			page 3


  90:Drivers/STM32F7xx_HAL_Driver/Src/stm32f7xx_hal_gpio.c ****         The HSE has priority over the GPIO function.
  91:Drivers/STM32F7xx_HAL_Driver/Src/stm32f7xx_hal_gpio.c ****   
  92:Drivers/STM32F7xx_HAL_Driver/Src/stm32f7xx_hal_gpio.c ****   @endverbatim
  93:Drivers/STM32F7xx_HAL_Driver/Src/stm32f7xx_hal_gpio.c ****   ******************************************************************************
  94:Drivers/STM32F7xx_HAL_Driver/Src/stm32f7xx_hal_gpio.c ****   * @attention
  95:Drivers/STM32F7xx_HAL_Driver/Src/stm32f7xx_hal_gpio.c ****   *
  96:Drivers/STM32F7xx_HAL_Driver/Src/stm32f7xx_hal_gpio.c ****   * <h2><center>&copy; Copyright (c) 2017 STMicroelectronics.
  97:Drivers/STM32F7xx_HAL_Driver/Src/stm32f7xx_hal_gpio.c ****   * All rights reserved.</center></h2>
  98:Drivers/STM32F7xx_HAL_Driver/Src/stm32f7xx_hal_gpio.c ****   *
  99:Drivers/STM32F7xx_HAL_Driver/Src/stm32f7xx_hal_gpio.c ****   * This software component is licensed by ST under BSD 3-Clause license,
 100:Drivers/STM32F7xx_HAL_Driver/Src/stm32f7xx_hal_gpio.c ****   * the "License"; You may not use this file except in compliance with the
 101:Drivers/STM32F7xx_HAL_Driver/Src/stm32f7xx_hal_gpio.c ****   * License. You may obtain a copy of the License at:
 102:Drivers/STM32F7xx_HAL_Driver/Src/stm32f7xx_hal_gpio.c ****   *                        opensource.org/licenses/BSD-3-Clause
 103:Drivers/STM32F7xx_HAL_Driver/Src/stm32f7xx_hal_gpio.c ****   *
 104:Drivers/STM32F7xx_HAL_Driver/Src/stm32f7xx_hal_gpio.c ****   ******************************************************************************
 105:Drivers/STM32F7xx_HAL_Driver/Src/stm32f7xx_hal_gpio.c ****   */ 
 106:Drivers/STM32F7xx_HAL_Driver/Src/stm32f7xx_hal_gpio.c **** 
 107:Drivers/STM32F7xx_HAL_Driver/Src/stm32f7xx_hal_gpio.c **** /* Includes ------------------------------------------------------------------*/
 108:Drivers/STM32F7xx_HAL_Driver/Src/stm32f7xx_hal_gpio.c **** #include "stm32f7xx_hal.h"
 109:Drivers/STM32F7xx_HAL_Driver/Src/stm32f7xx_hal_gpio.c **** 
 110:Drivers/STM32F7xx_HAL_Driver/Src/stm32f7xx_hal_gpio.c **** /** @addtogroup STM32F7xx_HAL_Driver
 111:Drivers/STM32F7xx_HAL_Driver/Src/stm32f7xx_hal_gpio.c ****   * @{
 112:Drivers/STM32F7xx_HAL_Driver/Src/stm32f7xx_hal_gpio.c ****   */
 113:Drivers/STM32F7xx_HAL_Driver/Src/stm32f7xx_hal_gpio.c **** 
 114:Drivers/STM32F7xx_HAL_Driver/Src/stm32f7xx_hal_gpio.c **** /** @defgroup GPIO GPIO
 115:Drivers/STM32F7xx_HAL_Driver/Src/stm32f7xx_hal_gpio.c ****   * @brief GPIO HAL module driver
 116:Drivers/STM32F7xx_HAL_Driver/Src/stm32f7xx_hal_gpio.c ****   * @{
 117:Drivers/STM32F7xx_HAL_Driver/Src/stm32f7xx_hal_gpio.c ****   */
 118:Drivers/STM32F7xx_HAL_Driver/Src/stm32f7xx_hal_gpio.c **** 
 119:Drivers/STM32F7xx_HAL_Driver/Src/stm32f7xx_hal_gpio.c **** #ifdef HAL_GPIO_MODULE_ENABLED
 120:Drivers/STM32F7xx_HAL_Driver/Src/stm32f7xx_hal_gpio.c **** 
 121:Drivers/STM32F7xx_HAL_Driver/Src/stm32f7xx_hal_gpio.c **** /* Private typedef -----------------------------------------------------------*/
 122:Drivers/STM32F7xx_HAL_Driver/Src/stm32f7xx_hal_gpio.c **** /* Private define ------------------------------------------------------------*/
 123:Drivers/STM32F7xx_HAL_Driver/Src/stm32f7xx_hal_gpio.c **** /** @addtogroup GPIO_Private_Constants GPIO Private Constants
 124:Drivers/STM32F7xx_HAL_Driver/Src/stm32f7xx_hal_gpio.c ****   * @{
 125:Drivers/STM32F7xx_HAL_Driver/Src/stm32f7xx_hal_gpio.c ****   */
 126:Drivers/STM32F7xx_HAL_Driver/Src/stm32f7xx_hal_gpio.c **** #define GPIO_MODE             ((uint32_t)0x00000003U)
 127:Drivers/STM32F7xx_HAL_Driver/Src/stm32f7xx_hal_gpio.c **** #define EXTI_MODE             ((uint32_t)0x10000000U)
 128:Drivers/STM32F7xx_HAL_Driver/Src/stm32f7xx_hal_gpio.c **** #define GPIO_MODE_IT          ((uint32_t)0x00010000U)
 129:Drivers/STM32F7xx_HAL_Driver/Src/stm32f7xx_hal_gpio.c **** #define GPIO_MODE_EVT         ((uint32_t)0x00020000U)
 130:Drivers/STM32F7xx_HAL_Driver/Src/stm32f7xx_hal_gpio.c **** #define RISING_EDGE           ((uint32_t)0x00100000U)
 131:Drivers/STM32F7xx_HAL_Driver/Src/stm32f7xx_hal_gpio.c **** #define FALLING_EDGE          ((uint32_t)0x00200000U)
 132:Drivers/STM32F7xx_HAL_Driver/Src/stm32f7xx_hal_gpio.c **** #define GPIO_OUTPUT_TYPE      ((uint32_t)0x00000010U)
 133:Drivers/STM32F7xx_HAL_Driver/Src/stm32f7xx_hal_gpio.c **** 
 134:Drivers/STM32F7xx_HAL_Driver/Src/stm32f7xx_hal_gpio.c **** #define GPIO_NUMBER           ((uint32_t)16U)
 135:Drivers/STM32F7xx_HAL_Driver/Src/stm32f7xx_hal_gpio.c **** /**
 136:Drivers/STM32F7xx_HAL_Driver/Src/stm32f7xx_hal_gpio.c ****   * @}
 137:Drivers/STM32F7xx_HAL_Driver/Src/stm32f7xx_hal_gpio.c ****   */
 138:Drivers/STM32F7xx_HAL_Driver/Src/stm32f7xx_hal_gpio.c **** /* Private macro -------------------------------------------------------------*/
 139:Drivers/STM32F7xx_HAL_Driver/Src/stm32f7xx_hal_gpio.c **** /* Private variables ---------------------------------------------------------*/
 140:Drivers/STM32F7xx_HAL_Driver/Src/stm32f7xx_hal_gpio.c **** /* Private function prototypes -----------------------------------------------*/
 141:Drivers/STM32F7xx_HAL_Driver/Src/stm32f7xx_hal_gpio.c **** /* Private functions ---------------------------------------------------------*/
 142:Drivers/STM32F7xx_HAL_Driver/Src/stm32f7xx_hal_gpio.c **** /* Exported functions --------------------------------------------------------*/
 143:Drivers/STM32F7xx_HAL_Driver/Src/stm32f7xx_hal_gpio.c **** /** @defgroup GPIO_Exported_Functions GPIO Exported Functions
 144:Drivers/STM32F7xx_HAL_Driver/Src/stm32f7xx_hal_gpio.c ****   * @{
 145:Drivers/STM32F7xx_HAL_Driver/Src/stm32f7xx_hal_gpio.c ****   */
 146:Drivers/STM32F7xx_HAL_Driver/Src/stm32f7xx_hal_gpio.c **** 
ARM GAS  /tmp/ccnAHjQh.s 			page 4


 147:Drivers/STM32F7xx_HAL_Driver/Src/stm32f7xx_hal_gpio.c **** /** @defgroup GPIO_Exported_Functions_Group1 Initialization and de-initialization functions
 148:Drivers/STM32F7xx_HAL_Driver/Src/stm32f7xx_hal_gpio.c ****  *  @brief    Initialization and Configuration functions
 149:Drivers/STM32F7xx_HAL_Driver/Src/stm32f7xx_hal_gpio.c ****  *
 150:Drivers/STM32F7xx_HAL_Driver/Src/stm32f7xx_hal_gpio.c **** @verbatim
 151:Drivers/STM32F7xx_HAL_Driver/Src/stm32f7xx_hal_gpio.c ****  ===============================================================================
 152:Drivers/STM32F7xx_HAL_Driver/Src/stm32f7xx_hal_gpio.c ****               ##### Initialization and de-initialization functions #####
 153:Drivers/STM32F7xx_HAL_Driver/Src/stm32f7xx_hal_gpio.c ****  ===============================================================================
 154:Drivers/STM32F7xx_HAL_Driver/Src/stm32f7xx_hal_gpio.c ****   [..]
 155:Drivers/STM32F7xx_HAL_Driver/Src/stm32f7xx_hal_gpio.c ****     This section provides functions allowing to initialize and de-initialize the GPIOs
 156:Drivers/STM32F7xx_HAL_Driver/Src/stm32f7xx_hal_gpio.c ****     to be ready for use.
 157:Drivers/STM32F7xx_HAL_Driver/Src/stm32f7xx_hal_gpio.c ****  
 158:Drivers/STM32F7xx_HAL_Driver/Src/stm32f7xx_hal_gpio.c **** @endverbatim
 159:Drivers/STM32F7xx_HAL_Driver/Src/stm32f7xx_hal_gpio.c ****   * @{
 160:Drivers/STM32F7xx_HAL_Driver/Src/stm32f7xx_hal_gpio.c ****   */
 161:Drivers/STM32F7xx_HAL_Driver/Src/stm32f7xx_hal_gpio.c **** 
 162:Drivers/STM32F7xx_HAL_Driver/Src/stm32f7xx_hal_gpio.c **** /**
 163:Drivers/STM32F7xx_HAL_Driver/Src/stm32f7xx_hal_gpio.c ****   * @brief  Initializes the GPIOx peripheral according to the specified parameters in the GPIO_Init
 164:Drivers/STM32F7xx_HAL_Driver/Src/stm32f7xx_hal_gpio.c ****   * @param  GPIOx where x can be (A..K) to select the GPIO peripheral.
 165:Drivers/STM32F7xx_HAL_Driver/Src/stm32f7xx_hal_gpio.c ****   * @param  GPIO_Init pointer to a GPIO_InitTypeDef structure that contains
 166:Drivers/STM32F7xx_HAL_Driver/Src/stm32f7xx_hal_gpio.c ****   *         the configuration information for the specified GPIO peripheral.
 167:Drivers/STM32F7xx_HAL_Driver/Src/stm32f7xx_hal_gpio.c ****   * @retval None
 168:Drivers/STM32F7xx_HAL_Driver/Src/stm32f7xx_hal_gpio.c ****   */
 169:Drivers/STM32F7xx_HAL_Driver/Src/stm32f7xx_hal_gpio.c **** void HAL_GPIO_Init(GPIO_TypeDef  *GPIOx, GPIO_InitTypeDef *GPIO_Init)
 170:Drivers/STM32F7xx_HAL_Driver/Src/stm32f7xx_hal_gpio.c **** {
  27              		.loc 1 170 0
  28              		.cfi_startproc
  29              		@ args = 0, pretend = 0, frame = 8
  30              		@ frame_needed = 0, uses_anonymous_args = 0
  31              	.LVL0:
 171:Drivers/STM32F7xx_HAL_Driver/Src/stm32f7xx_hal_gpio.c ****   uint32_t position = 0x00;
 172:Drivers/STM32F7xx_HAL_Driver/Src/stm32f7xx_hal_gpio.c ****   uint32_t ioposition = 0x00;
 173:Drivers/STM32F7xx_HAL_Driver/Src/stm32f7xx_hal_gpio.c ****   uint32_t iocurrent = 0x00;
 174:Drivers/STM32F7xx_HAL_Driver/Src/stm32f7xx_hal_gpio.c ****   uint32_t temp = 0x00;
 175:Drivers/STM32F7xx_HAL_Driver/Src/stm32f7xx_hal_gpio.c **** 
 176:Drivers/STM32F7xx_HAL_Driver/Src/stm32f7xx_hal_gpio.c ****   /* Check the parameters */
 177:Drivers/STM32F7xx_HAL_Driver/Src/stm32f7xx_hal_gpio.c ****   assert_param(IS_GPIO_ALL_INSTANCE(GPIOx));
 178:Drivers/STM32F7xx_HAL_Driver/Src/stm32f7xx_hal_gpio.c ****   assert_param(IS_GPIO_PIN(GPIO_Init->Pin));
 179:Drivers/STM32F7xx_HAL_Driver/Src/stm32f7xx_hal_gpio.c ****   assert_param(IS_GPIO_MODE(GPIO_Init->Mode));
 180:Drivers/STM32F7xx_HAL_Driver/Src/stm32f7xx_hal_gpio.c ****   assert_param(IS_GPIO_PULL(GPIO_Init->Pull));
 181:Drivers/STM32F7xx_HAL_Driver/Src/stm32f7xx_hal_gpio.c **** 
 182:Drivers/STM32F7xx_HAL_Driver/Src/stm32f7xx_hal_gpio.c ****   /* Configure the port pins */
 183:Drivers/STM32F7xx_HAL_Driver/Src/stm32f7xx_hal_gpio.c ****   for(position = 0; position < GPIO_NUMBER; position++)
  32              		.loc 1 183 0
  33 0000 0023     		movs	r3, #0
  34              	.LVL1:
  35 0002 0F2B     		cmp	r3, #15
  36 0004 00F2E680 		bhi	.L26
 170:Drivers/STM32F7xx_HAL_Driver/Src/stm32f7xx_hal_gpio.c ****   uint32_t position = 0x00;
  37              		.loc 1 170 0
  38 0008 F0B5     		push	{r4, r5, r6, r7, lr}
  39              	.LCFI0:
  40              		.cfi_def_cfa_offset 20
  41              		.cfi_offset 4, -20
  42              		.cfi_offset 5, -16
  43              		.cfi_offset 6, -12
  44              		.cfi_offset 7, -8
  45              		.cfi_offset 14, -4
ARM GAS  /tmp/ccnAHjQh.s 			page 5


  46 000a 83B0     		sub	sp, sp, #12
  47              	.LCFI1:
  48              		.cfi_def_cfa_offset 32
  49 000c 3AE0     		b	.L12
  50              	.LVL2:
  51              	.L28:
 184:Drivers/STM32F7xx_HAL_Driver/Src/stm32f7xx_hal_gpio.c ****   {
 185:Drivers/STM32F7xx_HAL_Driver/Src/stm32f7xx_hal_gpio.c ****     /* Get the IO position */
 186:Drivers/STM32F7xx_HAL_Driver/Src/stm32f7xx_hal_gpio.c ****     ioposition = ((uint32_t)0x01) << position;
 187:Drivers/STM32F7xx_HAL_Driver/Src/stm32f7xx_hal_gpio.c ****     /* Get the current IO position */
 188:Drivers/STM32F7xx_HAL_Driver/Src/stm32f7xx_hal_gpio.c ****     iocurrent = (uint32_t)(GPIO_Init->Pin) & ioposition;
 189:Drivers/STM32F7xx_HAL_Driver/Src/stm32f7xx_hal_gpio.c **** 
 190:Drivers/STM32F7xx_HAL_Driver/Src/stm32f7xx_hal_gpio.c ****     if(iocurrent == ioposition)
 191:Drivers/STM32F7xx_HAL_Driver/Src/stm32f7xx_hal_gpio.c ****     {
 192:Drivers/STM32F7xx_HAL_Driver/Src/stm32f7xx_hal_gpio.c ****       /*--------------------- GPIO Mode Configuration ------------------------*/
 193:Drivers/STM32F7xx_HAL_Driver/Src/stm32f7xx_hal_gpio.c ****       /* In case of Output or Alternate function mode selection */
 194:Drivers/STM32F7xx_HAL_Driver/Src/stm32f7xx_hal_gpio.c ****       if((GPIO_Init->Mode == GPIO_MODE_OUTPUT_PP) || (GPIO_Init->Mode == GPIO_MODE_AF_PP) ||
 195:Drivers/STM32F7xx_HAL_Driver/Src/stm32f7xx_hal_gpio.c ****          (GPIO_Init->Mode == GPIO_MODE_OUTPUT_OD) || (GPIO_Init->Mode == GPIO_MODE_AF_OD))
 196:Drivers/STM32F7xx_HAL_Driver/Src/stm32f7xx_hal_gpio.c ****       {
 197:Drivers/STM32F7xx_HAL_Driver/Src/stm32f7xx_hal_gpio.c ****         /* Check the Speed parameter */
 198:Drivers/STM32F7xx_HAL_Driver/Src/stm32f7xx_hal_gpio.c ****         assert_param(IS_GPIO_SPEED(GPIO_Init->Speed));
 199:Drivers/STM32F7xx_HAL_Driver/Src/stm32f7xx_hal_gpio.c ****         /* Configure the IO Speed */
 200:Drivers/STM32F7xx_HAL_Driver/Src/stm32f7xx_hal_gpio.c ****         temp = GPIOx->OSPEEDR; 
 201:Drivers/STM32F7xx_HAL_Driver/Src/stm32f7xx_hal_gpio.c ****         temp &= ~(GPIO_OSPEEDER_OSPEEDR0 << (position * 2));
 202:Drivers/STM32F7xx_HAL_Driver/Src/stm32f7xx_hal_gpio.c ****         temp |= (GPIO_Init->Speed << (position * 2));
 203:Drivers/STM32F7xx_HAL_Driver/Src/stm32f7xx_hal_gpio.c ****         GPIOx->OSPEEDR = temp;
 204:Drivers/STM32F7xx_HAL_Driver/Src/stm32f7xx_hal_gpio.c **** 
 205:Drivers/STM32F7xx_HAL_Driver/Src/stm32f7xx_hal_gpio.c ****         /* Configure the IO Output Type */
 206:Drivers/STM32F7xx_HAL_Driver/Src/stm32f7xx_hal_gpio.c ****         temp = GPIOx->OTYPER;
 207:Drivers/STM32F7xx_HAL_Driver/Src/stm32f7xx_hal_gpio.c ****         temp &= ~(GPIO_OTYPER_OT_0 << position) ;
 208:Drivers/STM32F7xx_HAL_Driver/Src/stm32f7xx_hal_gpio.c ****         temp |= (((GPIO_Init->Mode & GPIO_OUTPUT_TYPE) >> 4) << position);
 209:Drivers/STM32F7xx_HAL_Driver/Src/stm32f7xx_hal_gpio.c ****         GPIOx->OTYPER = temp;
 210:Drivers/STM32F7xx_HAL_Driver/Src/stm32f7xx_hal_gpio.c ****       }
 211:Drivers/STM32F7xx_HAL_Driver/Src/stm32f7xx_hal_gpio.c **** 
 212:Drivers/STM32F7xx_HAL_Driver/Src/stm32f7xx_hal_gpio.c ****       /* Activate the Pull-up or Pull down resistor for the current IO */
 213:Drivers/STM32F7xx_HAL_Driver/Src/stm32f7xx_hal_gpio.c ****       temp = GPIOx->PUPDR;
 214:Drivers/STM32F7xx_HAL_Driver/Src/stm32f7xx_hal_gpio.c ****       temp &= ~(GPIO_PUPDR_PUPDR0 << (position * 2));
 215:Drivers/STM32F7xx_HAL_Driver/Src/stm32f7xx_hal_gpio.c ****       temp |= ((GPIO_Init->Pull) << (position * 2));
 216:Drivers/STM32F7xx_HAL_Driver/Src/stm32f7xx_hal_gpio.c ****       GPIOx->PUPDR = temp;
 217:Drivers/STM32F7xx_HAL_Driver/Src/stm32f7xx_hal_gpio.c **** 
 218:Drivers/STM32F7xx_HAL_Driver/Src/stm32f7xx_hal_gpio.c ****       /* In case of Alternate function mode selection */
 219:Drivers/STM32F7xx_HAL_Driver/Src/stm32f7xx_hal_gpio.c ****       if((GPIO_Init->Mode == GPIO_MODE_AF_PP) || (GPIO_Init->Mode == GPIO_MODE_AF_OD))
 220:Drivers/STM32F7xx_HAL_Driver/Src/stm32f7xx_hal_gpio.c ****       {
 221:Drivers/STM32F7xx_HAL_Driver/Src/stm32f7xx_hal_gpio.c ****         /* Check the Alternate function parameter */
 222:Drivers/STM32F7xx_HAL_Driver/Src/stm32f7xx_hal_gpio.c ****         assert_param(IS_GPIO_AF(GPIO_Init->Alternate));
 223:Drivers/STM32F7xx_HAL_Driver/Src/stm32f7xx_hal_gpio.c **** 
 224:Drivers/STM32F7xx_HAL_Driver/Src/stm32f7xx_hal_gpio.c ****         /* Configure Alternate function mapped with the current IO */
 225:Drivers/STM32F7xx_HAL_Driver/Src/stm32f7xx_hal_gpio.c ****         temp = GPIOx->AFR[position >> 3];
 226:Drivers/STM32F7xx_HAL_Driver/Src/stm32f7xx_hal_gpio.c ****         temp &= ~((uint32_t)0xF << ((uint32_t)(position & (uint32_t)0x07) * 4)) ;
 227:Drivers/STM32F7xx_HAL_Driver/Src/stm32f7xx_hal_gpio.c ****         temp |= ((uint32_t)(GPIO_Init->Alternate) << (((uint32_t)position & (uint32_t)0x07) * 4));
 228:Drivers/STM32F7xx_HAL_Driver/Src/stm32f7xx_hal_gpio.c ****         GPIOx->AFR[position >> 3] = temp;
 229:Drivers/STM32F7xx_HAL_Driver/Src/stm32f7xx_hal_gpio.c ****       }
 230:Drivers/STM32F7xx_HAL_Driver/Src/stm32f7xx_hal_gpio.c ****       
 231:Drivers/STM32F7xx_HAL_Driver/Src/stm32f7xx_hal_gpio.c ****       /* Configure IO Direction mode (Input, Output, Alternate or Analog) */
 232:Drivers/STM32F7xx_HAL_Driver/Src/stm32f7xx_hal_gpio.c ****       temp = GPIOx->MODER;
 233:Drivers/STM32F7xx_HAL_Driver/Src/stm32f7xx_hal_gpio.c ****       temp &= ~(GPIO_MODER_MODER0 << (position * 2));
 234:Drivers/STM32F7xx_HAL_Driver/Src/stm32f7xx_hal_gpio.c ****       temp |= ((GPIO_Init->Mode & GPIO_MODE) << (position * 2));
ARM GAS  /tmp/ccnAHjQh.s 			page 6


 235:Drivers/STM32F7xx_HAL_Driver/Src/stm32f7xx_hal_gpio.c ****       GPIOx->MODER = temp;
 236:Drivers/STM32F7xx_HAL_Driver/Src/stm32f7xx_hal_gpio.c **** 
 237:Drivers/STM32F7xx_HAL_Driver/Src/stm32f7xx_hal_gpio.c ****       /*--------------------- EXTI Mode Configuration ------------------------*/
 238:Drivers/STM32F7xx_HAL_Driver/Src/stm32f7xx_hal_gpio.c ****       /* Configure the External Interrupt or event for the current IO */
 239:Drivers/STM32F7xx_HAL_Driver/Src/stm32f7xx_hal_gpio.c ****       if((GPIO_Init->Mode & EXTI_MODE) == EXTI_MODE)
 240:Drivers/STM32F7xx_HAL_Driver/Src/stm32f7xx_hal_gpio.c ****       {
 241:Drivers/STM32F7xx_HAL_Driver/Src/stm32f7xx_hal_gpio.c ****         /* Enable SYSCFG Clock */
 242:Drivers/STM32F7xx_HAL_Driver/Src/stm32f7xx_hal_gpio.c ****         __HAL_RCC_SYSCFG_CLK_ENABLE();
 243:Drivers/STM32F7xx_HAL_Driver/Src/stm32f7xx_hal_gpio.c **** 
 244:Drivers/STM32F7xx_HAL_Driver/Src/stm32f7xx_hal_gpio.c ****         temp = SYSCFG->EXTICR[position >> 2];
 245:Drivers/STM32F7xx_HAL_Driver/Src/stm32f7xx_hal_gpio.c ****         temp &= ~(((uint32_t)0x0F) << (4 * (position & 0x03)));
 246:Drivers/STM32F7xx_HAL_Driver/Src/stm32f7xx_hal_gpio.c ****         temp |= ((uint32_t)(GPIO_GET_INDEX(GPIOx)) << (4 * (position & 0x03)));
  52              		.loc 1 246 0
  53 000e 0926     		movs	r6, #9
  54 0010 00E0     		b	.L7
  55              	.L13:
  56 0012 0026     		movs	r6, #0
  57              	.L7:
  58              		.loc 1 246 0 is_stmt 0 discriminator 40
  59 0014 06FA0EF6 		lsl	r6, r6, lr
  60 0018 3543     		orrs	r5, r5, r6
  61              	.LVL3:
 247:Drivers/STM32F7xx_HAL_Driver/Src/stm32f7xx_hal_gpio.c ****         SYSCFG->EXTICR[position >> 2] = temp;
  62              		.loc 1 247 0 is_stmt 1 discriminator 40
  63 001a 0232     		adds	r2, r2, #2
  64 001c 6E4E     		ldr	r6, .L29
  65 001e 46F82250 		str	r5, [r6, r2, lsl #2]
 248:Drivers/STM32F7xx_HAL_Driver/Src/stm32f7xx_hal_gpio.c **** 
 249:Drivers/STM32F7xx_HAL_Driver/Src/stm32f7xx_hal_gpio.c ****         /* Clear EXTI line configuration */
 250:Drivers/STM32F7xx_HAL_Driver/Src/stm32f7xx_hal_gpio.c ****         temp = EXTI->IMR;
  66              		.loc 1 250 0 discriminator 40
  67 0022 6E4A     		ldr	r2, .L29+4
  68 0024 1568     		ldr	r5, [r2]
  69              	.LVL4:
 251:Drivers/STM32F7xx_HAL_Driver/Src/stm32f7xx_hal_gpio.c ****         temp &= ~((uint32_t)iocurrent);
  70              		.loc 1 251 0 discriminator 40
  71 0026 E243     		mvns	r2, r4
  72 0028 05EA0206 		and	r6, r5, r2
  73              	.LVL5:
 252:Drivers/STM32F7xx_HAL_Driver/Src/stm32f7xx_hal_gpio.c ****         if((GPIO_Init->Mode & GPIO_MODE_IT) == GPIO_MODE_IT)
  74              		.loc 1 252 0 discriminator 40
  75 002c 4F68     		ldr	r7, [r1, #4]
  76 002e 17F4803F 		tst	r7, #65536
  77 0032 01D0     		beq	.L8
 253:Drivers/STM32F7xx_HAL_Driver/Src/stm32f7xx_hal_gpio.c ****         {
 254:Drivers/STM32F7xx_HAL_Driver/Src/stm32f7xx_hal_gpio.c ****           temp |= iocurrent;
  78              		.loc 1 254 0
  79 0034 44EA0506 		orr	r6, r4, r5
  80              	.LVL6:
  81              	.L8:
 255:Drivers/STM32F7xx_HAL_Driver/Src/stm32f7xx_hal_gpio.c ****         }
 256:Drivers/STM32F7xx_HAL_Driver/Src/stm32f7xx_hal_gpio.c ****         EXTI->IMR = temp;
  82              		.loc 1 256 0
  83 0038 684D     		ldr	r5, .L29+4
  84 003a 2E60     		str	r6, [r5]
 257:Drivers/STM32F7xx_HAL_Driver/Src/stm32f7xx_hal_gpio.c **** 
 258:Drivers/STM32F7xx_HAL_Driver/Src/stm32f7xx_hal_gpio.c ****         temp = EXTI->EMR;
ARM GAS  /tmp/ccnAHjQh.s 			page 7


  85              		.loc 1 258 0
  86 003c 6D68     		ldr	r5, [r5, #4]
  87              	.LVL7:
 259:Drivers/STM32F7xx_HAL_Driver/Src/stm32f7xx_hal_gpio.c ****         temp &= ~((uint32_t)iocurrent);
  88              		.loc 1 259 0
  89 003e 02EA0506 		and	r6, r2, r5
  90              	.LVL8:
 260:Drivers/STM32F7xx_HAL_Driver/Src/stm32f7xx_hal_gpio.c ****         if((GPIO_Init->Mode & GPIO_MODE_EVT) == GPIO_MODE_EVT)
  91              		.loc 1 260 0
  92 0042 4F68     		ldr	r7, [r1, #4]
  93 0044 17F4003F 		tst	r7, #131072
  94 0048 01D0     		beq	.L9
 261:Drivers/STM32F7xx_HAL_Driver/Src/stm32f7xx_hal_gpio.c ****         {
 262:Drivers/STM32F7xx_HAL_Driver/Src/stm32f7xx_hal_gpio.c ****           temp |= iocurrent;
  95              		.loc 1 262 0
  96 004a 44EA0506 		orr	r6, r4, r5
  97              	.LVL9:
  98              	.L9:
 263:Drivers/STM32F7xx_HAL_Driver/Src/stm32f7xx_hal_gpio.c ****         }
 264:Drivers/STM32F7xx_HAL_Driver/Src/stm32f7xx_hal_gpio.c ****         EXTI->EMR = temp;
  99              		.loc 1 264 0
 100 004e 634D     		ldr	r5, .L29+4
 101 0050 6E60     		str	r6, [r5, #4]
 265:Drivers/STM32F7xx_HAL_Driver/Src/stm32f7xx_hal_gpio.c **** 
 266:Drivers/STM32F7xx_HAL_Driver/Src/stm32f7xx_hal_gpio.c ****         /* Clear Rising Falling edge configuration */
 267:Drivers/STM32F7xx_HAL_Driver/Src/stm32f7xx_hal_gpio.c ****         temp = EXTI->RTSR;
 102              		.loc 1 267 0
 103 0052 AD68     		ldr	r5, [r5, #8]
 104              	.LVL10:
 268:Drivers/STM32F7xx_HAL_Driver/Src/stm32f7xx_hal_gpio.c ****         temp &= ~((uint32_t)iocurrent);
 105              		.loc 1 268 0
 106 0054 02EA0506 		and	r6, r2, r5
 107              	.LVL11:
 269:Drivers/STM32F7xx_HAL_Driver/Src/stm32f7xx_hal_gpio.c ****         if((GPIO_Init->Mode & RISING_EDGE) == RISING_EDGE)
 108              		.loc 1 269 0
 109 0058 4F68     		ldr	r7, [r1, #4]
 110 005a 17F4801F 		tst	r7, #1048576
 111 005e 01D0     		beq	.L10
 270:Drivers/STM32F7xx_HAL_Driver/Src/stm32f7xx_hal_gpio.c ****         {
 271:Drivers/STM32F7xx_HAL_Driver/Src/stm32f7xx_hal_gpio.c ****           temp |= iocurrent;
 112              		.loc 1 271 0
 113 0060 44EA0506 		orr	r6, r4, r5
 114              	.LVL12:
 115              	.L10:
 272:Drivers/STM32F7xx_HAL_Driver/Src/stm32f7xx_hal_gpio.c ****         }
 273:Drivers/STM32F7xx_HAL_Driver/Src/stm32f7xx_hal_gpio.c ****         EXTI->RTSR = temp;
 116              		.loc 1 273 0
 117 0064 5D4D     		ldr	r5, .L29+4
 118 0066 AE60     		str	r6, [r5, #8]
 274:Drivers/STM32F7xx_HAL_Driver/Src/stm32f7xx_hal_gpio.c **** 
 275:Drivers/STM32F7xx_HAL_Driver/Src/stm32f7xx_hal_gpio.c ****         temp = EXTI->FTSR;
 119              		.loc 1 275 0
 120 0068 ED68     		ldr	r5, [r5, #12]
 121              	.LVL13:
 276:Drivers/STM32F7xx_HAL_Driver/Src/stm32f7xx_hal_gpio.c ****         temp &= ~((uint32_t)iocurrent);
 122              		.loc 1 276 0
 123 006a 2A40     		ands	r2, r2, r5
ARM GAS  /tmp/ccnAHjQh.s 			page 8


 124              	.LVL14:
 277:Drivers/STM32F7xx_HAL_Driver/Src/stm32f7xx_hal_gpio.c ****         if((GPIO_Init->Mode & FALLING_EDGE) == FALLING_EDGE)
 125              		.loc 1 277 0
 126 006c 4E68     		ldr	r6, [r1, #4]
 127 006e 16F4001F 		tst	r6, #2097152
 128 0072 01D0     		beq	.L11
 278:Drivers/STM32F7xx_HAL_Driver/Src/stm32f7xx_hal_gpio.c ****         {
 279:Drivers/STM32F7xx_HAL_Driver/Src/stm32f7xx_hal_gpio.c ****           temp |= iocurrent;
 129              		.loc 1 279 0
 130 0074 44EA0502 		orr	r2, r4, r5
 131              	.LVL15:
 132              	.L11:
 280:Drivers/STM32F7xx_HAL_Driver/Src/stm32f7xx_hal_gpio.c ****         }
 281:Drivers/STM32F7xx_HAL_Driver/Src/stm32f7xx_hal_gpio.c ****         EXTI->FTSR = temp;
 133              		.loc 1 281 0
 134 0078 584C     		ldr	r4, .L29+4
 135              	.LVL16:
 136 007a E260     		str	r2, [r4, #12]
 137              	.LVL17:
 138              	.L3:
 183:Drivers/STM32F7xx_HAL_Driver/Src/stm32f7xx_hal_gpio.c ****   {
 139              		.loc 1 183 0 discriminator 2
 140 007c 0133     		adds	r3, r3, #1
 141              	.LVL18:
 142 007e 0F2B     		cmp	r3, #15
 143 0080 00F2A680 		bhi	.L27
 144              	.LVL19:
 145              	.L12:
 186:Drivers/STM32F7xx_HAL_Driver/Src/stm32f7xx_hal_gpio.c ****     /* Get the current IO position */
 146              		.loc 1 186 0
 147 0084 0122     		movs	r2, #1
 148 0086 9A40     		lsls	r2, r2, r3
 149              	.LVL20:
 188:Drivers/STM32F7xx_HAL_Driver/Src/stm32f7xx_hal_gpio.c **** 
 150              		.loc 1 188 0
 151 0088 0C68     		ldr	r4, [r1]
 152 008a 1440     		ands	r4, r4, r2
 153              	.LVL21:
 190:Drivers/STM32F7xx_HAL_Driver/Src/stm32f7xx_hal_gpio.c ****     {
 154              		.loc 1 190 0
 155 008c A242     		cmp	r2, r4
 156 008e F5D1     		bne	.L3
 194:Drivers/STM32F7xx_HAL_Driver/Src/stm32f7xx_hal_gpio.c ****          (GPIO_Init->Mode == GPIO_MODE_OUTPUT_OD) || (GPIO_Init->Mode == GPIO_MODE_AF_OD))
 157              		.loc 1 194 0
 158 0090 4D68     		ldr	r5, [r1, #4]
 159 0092 6E1E     		subs	r6, r5, #1
 160 0094 112D     		cmp	r5, #17
 161 0096 18BF     		it	ne
 162 0098 012E     		cmpne	r6, #1
 163 009a 01D9     		bls	.L4
 195:Drivers/STM32F7xx_HAL_Driver/Src/stm32f7xx_hal_gpio.c ****       {
 164              		.loc 1 195 0
 165 009c 122D     		cmp	r5, #18
 166 009e 15D1     		bne	.L5
 167              	.L4:
 200:Drivers/STM32F7xx_HAL_Driver/Src/stm32f7xx_hal_gpio.c ****         temp &= ~(GPIO_OSPEEDER_OSPEEDR0 << (position * 2));
 168              		.loc 1 200 0
ARM GAS  /tmp/ccnAHjQh.s 			page 9


 169 00a0 8568     		ldr	r5, [r0, #8]
 170              	.LVL22:
 201:Drivers/STM32F7xx_HAL_Driver/Src/stm32f7xx_hal_gpio.c ****         temp |= (GPIO_Init->Speed << (position * 2));
 171              		.loc 1 201 0
 172 00a2 4FEA430E 		lsl	lr, r3, #1
 173 00a6 0327     		movs	r7, #3
 174 00a8 07FA0EF7 		lsl	r7, r7, lr
 175 00ac 25EA0705 		bic	r5, r5, r7
 176              	.LVL23:
 202:Drivers/STM32F7xx_HAL_Driver/Src/stm32f7xx_hal_gpio.c ****         GPIOx->OSPEEDR = temp;
 177              		.loc 1 202 0
 178 00b0 CE68     		ldr	r6, [r1, #12]
 179 00b2 06FA0EF6 		lsl	r6, r6, lr
 180 00b6 3543     		orrs	r5, r5, r6
 181              	.LVL24:
 203:Drivers/STM32F7xx_HAL_Driver/Src/stm32f7xx_hal_gpio.c **** 
 182              		.loc 1 203 0
 183 00b8 8560     		str	r5, [r0, #8]
 206:Drivers/STM32F7xx_HAL_Driver/Src/stm32f7xx_hal_gpio.c ****         temp &= ~(GPIO_OTYPER_OT_0 << position) ;
 184              		.loc 1 206 0
 185 00ba 4568     		ldr	r5, [r0, #4]
 186              	.LVL25:
 207:Drivers/STM32F7xx_HAL_Driver/Src/stm32f7xx_hal_gpio.c ****         temp |= (((GPIO_Init->Mode & GPIO_OUTPUT_TYPE) >> 4) << position);
 187              		.loc 1 207 0
 188 00bc 25EA0202 		bic	r2, r5, r2
 189              	.LVL26:
 208:Drivers/STM32F7xx_HAL_Driver/Src/stm32f7xx_hal_gpio.c ****         GPIOx->OTYPER = temp;
 190              		.loc 1 208 0
 191 00c0 4D68     		ldr	r5, [r1, #4]
 192 00c2 C5F30015 		ubfx	r5, r5, #4, #1
 193 00c6 9D40     		lsls	r5, r5, r3
 194 00c8 2A43     		orrs	r2, r2, r5
 195              	.LVL27:
 209:Drivers/STM32F7xx_HAL_Driver/Src/stm32f7xx_hal_gpio.c ****       }
 196              		.loc 1 209 0
 197 00ca 4260     		str	r2, [r0, #4]
 198              	.LVL28:
 199              	.L5:
 213:Drivers/STM32F7xx_HAL_Driver/Src/stm32f7xx_hal_gpio.c ****       temp &= ~(GPIO_PUPDR_PUPDR0 << (position * 2));
 200              		.loc 1 213 0
 201 00cc C668     		ldr	r6, [r0, #12]
 202              	.LVL29:
 214:Drivers/STM32F7xx_HAL_Driver/Src/stm32f7xx_hal_gpio.c ****       temp |= ((GPIO_Init->Pull) << (position * 2));
 203              		.loc 1 214 0
 204 00ce 5F00     		lsls	r7, r3, #1
 205 00d0 0322     		movs	r2, #3
 206 00d2 BA40     		lsls	r2, r2, r7
 207 00d4 D243     		mvns	r2, r2
 208 00d6 1640     		ands	r6, r6, r2
 209              	.LVL30:
 215:Drivers/STM32F7xx_HAL_Driver/Src/stm32f7xx_hal_gpio.c ****       GPIOx->PUPDR = temp;
 210              		.loc 1 215 0
 211 00d8 8D68     		ldr	r5, [r1, #8]
 212 00da BD40     		lsls	r5, r5, r7
 213 00dc 2E43     		orrs	r6, r6, r5
 214              	.LVL31:
 216:Drivers/STM32F7xx_HAL_Driver/Src/stm32f7xx_hal_gpio.c **** 
ARM GAS  /tmp/ccnAHjQh.s 			page 10


 215              		.loc 1 216 0
 216 00de C660     		str	r6, [r0, #12]
 219:Drivers/STM32F7xx_HAL_Driver/Src/stm32f7xx_hal_gpio.c ****       {
 217              		.loc 1 219 0
 218 00e0 4D68     		ldr	r5, [r1, #4]
 219 00e2 122D     		cmp	r5, #18
 220 00e4 18BF     		it	ne
 221 00e6 022D     		cmpne	r5, #2
 222 00e8 14D1     		bne	.L6
 225:Drivers/STM32F7xx_HAL_Driver/Src/stm32f7xx_hal_gpio.c ****         temp &= ~((uint32_t)0xF << ((uint32_t)(position & (uint32_t)0x07) * 4)) ;
 223              		.loc 1 225 0
 224 00ea 4FEAD30C 		lsr	ip, r3, #3
 225 00ee 0CF1080C 		add	ip, ip, #8
 226 00f2 50F82C50 		ldr	r5, [r0, ip, lsl #2]
 227              	.LVL32:
 226:Drivers/STM32F7xx_HAL_Driver/Src/stm32f7xx_hal_gpio.c ****         temp |= ((uint32_t)(GPIO_Init->Alternate) << (((uint32_t)position & (uint32_t)0x07) * 4));
 228              		.loc 1 226 0
 229 00f6 03F0070E 		and	lr, r3, #7
 230 00fa 4FEA8E0E 		lsl	lr, lr, #2
 231 00fe 0F26     		movs	r6, #15
 232 0100 06FA0EF6 		lsl	r6, r6, lr
 233 0104 25EA0605 		bic	r5, r5, r6
 234              	.LVL33:
 227:Drivers/STM32F7xx_HAL_Driver/Src/stm32f7xx_hal_gpio.c ****         GPIOx->AFR[position >> 3] = temp;
 235              		.loc 1 227 0
 236 0108 0E69     		ldr	r6, [r1, #16]
 237 010a 06FA0EF6 		lsl	r6, r6, lr
 238 010e 3543     		orrs	r5, r5, r6
 239              	.LVL34:
 228:Drivers/STM32F7xx_HAL_Driver/Src/stm32f7xx_hal_gpio.c ****       }
 240              		.loc 1 228 0
 241 0110 40F82C50 		str	r5, [r0, ip, lsl #2]
 242              	.LVL35:
 243              	.L6:
 232:Drivers/STM32F7xx_HAL_Driver/Src/stm32f7xx_hal_gpio.c ****       temp &= ~(GPIO_MODER_MODER0 << (position * 2));
 244              		.loc 1 232 0
 245 0114 0568     		ldr	r5, [r0]
 246              	.LVL36:
 233:Drivers/STM32F7xx_HAL_Driver/Src/stm32f7xx_hal_gpio.c ****       temp |= ((GPIO_Init->Mode & GPIO_MODE) << (position * 2));
 247              		.loc 1 233 0
 248 0116 2A40     		ands	r2, r2, r5
 249              	.LVL37:
 234:Drivers/STM32F7xx_HAL_Driver/Src/stm32f7xx_hal_gpio.c ****       GPIOx->MODER = temp;
 250              		.loc 1 234 0
 251 0118 4D68     		ldr	r5, [r1, #4]
 252 011a 05F00305 		and	r5, r5, #3
 253 011e BD40     		lsls	r5, r5, r7
 254 0120 2A43     		orrs	r2, r2, r5
 255              	.LVL38:
 235:Drivers/STM32F7xx_HAL_Driver/Src/stm32f7xx_hal_gpio.c **** 
 256              		.loc 1 235 0
 257 0122 0260     		str	r2, [r0]
 239:Drivers/STM32F7xx_HAL_Driver/Src/stm32f7xx_hal_gpio.c ****       {
 258              		.loc 1 239 0
 259 0124 4A68     		ldr	r2, [r1, #4]
 260              	.LVL39:
 261 0126 12F0805F 		tst	r2, #268435456
ARM GAS  /tmp/ccnAHjQh.s 			page 11


 262 012a A7D0     		beq	.L3
 263              	.LBB2:
 242:Drivers/STM32F7xx_HAL_Driver/Src/stm32f7xx_hal_gpio.c **** 
 264              		.loc 1 242 0
 265 012c 2C4A     		ldr	r2, .L29+8
 266 012e 556C     		ldr	r5, [r2, #68]
 267 0130 45F48045 		orr	r5, r5, #16384
 268 0134 5564     		str	r5, [r2, #68]
 269              	.LVL40:
 270 0136 526C     		ldr	r2, [r2, #68]
 271 0138 02F48042 		and	r2, r2, #16384
 272 013c 0192     		str	r2, [sp, #4]
 273 013e 019A     		ldr	r2, [sp, #4]
 274              	.LBE2:
 244:Drivers/STM32F7xx_HAL_Driver/Src/stm32f7xx_hal_gpio.c ****         temp &= ~(((uint32_t)0x0F) << (4 * (position & 0x03)));
 275              		.loc 1 244 0
 276 0140 9A08     		lsrs	r2, r3, #2
 277 0142 961C     		adds	r6, r2, #2
 278 0144 244D     		ldr	r5, .L29
 279 0146 55F82650 		ldr	r5, [r5, r6, lsl #2]
 280              	.LVL41:
 245:Drivers/STM32F7xx_HAL_Driver/Src/stm32f7xx_hal_gpio.c ****         temp |= ((uint32_t)(GPIO_GET_INDEX(GPIOx)) << (4 * (position & 0x03)));
 281              		.loc 1 245 0
 282 014a 03F00306 		and	r6, r3, #3
 283 014e 4FEA860E 		lsl	lr, r6, #2
 284 0152 0F26     		movs	r6, #15
 285 0154 06FA0EF6 		lsl	r6, r6, lr
 286 0158 25EA0605 		bic	r5, r5, r6
 287              	.LVL42:
 246:Drivers/STM32F7xx_HAL_Driver/Src/stm32f7xx_hal_gpio.c ****         SYSCFG->EXTICR[position >> 2] = temp;
 288              		.loc 1 246 0
 289 015c 214F     		ldr	r7, .L29+12
 290 015e B842     		cmp	r0, r7
 291 0160 3FF457AF 		beq	.L13
 246:Drivers/STM32F7xx_HAL_Driver/Src/stm32f7xx_hal_gpio.c ****         SYSCFG->EXTICR[position >> 2] = temp;
 292              		.loc 1 246 0 is_stmt 0 discriminator 1
 293 0164 204E     		ldr	r6, .L29+16
 294 0166 B042     		cmp	r0, r6
 295 0168 22D0     		beq	.L14
 246:Drivers/STM32F7xx_HAL_Driver/Src/stm32f7xx_hal_gpio.c ****         SYSCFG->EXTICR[position >> 2] = temp;
 296              		.loc 1 246 0 discriminator 3
 297 016a 06F58066 		add	r6, r6, #1024
 298 016e B042     		cmp	r0, r6
 299 0170 20D0     		beq	.L15
 246:Drivers/STM32F7xx_HAL_Driver/Src/stm32f7xx_hal_gpio.c ****         SYSCFG->EXTICR[position >> 2] = temp;
 300              		.loc 1 246 0 discriminator 5
 301 0172 06F58066 		add	r6, r6, #1024
 302 0176 B042     		cmp	r0, r6
 303 0178 1ED0     		beq	.L16
 246:Drivers/STM32F7xx_HAL_Driver/Src/stm32f7xx_hal_gpio.c ****         SYSCFG->EXTICR[position >> 2] = temp;
 304              		.loc 1 246 0 discriminator 7
 305 017a 06F58066 		add	r6, r6, #1024
 306 017e B042     		cmp	r0, r6
 307 0180 1CD0     		beq	.L17
 246:Drivers/STM32F7xx_HAL_Driver/Src/stm32f7xx_hal_gpio.c ****         SYSCFG->EXTICR[position >> 2] = temp;
 308              		.loc 1 246 0 discriminator 9
 309 0182 06F58066 		add	r6, r6, #1024
ARM GAS  /tmp/ccnAHjQh.s 			page 12


 310 0186 B042     		cmp	r0, r6
 311 0188 1AD0     		beq	.L18
 246:Drivers/STM32F7xx_HAL_Driver/Src/stm32f7xx_hal_gpio.c ****         SYSCFG->EXTICR[position >> 2] = temp;
 312              		.loc 1 246 0 discriminator 11
 313 018a 06F58066 		add	r6, r6, #1024
 314 018e B042     		cmp	r0, r6
 315 0190 18D0     		beq	.L19
 246:Drivers/STM32F7xx_HAL_Driver/Src/stm32f7xx_hal_gpio.c ****         SYSCFG->EXTICR[position >> 2] = temp;
 316              		.loc 1 246 0 discriminator 13
 317 0192 06F58066 		add	r6, r6, #1024
 318 0196 B042     		cmp	r0, r6
 319 0198 16D0     		beq	.L20
 246:Drivers/STM32F7xx_HAL_Driver/Src/stm32f7xx_hal_gpio.c ****         SYSCFG->EXTICR[position >> 2] = temp;
 320              		.loc 1 246 0 discriminator 15
 321 019a 06F58066 		add	r6, r6, #1024
 322 019e B042     		cmp	r0, r6
 323 01a0 14D0     		beq	.L21
 246:Drivers/STM32F7xx_HAL_Driver/Src/stm32f7xx_hal_gpio.c ****         SYSCFG->EXTICR[position >> 2] = temp;
 324              		.loc 1 246 0 discriminator 17
 325 01a2 06F58066 		add	r6, r6, #1024
 326 01a6 B042     		cmp	r0, r6
 327 01a8 3FF431AF 		beq	.L28
 246:Drivers/STM32F7xx_HAL_Driver/Src/stm32f7xx_hal_gpio.c ****         SYSCFG->EXTICR[position >> 2] = temp;
 328              		.loc 1 246 0
 329 01ac 0A26     		movs	r6, #10
 330 01ae 31E7     		b	.L7
 331              	.L14:
 332 01b0 0126     		movs	r6, #1
 333              	.LVL43:
 334 01b2 2FE7     		b	.L7
 335              	.LVL44:
 336              	.L15:
 337 01b4 0226     		movs	r6, #2
 338 01b6 2DE7     		b	.L7
 339              	.L16:
 340 01b8 0326     		movs	r6, #3
 341 01ba 2BE7     		b	.L7
 342              	.L17:
 343 01bc 0426     		movs	r6, #4
 344 01be 29E7     		b	.L7
 345              	.L18:
 346 01c0 0526     		movs	r6, #5
 347 01c2 27E7     		b	.L7
 348              	.L19:
 349 01c4 0626     		movs	r6, #6
 350 01c6 25E7     		b	.L7
 351              	.L20:
 352 01c8 0726     		movs	r6, #7
 353 01ca 23E7     		b	.L7
 354              	.L21:
 355 01cc 0826     		movs	r6, #8
 356 01ce 21E7     		b	.L7
 357              	.LVL45:
 358              	.L27:
 282:Drivers/STM32F7xx_HAL_Driver/Src/stm32f7xx_hal_gpio.c ****       }
 283:Drivers/STM32F7xx_HAL_Driver/Src/stm32f7xx_hal_gpio.c ****     }
 284:Drivers/STM32F7xx_HAL_Driver/Src/stm32f7xx_hal_gpio.c ****   }
ARM GAS  /tmp/ccnAHjQh.s 			page 13


 285:Drivers/STM32F7xx_HAL_Driver/Src/stm32f7xx_hal_gpio.c **** }
 359              		.loc 1 285 0 is_stmt 1
 360 01d0 03B0     		add	sp, sp, #12
 361              	.LCFI2:
 362              		.cfi_def_cfa_offset 20
 363              		@ sp needed
 364 01d2 F0BD     		pop	{r4, r5, r6, r7, pc}
 365              	.LVL46:
 366              	.L26:
 367              	.LCFI3:
 368              		.cfi_def_cfa_offset 0
 369              		.cfi_restore 4
 370              		.cfi_restore 5
 371              		.cfi_restore 6
 372              		.cfi_restore 7
 373              		.cfi_restore 14
 374 01d4 7047     		bx	lr
 375              	.L30:
 376 01d6 00BF     		.align	2
 377              	.L29:
 378 01d8 00380140 		.word	1073821696
 379 01dc 003C0140 		.word	1073822720
 380 01e0 00380240 		.word	1073887232
 381 01e4 00000240 		.word	1073872896
 382 01e8 00040240 		.word	1073873920
 383              		.cfi_endproc
 384              	.LFE141:
 386              		.section	.text.HAL_GPIO_DeInit,"ax",%progbits
 387              		.align	1
 388              		.global	HAL_GPIO_DeInit
 389              		.syntax unified
 390              		.thumb
 391              		.thumb_func
 392              		.fpu fpv5-d16
 394              	HAL_GPIO_DeInit:
 395              	.LFB142:
 286:Drivers/STM32F7xx_HAL_Driver/Src/stm32f7xx_hal_gpio.c **** 
 287:Drivers/STM32F7xx_HAL_Driver/Src/stm32f7xx_hal_gpio.c **** /**
 288:Drivers/STM32F7xx_HAL_Driver/Src/stm32f7xx_hal_gpio.c ****   * @brief  De-initializes the GPIOx peripheral registers to their default reset values.
 289:Drivers/STM32F7xx_HAL_Driver/Src/stm32f7xx_hal_gpio.c ****   * @param  GPIOx where x can be (A..K) to select the GPIO peripheral.
 290:Drivers/STM32F7xx_HAL_Driver/Src/stm32f7xx_hal_gpio.c ****   * @param  GPIO_Pin specifies the port bit to be written.
 291:Drivers/STM32F7xx_HAL_Driver/Src/stm32f7xx_hal_gpio.c ****   *          This parameter can be one of GPIO_PIN_x where x can be (0..15).
 292:Drivers/STM32F7xx_HAL_Driver/Src/stm32f7xx_hal_gpio.c ****   * @retval None
 293:Drivers/STM32F7xx_HAL_Driver/Src/stm32f7xx_hal_gpio.c ****   */
 294:Drivers/STM32F7xx_HAL_Driver/Src/stm32f7xx_hal_gpio.c **** void HAL_GPIO_DeInit(GPIO_TypeDef  *GPIOx, uint32_t GPIO_Pin)
 295:Drivers/STM32F7xx_HAL_Driver/Src/stm32f7xx_hal_gpio.c **** {
 396              		.loc 1 295 0
 397              		.cfi_startproc
 398              		@ args = 0, pretend = 0, frame = 0
 399              		@ frame_needed = 0, uses_anonymous_args = 0
 400              	.LVL47:
 296:Drivers/STM32F7xx_HAL_Driver/Src/stm32f7xx_hal_gpio.c ****   uint32_t position;
 297:Drivers/STM32F7xx_HAL_Driver/Src/stm32f7xx_hal_gpio.c ****   uint32_t ioposition = 0x00;
 298:Drivers/STM32F7xx_HAL_Driver/Src/stm32f7xx_hal_gpio.c ****   uint32_t iocurrent = 0x00;
 299:Drivers/STM32F7xx_HAL_Driver/Src/stm32f7xx_hal_gpio.c ****   uint32_t tmp = 0x00;
 300:Drivers/STM32F7xx_HAL_Driver/Src/stm32f7xx_hal_gpio.c **** 
 301:Drivers/STM32F7xx_HAL_Driver/Src/stm32f7xx_hal_gpio.c ****   /* Check the parameters */
ARM GAS  /tmp/ccnAHjQh.s 			page 14


 302:Drivers/STM32F7xx_HAL_Driver/Src/stm32f7xx_hal_gpio.c ****   assert_param(IS_GPIO_ALL_INSTANCE(GPIOx));
 303:Drivers/STM32F7xx_HAL_Driver/Src/stm32f7xx_hal_gpio.c **** 
 304:Drivers/STM32F7xx_HAL_Driver/Src/stm32f7xx_hal_gpio.c ****   /* Configure the port pins */
 305:Drivers/STM32F7xx_HAL_Driver/Src/stm32f7xx_hal_gpio.c ****   for(position = 0; position < GPIO_NUMBER; position++)
 401              		.loc 1 305 0
 402 0000 0023     		movs	r3, #0
 403              	.LVL48:
 404 0002 0F2B     		cmp	r3, #15
 405 0004 00F29D80 		bhi	.L50
 295:Drivers/STM32F7xx_HAL_Driver/Src/stm32f7xx_hal_gpio.c ****   uint32_t position;
 406              		.loc 1 295 0
 407 0008 F0B5     		push	{r4, r5, r6, r7, lr}
 408              	.LCFI4:
 409              		.cfi_def_cfa_offset 20
 410              		.cfi_offset 4, -20
 411              		.cfi_offset 5, -16
 412              		.cfi_offset 6, -12
 413              		.cfi_offset 7, -8
 414              		.cfi_offset 14, -4
 415 000a 2BE0     		b	.L36
 416              	.LVL49:
 417              	.L53:
 306:Drivers/STM32F7xx_HAL_Driver/Src/stm32f7xx_hal_gpio.c ****   {
 307:Drivers/STM32F7xx_HAL_Driver/Src/stm32f7xx_hal_gpio.c ****     /* Get the IO position */
 308:Drivers/STM32F7xx_HAL_Driver/Src/stm32f7xx_hal_gpio.c ****     ioposition = ((uint32_t)0x01) << position;
 309:Drivers/STM32F7xx_HAL_Driver/Src/stm32f7xx_hal_gpio.c ****     /* Get the current IO position */
 310:Drivers/STM32F7xx_HAL_Driver/Src/stm32f7xx_hal_gpio.c ****     iocurrent = (GPIO_Pin) & ioposition;
 311:Drivers/STM32F7xx_HAL_Driver/Src/stm32f7xx_hal_gpio.c **** 
 312:Drivers/STM32F7xx_HAL_Driver/Src/stm32f7xx_hal_gpio.c ****     if(iocurrent == ioposition)
 313:Drivers/STM32F7xx_HAL_Driver/Src/stm32f7xx_hal_gpio.c ****     {
 314:Drivers/STM32F7xx_HAL_Driver/Src/stm32f7xx_hal_gpio.c ****       /*------------------------- EXTI Mode Configuration --------------------*/
 315:Drivers/STM32F7xx_HAL_Driver/Src/stm32f7xx_hal_gpio.c ****       tmp = SYSCFG->EXTICR[position >> 2];
 316:Drivers/STM32F7xx_HAL_Driver/Src/stm32f7xx_hal_gpio.c ****       tmp &= (((uint32_t)0x0F) << (4 * (position & 0x03)));
 317:Drivers/STM32F7xx_HAL_Driver/Src/stm32f7xx_hal_gpio.c ****       if(tmp == ((uint32_t)(GPIO_GET_INDEX(GPIOx)) << (4 * (position & 0x03))))
 418              		.loc 1 317 0
 419 000c 4FF0090E 		mov	lr, #9
 420 0010 01E0     		b	.L34
 421              	.L37:
 422 0012 4FF0000E 		mov	lr, #0
 423              	.L34:
 424              		.loc 1 317 0 is_stmt 0 discriminator 40
 425 0016 0EFA05F5 		lsl	r5, lr, r5
 426 001a AF42     		cmp	r7, r5
 427 001c 78D0     		beq	.L51
 428              	.LVL50:
 429              	.L35:
 318:Drivers/STM32F7xx_HAL_Driver/Src/stm32f7xx_hal_gpio.c ****       {
 319:Drivers/STM32F7xx_HAL_Driver/Src/stm32f7xx_hal_gpio.c ****         /* Clear EXTI line configuration */
 320:Drivers/STM32F7xx_HAL_Driver/Src/stm32f7xx_hal_gpio.c ****         EXTI->IMR &= ~((uint32_t)iocurrent);
 321:Drivers/STM32F7xx_HAL_Driver/Src/stm32f7xx_hal_gpio.c ****         EXTI->EMR &= ~((uint32_t)iocurrent);
 322:Drivers/STM32F7xx_HAL_Driver/Src/stm32f7xx_hal_gpio.c **** 
 323:Drivers/STM32F7xx_HAL_Driver/Src/stm32f7xx_hal_gpio.c ****         /* Clear Rising Falling edge configuration */
 324:Drivers/STM32F7xx_HAL_Driver/Src/stm32f7xx_hal_gpio.c ****         EXTI->RTSR &= ~((uint32_t)iocurrent);
 325:Drivers/STM32F7xx_HAL_Driver/Src/stm32f7xx_hal_gpio.c ****         EXTI->FTSR &= ~((uint32_t)iocurrent);
 326:Drivers/STM32F7xx_HAL_Driver/Src/stm32f7xx_hal_gpio.c **** 
 327:Drivers/STM32F7xx_HAL_Driver/Src/stm32f7xx_hal_gpio.c ****         /* Configure the External Interrupt or event for the current IO */
 328:Drivers/STM32F7xx_HAL_Driver/Src/stm32f7xx_hal_gpio.c ****         tmp = ((uint32_t)0x0F) << (4 * (position & 0x03));
ARM GAS  /tmp/ccnAHjQh.s 			page 15


 329:Drivers/STM32F7xx_HAL_Driver/Src/stm32f7xx_hal_gpio.c ****         SYSCFG->EXTICR[position >> 2] &= ~tmp;
 330:Drivers/STM32F7xx_HAL_Driver/Src/stm32f7xx_hal_gpio.c ****       }
 331:Drivers/STM32F7xx_HAL_Driver/Src/stm32f7xx_hal_gpio.c ****       /*------------------------- GPIO Mode Configuration --------------------*/
 332:Drivers/STM32F7xx_HAL_Driver/Src/stm32f7xx_hal_gpio.c ****       /* Configure IO Direction in Input Floating Mode */
 333:Drivers/STM32F7xx_HAL_Driver/Src/stm32f7xx_hal_gpio.c ****       GPIOx->MODER &= ~(GPIO_MODER_MODER0 << (position * 2));
 430              		.loc 1 333 0 is_stmt 1
 431 001e 0568     		ldr	r5, [r0]
 432 0020 5E00     		lsls	r6, r3, #1
 433 0022 0324     		movs	r4, #3
 434 0024 B440     		lsls	r4, r4, r6
 435 0026 E443     		mvns	r4, r4
 436 0028 2540     		ands	r5, r5, r4
 437 002a 0560     		str	r5, [r0]
 334:Drivers/STM32F7xx_HAL_Driver/Src/stm32f7xx_hal_gpio.c **** 
 335:Drivers/STM32F7xx_HAL_Driver/Src/stm32f7xx_hal_gpio.c ****       /* Configure the default Alternate Function in current IO */
 336:Drivers/STM32F7xx_HAL_Driver/Src/stm32f7xx_hal_gpio.c ****       GPIOx->AFR[position >> 3] &= ~((uint32_t)0xF << ((uint32_t)(position & (uint32_t)0x07) * 4)) 
 438              		.loc 1 336 0
 439 002c DD08     		lsrs	r5, r3, #3
 440 002e 0835     		adds	r5, r5, #8
 441 0030 50F82560 		ldr	r6, [r0, r5, lsl #2]
 442 0034 03F00707 		and	r7, r3, #7
 443 0038 4FEA870E 		lsl	lr, r7, #2
 444 003c 0F27     		movs	r7, #15
 445 003e 07FA0EF7 		lsl	r7, r7, lr
 446 0042 26EA0706 		bic	r6, r6, r7
 447 0046 40F82560 		str	r6, [r0, r5, lsl #2]
 337:Drivers/STM32F7xx_HAL_Driver/Src/stm32f7xx_hal_gpio.c **** 
 338:Drivers/STM32F7xx_HAL_Driver/Src/stm32f7xx_hal_gpio.c ****       /* Deactivate the Pull-up and Pull-down resistor for the current IO */
 339:Drivers/STM32F7xx_HAL_Driver/Src/stm32f7xx_hal_gpio.c ****       GPIOx->PUPDR &= ~(GPIO_PUPDR_PUPDR0 << (position * 2));
 448              		.loc 1 339 0
 449 004a C568     		ldr	r5, [r0, #12]
 450 004c 2540     		ands	r5, r5, r4
 451 004e C560     		str	r5, [r0, #12]
 340:Drivers/STM32F7xx_HAL_Driver/Src/stm32f7xx_hal_gpio.c **** 
 341:Drivers/STM32F7xx_HAL_Driver/Src/stm32f7xx_hal_gpio.c ****       /* Configure the default value IO Output Type */
 342:Drivers/STM32F7xx_HAL_Driver/Src/stm32f7xx_hal_gpio.c ****       GPIOx->OTYPER  &= ~(GPIO_OTYPER_OT_0 << position) ;
 452              		.loc 1 342 0
 453 0050 4568     		ldr	r5, [r0, #4]
 454 0052 25EA0202 		bic	r2, r5, r2
 455              	.LVL51:
 456 0056 4260     		str	r2, [r0, #4]
 343:Drivers/STM32F7xx_HAL_Driver/Src/stm32f7xx_hal_gpio.c **** 
 344:Drivers/STM32F7xx_HAL_Driver/Src/stm32f7xx_hal_gpio.c ****       /* Configure the default value for IO Speed */
 345:Drivers/STM32F7xx_HAL_Driver/Src/stm32f7xx_hal_gpio.c ****       GPIOx->OSPEEDR &= ~(GPIO_OSPEEDER_OSPEEDR0 << (position * 2));
 457              		.loc 1 345 0
 458 0058 8268     		ldr	r2, [r0, #8]
 459 005a 1440     		ands	r4, r4, r2
 460 005c 8460     		str	r4, [r0, #8]
 461              	.L33:
 305:Drivers/STM32F7xx_HAL_Driver/Src/stm32f7xx_hal_gpio.c ****   {
 462              		.loc 1 305 0 discriminator 2
 463 005e 0133     		adds	r3, r3, #1
 464              	.LVL52:
 465 0060 0F2B     		cmp	r3, #15
 466 0062 6DD8     		bhi	.L52
 467              	.LVL53:
 468              	.L36:
ARM GAS  /tmp/ccnAHjQh.s 			page 16


 308:Drivers/STM32F7xx_HAL_Driver/Src/stm32f7xx_hal_gpio.c ****     /* Get the current IO position */
 469              		.loc 1 308 0
 470 0064 0122     		movs	r2, #1
 471 0066 9A40     		lsls	r2, r2, r3
 472              	.LVL54:
 310:Drivers/STM32F7xx_HAL_Driver/Src/stm32f7xx_hal_gpio.c **** 
 473              		.loc 1 310 0
 474 0068 02EA0104 		and	r4, r2, r1
 475              	.LVL55:
 312:Drivers/STM32F7xx_HAL_Driver/Src/stm32f7xx_hal_gpio.c ****     {
 476              		.loc 1 312 0
 477 006c A242     		cmp	r2, r4
 478 006e F6D1     		bne	.L33
 315:Drivers/STM32F7xx_HAL_Driver/Src/stm32f7xx_hal_gpio.c ****       tmp &= (((uint32_t)0x0F) << (4 * (position & 0x03)));
 479              		.loc 1 315 0
 480 0070 4FEA930C 		lsr	ip, r3, #2
 481 0074 0CF10206 		add	r6, ip, #2
 482 0078 324D     		ldr	r5, .L54
 483 007a 55F82670 		ldr	r7, [r5, r6, lsl #2]
 484              	.LVL56:
 316:Drivers/STM32F7xx_HAL_Driver/Src/stm32f7xx_hal_gpio.c ****       if(tmp == ((uint32_t)(GPIO_GET_INDEX(GPIOx)) << (4 * (position & 0x03))))
 485              		.loc 1 316 0
 486 007e 03F00305 		and	r5, r3, #3
 487 0082 AD00     		lsls	r5, r5, #2
 488 0084 0F26     		movs	r6, #15
 489 0086 AE40     		lsls	r6, r6, r5
 490 0088 3740     		ands	r7, r7, r6
 491              	.LVL57:
 317:Drivers/STM32F7xx_HAL_Driver/Src/stm32f7xx_hal_gpio.c ****       {
 492              		.loc 1 317 0
 493 008a DFF8C0E0 		ldr	lr, .L54+8
 494 008e 7045     		cmp	r0, lr
 495 0090 BFD0     		beq	.L37
 317:Drivers/STM32F7xx_HAL_Driver/Src/stm32f7xx_hal_gpio.c ****       {
 496              		.loc 1 317 0 is_stmt 0 discriminator 1
 497 0092 0EF5806E 		add	lr, lr, #1024
 498 0096 7045     		cmp	r0, lr
 499 0098 22D0     		beq	.L38
 317:Drivers/STM32F7xx_HAL_Driver/Src/stm32f7xx_hal_gpio.c ****       {
 500              		.loc 1 317 0 discriminator 3
 501 009a 0EF5806E 		add	lr, lr, #1024
 502 009e 7045     		cmp	r0, lr
 503 00a0 21D0     		beq	.L39
 317:Drivers/STM32F7xx_HAL_Driver/Src/stm32f7xx_hal_gpio.c ****       {
 504              		.loc 1 317 0 discriminator 5
 505 00a2 0EF5806E 		add	lr, lr, #1024
 506 00a6 7045     		cmp	r0, lr
 507 00a8 20D0     		beq	.L40
 317:Drivers/STM32F7xx_HAL_Driver/Src/stm32f7xx_hal_gpio.c ****       {
 508              		.loc 1 317 0 discriminator 7
 509 00aa 0EF5806E 		add	lr, lr, #1024
 510 00ae 7045     		cmp	r0, lr
 511 00b0 1FD0     		beq	.L41
 317:Drivers/STM32F7xx_HAL_Driver/Src/stm32f7xx_hal_gpio.c ****       {
 512              		.loc 1 317 0 discriminator 9
 513 00b2 0EF5806E 		add	lr, lr, #1024
 514 00b6 7045     		cmp	r0, lr
ARM GAS  /tmp/ccnAHjQh.s 			page 17


 515 00b8 1ED0     		beq	.L42
 317:Drivers/STM32F7xx_HAL_Driver/Src/stm32f7xx_hal_gpio.c ****       {
 516              		.loc 1 317 0 discriminator 11
 517 00ba 0EF5806E 		add	lr, lr, #1024
 518 00be 7045     		cmp	r0, lr
 519 00c0 1DD0     		beq	.L43
 317:Drivers/STM32F7xx_HAL_Driver/Src/stm32f7xx_hal_gpio.c ****       {
 520              		.loc 1 317 0 discriminator 13
 521 00c2 0EF5806E 		add	lr, lr, #1024
 522 00c6 7045     		cmp	r0, lr
 523 00c8 1CD0     		beq	.L44
 317:Drivers/STM32F7xx_HAL_Driver/Src/stm32f7xx_hal_gpio.c ****       {
 524              		.loc 1 317 0 discriminator 15
 525 00ca 0EF5806E 		add	lr, lr, #1024
 526 00ce 7045     		cmp	r0, lr
 527 00d0 1BD0     		beq	.L45
 317:Drivers/STM32F7xx_HAL_Driver/Src/stm32f7xx_hal_gpio.c ****       {
 528              		.loc 1 317 0 discriminator 17
 529 00d2 0EF5806E 		add	lr, lr, #1024
 530 00d6 7045     		cmp	r0, lr
 531 00d8 98D0     		beq	.L53
 317:Drivers/STM32F7xx_HAL_Driver/Src/stm32f7xx_hal_gpio.c ****       {
 532              		.loc 1 317 0
 533 00da 4FF00A0E 		mov	lr, #10
 534 00de 9AE7     		b	.L34
 535              	.L38:
 536 00e0 4FF0010E 		mov	lr, #1
 537 00e4 97E7     		b	.L34
 538              	.L39:
 539 00e6 4FF0020E 		mov	lr, #2
 540 00ea 94E7     		b	.L34
 541              	.L40:
 542 00ec 4FF0030E 		mov	lr, #3
 543 00f0 91E7     		b	.L34
 544              	.L41:
 545 00f2 4FF0040E 		mov	lr, #4
 546 00f6 8EE7     		b	.L34
 547              	.L42:
 548 00f8 4FF0050E 		mov	lr, #5
 549 00fc 8BE7     		b	.L34
 550              	.L43:
 551 00fe 4FF0060E 		mov	lr, #6
 552 0102 88E7     		b	.L34
 553              	.L44:
 554 0104 4FF0070E 		mov	lr, #7
 555 0108 85E7     		b	.L34
 556              	.L45:
 557 010a 4FF0080E 		mov	lr, #8
 558 010e 82E7     		b	.L34
 559              	.L51:
 320:Drivers/STM32F7xx_HAL_Driver/Src/stm32f7xx_hal_gpio.c ****         EXTI->EMR &= ~((uint32_t)iocurrent);
 560              		.loc 1 320 0 is_stmt 1
 561 0110 0D4D     		ldr	r5, .L54+4
 562 0112 2F68     		ldr	r7, [r5]
 563              	.LVL58:
 564 0114 E443     		mvns	r4, r4
 565              	.LVL59:
ARM GAS  /tmp/ccnAHjQh.s 			page 18


 566 0116 2740     		ands	r7, r7, r4
 567 0118 2F60     		str	r7, [r5]
 321:Drivers/STM32F7xx_HAL_Driver/Src/stm32f7xx_hal_gpio.c **** 
 568              		.loc 1 321 0
 569 011a 6F68     		ldr	r7, [r5, #4]
 570 011c 2740     		ands	r7, r7, r4
 571 011e 6F60     		str	r7, [r5, #4]
 324:Drivers/STM32F7xx_HAL_Driver/Src/stm32f7xx_hal_gpio.c ****         EXTI->FTSR &= ~((uint32_t)iocurrent);
 572              		.loc 1 324 0
 573 0120 AF68     		ldr	r7, [r5, #8]
 574 0122 2740     		ands	r7, r7, r4
 575 0124 AF60     		str	r7, [r5, #8]
 325:Drivers/STM32F7xx_HAL_Driver/Src/stm32f7xx_hal_gpio.c **** 
 576              		.loc 1 325 0
 577 0126 EF68     		ldr	r7, [r5, #12]
 578 0128 3C40     		ands	r4, r4, r7
 579              	.LVL60:
 580 012a EC60     		str	r4, [r5, #12]
 581              	.LVL61:
 329:Drivers/STM32F7xx_HAL_Driver/Src/stm32f7xx_hal_gpio.c ****       }
 582              		.loc 1 329 0
 583 012c 054F     		ldr	r7, .L54
 584 012e 0CF10204 		add	r4, ip, #2
 585 0132 57F82450 		ldr	r5, [r7, r4, lsl #2]
 586 0136 25EA0606 		bic	r6, r5, r6
 587              	.LVL62:
 588 013a 47F82460 		str	r6, [r7, r4, lsl #2]
 589 013e 6EE7     		b	.L35
 590              	.LVL63:
 591              	.L52:
 346:Drivers/STM32F7xx_HAL_Driver/Src/stm32f7xx_hal_gpio.c ****     }
 347:Drivers/STM32F7xx_HAL_Driver/Src/stm32f7xx_hal_gpio.c ****   }
 348:Drivers/STM32F7xx_HAL_Driver/Src/stm32f7xx_hal_gpio.c **** }
 592              		.loc 1 348 0
 593 0140 F0BD     		pop	{r4, r5, r6, r7, pc}
 594              	.LVL64:
 595              	.L50:
 596              	.LCFI5:
 597              		.cfi_def_cfa_offset 0
 598              		.cfi_restore 4
 599              		.cfi_restore 5
 600              		.cfi_restore 6
 601              		.cfi_restore 7
 602              		.cfi_restore 14
 603 0142 7047     		bx	lr
 604              	.L55:
 605              		.align	2
 606              	.L54:
 607 0144 00380140 		.word	1073821696
 608 0148 003C0140 		.word	1073822720
 609 014c 00000240 		.word	1073872896
 610              		.cfi_endproc
 611              	.LFE142:
 613              		.section	.text.HAL_GPIO_ReadPin,"ax",%progbits
 614              		.align	1
 615              		.global	HAL_GPIO_ReadPin
 616              		.syntax unified
ARM GAS  /tmp/ccnAHjQh.s 			page 19


 617              		.thumb
 618              		.thumb_func
 619              		.fpu fpv5-d16
 621              	HAL_GPIO_ReadPin:
 622              	.LFB143:
 349:Drivers/STM32F7xx_HAL_Driver/Src/stm32f7xx_hal_gpio.c **** 
 350:Drivers/STM32F7xx_HAL_Driver/Src/stm32f7xx_hal_gpio.c **** /**
 351:Drivers/STM32F7xx_HAL_Driver/Src/stm32f7xx_hal_gpio.c ****   * @}
 352:Drivers/STM32F7xx_HAL_Driver/Src/stm32f7xx_hal_gpio.c ****   */
 353:Drivers/STM32F7xx_HAL_Driver/Src/stm32f7xx_hal_gpio.c **** 
 354:Drivers/STM32F7xx_HAL_Driver/Src/stm32f7xx_hal_gpio.c **** /** @defgroup GPIO_Exported_Functions_Group2 IO operation functions 
 355:Drivers/STM32F7xx_HAL_Driver/Src/stm32f7xx_hal_gpio.c ****  *  @brief   GPIO Read and Write
 356:Drivers/STM32F7xx_HAL_Driver/Src/stm32f7xx_hal_gpio.c ****  *
 357:Drivers/STM32F7xx_HAL_Driver/Src/stm32f7xx_hal_gpio.c **** @verbatim
 358:Drivers/STM32F7xx_HAL_Driver/Src/stm32f7xx_hal_gpio.c ****  ===============================================================================
 359:Drivers/STM32F7xx_HAL_Driver/Src/stm32f7xx_hal_gpio.c ****                        ##### IO operation functions #####
 360:Drivers/STM32F7xx_HAL_Driver/Src/stm32f7xx_hal_gpio.c ****  ===============================================================================
 361:Drivers/STM32F7xx_HAL_Driver/Src/stm32f7xx_hal_gpio.c **** 
 362:Drivers/STM32F7xx_HAL_Driver/Src/stm32f7xx_hal_gpio.c **** @endverbatim
 363:Drivers/STM32F7xx_HAL_Driver/Src/stm32f7xx_hal_gpio.c ****   * @{
 364:Drivers/STM32F7xx_HAL_Driver/Src/stm32f7xx_hal_gpio.c ****   */
 365:Drivers/STM32F7xx_HAL_Driver/Src/stm32f7xx_hal_gpio.c **** 
 366:Drivers/STM32F7xx_HAL_Driver/Src/stm32f7xx_hal_gpio.c **** /**
 367:Drivers/STM32F7xx_HAL_Driver/Src/stm32f7xx_hal_gpio.c ****   * @brief  Reads the specified input port pin.
 368:Drivers/STM32F7xx_HAL_Driver/Src/stm32f7xx_hal_gpio.c ****   * @param  GPIOx where x can be (A..K) to select the GPIO peripheral.
 369:Drivers/STM32F7xx_HAL_Driver/Src/stm32f7xx_hal_gpio.c ****   * @param  GPIO_Pin specifies the port bit to read.
 370:Drivers/STM32F7xx_HAL_Driver/Src/stm32f7xx_hal_gpio.c ****   *         This parameter can be GPIO_PIN_x where x can be (0..15).
 371:Drivers/STM32F7xx_HAL_Driver/Src/stm32f7xx_hal_gpio.c ****   * @retval The input port pin value.
 372:Drivers/STM32F7xx_HAL_Driver/Src/stm32f7xx_hal_gpio.c ****   */
 373:Drivers/STM32F7xx_HAL_Driver/Src/stm32f7xx_hal_gpio.c **** GPIO_PinState HAL_GPIO_ReadPin(GPIO_TypeDef* GPIOx, uint16_t GPIO_Pin)
 374:Drivers/STM32F7xx_HAL_Driver/Src/stm32f7xx_hal_gpio.c **** {
 623              		.loc 1 374 0
 624              		.cfi_startproc
 625              		@ args = 0, pretend = 0, frame = 0
 626              		@ frame_needed = 0, uses_anonymous_args = 0
 627              		@ link register save eliminated.
 628              	.LVL65:
 375:Drivers/STM32F7xx_HAL_Driver/Src/stm32f7xx_hal_gpio.c ****   GPIO_PinState bitstatus;
 376:Drivers/STM32F7xx_HAL_Driver/Src/stm32f7xx_hal_gpio.c **** 
 377:Drivers/STM32F7xx_HAL_Driver/Src/stm32f7xx_hal_gpio.c ****   /* Check the parameters */
 378:Drivers/STM32F7xx_HAL_Driver/Src/stm32f7xx_hal_gpio.c ****   assert_param(IS_GPIO_PIN(GPIO_Pin));
 379:Drivers/STM32F7xx_HAL_Driver/Src/stm32f7xx_hal_gpio.c **** 
 380:Drivers/STM32F7xx_HAL_Driver/Src/stm32f7xx_hal_gpio.c ****   if((GPIOx->IDR & GPIO_Pin) != (uint32_t)GPIO_PIN_RESET)
 629              		.loc 1 380 0
 630 0000 0369     		ldr	r3, [r0, #16]
 631 0002 1942     		tst	r1, r3
 632 0004 01D1     		bne	.L59
 381:Drivers/STM32F7xx_HAL_Driver/Src/stm32f7xx_hal_gpio.c ****   {
 382:Drivers/STM32F7xx_HAL_Driver/Src/stm32f7xx_hal_gpio.c ****     bitstatus = GPIO_PIN_SET;
 383:Drivers/STM32F7xx_HAL_Driver/Src/stm32f7xx_hal_gpio.c ****   }
 384:Drivers/STM32F7xx_HAL_Driver/Src/stm32f7xx_hal_gpio.c ****   else
 385:Drivers/STM32F7xx_HAL_Driver/Src/stm32f7xx_hal_gpio.c ****   {
 386:Drivers/STM32F7xx_HAL_Driver/Src/stm32f7xx_hal_gpio.c ****     bitstatus = GPIO_PIN_RESET;
 633              		.loc 1 386 0
 634 0006 0020     		movs	r0, #0
 635              	.LVL66:
 387:Drivers/STM32F7xx_HAL_Driver/Src/stm32f7xx_hal_gpio.c ****   }
ARM GAS  /tmp/ccnAHjQh.s 			page 20


 388:Drivers/STM32F7xx_HAL_Driver/Src/stm32f7xx_hal_gpio.c ****   return bitstatus;
 389:Drivers/STM32F7xx_HAL_Driver/Src/stm32f7xx_hal_gpio.c **** }
 636              		.loc 1 389 0
 637 0008 7047     		bx	lr
 638              	.LVL67:
 639              	.L59:
 382:Drivers/STM32F7xx_HAL_Driver/Src/stm32f7xx_hal_gpio.c ****   }
 640              		.loc 1 382 0
 641 000a 0120     		movs	r0, #1
 642              	.LVL68:
 643 000c 7047     		bx	lr
 644              		.cfi_endproc
 645              	.LFE143:
 647              		.section	.text.HAL_GPIO_WritePin,"ax",%progbits
 648              		.align	1
 649              		.global	HAL_GPIO_WritePin
 650              		.syntax unified
 651              		.thumb
 652              		.thumb_func
 653              		.fpu fpv5-d16
 655              	HAL_GPIO_WritePin:
 656              	.LFB144:
 390:Drivers/STM32F7xx_HAL_Driver/Src/stm32f7xx_hal_gpio.c **** 
 391:Drivers/STM32F7xx_HAL_Driver/Src/stm32f7xx_hal_gpio.c **** /**
 392:Drivers/STM32F7xx_HAL_Driver/Src/stm32f7xx_hal_gpio.c ****   * @brief  Sets or clears the selected data port bit.
 393:Drivers/STM32F7xx_HAL_Driver/Src/stm32f7xx_hal_gpio.c ****   *
 394:Drivers/STM32F7xx_HAL_Driver/Src/stm32f7xx_hal_gpio.c ****   * @note   This function uses GPIOx_BSRR register to allow atomic read/modify
 395:Drivers/STM32F7xx_HAL_Driver/Src/stm32f7xx_hal_gpio.c ****   *         accesses. In this way, there is no risk of an IRQ occurring between
 396:Drivers/STM32F7xx_HAL_Driver/Src/stm32f7xx_hal_gpio.c ****   *         the read and the modify access.
 397:Drivers/STM32F7xx_HAL_Driver/Src/stm32f7xx_hal_gpio.c ****   *
 398:Drivers/STM32F7xx_HAL_Driver/Src/stm32f7xx_hal_gpio.c ****   * @param  GPIOx where x can be (A..K) to select the GPIO peripheral.
 399:Drivers/STM32F7xx_HAL_Driver/Src/stm32f7xx_hal_gpio.c ****   * @param  GPIO_Pin specifies the port bit to be written.
 400:Drivers/STM32F7xx_HAL_Driver/Src/stm32f7xx_hal_gpio.c ****   *          This parameter can be one of GPIO_PIN_x where x can be (0..15).
 401:Drivers/STM32F7xx_HAL_Driver/Src/stm32f7xx_hal_gpio.c ****   * @param  PinState specifies the value to be written to the selected bit.
 402:Drivers/STM32F7xx_HAL_Driver/Src/stm32f7xx_hal_gpio.c ****   *          This parameter can be one of the GPIO_PinState enum values:
 403:Drivers/STM32F7xx_HAL_Driver/Src/stm32f7xx_hal_gpio.c ****   *            @arg GPIO_PIN_RESET: to clear the port pin
 404:Drivers/STM32F7xx_HAL_Driver/Src/stm32f7xx_hal_gpio.c ****   *            @arg GPIO_PIN_SET: to set the port pin
 405:Drivers/STM32F7xx_HAL_Driver/Src/stm32f7xx_hal_gpio.c ****   * @retval None
 406:Drivers/STM32F7xx_HAL_Driver/Src/stm32f7xx_hal_gpio.c ****   */
 407:Drivers/STM32F7xx_HAL_Driver/Src/stm32f7xx_hal_gpio.c **** void HAL_GPIO_WritePin(GPIO_TypeDef* GPIOx, uint16_t GPIO_Pin, GPIO_PinState PinState)
 408:Drivers/STM32F7xx_HAL_Driver/Src/stm32f7xx_hal_gpio.c **** {
 657              		.loc 1 408 0
 658              		.cfi_startproc
 659              		@ args = 0, pretend = 0, frame = 0
 660              		@ frame_needed = 0, uses_anonymous_args = 0
 661              		@ link register save eliminated.
 662              	.LVL69:
 409:Drivers/STM32F7xx_HAL_Driver/Src/stm32f7xx_hal_gpio.c ****   /* Check the parameters */
 410:Drivers/STM32F7xx_HAL_Driver/Src/stm32f7xx_hal_gpio.c ****   assert_param(IS_GPIO_PIN(GPIO_Pin));
 411:Drivers/STM32F7xx_HAL_Driver/Src/stm32f7xx_hal_gpio.c ****   assert_param(IS_GPIO_PIN_ACTION(PinState));
 412:Drivers/STM32F7xx_HAL_Driver/Src/stm32f7xx_hal_gpio.c **** 
 413:Drivers/STM32F7xx_HAL_Driver/Src/stm32f7xx_hal_gpio.c ****   if(PinState != GPIO_PIN_RESET)
 663              		.loc 1 413 0
 664 0000 12B9     		cbnz	r2, .L63
 414:Drivers/STM32F7xx_HAL_Driver/Src/stm32f7xx_hal_gpio.c ****   {
 415:Drivers/STM32F7xx_HAL_Driver/Src/stm32f7xx_hal_gpio.c ****     GPIOx->BSRR = GPIO_Pin;
 416:Drivers/STM32F7xx_HAL_Driver/Src/stm32f7xx_hal_gpio.c ****   }
ARM GAS  /tmp/ccnAHjQh.s 			page 21


 417:Drivers/STM32F7xx_HAL_Driver/Src/stm32f7xx_hal_gpio.c ****   else
 418:Drivers/STM32F7xx_HAL_Driver/Src/stm32f7xx_hal_gpio.c ****   {
 419:Drivers/STM32F7xx_HAL_Driver/Src/stm32f7xx_hal_gpio.c ****     GPIOx->BSRR = (uint32_t)GPIO_Pin << 16;
 665              		.loc 1 419 0
 666 0002 0904     		lsls	r1, r1, #16
 667              	.LVL70:
 668 0004 8161     		str	r1, [r0, #24]
 669 0006 7047     		bx	lr
 670              	.LVL71:
 671              	.L63:
 415:Drivers/STM32F7xx_HAL_Driver/Src/stm32f7xx_hal_gpio.c ****   }
 672              		.loc 1 415 0
 673 0008 8161     		str	r1, [r0, #24]
 674 000a 7047     		bx	lr
 675              		.cfi_endproc
 676              	.LFE144:
 678              		.section	.text.HAL_GPIO_TogglePin,"ax",%progbits
 679              		.align	1
 680              		.global	HAL_GPIO_TogglePin
 681              		.syntax unified
 682              		.thumb
 683              		.thumb_func
 684              		.fpu fpv5-d16
 686              	HAL_GPIO_TogglePin:
 687              	.LFB145:
 420:Drivers/STM32F7xx_HAL_Driver/Src/stm32f7xx_hal_gpio.c ****   }
 421:Drivers/STM32F7xx_HAL_Driver/Src/stm32f7xx_hal_gpio.c **** }
 422:Drivers/STM32F7xx_HAL_Driver/Src/stm32f7xx_hal_gpio.c **** 
 423:Drivers/STM32F7xx_HAL_Driver/Src/stm32f7xx_hal_gpio.c **** /**
 424:Drivers/STM32F7xx_HAL_Driver/Src/stm32f7xx_hal_gpio.c ****   * @brief  Toggles the specified GPIO pins.
 425:Drivers/STM32F7xx_HAL_Driver/Src/stm32f7xx_hal_gpio.c ****   * @param  GPIOx Where x can be (A..I) to select the GPIO peripheral.
 426:Drivers/STM32F7xx_HAL_Driver/Src/stm32f7xx_hal_gpio.c ****   * @param  GPIO_Pin Specifies the pins to be toggled.
 427:Drivers/STM32F7xx_HAL_Driver/Src/stm32f7xx_hal_gpio.c ****   * @retval None
 428:Drivers/STM32F7xx_HAL_Driver/Src/stm32f7xx_hal_gpio.c ****   */
 429:Drivers/STM32F7xx_HAL_Driver/Src/stm32f7xx_hal_gpio.c **** void HAL_GPIO_TogglePin(GPIO_TypeDef* GPIOx, uint16_t GPIO_Pin)
 430:Drivers/STM32F7xx_HAL_Driver/Src/stm32f7xx_hal_gpio.c **** {
 688              		.loc 1 430 0
 689              		.cfi_startproc
 690              		@ args = 0, pretend = 0, frame = 0
 691              		@ frame_needed = 0, uses_anonymous_args = 0
 692              		@ link register save eliminated.
 693              	.LVL72:
 431:Drivers/STM32F7xx_HAL_Driver/Src/stm32f7xx_hal_gpio.c ****   uint32_t odr;
 432:Drivers/STM32F7xx_HAL_Driver/Src/stm32f7xx_hal_gpio.c **** 
 433:Drivers/STM32F7xx_HAL_Driver/Src/stm32f7xx_hal_gpio.c ****   /* Check the parameters */
 434:Drivers/STM32F7xx_HAL_Driver/Src/stm32f7xx_hal_gpio.c ****   assert_param(IS_GPIO_PIN(GPIO_Pin));
 435:Drivers/STM32F7xx_HAL_Driver/Src/stm32f7xx_hal_gpio.c **** 
 436:Drivers/STM32F7xx_HAL_Driver/Src/stm32f7xx_hal_gpio.c ****   /* get current Output Data Register value */
 437:Drivers/STM32F7xx_HAL_Driver/Src/stm32f7xx_hal_gpio.c ****   odr = GPIOx->ODR;
 694              		.loc 1 437 0
 695 0000 4369     		ldr	r3, [r0, #20]
 696              	.LVL73:
 438:Drivers/STM32F7xx_HAL_Driver/Src/stm32f7xx_hal_gpio.c **** 
 439:Drivers/STM32F7xx_HAL_Driver/Src/stm32f7xx_hal_gpio.c ****   /* Set selected pins that were at low level, and reset ones that were high */
 440:Drivers/STM32F7xx_HAL_Driver/Src/stm32f7xx_hal_gpio.c ****   GPIOx->BSRR = ((odr & GPIO_Pin) << GPIO_NUMBER) | (~odr & GPIO_Pin);
 697              		.loc 1 440 0
 698 0002 03EA0102 		and	r2, r3, r1
ARM GAS  /tmp/ccnAHjQh.s 			page 22


 699 0006 21EA0301 		bic	r1, r1, r3
 700              	.LVL74:
 701 000a 41EA0241 		orr	r1, r1, r2, lsl #16
 702 000e 8161     		str	r1, [r0, #24]
 703 0010 7047     		bx	lr
 704              		.cfi_endproc
 705              	.LFE145:
 707              		.section	.text.HAL_GPIO_LockPin,"ax",%progbits
 708              		.align	1
 709              		.global	HAL_GPIO_LockPin
 710              		.syntax unified
 711              		.thumb
 712              		.thumb_func
 713              		.fpu fpv5-d16
 715              	HAL_GPIO_LockPin:
 716              	.LFB146:
 441:Drivers/STM32F7xx_HAL_Driver/Src/stm32f7xx_hal_gpio.c **** }
 442:Drivers/STM32F7xx_HAL_Driver/Src/stm32f7xx_hal_gpio.c **** 
 443:Drivers/STM32F7xx_HAL_Driver/Src/stm32f7xx_hal_gpio.c **** /**
 444:Drivers/STM32F7xx_HAL_Driver/Src/stm32f7xx_hal_gpio.c ****   * @brief  Locks GPIO Pins configuration registers.
 445:Drivers/STM32F7xx_HAL_Driver/Src/stm32f7xx_hal_gpio.c ****   * @note   The locked registers are GPIOx_MODER, GPIOx_OTYPER, GPIOx_OSPEEDR,
 446:Drivers/STM32F7xx_HAL_Driver/Src/stm32f7xx_hal_gpio.c ****   *         GPIOx_PUPDR, GPIOx_AFRL and GPIOx_AFRH.
 447:Drivers/STM32F7xx_HAL_Driver/Src/stm32f7xx_hal_gpio.c ****   * @note   The configuration of the locked GPIO pins can no longer be modified
 448:Drivers/STM32F7xx_HAL_Driver/Src/stm32f7xx_hal_gpio.c ****   *         until the next reset.
 449:Drivers/STM32F7xx_HAL_Driver/Src/stm32f7xx_hal_gpio.c ****   * @param  GPIOx where x can be (A..F) to select the GPIO peripheral for STM32F7 family
 450:Drivers/STM32F7xx_HAL_Driver/Src/stm32f7xx_hal_gpio.c ****   * @param  GPIO_Pin specifies the port bit to be locked.
 451:Drivers/STM32F7xx_HAL_Driver/Src/stm32f7xx_hal_gpio.c ****   *         This parameter can be any combination of GPIO_PIN_x where x can be (0..15).
 452:Drivers/STM32F7xx_HAL_Driver/Src/stm32f7xx_hal_gpio.c ****   * @retval None
 453:Drivers/STM32F7xx_HAL_Driver/Src/stm32f7xx_hal_gpio.c ****   */
 454:Drivers/STM32F7xx_HAL_Driver/Src/stm32f7xx_hal_gpio.c **** HAL_StatusTypeDef HAL_GPIO_LockPin(GPIO_TypeDef* GPIOx, uint16_t GPIO_Pin)
 455:Drivers/STM32F7xx_HAL_Driver/Src/stm32f7xx_hal_gpio.c **** {
 717              		.loc 1 455 0
 718              		.cfi_startproc
 719              		@ args = 0, pretend = 0, frame = 8
 720              		@ frame_needed = 0, uses_anonymous_args = 0
 721              		@ link register save eliminated.
 722              	.LVL75:
 723 0000 82B0     		sub	sp, sp, #8
 724              	.LCFI6:
 725              		.cfi_def_cfa_offset 8
 456:Drivers/STM32F7xx_HAL_Driver/Src/stm32f7xx_hal_gpio.c ****   __IO uint32_t tmp = GPIO_LCKR_LCKK;
 726              		.loc 1 456 0
 727 0002 4FF48033 		mov	r3, #65536
 728 0006 0193     		str	r3, [sp, #4]
 457:Drivers/STM32F7xx_HAL_Driver/Src/stm32f7xx_hal_gpio.c **** 
 458:Drivers/STM32F7xx_HAL_Driver/Src/stm32f7xx_hal_gpio.c ****   /* Check the parameters */
 459:Drivers/STM32F7xx_HAL_Driver/Src/stm32f7xx_hal_gpio.c ****   assert_param(IS_GPIO_PIN(GPIO_Pin));
 460:Drivers/STM32F7xx_HAL_Driver/Src/stm32f7xx_hal_gpio.c **** 
 461:Drivers/STM32F7xx_HAL_Driver/Src/stm32f7xx_hal_gpio.c ****   /* Apply lock key write sequence */
 462:Drivers/STM32F7xx_HAL_Driver/Src/stm32f7xx_hal_gpio.c ****   tmp |= GPIO_Pin;
 729              		.loc 1 462 0
 730 0008 019B     		ldr	r3, [sp, #4]
 731 000a 0B43     		orrs	r3, r3, r1
 732 000c 0193     		str	r3, [sp, #4]
 463:Drivers/STM32F7xx_HAL_Driver/Src/stm32f7xx_hal_gpio.c ****   /* Set LCKx bit(s): LCKK='1' + LCK[15-0] */
 464:Drivers/STM32F7xx_HAL_Driver/Src/stm32f7xx_hal_gpio.c ****   GPIOx->LCKR = tmp;
 733              		.loc 1 464 0
ARM GAS  /tmp/ccnAHjQh.s 			page 23


 734 000e 019B     		ldr	r3, [sp, #4]
 735 0010 C361     		str	r3, [r0, #28]
 465:Drivers/STM32F7xx_HAL_Driver/Src/stm32f7xx_hal_gpio.c ****   /* Reset LCKx bit(s): LCKK='0' + LCK[15-0] */
 466:Drivers/STM32F7xx_HAL_Driver/Src/stm32f7xx_hal_gpio.c ****   GPIOx->LCKR = GPIO_Pin;
 736              		.loc 1 466 0
 737 0012 C161     		str	r1, [r0, #28]
 467:Drivers/STM32F7xx_HAL_Driver/Src/stm32f7xx_hal_gpio.c ****   /* Set LCKx bit(s): LCKK='1' + LCK[15-0] */
 468:Drivers/STM32F7xx_HAL_Driver/Src/stm32f7xx_hal_gpio.c ****   GPIOx->LCKR = tmp;
 738              		.loc 1 468 0
 739 0014 019B     		ldr	r3, [sp, #4]
 740 0016 C361     		str	r3, [r0, #28]
 469:Drivers/STM32F7xx_HAL_Driver/Src/stm32f7xx_hal_gpio.c ****   /* Read LCKR register. This read is mandatory to complete key lock sequence */
 470:Drivers/STM32F7xx_HAL_Driver/Src/stm32f7xx_hal_gpio.c ****   tmp = GPIOx->LCKR;
 741              		.loc 1 470 0
 742 0018 C369     		ldr	r3, [r0, #28]
 743 001a 0193     		str	r3, [sp, #4]
 471:Drivers/STM32F7xx_HAL_Driver/Src/stm32f7xx_hal_gpio.c **** 
 472:Drivers/STM32F7xx_HAL_Driver/Src/stm32f7xx_hal_gpio.c ****   /* Read again in order to confirm lock is active */
 473:Drivers/STM32F7xx_HAL_Driver/Src/stm32f7xx_hal_gpio.c ****   if((GPIOx->LCKR & GPIO_LCKR_LCKK) != RESET)
 744              		.loc 1 473 0
 745 001c C369     		ldr	r3, [r0, #28]
 746 001e 13F4803F 		tst	r3, #65536
 747 0022 02D1     		bne	.L69
 474:Drivers/STM32F7xx_HAL_Driver/Src/stm32f7xx_hal_gpio.c ****   {
 475:Drivers/STM32F7xx_HAL_Driver/Src/stm32f7xx_hal_gpio.c ****     return HAL_OK;
 476:Drivers/STM32F7xx_HAL_Driver/Src/stm32f7xx_hal_gpio.c ****   }
 477:Drivers/STM32F7xx_HAL_Driver/Src/stm32f7xx_hal_gpio.c ****   else
 478:Drivers/STM32F7xx_HAL_Driver/Src/stm32f7xx_hal_gpio.c ****   {
 479:Drivers/STM32F7xx_HAL_Driver/Src/stm32f7xx_hal_gpio.c ****     return HAL_ERROR;
 748              		.loc 1 479 0
 749 0024 0120     		movs	r0, #1
 750              	.LVL76:
 751              	.L66:
 480:Drivers/STM32F7xx_HAL_Driver/Src/stm32f7xx_hal_gpio.c ****   }
 481:Drivers/STM32F7xx_HAL_Driver/Src/stm32f7xx_hal_gpio.c **** }
 752              		.loc 1 481 0
 753 0026 02B0     		add	sp, sp, #8
 754              	.LCFI7:
 755              		.cfi_remember_state
 756              		.cfi_def_cfa_offset 0
 757              		@ sp needed
 758 0028 7047     		bx	lr
 759              	.LVL77:
 760              	.L69:
 761              	.LCFI8:
 762              		.cfi_restore_state
 475:Drivers/STM32F7xx_HAL_Driver/Src/stm32f7xx_hal_gpio.c ****   }
 763              		.loc 1 475 0
 764 002a 0020     		movs	r0, #0
 765              	.LVL78:
 766 002c FBE7     		b	.L66
 767              		.cfi_endproc
 768              	.LFE146:
 770              		.section	.text.HAL_GPIO_EXTI_Callback,"ax",%progbits
 771              		.align	1
 772              		.weak	HAL_GPIO_EXTI_Callback
 773              		.syntax unified
ARM GAS  /tmp/ccnAHjQh.s 			page 24


 774              		.thumb
 775              		.thumb_func
 776              		.fpu fpv5-d16
 778              	HAL_GPIO_EXTI_Callback:
 779              	.LFB148:
 482:Drivers/STM32F7xx_HAL_Driver/Src/stm32f7xx_hal_gpio.c **** 
 483:Drivers/STM32F7xx_HAL_Driver/Src/stm32f7xx_hal_gpio.c **** /**
 484:Drivers/STM32F7xx_HAL_Driver/Src/stm32f7xx_hal_gpio.c ****   * @brief  This function handles EXTI interrupt request.
 485:Drivers/STM32F7xx_HAL_Driver/Src/stm32f7xx_hal_gpio.c ****   * @param  GPIO_Pin Specifies the pins connected EXTI line
 486:Drivers/STM32F7xx_HAL_Driver/Src/stm32f7xx_hal_gpio.c ****   * @retval None
 487:Drivers/STM32F7xx_HAL_Driver/Src/stm32f7xx_hal_gpio.c ****   */
 488:Drivers/STM32F7xx_HAL_Driver/Src/stm32f7xx_hal_gpio.c **** void HAL_GPIO_EXTI_IRQHandler(uint16_t GPIO_Pin)
 489:Drivers/STM32F7xx_HAL_Driver/Src/stm32f7xx_hal_gpio.c **** {
 490:Drivers/STM32F7xx_HAL_Driver/Src/stm32f7xx_hal_gpio.c ****   /* EXTI line interrupt detected */
 491:Drivers/STM32F7xx_HAL_Driver/Src/stm32f7xx_hal_gpio.c ****   if(__HAL_GPIO_EXTI_GET_IT(GPIO_Pin) != RESET)
 492:Drivers/STM32F7xx_HAL_Driver/Src/stm32f7xx_hal_gpio.c ****   {
 493:Drivers/STM32F7xx_HAL_Driver/Src/stm32f7xx_hal_gpio.c ****     __HAL_GPIO_EXTI_CLEAR_IT(GPIO_Pin);
 494:Drivers/STM32F7xx_HAL_Driver/Src/stm32f7xx_hal_gpio.c ****     HAL_GPIO_EXTI_Callback(GPIO_Pin);
 495:Drivers/STM32F7xx_HAL_Driver/Src/stm32f7xx_hal_gpio.c ****   }
 496:Drivers/STM32F7xx_HAL_Driver/Src/stm32f7xx_hal_gpio.c **** }
 497:Drivers/STM32F7xx_HAL_Driver/Src/stm32f7xx_hal_gpio.c **** 
 498:Drivers/STM32F7xx_HAL_Driver/Src/stm32f7xx_hal_gpio.c **** /**
 499:Drivers/STM32F7xx_HAL_Driver/Src/stm32f7xx_hal_gpio.c ****   * @brief  EXTI line detection callbacks.
 500:Drivers/STM32F7xx_HAL_Driver/Src/stm32f7xx_hal_gpio.c ****   * @param  GPIO_Pin Specifies the pins connected EXTI line
 501:Drivers/STM32F7xx_HAL_Driver/Src/stm32f7xx_hal_gpio.c ****   * @retval None
 502:Drivers/STM32F7xx_HAL_Driver/Src/stm32f7xx_hal_gpio.c ****   */
 503:Drivers/STM32F7xx_HAL_Driver/Src/stm32f7xx_hal_gpio.c **** __weak void HAL_GPIO_EXTI_Callback(uint16_t GPIO_Pin)
 504:Drivers/STM32F7xx_HAL_Driver/Src/stm32f7xx_hal_gpio.c **** {
 780              		.loc 1 504 0
 781              		.cfi_startproc
 782              		@ args = 0, pretend = 0, frame = 0
 783              		@ frame_needed = 0, uses_anonymous_args = 0
 784              		@ link register save eliminated.
 785              	.LVL79:
 786 0000 7047     		bx	lr
 787              		.cfi_endproc
 788              	.LFE148:
 790              		.section	.text.HAL_GPIO_EXTI_IRQHandler,"ax",%progbits
 791              		.align	1
 792              		.global	HAL_GPIO_EXTI_IRQHandler
 793              		.syntax unified
 794              		.thumb
 795              		.thumb_func
 796              		.fpu fpv5-d16
 798              	HAL_GPIO_EXTI_IRQHandler:
 799              	.LFB147:
 489:Drivers/STM32F7xx_HAL_Driver/Src/stm32f7xx_hal_gpio.c ****   /* EXTI line interrupt detected */
 800              		.loc 1 489 0
 801              		.cfi_startproc
 802              		@ args = 0, pretend = 0, frame = 0
 803              		@ frame_needed = 0, uses_anonymous_args = 0
 804              	.LVL80:
 489:Drivers/STM32F7xx_HAL_Driver/Src/stm32f7xx_hal_gpio.c ****   /* EXTI line interrupt detected */
 805              		.loc 1 489 0
 806 0000 08B5     		push	{r3, lr}
 807              	.LCFI9:
 808              		.cfi_def_cfa_offset 8
ARM GAS  /tmp/ccnAHjQh.s 			page 25


 809              		.cfi_offset 3, -8
 810              		.cfi_offset 14, -4
 491:Drivers/STM32F7xx_HAL_Driver/Src/stm32f7xx_hal_gpio.c ****   {
 811              		.loc 1 491 0
 812 0002 054B     		ldr	r3, .L75
 813 0004 5B69     		ldr	r3, [r3, #20]
 814 0006 0342     		tst	r3, r0
 815 0008 00D1     		bne	.L74
 816              	.LVL81:
 817              	.L71:
 818 000a 08BD     		pop	{r3, pc}
 819              	.LVL82:
 820              	.L74:
 493:Drivers/STM32F7xx_HAL_Driver/Src/stm32f7xx_hal_gpio.c ****     HAL_GPIO_EXTI_Callback(GPIO_Pin);
 821              		.loc 1 493 0
 822 000c 024B     		ldr	r3, .L75
 823 000e 5861     		str	r0, [r3, #20]
 494:Drivers/STM32F7xx_HAL_Driver/Src/stm32f7xx_hal_gpio.c ****   }
 824              		.loc 1 494 0
 825 0010 FFF7FEFF 		bl	HAL_GPIO_EXTI_Callback
 826              	.LVL83:
 496:Drivers/STM32F7xx_HAL_Driver/Src/stm32f7xx_hal_gpio.c **** 
 827              		.loc 1 496 0
 828 0014 F9E7     		b	.L71
 829              	.L76:
 830 0016 00BF     		.align	2
 831              	.L75:
 832 0018 003C0140 		.word	1073822720
 833              		.cfi_endproc
 834              	.LFE147:
 836              		.text
 837              	.Letext0:
 838              		.file 2 "/usr/include/newlib/machine/_default_types.h"
 839              		.file 3 "/usr/include/newlib/sys/_stdint.h"
 840              		.file 4 "Drivers/CMSIS/Include/core_cm7.h"
 841              		.file 5 "Drivers/CMSIS/Device/ST/STM32F7xx/Include/system_stm32f7xx.h"
 842              		.file 6 "Drivers/CMSIS/Device/ST/STM32F7xx/Include/stm32f767xx.h"
 843              		.file 7 "Drivers/CMSIS/Device/ST/STM32F7xx/Include/stm32f7xx.h"
 844              		.file 8 "Drivers/STM32F7xx_HAL_Driver/Inc/stm32f7xx_hal_def.h"
 845              		.file 9 "Drivers/STM32F7xx_HAL_Driver/Inc/stm32f7xx_hal_gpio.h"
 846              		.file 10 "Drivers/STM32F7xx_HAL_Driver/Inc/stm32f7xx_hal.h"
ARM GAS  /tmp/ccnAHjQh.s 			page 26


DEFINED SYMBOLS
                            *ABS*:0000000000000000 stm32f7xx_hal_gpio.c
     /tmp/ccnAHjQh.s:17     .text.HAL_GPIO_Init:0000000000000000 $t
     /tmp/ccnAHjQh.s:24     .text.HAL_GPIO_Init:0000000000000000 HAL_GPIO_Init
     /tmp/ccnAHjQh.s:378    .text.HAL_GPIO_Init:00000000000001d8 $d
     /tmp/ccnAHjQh.s:387    .text.HAL_GPIO_DeInit:0000000000000000 $t
     /tmp/ccnAHjQh.s:394    .text.HAL_GPIO_DeInit:0000000000000000 HAL_GPIO_DeInit
     /tmp/ccnAHjQh.s:607    .text.HAL_GPIO_DeInit:0000000000000144 $d
     /tmp/ccnAHjQh.s:614    .text.HAL_GPIO_ReadPin:0000000000000000 $t
     /tmp/ccnAHjQh.s:621    .text.HAL_GPIO_ReadPin:0000000000000000 HAL_GPIO_ReadPin
     /tmp/ccnAHjQh.s:648    .text.HAL_GPIO_WritePin:0000000000000000 $t
     /tmp/ccnAHjQh.s:655    .text.HAL_GPIO_WritePin:0000000000000000 HAL_GPIO_WritePin
     /tmp/ccnAHjQh.s:679    .text.HAL_GPIO_TogglePin:0000000000000000 $t
     /tmp/ccnAHjQh.s:686    .text.HAL_GPIO_TogglePin:0000000000000000 HAL_GPIO_TogglePin
     /tmp/ccnAHjQh.s:708    .text.HAL_GPIO_LockPin:0000000000000000 $t
     /tmp/ccnAHjQh.s:715    .text.HAL_GPIO_LockPin:0000000000000000 HAL_GPIO_LockPin
     /tmp/ccnAHjQh.s:771    .text.HAL_GPIO_EXTI_Callback:0000000000000000 $t
     /tmp/ccnAHjQh.s:778    .text.HAL_GPIO_EXTI_Callback:0000000000000000 HAL_GPIO_EXTI_Callback
     /tmp/ccnAHjQh.s:791    .text.HAL_GPIO_EXTI_IRQHandler:0000000000000000 $t
     /tmp/ccnAHjQh.s:798    .text.HAL_GPIO_EXTI_IRQHandler:0000000000000000 HAL_GPIO_EXTI_IRQHandler
     /tmp/ccnAHjQh.s:832    .text.HAL_GPIO_EXTI_IRQHandler:0000000000000018 $d
                     .debug_frame:0000000000000010 $d

NO UNDEFINED SYMBOLS
