ARM GAS  /tmp/cct0o4CN.s 			page 1


   1              		.cpu cortex-m7
   2              		.eabi_attribute 28, 1
   3              		.eabi_attribute 20, 1
   4              		.eabi_attribute 21, 1
   5              		.eabi_attribute 23, 3
   6              		.eabi_attribute 24, 1
   7              		.eabi_attribute 25, 1
   8              		.eabi_attribute 26, 1
   9              		.eabi_attribute 30, 1
  10              		.eabi_attribute 34, 1
  11              		.eabi_attribute 18, 4
  12              		.file	"stm32f7xx_hal_exti.c"
  13              		.text
  14              	.Ltext0:
  15              		.cfi_sections	.debug_frame
  16              		.section	.text.HAL_EXTI_SetConfigLine,"ax",%progbits
  17              		.align	1
  18              		.global	HAL_EXTI_SetConfigLine
  19              		.syntax unified
  20              		.thumb
  21              		.thumb_func
  22              		.fpu fpv5-d16
  24              	HAL_EXTI_SetConfigLine:
  25              	.LFB141:
  26              		.file 1 "Drivers/STM32F7xx_HAL_Driver/Src/stm32f7xx_hal_exti.c"
   1:Drivers/STM32F7xx_HAL_Driver/Src/stm32f7xx_hal_exti.c **** /**
   2:Drivers/STM32F7xx_HAL_Driver/Src/stm32f7xx_hal_exti.c ****   ******************************************************************************
   3:Drivers/STM32F7xx_HAL_Driver/Src/stm32f7xx_hal_exti.c ****   * @file    stm32F7xx_hal_exti.c
   4:Drivers/STM32F7xx_HAL_Driver/Src/stm32f7xx_hal_exti.c ****   * @author  MCD Application Team
   5:Drivers/STM32F7xx_HAL_Driver/Src/stm32f7xx_hal_exti.c ****   * @brief   EXTI HAL module driver.
   6:Drivers/STM32F7xx_HAL_Driver/Src/stm32f7xx_hal_exti.c ****   *          This file provides firmware functions to manage the following
   7:Drivers/STM32F7xx_HAL_Driver/Src/stm32f7xx_hal_exti.c ****   *          functionalities of the Extended Interrupts and events controller (EXTI) peripheral:
   8:Drivers/STM32F7xx_HAL_Driver/Src/stm32f7xx_hal_exti.c ****   *           + Initialization and de-initialization functions
   9:Drivers/STM32F7xx_HAL_Driver/Src/stm32f7xx_hal_exti.c ****   *           + IO operation functions
  10:Drivers/STM32F7xx_HAL_Driver/Src/stm32f7xx_hal_exti.c ****   *
  11:Drivers/STM32F7xx_HAL_Driver/Src/stm32f7xx_hal_exti.c ****   @verbatim
  12:Drivers/STM32F7xx_HAL_Driver/Src/stm32f7xx_hal_exti.c ****   ==============================================================================
  13:Drivers/STM32F7xx_HAL_Driver/Src/stm32f7xx_hal_exti.c ****                     ##### EXTI Peripheral features #####
  14:Drivers/STM32F7xx_HAL_Driver/Src/stm32f7xx_hal_exti.c ****   ==============================================================================
  15:Drivers/STM32F7xx_HAL_Driver/Src/stm32f7xx_hal_exti.c ****   [..]
  16:Drivers/STM32F7xx_HAL_Driver/Src/stm32f7xx_hal_exti.c ****     (+) Each Exti line can be configured within this driver.
  17:Drivers/STM32F7xx_HAL_Driver/Src/stm32f7xx_hal_exti.c **** 
  18:Drivers/STM32F7xx_HAL_Driver/Src/stm32f7xx_hal_exti.c ****     (+) Exti line can be configured in 3 different modes
  19:Drivers/STM32F7xx_HAL_Driver/Src/stm32f7xx_hal_exti.c ****         (++) Interrupt
  20:Drivers/STM32F7xx_HAL_Driver/Src/stm32f7xx_hal_exti.c ****         (++) Event
  21:Drivers/STM32F7xx_HAL_Driver/Src/stm32f7xx_hal_exti.c ****         (++) Both of them
  22:Drivers/STM32F7xx_HAL_Driver/Src/stm32f7xx_hal_exti.c **** 
  23:Drivers/STM32F7xx_HAL_Driver/Src/stm32f7xx_hal_exti.c ****     (+) Configurable Exti lines can be configured with 3 different triggers
  24:Drivers/STM32F7xx_HAL_Driver/Src/stm32f7xx_hal_exti.c ****         (++) Rising
  25:Drivers/STM32F7xx_HAL_Driver/Src/stm32f7xx_hal_exti.c ****         (++) Falling
  26:Drivers/STM32F7xx_HAL_Driver/Src/stm32f7xx_hal_exti.c ****         (++) Both of them
  27:Drivers/STM32F7xx_HAL_Driver/Src/stm32f7xx_hal_exti.c **** 
  28:Drivers/STM32F7xx_HAL_Driver/Src/stm32f7xx_hal_exti.c ****     (+) When set in interrupt mode, configurable Exti lines have two different
  29:Drivers/STM32F7xx_HAL_Driver/Src/stm32f7xx_hal_exti.c ****         interrupts pending registers which allow to distinguish which transition
  30:Drivers/STM32F7xx_HAL_Driver/Src/stm32f7xx_hal_exti.c ****         occurs:
  31:Drivers/STM32F7xx_HAL_Driver/Src/stm32f7xx_hal_exti.c ****         (++) Rising edge pending interrupt
  32:Drivers/STM32F7xx_HAL_Driver/Src/stm32f7xx_hal_exti.c ****         (++) Falling
ARM GAS  /tmp/cct0o4CN.s 			page 2


  33:Drivers/STM32F7xx_HAL_Driver/Src/stm32f7xx_hal_exti.c **** 
  34:Drivers/STM32F7xx_HAL_Driver/Src/stm32f7xx_hal_exti.c ****     (+) Exti lines 0 to 15 are linked to gpio pin number 0 to 15. Gpio port can
  35:Drivers/STM32F7xx_HAL_Driver/Src/stm32f7xx_hal_exti.c ****         be selected through multiplexer.
  36:Drivers/STM32F7xx_HAL_Driver/Src/stm32f7xx_hal_exti.c **** 
  37:Drivers/STM32F7xx_HAL_Driver/Src/stm32f7xx_hal_exti.c ****                      ##### How to use this driver #####
  38:Drivers/STM32F7xx_HAL_Driver/Src/stm32f7xx_hal_exti.c ****   ==============================================================================
  39:Drivers/STM32F7xx_HAL_Driver/Src/stm32f7xx_hal_exti.c ****   [..]
  40:Drivers/STM32F7xx_HAL_Driver/Src/stm32f7xx_hal_exti.c **** 
  41:Drivers/STM32F7xx_HAL_Driver/Src/stm32f7xx_hal_exti.c ****     (#) Configure the EXTI line using HAL_EXTI_SetConfigLine().
  42:Drivers/STM32F7xx_HAL_Driver/Src/stm32f7xx_hal_exti.c ****         (++) Choose the interrupt line number by setting "Line" member from
  43:Drivers/STM32F7xx_HAL_Driver/Src/stm32f7xx_hal_exti.c ****              EXTI_ConfigTypeDef structure.
  44:Drivers/STM32F7xx_HAL_Driver/Src/stm32f7xx_hal_exti.c ****         (++) Configure the interrupt and/or event mode using "Mode" member from
  45:Drivers/STM32F7xx_HAL_Driver/Src/stm32f7xx_hal_exti.c ****              EXTI_ConfigTypeDef structure.
  46:Drivers/STM32F7xx_HAL_Driver/Src/stm32f7xx_hal_exti.c ****         (++) For configurable lines, configure rising and/or falling trigger
  47:Drivers/STM32F7xx_HAL_Driver/Src/stm32f7xx_hal_exti.c ****              "Trigger" member from EXTI_ConfigTypeDef structure.
  48:Drivers/STM32F7xx_HAL_Driver/Src/stm32f7xx_hal_exti.c ****         (++) For Exti lines linked to gpio, choose gpio port using "GPIOSel"
  49:Drivers/STM32F7xx_HAL_Driver/Src/stm32f7xx_hal_exti.c ****              member from GPIO_InitTypeDef structure.
  50:Drivers/STM32F7xx_HAL_Driver/Src/stm32f7xx_hal_exti.c **** 
  51:Drivers/STM32F7xx_HAL_Driver/Src/stm32f7xx_hal_exti.c ****     (#) Get current Exti configuration of a dedicated line using
  52:Drivers/STM32F7xx_HAL_Driver/Src/stm32f7xx_hal_exti.c ****         HAL_EXTI_GetConfigLine().
  53:Drivers/STM32F7xx_HAL_Driver/Src/stm32f7xx_hal_exti.c ****         (++) Provide exiting handle as parameter.
  54:Drivers/STM32F7xx_HAL_Driver/Src/stm32f7xx_hal_exti.c ****         (++) Provide pointer on EXTI_ConfigTypeDef structure as second parameter.
  55:Drivers/STM32F7xx_HAL_Driver/Src/stm32f7xx_hal_exti.c **** 
  56:Drivers/STM32F7xx_HAL_Driver/Src/stm32f7xx_hal_exti.c ****     (#) Clear Exti configuration of a dedicated line using HAL_EXTI_GetConfigLine().
  57:Drivers/STM32F7xx_HAL_Driver/Src/stm32f7xx_hal_exti.c ****         (++) Provide exiting handle as parameter.
  58:Drivers/STM32F7xx_HAL_Driver/Src/stm32f7xx_hal_exti.c **** 
  59:Drivers/STM32F7xx_HAL_Driver/Src/stm32f7xx_hal_exti.c ****     (#) Register callback to treat Exti interrupts using HAL_EXTI_RegisterCallback().
  60:Drivers/STM32F7xx_HAL_Driver/Src/stm32f7xx_hal_exti.c ****         (++) Provide exiting handle as first parameter.
  61:Drivers/STM32F7xx_HAL_Driver/Src/stm32f7xx_hal_exti.c ****         (++) Provide which callback will be registered using one value from
  62:Drivers/STM32F7xx_HAL_Driver/Src/stm32f7xx_hal_exti.c ****              EXTI_CallbackIDTypeDef.
  63:Drivers/STM32F7xx_HAL_Driver/Src/stm32f7xx_hal_exti.c ****         (++) Provide callback function pointer.
  64:Drivers/STM32F7xx_HAL_Driver/Src/stm32f7xx_hal_exti.c **** 
  65:Drivers/STM32F7xx_HAL_Driver/Src/stm32f7xx_hal_exti.c ****     (#) Get interrupt pending bit using HAL_EXTI_GetPending().
  66:Drivers/STM32F7xx_HAL_Driver/Src/stm32f7xx_hal_exti.c **** 
  67:Drivers/STM32F7xx_HAL_Driver/Src/stm32f7xx_hal_exti.c ****     (#) Clear interrupt pending bit using HAL_EXTI_GetPending().
  68:Drivers/STM32F7xx_HAL_Driver/Src/stm32f7xx_hal_exti.c **** 
  69:Drivers/STM32F7xx_HAL_Driver/Src/stm32f7xx_hal_exti.c ****     (#) Generate software interrupt using HAL_EXTI_GenerateSWI().
  70:Drivers/STM32F7xx_HAL_Driver/Src/stm32f7xx_hal_exti.c **** 
  71:Drivers/STM32F7xx_HAL_Driver/Src/stm32f7xx_hal_exti.c ****   @endverbatim
  72:Drivers/STM32F7xx_HAL_Driver/Src/stm32f7xx_hal_exti.c ****   ******************************************************************************
  73:Drivers/STM32F7xx_HAL_Driver/Src/stm32f7xx_hal_exti.c ****   * @attention
  74:Drivers/STM32F7xx_HAL_Driver/Src/stm32f7xx_hal_exti.c ****   *
  75:Drivers/STM32F7xx_HAL_Driver/Src/stm32f7xx_hal_exti.c ****   * <h2><center>&copy; Copyright (c) 2018 STMicroelectronics.
  76:Drivers/STM32F7xx_HAL_Driver/Src/stm32f7xx_hal_exti.c ****   * All rights reserved.</center></h2>
  77:Drivers/STM32F7xx_HAL_Driver/Src/stm32f7xx_hal_exti.c ****   *
  78:Drivers/STM32F7xx_HAL_Driver/Src/stm32f7xx_hal_exti.c ****   * This software component is licensed by ST under BSD 3-Clause license,
  79:Drivers/STM32F7xx_HAL_Driver/Src/stm32f7xx_hal_exti.c ****   * the "License"; You may not use this file except in compliance with the
  80:Drivers/STM32F7xx_HAL_Driver/Src/stm32f7xx_hal_exti.c ****   * License. You may obtain a copy of the License at:
  81:Drivers/STM32F7xx_HAL_Driver/Src/stm32f7xx_hal_exti.c ****   *                        opensource.org/licenses/BSD-3-Clause
  82:Drivers/STM32F7xx_HAL_Driver/Src/stm32f7xx_hal_exti.c ****   *
  83:Drivers/STM32F7xx_HAL_Driver/Src/stm32f7xx_hal_exti.c ****   ******************************************************************************
  84:Drivers/STM32F7xx_HAL_Driver/Src/stm32f7xx_hal_exti.c ****   */
  85:Drivers/STM32F7xx_HAL_Driver/Src/stm32f7xx_hal_exti.c **** 
  86:Drivers/STM32F7xx_HAL_Driver/Src/stm32f7xx_hal_exti.c **** /* Includes ------------------------------------------------------------------*/
  87:Drivers/STM32F7xx_HAL_Driver/Src/stm32f7xx_hal_exti.c **** #include "stm32f7xx_hal.h"
  88:Drivers/STM32F7xx_HAL_Driver/Src/stm32f7xx_hal_exti.c **** 
  89:Drivers/STM32F7xx_HAL_Driver/Src/stm32f7xx_hal_exti.c **** /** @addtogroup STM32F7xx_HAL_Driver
ARM GAS  /tmp/cct0o4CN.s 			page 3


  90:Drivers/STM32F7xx_HAL_Driver/Src/stm32f7xx_hal_exti.c ****   * @{
  91:Drivers/STM32F7xx_HAL_Driver/Src/stm32f7xx_hal_exti.c ****   */
  92:Drivers/STM32F7xx_HAL_Driver/Src/stm32f7xx_hal_exti.c **** 
  93:Drivers/STM32F7xx_HAL_Driver/Src/stm32f7xx_hal_exti.c **** /** @addtogroup EXTI
  94:Drivers/STM32F7xx_HAL_Driver/Src/stm32f7xx_hal_exti.c ****   * @{
  95:Drivers/STM32F7xx_HAL_Driver/Src/stm32f7xx_hal_exti.c ****   */
  96:Drivers/STM32F7xx_HAL_Driver/Src/stm32f7xx_hal_exti.c **** /** MISRA C:2012 deviation rule has been granted for following rule:
  97:Drivers/STM32F7xx_HAL_Driver/Src/stm32f7xx_hal_exti.c ****   * Rule-18.1_b - Medium: Array `EXTICR' 1st subscript interval [0,7] may be out
  98:Drivers/STM32F7xx_HAL_Driver/Src/stm32f7xx_hal_exti.c ****   * of bounds [0,3] in following API :
  99:Drivers/STM32F7xx_HAL_Driver/Src/stm32f7xx_hal_exti.c ****   * HAL_EXTI_SetConfigLine
 100:Drivers/STM32F7xx_HAL_Driver/Src/stm32f7xx_hal_exti.c ****   * HAL_EXTI_GetConfigLine
 101:Drivers/STM32F7xx_HAL_Driver/Src/stm32f7xx_hal_exti.c ****   * HAL_EXTI_ClearConfigLine
 102:Drivers/STM32F7xx_HAL_Driver/Src/stm32f7xx_hal_exti.c ****   */
 103:Drivers/STM32F7xx_HAL_Driver/Src/stm32f7xx_hal_exti.c **** 
 104:Drivers/STM32F7xx_HAL_Driver/Src/stm32f7xx_hal_exti.c **** #ifdef HAL_EXTI_MODULE_ENABLED
 105:Drivers/STM32F7xx_HAL_Driver/Src/stm32f7xx_hal_exti.c **** 
 106:Drivers/STM32F7xx_HAL_Driver/Src/stm32f7xx_hal_exti.c **** /* Private typedef -----------------------------------------------------------*/
 107:Drivers/STM32F7xx_HAL_Driver/Src/stm32f7xx_hal_exti.c **** /* Private defines -----------------------------------------------------------*/
 108:Drivers/STM32F7xx_HAL_Driver/Src/stm32f7xx_hal_exti.c **** /** @defgroup EXTI_Private_Constants EXTI Private Constants
 109:Drivers/STM32F7xx_HAL_Driver/Src/stm32f7xx_hal_exti.c ****   * @{
 110:Drivers/STM32F7xx_HAL_Driver/Src/stm32f7xx_hal_exti.c ****   */
 111:Drivers/STM32F7xx_HAL_Driver/Src/stm32f7xx_hal_exti.c **** 
 112:Drivers/STM32F7xx_HAL_Driver/Src/stm32f7xx_hal_exti.c **** /**
 113:Drivers/STM32F7xx_HAL_Driver/Src/stm32f7xx_hal_exti.c ****   * @}
 114:Drivers/STM32F7xx_HAL_Driver/Src/stm32f7xx_hal_exti.c ****   */
 115:Drivers/STM32F7xx_HAL_Driver/Src/stm32f7xx_hal_exti.c **** 
 116:Drivers/STM32F7xx_HAL_Driver/Src/stm32f7xx_hal_exti.c **** /* Private macros ------------------------------------------------------------*/
 117:Drivers/STM32F7xx_HAL_Driver/Src/stm32f7xx_hal_exti.c **** /* Private variables ---------------------------------------------------------*/
 118:Drivers/STM32F7xx_HAL_Driver/Src/stm32f7xx_hal_exti.c **** /* Private function prototypes -----------------------------------------------*/
 119:Drivers/STM32F7xx_HAL_Driver/Src/stm32f7xx_hal_exti.c **** /* Exported functions --------------------------------------------------------*/
 120:Drivers/STM32F7xx_HAL_Driver/Src/stm32f7xx_hal_exti.c **** 
 121:Drivers/STM32F7xx_HAL_Driver/Src/stm32f7xx_hal_exti.c **** /** @addtogroup EXTI_Exported_Functions
 122:Drivers/STM32F7xx_HAL_Driver/Src/stm32f7xx_hal_exti.c ****   * @{
 123:Drivers/STM32F7xx_HAL_Driver/Src/stm32f7xx_hal_exti.c ****   */
 124:Drivers/STM32F7xx_HAL_Driver/Src/stm32f7xx_hal_exti.c **** 
 125:Drivers/STM32F7xx_HAL_Driver/Src/stm32f7xx_hal_exti.c **** /** @addtogroup EXTI_Exported_Functions_Group1
 126:Drivers/STM32F7xx_HAL_Driver/Src/stm32f7xx_hal_exti.c ****   *  @brief    Configuration functions
 127:Drivers/STM32F7xx_HAL_Driver/Src/stm32f7xx_hal_exti.c ****   *
 128:Drivers/STM32F7xx_HAL_Driver/Src/stm32f7xx_hal_exti.c **** @verbatim
 129:Drivers/STM32F7xx_HAL_Driver/Src/stm32f7xx_hal_exti.c ****  ===============================================================================
 130:Drivers/STM32F7xx_HAL_Driver/Src/stm32f7xx_hal_exti.c ****               ##### Configuration functions #####
 131:Drivers/STM32F7xx_HAL_Driver/Src/stm32f7xx_hal_exti.c ****  ===============================================================================
 132:Drivers/STM32F7xx_HAL_Driver/Src/stm32f7xx_hal_exti.c **** 
 133:Drivers/STM32F7xx_HAL_Driver/Src/stm32f7xx_hal_exti.c **** @endverbatim
 134:Drivers/STM32F7xx_HAL_Driver/Src/stm32f7xx_hal_exti.c ****   * @{
 135:Drivers/STM32F7xx_HAL_Driver/Src/stm32f7xx_hal_exti.c ****   */
 136:Drivers/STM32F7xx_HAL_Driver/Src/stm32f7xx_hal_exti.c **** 
 137:Drivers/STM32F7xx_HAL_Driver/Src/stm32f7xx_hal_exti.c **** /**
 138:Drivers/STM32F7xx_HAL_Driver/Src/stm32f7xx_hal_exti.c ****   * @brief  Set configuration of a dedicated Exti line.
 139:Drivers/STM32F7xx_HAL_Driver/Src/stm32f7xx_hal_exti.c ****   * @param  hexti Exti handle.
 140:Drivers/STM32F7xx_HAL_Driver/Src/stm32f7xx_hal_exti.c ****   * @param  pExtiConfig Pointer on EXTI configuration to be set.
 141:Drivers/STM32F7xx_HAL_Driver/Src/stm32f7xx_hal_exti.c ****   * @retval HAL Status.
 142:Drivers/STM32F7xx_HAL_Driver/Src/stm32f7xx_hal_exti.c ****   */
 143:Drivers/STM32F7xx_HAL_Driver/Src/stm32f7xx_hal_exti.c **** HAL_StatusTypeDef HAL_EXTI_SetConfigLine(EXTI_HandleTypeDef *hexti, EXTI_ConfigTypeDef *pExtiConfig
 144:Drivers/STM32F7xx_HAL_Driver/Src/stm32f7xx_hal_exti.c **** {
  27              		.loc 1 144 0
  28              		.cfi_startproc
ARM GAS  /tmp/cct0o4CN.s 			page 4


  29              		@ args = 0, pretend = 0, frame = 0
  30              		@ frame_needed = 0, uses_anonymous_args = 0
  31              		@ link register save eliminated.
  32              	.LVL0:
 145:Drivers/STM32F7xx_HAL_Driver/Src/stm32f7xx_hal_exti.c ****   uint32_t regval;
 146:Drivers/STM32F7xx_HAL_Driver/Src/stm32f7xx_hal_exti.c ****   uint32_t linepos;
 147:Drivers/STM32F7xx_HAL_Driver/Src/stm32f7xx_hal_exti.c ****   uint32_t maskline;
 148:Drivers/STM32F7xx_HAL_Driver/Src/stm32f7xx_hal_exti.c **** 
 149:Drivers/STM32F7xx_HAL_Driver/Src/stm32f7xx_hal_exti.c ****   /* Check null pointer */
 150:Drivers/STM32F7xx_HAL_Driver/Src/stm32f7xx_hal_exti.c ****   if ((hexti == NULL) || (pExtiConfig == NULL))
  33              		.loc 1 150 0
  34 0000 0029     		cmp	r1, #0
  35 0002 18BF     		it	ne
  36 0004 0028     		cmpne	r0, #0
  37 0006 60D0     		beq	.L11
 144:Drivers/STM32F7xx_HAL_Driver/Src/stm32f7xx_hal_exti.c ****   uint32_t regval;
  38              		.loc 1 144 0
  39 0008 70B4     		push	{r4, r5, r6}
  40              	.LCFI0:
  41              		.cfi_def_cfa_offset 12
  42              		.cfi_offset 4, -12
  43              		.cfi_offset 5, -8
  44              		.cfi_offset 6, -4
  45 000a 0B46     		mov	r3, r1
 151:Drivers/STM32F7xx_HAL_Driver/Src/stm32f7xx_hal_exti.c ****   {
 152:Drivers/STM32F7xx_HAL_Driver/Src/stm32f7xx_hal_exti.c ****     return HAL_ERROR;
 153:Drivers/STM32F7xx_HAL_Driver/Src/stm32f7xx_hal_exti.c ****   }
 154:Drivers/STM32F7xx_HAL_Driver/Src/stm32f7xx_hal_exti.c **** 
 155:Drivers/STM32F7xx_HAL_Driver/Src/stm32f7xx_hal_exti.c ****   /* Check parameters */
 156:Drivers/STM32F7xx_HAL_Driver/Src/stm32f7xx_hal_exti.c ****   assert_param(IS_EXTI_LINE(pExtiConfig->Line));
 157:Drivers/STM32F7xx_HAL_Driver/Src/stm32f7xx_hal_exti.c ****   assert_param(IS_EXTI_MODE(pExtiConfig->Mode));
 158:Drivers/STM32F7xx_HAL_Driver/Src/stm32f7xx_hal_exti.c **** 
 159:Drivers/STM32F7xx_HAL_Driver/Src/stm32f7xx_hal_exti.c ****   /* Assign line number to handle */
 160:Drivers/STM32F7xx_HAL_Driver/Src/stm32f7xx_hal_exti.c ****   hexti->Line = pExtiConfig->Line;
  46              		.loc 1 160 0
  47 000c 0968     		ldr	r1, [r1]
  48              	.LVL1:
  49 000e 0160     		str	r1, [r0]
 161:Drivers/STM32F7xx_HAL_Driver/Src/stm32f7xx_hal_exti.c **** 
 162:Drivers/STM32F7xx_HAL_Driver/Src/stm32f7xx_hal_exti.c ****   /* Compute line mask */
 163:Drivers/STM32F7xx_HAL_Driver/Src/stm32f7xx_hal_exti.c ****   linepos = (pExtiConfig->Line & EXTI_PIN_MASK);
  50              		.loc 1 163 0
  51 0010 1968     		ldr	r1, [r3]
  52 0012 01F01F00 		and	r0, r1, #31
  53              	.LVL2:
 164:Drivers/STM32F7xx_HAL_Driver/Src/stm32f7xx_hal_exti.c ****   maskline = (1uL << linepos);
  54              		.loc 1 164 0
  55 0016 0122     		movs	r2, #1
  56 0018 8240     		lsls	r2, r2, r0
  57              	.LVL3:
 165:Drivers/STM32F7xx_HAL_Driver/Src/stm32f7xx_hal_exti.c **** 
 166:Drivers/STM32F7xx_HAL_Driver/Src/stm32f7xx_hal_exti.c ****   /* Configure triggers for configurable lines */
 167:Drivers/STM32F7xx_HAL_Driver/Src/stm32f7xx_hal_exti.c ****   if ((pExtiConfig->Line & EXTI_CONFIG) != 0x00u)
  58              		.loc 1 167 0
  59 001a 11F0007F 		tst	r1, #33554432
  60 001e 15D0     		beq	.L3
 168:Drivers/STM32F7xx_HAL_Driver/Src/stm32f7xx_hal_exti.c ****   {
ARM GAS  /tmp/cct0o4CN.s 			page 5


 169:Drivers/STM32F7xx_HAL_Driver/Src/stm32f7xx_hal_exti.c ****     assert_param(IS_EXTI_TRIGGER(pExtiConfig->Trigger));
 170:Drivers/STM32F7xx_HAL_Driver/Src/stm32f7xx_hal_exti.c **** 
 171:Drivers/STM32F7xx_HAL_Driver/Src/stm32f7xx_hal_exti.c ****     /* Configure rising trigger */
 172:Drivers/STM32F7xx_HAL_Driver/Src/stm32f7xx_hal_exti.c ****     /* Mask or set line */
 173:Drivers/STM32F7xx_HAL_Driver/Src/stm32f7xx_hal_exti.c ****     if ((pExtiConfig->Trigger & EXTI_TRIGGER_RISING) != 0x00u)
  61              		.loc 1 173 0
  62 0020 9C68     		ldr	r4, [r3, #8]
  63 0022 14F0010F 		tst	r4, #1
  64 0026 25D0     		beq	.L4
 174:Drivers/STM32F7xx_HAL_Driver/Src/stm32f7xx_hal_exti.c ****     {
 175:Drivers/STM32F7xx_HAL_Driver/Src/stm32f7xx_hal_exti.c ****       EXTI->RTSR |= maskline;
  65              		.loc 1 175 0
  66 0028 294D     		ldr	r5, .L18
  67 002a AC68     		ldr	r4, [r5, #8]
  68 002c 1443     		orrs	r4, r4, r2
  69 002e AC60     		str	r4, [r5, #8]
  70              	.L5:
 176:Drivers/STM32F7xx_HAL_Driver/Src/stm32f7xx_hal_exti.c ****     }
 177:Drivers/STM32F7xx_HAL_Driver/Src/stm32f7xx_hal_exti.c ****     else
 178:Drivers/STM32F7xx_HAL_Driver/Src/stm32f7xx_hal_exti.c ****     {
 179:Drivers/STM32F7xx_HAL_Driver/Src/stm32f7xx_hal_exti.c ****       EXTI->RTSR &= ~maskline;
 180:Drivers/STM32F7xx_HAL_Driver/Src/stm32f7xx_hal_exti.c ****     }
 181:Drivers/STM32F7xx_HAL_Driver/Src/stm32f7xx_hal_exti.c **** 
 182:Drivers/STM32F7xx_HAL_Driver/Src/stm32f7xx_hal_exti.c ****     /* Configure falling trigger */
 183:Drivers/STM32F7xx_HAL_Driver/Src/stm32f7xx_hal_exti.c ****     /* Mask or set line */
 184:Drivers/STM32F7xx_HAL_Driver/Src/stm32f7xx_hal_exti.c ****     if ((pExtiConfig->Trigger & EXTI_TRIGGER_FALLING) != 0x00u)
  71              		.loc 1 184 0
  72 0030 9C68     		ldr	r4, [r3, #8]
  73 0032 14F0020F 		tst	r4, #2
  74 0036 23D0     		beq	.L6
 185:Drivers/STM32F7xx_HAL_Driver/Src/stm32f7xx_hal_exti.c ****     {
 186:Drivers/STM32F7xx_HAL_Driver/Src/stm32f7xx_hal_exti.c ****       EXTI->FTSR |= maskline;
  75              		.loc 1 186 0
  76 0038 254D     		ldr	r5, .L18
  77 003a EC68     		ldr	r4, [r5, #12]
  78 003c 1443     		orrs	r4, r4, r2
  79 003e EC60     		str	r4, [r5, #12]
  80              	.L7:
 187:Drivers/STM32F7xx_HAL_Driver/Src/stm32f7xx_hal_exti.c ****     }
 188:Drivers/STM32F7xx_HAL_Driver/Src/stm32f7xx_hal_exti.c ****     else
 189:Drivers/STM32F7xx_HAL_Driver/Src/stm32f7xx_hal_exti.c ****     {
 190:Drivers/STM32F7xx_HAL_Driver/Src/stm32f7xx_hal_exti.c ****       EXTI->FTSR &= ~maskline;
 191:Drivers/STM32F7xx_HAL_Driver/Src/stm32f7xx_hal_exti.c ****     }
 192:Drivers/STM32F7xx_HAL_Driver/Src/stm32f7xx_hal_exti.c **** 
 193:Drivers/STM32F7xx_HAL_Driver/Src/stm32f7xx_hal_exti.c **** 
 194:Drivers/STM32F7xx_HAL_Driver/Src/stm32f7xx_hal_exti.c ****     /* Configure gpio port selection in case of gpio exti line */
 195:Drivers/STM32F7xx_HAL_Driver/Src/stm32f7xx_hal_exti.c ****     if ((pExtiConfig->Line & EXTI_GPIO) == EXTI_GPIO)
  81              		.loc 1 195 0
  82 0040 1C68     		ldr	r4, [r3]
  83 0042 04F0C064 		and	r4, r4, #100663296
  84 0046 B4F1C06F 		cmp	r4, #100663296
  85 004a 1FD0     		beq	.L16
  86              	.LVL4:
  87              	.L3:
 196:Drivers/STM32F7xx_HAL_Driver/Src/stm32f7xx_hal_exti.c ****     {
 197:Drivers/STM32F7xx_HAL_Driver/Src/stm32f7xx_hal_exti.c ****       assert_param(IS_EXTI_GPIO_PORT(pExtiConfig->GPIOSel));
 198:Drivers/STM32F7xx_HAL_Driver/Src/stm32f7xx_hal_exti.c ****       assert_param(IS_EXTI_GPIO_PIN(linepos));
ARM GAS  /tmp/cct0o4CN.s 			page 6


 199:Drivers/STM32F7xx_HAL_Driver/Src/stm32f7xx_hal_exti.c **** 
 200:Drivers/STM32F7xx_HAL_Driver/Src/stm32f7xx_hal_exti.c ****       regval = SYSCFG->EXTICR[linepos >> 2u];
 201:Drivers/STM32F7xx_HAL_Driver/Src/stm32f7xx_hal_exti.c ****       regval &= ~(SYSCFG_EXTICR1_EXTI0 << (SYSCFG_EXTICR1_EXTI1_Pos * (linepos & 0x03u)));
 202:Drivers/STM32F7xx_HAL_Driver/Src/stm32f7xx_hal_exti.c ****       regval |= (pExtiConfig->GPIOSel << (SYSCFG_EXTICR1_EXTI1_Pos * (linepos & 0x03u)));
 203:Drivers/STM32F7xx_HAL_Driver/Src/stm32f7xx_hal_exti.c ****       SYSCFG->EXTICR[linepos >> 2u] = regval;
 204:Drivers/STM32F7xx_HAL_Driver/Src/stm32f7xx_hal_exti.c ****     }
 205:Drivers/STM32F7xx_HAL_Driver/Src/stm32f7xx_hal_exti.c ****   }
 206:Drivers/STM32F7xx_HAL_Driver/Src/stm32f7xx_hal_exti.c **** 
 207:Drivers/STM32F7xx_HAL_Driver/Src/stm32f7xx_hal_exti.c ****   /* Configure interrupt mode : read current mode */
 208:Drivers/STM32F7xx_HAL_Driver/Src/stm32f7xx_hal_exti.c ****   /* Mask or set line */
 209:Drivers/STM32F7xx_HAL_Driver/Src/stm32f7xx_hal_exti.c ****   if ((pExtiConfig->Mode & EXTI_MODE_INTERRUPT) != 0x00u)
  88              		.loc 1 209 0
  89 004c 5968     		ldr	r1, [r3, #4]
  90 004e 11F0010F 		tst	r1, #1
  91 0052 2ED0     		beq	.L8
 210:Drivers/STM32F7xx_HAL_Driver/Src/stm32f7xx_hal_exti.c ****   {
 211:Drivers/STM32F7xx_HAL_Driver/Src/stm32f7xx_hal_exti.c ****     EXTI->IMR |= maskline;
  92              		.loc 1 211 0
  93 0054 1E48     		ldr	r0, .L18
  94 0056 0168     		ldr	r1, [r0]
  95 0058 1143     		orrs	r1, r1, r2
  96 005a 0160     		str	r1, [r0]
  97              	.L9:
 212:Drivers/STM32F7xx_HAL_Driver/Src/stm32f7xx_hal_exti.c ****   }
 213:Drivers/STM32F7xx_HAL_Driver/Src/stm32f7xx_hal_exti.c ****   else
 214:Drivers/STM32F7xx_HAL_Driver/Src/stm32f7xx_hal_exti.c ****   {
 215:Drivers/STM32F7xx_HAL_Driver/Src/stm32f7xx_hal_exti.c ****     EXTI->IMR &= ~maskline;
 216:Drivers/STM32F7xx_HAL_Driver/Src/stm32f7xx_hal_exti.c ****   }
 217:Drivers/STM32F7xx_HAL_Driver/Src/stm32f7xx_hal_exti.c **** 
 218:Drivers/STM32F7xx_HAL_Driver/Src/stm32f7xx_hal_exti.c ****   /* Configure event mode : read current mode */
 219:Drivers/STM32F7xx_HAL_Driver/Src/stm32f7xx_hal_exti.c ****   /* Mask or set line */
 220:Drivers/STM32F7xx_HAL_Driver/Src/stm32f7xx_hal_exti.c ****   if ((pExtiConfig->Mode & EXTI_MODE_EVENT) != 0x00u)
  98              		.loc 1 220 0
  99 005c 5B68     		ldr	r3, [r3, #4]
 100              	.LVL5:
 101 005e 13F0020F 		tst	r3, #2
 102 0062 2CD1     		bne	.L17
 221:Drivers/STM32F7xx_HAL_Driver/Src/stm32f7xx_hal_exti.c ****   {
 222:Drivers/STM32F7xx_HAL_Driver/Src/stm32f7xx_hal_exti.c ****     EXTI->EMR |= maskline;
 223:Drivers/STM32F7xx_HAL_Driver/Src/stm32f7xx_hal_exti.c ****   }
 224:Drivers/STM32F7xx_HAL_Driver/Src/stm32f7xx_hal_exti.c ****   else
 225:Drivers/STM32F7xx_HAL_Driver/Src/stm32f7xx_hal_exti.c ****   {
 226:Drivers/STM32F7xx_HAL_Driver/Src/stm32f7xx_hal_exti.c ****     EXTI->EMR &= ~maskline;
 103              		.loc 1 226 0
 104 0064 1A49     		ldr	r1, .L18
 105 0066 4B68     		ldr	r3, [r1, #4]
 106 0068 23EA0202 		bic	r2, r3, r2
 107              	.LVL6:
 108 006c 4A60     		str	r2, [r1, #4]
 227:Drivers/STM32F7xx_HAL_Driver/Src/stm32f7xx_hal_exti.c ****   }
 228:Drivers/STM32F7xx_HAL_Driver/Src/stm32f7xx_hal_exti.c **** 
 229:Drivers/STM32F7xx_HAL_Driver/Src/stm32f7xx_hal_exti.c ****   return HAL_OK;
 109              		.loc 1 229 0
 110 006e 0020     		movs	r0, #0
 111              	.L2:
 230:Drivers/STM32F7xx_HAL_Driver/Src/stm32f7xx_hal_exti.c **** }
 112              		.loc 1 230 0
ARM GAS  /tmp/cct0o4CN.s 			page 7


 113 0070 70BC     		pop	{r4, r5, r6}
 114              	.LCFI1:
 115              		.cfi_remember_state
 116              		.cfi_restore 6
 117              		.cfi_restore 5
 118              		.cfi_restore 4
 119              		.cfi_def_cfa_offset 0
 120 0072 7047     		bx	lr
 121              	.LVL7:
 122              	.L4:
 123              	.LCFI2:
 124              		.cfi_restore_state
 179:Drivers/STM32F7xx_HAL_Driver/Src/stm32f7xx_hal_exti.c ****     }
 125              		.loc 1 179 0
 126 0074 164D     		ldr	r5, .L18
 127 0076 AC68     		ldr	r4, [r5, #8]
 128 0078 24EA0204 		bic	r4, r4, r2
 129 007c AC60     		str	r4, [r5, #8]
 130 007e D7E7     		b	.L5
 131              	.L6:
 190:Drivers/STM32F7xx_HAL_Driver/Src/stm32f7xx_hal_exti.c ****     }
 132              		.loc 1 190 0
 133 0080 134D     		ldr	r5, .L18
 134 0082 EC68     		ldr	r4, [r5, #12]
 135 0084 24EA0204 		bic	r4, r4, r2
 136 0088 EC60     		str	r4, [r5, #12]
 137 008a D9E7     		b	.L7
 138              	.L16:
 200:Drivers/STM32F7xx_HAL_Driver/Src/stm32f7xx_hal_exti.c ****       regval &= ~(SYSCFG_EXTICR1_EXTI0 << (SYSCFG_EXTICR1_EXTI1_Pos * (linepos & 0x03u)));
 139              		.loc 1 200 0
 140 008c 8008     		lsrs	r0, r0, #2
 141              	.LVL8:
 142 008e 114E     		ldr	r6, .L18+4
 143 0090 0230     		adds	r0, r0, #2
 144 0092 56F82040 		ldr	r4, [r6, r0, lsl #2]
 145              	.LVL9:
 201:Drivers/STM32F7xx_HAL_Driver/Src/stm32f7xx_hal_exti.c ****       regval |= (pExtiConfig->GPIOSel << (SYSCFG_EXTICR1_EXTI1_Pos * (linepos & 0x03u)));
 146              		.loc 1 201 0
 147 0096 01F00301 		and	r1, r1, #3
 148              	.LVL10:
 149 009a 8900     		lsls	r1, r1, #2
 150 009c 0F25     		movs	r5, #15
 151 009e 8D40     		lsls	r5, r5, r1
 152 00a0 24EA0504 		bic	r4, r4, r5
 153              	.LVL11:
 202:Drivers/STM32F7xx_HAL_Driver/Src/stm32f7xx_hal_exti.c ****       SYSCFG->EXTICR[linepos >> 2u] = regval;
 154              		.loc 1 202 0
 155 00a4 DD68     		ldr	r5, [r3, #12]
 156 00a6 05FA01F1 		lsl	r1, r5, r1
 157 00aa 2143     		orrs	r1, r1, r4
 158              	.LVL12:
 203:Drivers/STM32F7xx_HAL_Driver/Src/stm32f7xx_hal_exti.c ****     }
 159              		.loc 1 203 0
 160 00ac 46F82010 		str	r1, [r6, r0, lsl #2]
 161 00b0 CCE7     		b	.L3
 162              	.LVL13:
 163              	.L8:
ARM GAS  /tmp/cct0o4CN.s 			page 8


 215:Drivers/STM32F7xx_HAL_Driver/Src/stm32f7xx_hal_exti.c ****   }
 164              		.loc 1 215 0
 165 00b2 0748     		ldr	r0, .L18
 166 00b4 0168     		ldr	r1, [r0]
 167 00b6 21EA0201 		bic	r1, r1, r2
 168 00ba 0160     		str	r1, [r0]
 169 00bc CEE7     		b	.L9
 170              	.LVL14:
 171              	.L17:
 222:Drivers/STM32F7xx_HAL_Driver/Src/stm32f7xx_hal_exti.c ****   }
 172              		.loc 1 222 0
 173 00be 0449     		ldr	r1, .L18
 174 00c0 4B68     		ldr	r3, [r1, #4]
 175 00c2 1A43     		orrs	r2, r2, r3
 176              	.LVL15:
 177 00c4 4A60     		str	r2, [r1, #4]
 229:Drivers/STM32F7xx_HAL_Driver/Src/stm32f7xx_hal_exti.c **** }
 178              		.loc 1 229 0
 179 00c6 0020     		movs	r0, #0
 180 00c8 D2E7     		b	.L2
 181              	.LVL16:
 182              	.L11:
 183              	.LCFI3:
 184              		.cfi_def_cfa_offset 0
 185              		.cfi_restore 4
 186              		.cfi_restore 5
 187              		.cfi_restore 6
 152:Drivers/STM32F7xx_HAL_Driver/Src/stm32f7xx_hal_exti.c ****   }
 188              		.loc 1 152 0
 189 00ca 0120     		movs	r0, #1
 190              	.LVL17:
 191 00cc 7047     		bx	lr
 192              	.L19:
 193 00ce 00BF     		.align	2
 194              	.L18:
 195 00d0 003C0140 		.word	1073822720
 196 00d4 00380140 		.word	1073821696
 197              		.cfi_endproc
 198              	.LFE141:
 200              		.section	.text.HAL_EXTI_GetConfigLine,"ax",%progbits
 201              		.align	1
 202              		.global	HAL_EXTI_GetConfigLine
 203              		.syntax unified
 204              		.thumb
 205              		.thumb_func
 206              		.fpu fpv5-d16
 208              	HAL_EXTI_GetConfigLine:
 209              	.LFB142:
 231:Drivers/STM32F7xx_HAL_Driver/Src/stm32f7xx_hal_exti.c **** 
 232:Drivers/STM32F7xx_HAL_Driver/Src/stm32f7xx_hal_exti.c **** /**
 233:Drivers/STM32F7xx_HAL_Driver/Src/stm32f7xx_hal_exti.c ****   * @brief  Get configuration of a dedicated Exti line.
 234:Drivers/STM32F7xx_HAL_Driver/Src/stm32f7xx_hal_exti.c ****   * @param  hexti Exti handle.
 235:Drivers/STM32F7xx_HAL_Driver/Src/stm32f7xx_hal_exti.c ****   * @param  pExtiConfig Pointer on structure to store Exti configuration.
 236:Drivers/STM32F7xx_HAL_Driver/Src/stm32f7xx_hal_exti.c ****   * @retval HAL Status.
 237:Drivers/STM32F7xx_HAL_Driver/Src/stm32f7xx_hal_exti.c ****   */
 238:Drivers/STM32F7xx_HAL_Driver/Src/stm32f7xx_hal_exti.c **** HAL_StatusTypeDef HAL_EXTI_GetConfigLine(EXTI_HandleTypeDef *hexti, EXTI_ConfigTypeDef *pExtiConfig
 239:Drivers/STM32F7xx_HAL_Driver/Src/stm32f7xx_hal_exti.c **** {
ARM GAS  /tmp/cct0o4CN.s 			page 9


 210              		.loc 1 239 0
 211              		.cfi_startproc
 212              		@ args = 0, pretend = 0, frame = 0
 213              		@ frame_needed = 0, uses_anonymous_args = 0
 214              		@ link register save eliminated.
 215              	.LVL18:
 240:Drivers/STM32F7xx_HAL_Driver/Src/stm32f7xx_hal_exti.c ****   uint32_t regval;
 241:Drivers/STM32F7xx_HAL_Driver/Src/stm32f7xx_hal_exti.c ****   uint32_t linepos;
 242:Drivers/STM32F7xx_HAL_Driver/Src/stm32f7xx_hal_exti.c ****   uint32_t maskline;
 243:Drivers/STM32F7xx_HAL_Driver/Src/stm32f7xx_hal_exti.c **** 
 244:Drivers/STM32F7xx_HAL_Driver/Src/stm32f7xx_hal_exti.c ****   /* Check null pointer */
 245:Drivers/STM32F7xx_HAL_Driver/Src/stm32f7xx_hal_exti.c ****   if ((hexti == NULL) || (pExtiConfig == NULL))
 216              		.loc 1 245 0
 217 0000 0029     		cmp	r1, #0
 218 0002 18BF     		it	ne
 219 0004 0028     		cmpne	r0, #0
 220 0006 49D0     		beq	.L30
 239:Drivers/STM32F7xx_HAL_Driver/Src/stm32f7xx_hal_exti.c ****   uint32_t regval;
 221              		.loc 1 239 0
 222 0008 10B4     		push	{r4}
 223              	.LCFI4:
 224              		.cfi_def_cfa_offset 4
 225              		.cfi_offset 4, -4
 226 000a 0B46     		mov	r3, r1
 246:Drivers/STM32F7xx_HAL_Driver/Src/stm32f7xx_hal_exti.c ****   {
 247:Drivers/STM32F7xx_HAL_Driver/Src/stm32f7xx_hal_exti.c ****     return HAL_ERROR;
 248:Drivers/STM32F7xx_HAL_Driver/Src/stm32f7xx_hal_exti.c ****   }
 249:Drivers/STM32F7xx_HAL_Driver/Src/stm32f7xx_hal_exti.c **** 
 250:Drivers/STM32F7xx_HAL_Driver/Src/stm32f7xx_hal_exti.c ****   /* Check the parameter */
 251:Drivers/STM32F7xx_HAL_Driver/Src/stm32f7xx_hal_exti.c ****   assert_param(IS_EXTI_LINE(hexti->Line));
 252:Drivers/STM32F7xx_HAL_Driver/Src/stm32f7xx_hal_exti.c **** 
 253:Drivers/STM32F7xx_HAL_Driver/Src/stm32f7xx_hal_exti.c ****   /* Store handle line number to configuration structure */
 254:Drivers/STM32F7xx_HAL_Driver/Src/stm32f7xx_hal_exti.c ****   pExtiConfig->Line = hexti->Line;
 227              		.loc 1 254 0
 228 000c 0068     		ldr	r0, [r0]
 229              	.LVL19:
 230 000e 0860     		str	r0, [r1]
 255:Drivers/STM32F7xx_HAL_Driver/Src/stm32f7xx_hal_exti.c **** 
 256:Drivers/STM32F7xx_HAL_Driver/Src/stm32f7xx_hal_exti.c ****   /* Compute line mask */
 257:Drivers/STM32F7xx_HAL_Driver/Src/stm32f7xx_hal_exti.c ****   linepos = (pExtiConfig->Line & EXTI_PIN_MASK);
 231              		.loc 1 257 0
 232 0010 00F01F04 		and	r4, r0, #31
 233              	.LVL20:
 258:Drivers/STM32F7xx_HAL_Driver/Src/stm32f7xx_hal_exti.c ****   maskline = (1uL << linepos);
 234              		.loc 1 258 0
 235 0014 0122     		movs	r2, #1
 236 0016 A240     		lsls	r2, r2, r4
 237              	.LVL21:
 259:Drivers/STM32F7xx_HAL_Driver/Src/stm32f7xx_hal_exti.c **** 
 260:Drivers/STM32F7xx_HAL_Driver/Src/stm32f7xx_hal_exti.c ****   /* 1] Get core mode : interrupt */
 261:Drivers/STM32F7xx_HAL_Driver/Src/stm32f7xx_hal_exti.c **** 
 262:Drivers/STM32F7xx_HAL_Driver/Src/stm32f7xx_hal_exti.c ****   /* Check if selected line is enable */
 263:Drivers/STM32F7xx_HAL_Driver/Src/stm32f7xx_hal_exti.c ****   if ((EXTI->IMR & maskline) != 0x00u)
 238              		.loc 1 263 0
 239 0018 2149     		ldr	r1, .L36
 240              	.LVL22:
 241 001a 0968     		ldr	r1, [r1]
ARM GAS  /tmp/cct0o4CN.s 			page 10


 242 001c 0A42     		tst	r2, r1
 243 001e 22D0     		beq	.L22
 264:Drivers/STM32F7xx_HAL_Driver/Src/stm32f7xx_hal_exti.c ****   {
 265:Drivers/STM32F7xx_HAL_Driver/Src/stm32f7xx_hal_exti.c ****     pExtiConfig->Mode = EXTI_MODE_INTERRUPT;
 244              		.loc 1 265 0
 245 0020 0121     		movs	r1, #1
 246 0022 5960     		str	r1, [r3, #4]
 247              	.L23:
 266:Drivers/STM32F7xx_HAL_Driver/Src/stm32f7xx_hal_exti.c ****   }
 267:Drivers/STM32F7xx_HAL_Driver/Src/stm32f7xx_hal_exti.c ****   else
 268:Drivers/STM32F7xx_HAL_Driver/Src/stm32f7xx_hal_exti.c ****   {
 269:Drivers/STM32F7xx_HAL_Driver/Src/stm32f7xx_hal_exti.c ****     pExtiConfig->Mode = EXTI_MODE_NONE;
 270:Drivers/STM32F7xx_HAL_Driver/Src/stm32f7xx_hal_exti.c ****   }
 271:Drivers/STM32F7xx_HAL_Driver/Src/stm32f7xx_hal_exti.c **** 
 272:Drivers/STM32F7xx_HAL_Driver/Src/stm32f7xx_hal_exti.c ****   /* Get event mode */
 273:Drivers/STM32F7xx_HAL_Driver/Src/stm32f7xx_hal_exti.c ****   /* Check if selected line is enable */
 274:Drivers/STM32F7xx_HAL_Driver/Src/stm32f7xx_hal_exti.c ****   if ((EXTI->EMR & maskline) != 0x00u)
 248              		.loc 1 274 0
 249 0024 1E49     		ldr	r1, .L36
 250 0026 4968     		ldr	r1, [r1, #4]
 251 0028 0A42     		tst	r2, r1
 252 002a 03D0     		beq	.L24
 275:Drivers/STM32F7xx_HAL_Driver/Src/stm32f7xx_hal_exti.c ****   {
 276:Drivers/STM32F7xx_HAL_Driver/Src/stm32f7xx_hal_exti.c ****     pExtiConfig->Mode |= EXTI_MODE_EVENT;
 253              		.loc 1 276 0
 254 002c 5968     		ldr	r1, [r3, #4]
 255 002e 41F00201 		orr	r1, r1, #2
 256 0032 5960     		str	r1, [r3, #4]
 257              	.L24:
 277:Drivers/STM32F7xx_HAL_Driver/Src/stm32f7xx_hal_exti.c ****   }
 278:Drivers/STM32F7xx_HAL_Driver/Src/stm32f7xx_hal_exti.c **** 
 279:Drivers/STM32F7xx_HAL_Driver/Src/stm32f7xx_hal_exti.c ****   /* 2] Get trigger for configurable lines : rising */
 280:Drivers/STM32F7xx_HAL_Driver/Src/stm32f7xx_hal_exti.c ****   if ((pExtiConfig->Line & EXTI_CONFIG) != 0x00u)
 258              		.loc 1 280 0
 259 0034 10F0007F 		tst	r0, #33554432
 260 0038 2AD0     		beq	.L25
 281:Drivers/STM32F7xx_HAL_Driver/Src/stm32f7xx_hal_exti.c ****   {
 282:Drivers/STM32F7xx_HAL_Driver/Src/stm32f7xx_hal_exti.c ****     /* Check if configuration of selected line is enable */
 283:Drivers/STM32F7xx_HAL_Driver/Src/stm32f7xx_hal_exti.c ****     if ((EXTI->RTSR & maskline) != 0x00u)
 261              		.loc 1 283 0
 262 003a 1949     		ldr	r1, .L36
 263 003c 8968     		ldr	r1, [r1, #8]
 264 003e 0A42     		tst	r2, r1
 265 0040 14D0     		beq	.L26
 284:Drivers/STM32F7xx_HAL_Driver/Src/stm32f7xx_hal_exti.c ****     {
 285:Drivers/STM32F7xx_HAL_Driver/Src/stm32f7xx_hal_exti.c ****       pExtiConfig->Trigger = EXTI_TRIGGER_RISING;
 266              		.loc 1 285 0
 267 0042 0121     		movs	r1, #1
 268 0044 9960     		str	r1, [r3, #8]
 269              	.L27:
 286:Drivers/STM32F7xx_HAL_Driver/Src/stm32f7xx_hal_exti.c ****     }
 287:Drivers/STM32F7xx_HAL_Driver/Src/stm32f7xx_hal_exti.c ****     else
 288:Drivers/STM32F7xx_HAL_Driver/Src/stm32f7xx_hal_exti.c ****     {
 289:Drivers/STM32F7xx_HAL_Driver/Src/stm32f7xx_hal_exti.c ****       pExtiConfig->Trigger = EXTI_TRIGGER_NONE;
 290:Drivers/STM32F7xx_HAL_Driver/Src/stm32f7xx_hal_exti.c ****     }
 291:Drivers/STM32F7xx_HAL_Driver/Src/stm32f7xx_hal_exti.c **** 
 292:Drivers/STM32F7xx_HAL_Driver/Src/stm32f7xx_hal_exti.c ****     /* Get falling configuration */
ARM GAS  /tmp/cct0o4CN.s 			page 11


 293:Drivers/STM32F7xx_HAL_Driver/Src/stm32f7xx_hal_exti.c ****     /* Check if configuration of selected line is enable */
 294:Drivers/STM32F7xx_HAL_Driver/Src/stm32f7xx_hal_exti.c ****     if ((EXTI->FTSR & maskline) != 0x00u)
 270              		.loc 1 294 0
 271 0046 1649     		ldr	r1, .L36
 272 0048 C968     		ldr	r1, [r1, #12]
 273 004a 0A42     		tst	r2, r1
 274 004c 03D0     		beq	.L28
 295:Drivers/STM32F7xx_HAL_Driver/Src/stm32f7xx_hal_exti.c ****     {
 296:Drivers/STM32F7xx_HAL_Driver/Src/stm32f7xx_hal_exti.c ****       pExtiConfig->Trigger |= EXTI_TRIGGER_FALLING;
 275              		.loc 1 296 0
 276 004e 9A68     		ldr	r2, [r3, #8]
 277              	.LVL23:
 278 0050 42F00202 		orr	r2, r2, #2
 279 0054 9A60     		str	r2, [r3, #8]
 280              	.L28:
 297:Drivers/STM32F7xx_HAL_Driver/Src/stm32f7xx_hal_exti.c ****     }
 298:Drivers/STM32F7xx_HAL_Driver/Src/stm32f7xx_hal_exti.c **** 
 299:Drivers/STM32F7xx_HAL_Driver/Src/stm32f7xx_hal_exti.c ****     /* Get Gpio port selection for gpio lines */
 300:Drivers/STM32F7xx_HAL_Driver/Src/stm32f7xx_hal_exti.c ****     if ((pExtiConfig->Line & EXTI_GPIO) == EXTI_GPIO)
 281              		.loc 1 300 0
 282 0056 00F0C062 		and	r2, r0, #100663296
 283 005a B2F1C06F 		cmp	r2, #100663296
 284 005e 08D0     		beq	.L35
 301:Drivers/STM32F7xx_HAL_Driver/Src/stm32f7xx_hal_exti.c ****     {
 302:Drivers/STM32F7xx_HAL_Driver/Src/stm32f7xx_hal_exti.c ****       assert_param(IS_EXTI_GPIO_PIN(linepos));
 303:Drivers/STM32F7xx_HAL_Driver/Src/stm32f7xx_hal_exti.c **** 
 304:Drivers/STM32F7xx_HAL_Driver/Src/stm32f7xx_hal_exti.c ****       regval = SYSCFG->EXTICR[linepos >> 2u];
 305:Drivers/STM32F7xx_HAL_Driver/Src/stm32f7xx_hal_exti.c ****       pExtiConfig->GPIOSel = ((regval << (SYSCFG_EXTICR1_EXTI1_Pos * (3uL - (linepos & 0x03u)))) >>
 306:Drivers/STM32F7xx_HAL_Driver/Src/stm32f7xx_hal_exti.c ****     }
 307:Drivers/STM32F7xx_HAL_Driver/Src/stm32f7xx_hal_exti.c ****     else
 308:Drivers/STM32F7xx_HAL_Driver/Src/stm32f7xx_hal_exti.c ****     {
 309:Drivers/STM32F7xx_HAL_Driver/Src/stm32f7xx_hal_exti.c ****       pExtiConfig->GPIOSel = 0x00u;
 285              		.loc 1 309 0
 286 0060 0020     		movs	r0, #0
 287 0062 D860     		str	r0, [r3, #12]
 288 0064 17E0     		b	.L21
 289              	.LVL24:
 290              	.L22:
 269:Drivers/STM32F7xx_HAL_Driver/Src/stm32f7xx_hal_exti.c ****   }
 291              		.loc 1 269 0
 292 0066 0021     		movs	r1, #0
 293 0068 5960     		str	r1, [r3, #4]
 294 006a DBE7     		b	.L23
 295              	.L26:
 289:Drivers/STM32F7xx_HAL_Driver/Src/stm32f7xx_hal_exti.c ****     }
 296              		.loc 1 289 0
 297 006c 0021     		movs	r1, #0
 298 006e 9960     		str	r1, [r3, #8]
 299 0070 E9E7     		b	.L27
 300              	.LVL25:
 301              	.L35:
 304:Drivers/STM32F7xx_HAL_Driver/Src/stm32f7xx_hal_exti.c ****       pExtiConfig->GPIOSel = ((regval << (SYSCFG_EXTICR1_EXTI1_Pos * (3uL - (linepos & 0x03u)))) >>
 302              		.loc 1 304 0
 303 0072 A208     		lsrs	r2, r4, #2
 304 0074 0232     		adds	r2, r2, #2
 305 0076 0B49     		ldr	r1, .L36+4
 306 0078 51F82210 		ldr	r1, [r1, r2, lsl #2]
ARM GAS  /tmp/cct0o4CN.s 			page 12


 307              	.LVL26:
 305:Drivers/STM32F7xx_HAL_Driver/Src/stm32f7xx_hal_exti.c ****     }
 308              		.loc 1 305 0
 309 007c E243     		mvns	r2, r4
 310 007e 02F00302 		and	r2, r2, #3
 311 0082 9200     		lsls	r2, r2, #2
 312 0084 01FA02F2 		lsl	r2, r1, r2
 313 0088 120E     		lsrs	r2, r2, #24
 314 008a DA60     		str	r2, [r3, #12]
 310:Drivers/STM32F7xx_HAL_Driver/Src/stm32f7xx_hal_exti.c ****     }
 311:Drivers/STM32F7xx_HAL_Driver/Src/stm32f7xx_hal_exti.c ****   }
 312:Drivers/STM32F7xx_HAL_Driver/Src/stm32f7xx_hal_exti.c ****   else
 313:Drivers/STM32F7xx_HAL_Driver/Src/stm32f7xx_hal_exti.c ****   {
 314:Drivers/STM32F7xx_HAL_Driver/Src/stm32f7xx_hal_exti.c ****     /* No Trigger selected */
 315:Drivers/STM32F7xx_HAL_Driver/Src/stm32f7xx_hal_exti.c ****     pExtiConfig->Trigger = EXTI_TRIGGER_NONE;
 316:Drivers/STM32F7xx_HAL_Driver/Src/stm32f7xx_hal_exti.c ****     pExtiConfig->GPIOSel = 0x00u;
 317:Drivers/STM32F7xx_HAL_Driver/Src/stm32f7xx_hal_exti.c ****   }
 318:Drivers/STM32F7xx_HAL_Driver/Src/stm32f7xx_hal_exti.c **** 
 319:Drivers/STM32F7xx_HAL_Driver/Src/stm32f7xx_hal_exti.c ****   return HAL_OK;
 315              		.loc 1 319 0
 316 008c 0020     		movs	r0, #0
 317 008e 02E0     		b	.L21
 318              	.LVL27:
 319              	.L25:
 315:Drivers/STM32F7xx_HAL_Driver/Src/stm32f7xx_hal_exti.c ****     pExtiConfig->GPIOSel = 0x00u;
 320              		.loc 1 315 0
 321 0090 0020     		movs	r0, #0
 322 0092 9860     		str	r0, [r3, #8]
 316:Drivers/STM32F7xx_HAL_Driver/Src/stm32f7xx_hal_exti.c ****   }
 323              		.loc 1 316 0
 324 0094 D860     		str	r0, [r3, #12]
 325              	.LVL28:
 326              	.L21:
 320:Drivers/STM32F7xx_HAL_Driver/Src/stm32f7xx_hal_exti.c **** }
 327              		.loc 1 320 0
 328 0096 5DF8044B 		ldr	r4, [sp], #4
 329              	.LCFI5:
 330              		.cfi_restore 4
 331              		.cfi_def_cfa_offset 0
 332              	.LVL29:
 333 009a 7047     		bx	lr
 334              	.LVL30:
 335              	.L30:
 247:Drivers/STM32F7xx_HAL_Driver/Src/stm32f7xx_hal_exti.c ****   }
 336              		.loc 1 247 0
 337 009c 0120     		movs	r0, #1
 338              	.LVL31:
 339 009e 7047     		bx	lr
 340              	.L37:
 341              		.align	2
 342              	.L36:
 343 00a0 003C0140 		.word	1073822720
 344 00a4 00380140 		.word	1073821696
 345              		.cfi_endproc
 346              	.LFE142:
 348              		.section	.text.HAL_EXTI_ClearConfigLine,"ax",%progbits
 349              		.align	1
ARM GAS  /tmp/cct0o4CN.s 			page 13


 350              		.global	HAL_EXTI_ClearConfigLine
 351              		.syntax unified
 352              		.thumb
 353              		.thumb_func
 354              		.fpu fpv5-d16
 356              	HAL_EXTI_ClearConfigLine:
 357              	.LFB143:
 321:Drivers/STM32F7xx_HAL_Driver/Src/stm32f7xx_hal_exti.c **** 
 322:Drivers/STM32F7xx_HAL_Driver/Src/stm32f7xx_hal_exti.c **** /**
 323:Drivers/STM32F7xx_HAL_Driver/Src/stm32f7xx_hal_exti.c ****   * @brief  Clear whole configuration of a dedicated Exti line.
 324:Drivers/STM32F7xx_HAL_Driver/Src/stm32f7xx_hal_exti.c ****   * @param  hexti Exti handle.
 325:Drivers/STM32F7xx_HAL_Driver/Src/stm32f7xx_hal_exti.c ****   * @retval HAL Status.
 326:Drivers/STM32F7xx_HAL_Driver/Src/stm32f7xx_hal_exti.c ****   */
 327:Drivers/STM32F7xx_HAL_Driver/Src/stm32f7xx_hal_exti.c **** HAL_StatusTypeDef HAL_EXTI_ClearConfigLine(EXTI_HandleTypeDef *hexti)
 328:Drivers/STM32F7xx_HAL_Driver/Src/stm32f7xx_hal_exti.c **** {
 358              		.loc 1 328 0
 359              		.cfi_startproc
 360              		@ args = 0, pretend = 0, frame = 0
 361              		@ frame_needed = 0, uses_anonymous_args = 0
 362              		@ link register save eliminated.
 363              	.LVL32:
 329:Drivers/STM32F7xx_HAL_Driver/Src/stm32f7xx_hal_exti.c ****   uint32_t regval;
 330:Drivers/STM32F7xx_HAL_Driver/Src/stm32f7xx_hal_exti.c ****   uint32_t linepos;
 331:Drivers/STM32F7xx_HAL_Driver/Src/stm32f7xx_hal_exti.c ****   uint32_t maskline;
 332:Drivers/STM32F7xx_HAL_Driver/Src/stm32f7xx_hal_exti.c **** 
 333:Drivers/STM32F7xx_HAL_Driver/Src/stm32f7xx_hal_exti.c ****   /* Check null pointer */
 334:Drivers/STM32F7xx_HAL_Driver/Src/stm32f7xx_hal_exti.c ****   if (hexti == NULL)
 364              		.loc 1 334 0
 365 0000 0028     		cmp	r0, #0
 366 0002 32D0     		beq	.L40
 328:Drivers/STM32F7xx_HAL_Driver/Src/stm32f7xx_hal_exti.c ****   uint32_t regval;
 367              		.loc 1 328 0
 368 0004 30B4     		push	{r4, r5}
 369              	.LCFI6:
 370              		.cfi_def_cfa_offset 8
 371              		.cfi_offset 4, -8
 372              		.cfi_offset 5, -4
 373 0006 0446     		mov	r4, r0
 335:Drivers/STM32F7xx_HAL_Driver/Src/stm32f7xx_hal_exti.c ****   {
 336:Drivers/STM32F7xx_HAL_Driver/Src/stm32f7xx_hal_exti.c ****     return HAL_ERROR;
 337:Drivers/STM32F7xx_HAL_Driver/Src/stm32f7xx_hal_exti.c ****   }
 338:Drivers/STM32F7xx_HAL_Driver/Src/stm32f7xx_hal_exti.c **** 
 339:Drivers/STM32F7xx_HAL_Driver/Src/stm32f7xx_hal_exti.c ****   /* Check the parameter */
 340:Drivers/STM32F7xx_HAL_Driver/Src/stm32f7xx_hal_exti.c ****   assert_param(IS_EXTI_LINE(hexti->Line));
 341:Drivers/STM32F7xx_HAL_Driver/Src/stm32f7xx_hal_exti.c **** 
 342:Drivers/STM32F7xx_HAL_Driver/Src/stm32f7xx_hal_exti.c ****   /* compute line mask */
 343:Drivers/STM32F7xx_HAL_Driver/Src/stm32f7xx_hal_exti.c ****   linepos = (hexti->Line & EXTI_PIN_MASK);
 374              		.loc 1 343 0
 375 0008 0568     		ldr	r5, [r0]
 376 000a 05F01F00 		and	r0, r5, #31
 377              	.LVL33:
 344:Drivers/STM32F7xx_HAL_Driver/Src/stm32f7xx_hal_exti.c ****   maskline = (1uL << linepos);
 378              		.loc 1 344 0
 379 000e 0123     		movs	r3, #1
 380 0010 8340     		lsls	r3, r3, r0
 381              	.LVL34:
 345:Drivers/STM32F7xx_HAL_Driver/Src/stm32f7xx_hal_exti.c **** 
ARM GAS  /tmp/cct0o4CN.s 			page 14


 346:Drivers/STM32F7xx_HAL_Driver/Src/stm32f7xx_hal_exti.c ****   /* 1] Clear interrupt mode */
 347:Drivers/STM32F7xx_HAL_Driver/Src/stm32f7xx_hal_exti.c ****   EXTI->IMR = (EXTI->IMR & ~maskline);
 382              		.loc 1 347 0
 383 0012 184A     		ldr	r2, .L48
 384 0014 1168     		ldr	r1, [r2]
 385 0016 DB43     		mvns	r3, r3
 386              	.LVL35:
 387 0018 1940     		ands	r1, r1, r3
 388 001a 1160     		str	r1, [r2]
 348:Drivers/STM32F7xx_HAL_Driver/Src/stm32f7xx_hal_exti.c **** 
 349:Drivers/STM32F7xx_HAL_Driver/Src/stm32f7xx_hal_exti.c ****   /* 2] Clear event mode */
 350:Drivers/STM32F7xx_HAL_Driver/Src/stm32f7xx_hal_exti.c ****   EXTI->EMR = (EXTI->EMR & ~maskline);
 389              		.loc 1 350 0
 390 001c 5168     		ldr	r1, [r2, #4]
 391 001e 1940     		ands	r1, r1, r3
 392 0020 5160     		str	r1, [r2, #4]
 351:Drivers/STM32F7xx_HAL_Driver/Src/stm32f7xx_hal_exti.c **** 
 352:Drivers/STM32F7xx_HAL_Driver/Src/stm32f7xx_hal_exti.c ****   /* 3] Clear triggers in case of configurable lines */
 353:Drivers/STM32F7xx_HAL_Driver/Src/stm32f7xx_hal_exti.c ****   if ((hexti->Line & EXTI_CONFIG) != 0x00u)
 393              		.loc 1 353 0
 394 0022 2268     		ldr	r2, [r4]
 395 0024 12F0007F 		tst	r2, #33554432
 396 0028 21D0     		beq	.L41
 354:Drivers/STM32F7xx_HAL_Driver/Src/stm32f7xx_hal_exti.c ****   {
 355:Drivers/STM32F7xx_HAL_Driver/Src/stm32f7xx_hal_exti.c ****     EXTI->RTSR = (EXTI->RTSR & ~maskline);
 397              		.loc 1 355 0
 398 002a 124A     		ldr	r2, .L48
 399 002c 9168     		ldr	r1, [r2, #8]
 400 002e 1940     		ands	r1, r1, r3
 401 0030 9160     		str	r1, [r2, #8]
 356:Drivers/STM32F7xx_HAL_Driver/Src/stm32f7xx_hal_exti.c ****     EXTI->FTSR = (EXTI->FTSR & ~maskline);
 402              		.loc 1 356 0
 403 0032 D168     		ldr	r1, [r2, #12]
 404 0034 0B40     		ands	r3, r3, r1
 405              	.LVL36:
 406 0036 D360     		str	r3, [r2, #12]
 357:Drivers/STM32F7xx_HAL_Driver/Src/stm32f7xx_hal_exti.c **** 
 358:Drivers/STM32F7xx_HAL_Driver/Src/stm32f7xx_hal_exti.c ****     /* Get Gpio port selection for gpio lines */
 359:Drivers/STM32F7xx_HAL_Driver/Src/stm32f7xx_hal_exti.c ****     if ((hexti->Line & EXTI_GPIO) == EXTI_GPIO)
 407              		.loc 1 359 0
 408 0038 2368     		ldr	r3, [r4]
 409 003a 03F0C063 		and	r3, r3, #100663296
 410 003e B3F1C06F 		cmp	r3, #100663296
 411 0042 01D0     		beq	.L47
 360:Drivers/STM32F7xx_HAL_Driver/Src/stm32f7xx_hal_exti.c ****     {
 361:Drivers/STM32F7xx_HAL_Driver/Src/stm32f7xx_hal_exti.c ****       assert_param(IS_EXTI_GPIO_PIN(linepos));
 362:Drivers/STM32F7xx_HAL_Driver/Src/stm32f7xx_hal_exti.c **** 
 363:Drivers/STM32F7xx_HAL_Driver/Src/stm32f7xx_hal_exti.c ****       regval = SYSCFG->EXTICR[linepos >> 2u];
 364:Drivers/STM32F7xx_HAL_Driver/Src/stm32f7xx_hal_exti.c ****       regval &= ~(SYSCFG_EXTICR1_EXTI0 << (SYSCFG_EXTICR1_EXTI1_Pos * (linepos & 0x03u)));
 365:Drivers/STM32F7xx_HAL_Driver/Src/stm32f7xx_hal_exti.c ****       SYSCFG->EXTICR[linepos >> 2u] = regval;
 366:Drivers/STM32F7xx_HAL_Driver/Src/stm32f7xx_hal_exti.c ****     }
 367:Drivers/STM32F7xx_HAL_Driver/Src/stm32f7xx_hal_exti.c ****   }
 368:Drivers/STM32F7xx_HAL_Driver/Src/stm32f7xx_hal_exti.c **** 
 369:Drivers/STM32F7xx_HAL_Driver/Src/stm32f7xx_hal_exti.c ****   return HAL_OK;
 412              		.loc 1 369 0
 413 0044 0020     		movs	r0, #0
 414              	.LVL37:
ARM GAS  /tmp/cct0o4CN.s 			page 15


 415 0046 13E0     		b	.L39
 416              	.LVL38:
 417              	.L47:
 363:Drivers/STM32F7xx_HAL_Driver/Src/stm32f7xx_hal_exti.c ****       regval &= ~(SYSCFG_EXTICR1_EXTI0 << (SYSCFG_EXTICR1_EXTI1_Pos * (linepos & 0x03u)));
 418              		.loc 1 363 0
 419 0048 8008     		lsrs	r0, r0, #2
 420              	.LVL39:
 421 004a 0B49     		ldr	r1, .L48+4
 422 004c 0230     		adds	r0, r0, #2
 423 004e 51F82030 		ldr	r3, [r1, r0, lsl #2]
 424              	.LVL40:
 364:Drivers/STM32F7xx_HAL_Driver/Src/stm32f7xx_hal_exti.c ****       SYSCFG->EXTICR[linepos >> 2u] = regval;
 425              		.loc 1 364 0
 426 0052 05F00305 		and	r5, r5, #3
 427              	.LVL41:
 428 0056 AD00     		lsls	r5, r5, #2
 429 0058 0F22     		movs	r2, #15
 430 005a 02FA05F5 		lsl	r5, r2, r5
 431 005e 23EA0505 		bic	r5, r3, r5
 432              	.LVL42:
 365:Drivers/STM32F7xx_HAL_Driver/Src/stm32f7xx_hal_exti.c ****     }
 433              		.loc 1 365 0
 434 0062 41F82050 		str	r5, [r1, r0, lsl #2]
 435              		.loc 1 369 0
 436 0066 0020     		movs	r0, #0
 437 0068 02E0     		b	.L39
 438              	.LVL43:
 439              	.L40:
 440              	.LCFI7:
 441              		.cfi_def_cfa_offset 0
 442              		.cfi_restore 4
 443              		.cfi_restore 5
 336:Drivers/STM32F7xx_HAL_Driver/Src/stm32f7xx_hal_exti.c ****   }
 444              		.loc 1 336 0
 445 006a 0120     		movs	r0, #1
 446              	.LVL44:
 447 006c 7047     		bx	lr
 448              	.LVL45:
 449              	.L41:
 450              	.LCFI8:
 451              		.cfi_def_cfa_offset 8
 452              		.cfi_offset 4, -8
 453              		.cfi_offset 5, -4
 454              		.loc 1 369 0
 455 006e 0020     		movs	r0, #0
 456              	.LVL46:
 457              	.L39:
 370:Drivers/STM32F7xx_HAL_Driver/Src/stm32f7xx_hal_exti.c **** }
 458              		.loc 1 370 0
 459 0070 30BC     		pop	{r4, r5}
 460              	.LCFI9:
 461              		.cfi_restore 5
 462              		.cfi_restore 4
 463              		.cfi_def_cfa_offset 0
 464              	.LVL47:
 465 0072 7047     		bx	lr
 466              	.L49:
ARM GAS  /tmp/cct0o4CN.s 			page 16


 467              		.align	2
 468              	.L48:
 469 0074 003C0140 		.word	1073822720
 470 0078 00380140 		.word	1073821696
 471              		.cfi_endproc
 472              	.LFE143:
 474              		.section	.text.HAL_EXTI_RegisterCallback,"ax",%progbits
 475              		.align	1
 476              		.global	HAL_EXTI_RegisterCallback
 477              		.syntax unified
 478              		.thumb
 479              		.thumb_func
 480              		.fpu fpv5-d16
 482              	HAL_EXTI_RegisterCallback:
 483              	.LFB144:
 371:Drivers/STM32F7xx_HAL_Driver/Src/stm32f7xx_hal_exti.c **** 
 372:Drivers/STM32F7xx_HAL_Driver/Src/stm32f7xx_hal_exti.c **** /**
 373:Drivers/STM32F7xx_HAL_Driver/Src/stm32f7xx_hal_exti.c ****   * @brief  Register callback for a dedicated Exti line.
 374:Drivers/STM32F7xx_HAL_Driver/Src/stm32f7xx_hal_exti.c ****   * @param  hexti Exti handle.
 375:Drivers/STM32F7xx_HAL_Driver/Src/stm32f7xx_hal_exti.c ****   * @param  CallbackID User callback identifier.
 376:Drivers/STM32F7xx_HAL_Driver/Src/stm32f7xx_hal_exti.c ****   *         This parameter can be one of @arg @ref EXTI_CallbackIDTypeDef values.
 377:Drivers/STM32F7xx_HAL_Driver/Src/stm32f7xx_hal_exti.c ****   * @param  pPendingCbfn function pointer to be stored as callback.
 378:Drivers/STM32F7xx_HAL_Driver/Src/stm32f7xx_hal_exti.c ****   * @retval HAL Status.
 379:Drivers/STM32F7xx_HAL_Driver/Src/stm32f7xx_hal_exti.c ****   */
 380:Drivers/STM32F7xx_HAL_Driver/Src/stm32f7xx_hal_exti.c **** HAL_StatusTypeDef HAL_EXTI_RegisterCallback(EXTI_HandleTypeDef *hexti, EXTI_CallbackIDTypeDef Callb
 381:Drivers/STM32F7xx_HAL_Driver/Src/stm32f7xx_hal_exti.c **** {
 484              		.loc 1 381 0
 485              		.cfi_startproc
 486              		@ args = 0, pretend = 0, frame = 0
 487              		@ frame_needed = 0, uses_anonymous_args = 0
 488              		@ link register save eliminated.
 489              	.LVL48:
 382:Drivers/STM32F7xx_HAL_Driver/Src/stm32f7xx_hal_exti.c ****   HAL_StatusTypeDef status = HAL_OK;
 383:Drivers/STM32F7xx_HAL_Driver/Src/stm32f7xx_hal_exti.c **** 
 384:Drivers/STM32F7xx_HAL_Driver/Src/stm32f7xx_hal_exti.c ****   switch (CallbackID)
 490              		.loc 1 384 0
 491 0000 11B9     		cbnz	r1, .L54
 385:Drivers/STM32F7xx_HAL_Driver/Src/stm32f7xx_hal_exti.c ****   {
 386:Drivers/STM32F7xx_HAL_Driver/Src/stm32f7xx_hal_exti.c ****     case  HAL_EXTI_COMMON_CB_ID:
 387:Drivers/STM32F7xx_HAL_Driver/Src/stm32f7xx_hal_exti.c ****       hexti->PendingCallback = pPendingCbfn;
 492              		.loc 1 387 0
 493 0002 4260     		str	r2, [r0, #4]
 382:Drivers/STM32F7xx_HAL_Driver/Src/stm32f7xx_hal_exti.c ****   HAL_StatusTypeDef status = HAL_OK;
 494              		.loc 1 382 0
 495 0004 0020     		movs	r0, #0
 496              	.LVL49:
 388:Drivers/STM32F7xx_HAL_Driver/Src/stm32f7xx_hal_exti.c ****       break;
 497              		.loc 1 388 0
 498 0006 7047     		bx	lr
 499              	.LVL50:
 500              	.L54:
 389:Drivers/STM32F7xx_HAL_Driver/Src/stm32f7xx_hal_exti.c **** 
 390:Drivers/STM32F7xx_HAL_Driver/Src/stm32f7xx_hal_exti.c ****     default:
 391:Drivers/STM32F7xx_HAL_Driver/Src/stm32f7xx_hal_exti.c ****       status = HAL_ERROR;
 501              		.loc 1 391 0
 502 0008 0120     		movs	r0, #1
 503              	.LVL51:
ARM GAS  /tmp/cct0o4CN.s 			page 17


 392:Drivers/STM32F7xx_HAL_Driver/Src/stm32f7xx_hal_exti.c ****       break;
 393:Drivers/STM32F7xx_HAL_Driver/Src/stm32f7xx_hal_exti.c ****   }
 394:Drivers/STM32F7xx_HAL_Driver/Src/stm32f7xx_hal_exti.c **** 
 395:Drivers/STM32F7xx_HAL_Driver/Src/stm32f7xx_hal_exti.c ****   return status;
 396:Drivers/STM32F7xx_HAL_Driver/Src/stm32f7xx_hal_exti.c **** }
 504              		.loc 1 396 0
 505 000a 7047     		bx	lr
 506              		.cfi_endproc
 507              	.LFE144:
 509              		.section	.text.HAL_EXTI_GetHandle,"ax",%progbits
 510              		.align	1
 511              		.global	HAL_EXTI_GetHandle
 512              		.syntax unified
 513              		.thumb
 514              		.thumb_func
 515              		.fpu fpv5-d16
 517              	HAL_EXTI_GetHandle:
 518              	.LFB145:
 397:Drivers/STM32F7xx_HAL_Driver/Src/stm32f7xx_hal_exti.c **** 
 398:Drivers/STM32F7xx_HAL_Driver/Src/stm32f7xx_hal_exti.c **** /**
 399:Drivers/STM32F7xx_HAL_Driver/Src/stm32f7xx_hal_exti.c ****   * @brief  Store line number as handle private field.
 400:Drivers/STM32F7xx_HAL_Driver/Src/stm32f7xx_hal_exti.c ****   * @param  hexti Exti handle.
 401:Drivers/STM32F7xx_HAL_Driver/Src/stm32f7xx_hal_exti.c ****   * @param  ExtiLine Exti line number.
 402:Drivers/STM32F7xx_HAL_Driver/Src/stm32f7xx_hal_exti.c ****   *         This parameter can be from 0 to @ref EXTI_LINE_NB.
 403:Drivers/STM32F7xx_HAL_Driver/Src/stm32f7xx_hal_exti.c ****   * @retval HAL Status.
 404:Drivers/STM32F7xx_HAL_Driver/Src/stm32f7xx_hal_exti.c ****   */
 405:Drivers/STM32F7xx_HAL_Driver/Src/stm32f7xx_hal_exti.c **** HAL_StatusTypeDef HAL_EXTI_GetHandle(EXTI_HandleTypeDef *hexti, uint32_t ExtiLine)
 406:Drivers/STM32F7xx_HAL_Driver/Src/stm32f7xx_hal_exti.c **** {
 519              		.loc 1 406 0
 520              		.cfi_startproc
 521              		@ args = 0, pretend = 0, frame = 0
 522              		@ frame_needed = 0, uses_anonymous_args = 0
 523              		@ link register save eliminated.
 524              	.LVL52:
 407:Drivers/STM32F7xx_HAL_Driver/Src/stm32f7xx_hal_exti.c ****   /* Check the parameters */
 408:Drivers/STM32F7xx_HAL_Driver/Src/stm32f7xx_hal_exti.c ****   assert_param(IS_EXTI_LINE(ExtiLine));
 409:Drivers/STM32F7xx_HAL_Driver/Src/stm32f7xx_hal_exti.c **** 
 410:Drivers/STM32F7xx_HAL_Driver/Src/stm32f7xx_hal_exti.c ****   /* Check null pointer */
 411:Drivers/STM32F7xx_HAL_Driver/Src/stm32f7xx_hal_exti.c ****   if (hexti == NULL)
 525              		.loc 1 411 0
 526 0000 10B1     		cbz	r0, .L57
 412:Drivers/STM32F7xx_HAL_Driver/Src/stm32f7xx_hal_exti.c ****   {
 413:Drivers/STM32F7xx_HAL_Driver/Src/stm32f7xx_hal_exti.c ****     return HAL_ERROR;
 414:Drivers/STM32F7xx_HAL_Driver/Src/stm32f7xx_hal_exti.c ****   }
 415:Drivers/STM32F7xx_HAL_Driver/Src/stm32f7xx_hal_exti.c ****   else
 416:Drivers/STM32F7xx_HAL_Driver/Src/stm32f7xx_hal_exti.c ****   {
 417:Drivers/STM32F7xx_HAL_Driver/Src/stm32f7xx_hal_exti.c ****     /* Store line number as handle private field */
 418:Drivers/STM32F7xx_HAL_Driver/Src/stm32f7xx_hal_exti.c ****     hexti->Line = ExtiLine;
 527              		.loc 1 418 0
 528 0002 0160     		str	r1, [r0]
 419:Drivers/STM32F7xx_HAL_Driver/Src/stm32f7xx_hal_exti.c **** 
 420:Drivers/STM32F7xx_HAL_Driver/Src/stm32f7xx_hal_exti.c ****     return HAL_OK;
 529              		.loc 1 420 0
 530 0004 0020     		movs	r0, #0
 531              	.LVL53:
 532 0006 7047     		bx	lr
 533              	.LVL54:
ARM GAS  /tmp/cct0o4CN.s 			page 18


 534              	.L57:
 413:Drivers/STM32F7xx_HAL_Driver/Src/stm32f7xx_hal_exti.c ****   }
 535              		.loc 1 413 0
 536 0008 0120     		movs	r0, #1
 537              	.LVL55:
 421:Drivers/STM32F7xx_HAL_Driver/Src/stm32f7xx_hal_exti.c ****   }
 422:Drivers/STM32F7xx_HAL_Driver/Src/stm32f7xx_hal_exti.c **** }
 538              		.loc 1 422 0
 539 000a 7047     		bx	lr
 540              		.cfi_endproc
 541              	.LFE145:
 543              		.section	.text.HAL_EXTI_IRQHandler,"ax",%progbits
 544              		.align	1
 545              		.global	HAL_EXTI_IRQHandler
 546              		.syntax unified
 547              		.thumb
 548              		.thumb_func
 549              		.fpu fpv5-d16
 551              	HAL_EXTI_IRQHandler:
 552              	.LFB146:
 423:Drivers/STM32F7xx_HAL_Driver/Src/stm32f7xx_hal_exti.c **** 
 424:Drivers/STM32F7xx_HAL_Driver/Src/stm32f7xx_hal_exti.c **** /**
 425:Drivers/STM32F7xx_HAL_Driver/Src/stm32f7xx_hal_exti.c ****   * @}
 426:Drivers/STM32F7xx_HAL_Driver/Src/stm32f7xx_hal_exti.c ****   */
 427:Drivers/STM32F7xx_HAL_Driver/Src/stm32f7xx_hal_exti.c **** 
 428:Drivers/STM32F7xx_HAL_Driver/Src/stm32f7xx_hal_exti.c **** /** @addtogroup EXTI_Exported_Functions_Group2
 429:Drivers/STM32F7xx_HAL_Driver/Src/stm32f7xx_hal_exti.c ****   *  @brief EXTI IO functions.
 430:Drivers/STM32F7xx_HAL_Driver/Src/stm32f7xx_hal_exti.c ****   *
 431:Drivers/STM32F7xx_HAL_Driver/Src/stm32f7xx_hal_exti.c **** @verbatim
 432:Drivers/STM32F7xx_HAL_Driver/Src/stm32f7xx_hal_exti.c ****  ===============================================================================
 433:Drivers/STM32F7xx_HAL_Driver/Src/stm32f7xx_hal_exti.c ****                        ##### IO operation functions #####
 434:Drivers/STM32F7xx_HAL_Driver/Src/stm32f7xx_hal_exti.c ****  ===============================================================================
 435:Drivers/STM32F7xx_HAL_Driver/Src/stm32f7xx_hal_exti.c **** 
 436:Drivers/STM32F7xx_HAL_Driver/Src/stm32f7xx_hal_exti.c **** @endverbatim
 437:Drivers/STM32F7xx_HAL_Driver/Src/stm32f7xx_hal_exti.c ****   * @{
 438:Drivers/STM32F7xx_HAL_Driver/Src/stm32f7xx_hal_exti.c ****   */
 439:Drivers/STM32F7xx_HAL_Driver/Src/stm32f7xx_hal_exti.c **** 
 440:Drivers/STM32F7xx_HAL_Driver/Src/stm32f7xx_hal_exti.c **** /**
 441:Drivers/STM32F7xx_HAL_Driver/Src/stm32f7xx_hal_exti.c ****   * @brief  Handle EXTI interrupt request.
 442:Drivers/STM32F7xx_HAL_Driver/Src/stm32f7xx_hal_exti.c ****   * @param  hexti Exti handle.
 443:Drivers/STM32F7xx_HAL_Driver/Src/stm32f7xx_hal_exti.c ****   * @retval none.
 444:Drivers/STM32F7xx_HAL_Driver/Src/stm32f7xx_hal_exti.c ****   */
 445:Drivers/STM32F7xx_HAL_Driver/Src/stm32f7xx_hal_exti.c **** void HAL_EXTI_IRQHandler(EXTI_HandleTypeDef *hexti)
 446:Drivers/STM32F7xx_HAL_Driver/Src/stm32f7xx_hal_exti.c **** {
 553              		.loc 1 446 0
 554              		.cfi_startproc
 555              		@ args = 0, pretend = 0, frame = 0
 556              		@ frame_needed = 0, uses_anonymous_args = 0
 557              	.LVL56:
 558 0000 08B5     		push	{r3, lr}
 559              	.LCFI10:
 560              		.cfi_def_cfa_offset 8
 561              		.cfi_offset 3, -8
 562              		.cfi_offset 14, -4
 447:Drivers/STM32F7xx_HAL_Driver/Src/stm32f7xx_hal_exti.c ****   uint32_t regval;
 448:Drivers/STM32F7xx_HAL_Driver/Src/stm32f7xx_hal_exti.c ****   uint32_t maskline;
 449:Drivers/STM32F7xx_HAL_Driver/Src/stm32f7xx_hal_exti.c **** 
ARM GAS  /tmp/cct0o4CN.s 			page 19


 450:Drivers/STM32F7xx_HAL_Driver/Src/stm32f7xx_hal_exti.c ****   /* Compute line mask */
 451:Drivers/STM32F7xx_HAL_Driver/Src/stm32f7xx_hal_exti.c ****   maskline = (1uL << (hexti->Line & EXTI_PIN_MASK));
 563              		.loc 1 451 0
 564 0002 0368     		ldr	r3, [r0]
 565 0004 03F01F02 		and	r2, r3, #31
 566 0008 0123     		movs	r3, #1
 567 000a 9340     		lsls	r3, r3, r2
 568              	.LVL57:
 452:Drivers/STM32F7xx_HAL_Driver/Src/stm32f7xx_hal_exti.c **** 
 453:Drivers/STM32F7xx_HAL_Driver/Src/stm32f7xx_hal_exti.c ****   /* Get pending bit  */
 454:Drivers/STM32F7xx_HAL_Driver/Src/stm32f7xx_hal_exti.c ****   regval = (EXTI->PR & maskline);
 569              		.loc 1 454 0
 570 000c 044A     		ldr	r2, .L61
 571 000e 5269     		ldr	r2, [r2, #20]
 572              	.LVL58:
 455:Drivers/STM32F7xx_HAL_Driver/Src/stm32f7xx_hal_exti.c ****   if (regval != 0x00u)
 573              		.loc 1 455 0
 574 0010 1342     		tst	r3, r2
 575 0012 04D0     		beq	.L58
 456:Drivers/STM32F7xx_HAL_Driver/Src/stm32f7xx_hal_exti.c ****   {
 457:Drivers/STM32F7xx_HAL_Driver/Src/stm32f7xx_hal_exti.c ****     /* Clear pending bit */
 458:Drivers/STM32F7xx_HAL_Driver/Src/stm32f7xx_hal_exti.c ****     EXTI->PR = maskline;
 576              		.loc 1 458 0
 577 0014 024A     		ldr	r2, .L61
 578              	.LVL59:
 579 0016 5361     		str	r3, [r2, #20]
 459:Drivers/STM32F7xx_HAL_Driver/Src/stm32f7xx_hal_exti.c **** 
 460:Drivers/STM32F7xx_HAL_Driver/Src/stm32f7xx_hal_exti.c ****     /* Call callback */
 461:Drivers/STM32F7xx_HAL_Driver/Src/stm32f7xx_hal_exti.c ****     if (hexti->PendingCallback != NULL)
 580              		.loc 1 461 0
 581 0018 4368     		ldr	r3, [r0, #4]
 582              	.LVL60:
 583 001a 03B1     		cbz	r3, .L58
 462:Drivers/STM32F7xx_HAL_Driver/Src/stm32f7xx_hal_exti.c ****     {
 463:Drivers/STM32F7xx_HAL_Driver/Src/stm32f7xx_hal_exti.c ****       hexti->PendingCallback();
 584              		.loc 1 463 0
 585 001c 9847     		blx	r3
 586              	.LVL61:
 587              	.L58:
 588 001e 08BD     		pop	{r3, pc}
 589              	.L62:
 590              		.align	2
 591              	.L61:
 592 0020 003C0140 		.word	1073822720
 593              		.cfi_endproc
 594              	.LFE146:
 596              		.section	.text.HAL_EXTI_GetPending,"ax",%progbits
 597              		.align	1
 598              		.global	HAL_EXTI_GetPending
 599              		.syntax unified
 600              		.thumb
 601              		.thumb_func
 602              		.fpu fpv5-d16
 604              	HAL_EXTI_GetPending:
 605              	.LFB147:
 464:Drivers/STM32F7xx_HAL_Driver/Src/stm32f7xx_hal_exti.c ****     }
 465:Drivers/STM32F7xx_HAL_Driver/Src/stm32f7xx_hal_exti.c ****   }
ARM GAS  /tmp/cct0o4CN.s 			page 20


 466:Drivers/STM32F7xx_HAL_Driver/Src/stm32f7xx_hal_exti.c **** }
 467:Drivers/STM32F7xx_HAL_Driver/Src/stm32f7xx_hal_exti.c **** 
 468:Drivers/STM32F7xx_HAL_Driver/Src/stm32f7xx_hal_exti.c **** /**
 469:Drivers/STM32F7xx_HAL_Driver/Src/stm32f7xx_hal_exti.c ****   * @brief  Get interrupt pending bit of a dedicated line.
 470:Drivers/STM32F7xx_HAL_Driver/Src/stm32f7xx_hal_exti.c ****   * @param  hexti Exti handle.
 471:Drivers/STM32F7xx_HAL_Driver/Src/stm32f7xx_hal_exti.c ****   * @param  Edge Specify which pending edge as to be checked.
 472:Drivers/STM32F7xx_HAL_Driver/Src/stm32f7xx_hal_exti.c ****   *         This parameter can be one of the following values:
 473:Drivers/STM32F7xx_HAL_Driver/Src/stm32f7xx_hal_exti.c ****   *           @arg @ref EXTI_TRIGGER_RISING_FALLING
 474:Drivers/STM32F7xx_HAL_Driver/Src/stm32f7xx_hal_exti.c ****   *         This parameter is kept for compatibility with other series.
 475:Drivers/STM32F7xx_HAL_Driver/Src/stm32f7xx_hal_exti.c ****   * @retval 1 if interrupt is pending else 0.
 476:Drivers/STM32F7xx_HAL_Driver/Src/stm32f7xx_hal_exti.c ****   */
 477:Drivers/STM32F7xx_HAL_Driver/Src/stm32f7xx_hal_exti.c **** uint32_t HAL_EXTI_GetPending(EXTI_HandleTypeDef *hexti, uint32_t Edge)
 478:Drivers/STM32F7xx_HAL_Driver/Src/stm32f7xx_hal_exti.c **** {
 606              		.loc 1 478 0
 607              		.cfi_startproc
 608              		@ args = 0, pretend = 0, frame = 0
 609              		@ frame_needed = 0, uses_anonymous_args = 0
 610              		@ link register save eliminated.
 611              	.LVL62:
 479:Drivers/STM32F7xx_HAL_Driver/Src/stm32f7xx_hal_exti.c ****   uint32_t regval;
 480:Drivers/STM32F7xx_HAL_Driver/Src/stm32f7xx_hal_exti.c ****   uint32_t linepos;
 481:Drivers/STM32F7xx_HAL_Driver/Src/stm32f7xx_hal_exti.c ****   uint32_t maskline;
 482:Drivers/STM32F7xx_HAL_Driver/Src/stm32f7xx_hal_exti.c **** 
 483:Drivers/STM32F7xx_HAL_Driver/Src/stm32f7xx_hal_exti.c ****   /* Check parameters */
 484:Drivers/STM32F7xx_HAL_Driver/Src/stm32f7xx_hal_exti.c ****   assert_param(IS_EXTI_LINE(hexti->Line));
 485:Drivers/STM32F7xx_HAL_Driver/Src/stm32f7xx_hal_exti.c ****   assert_param(IS_EXTI_CONFIG_LINE(hexti->Line));
 486:Drivers/STM32F7xx_HAL_Driver/Src/stm32f7xx_hal_exti.c ****   assert_param(IS_EXTI_PENDING_EDGE(Edge));
 487:Drivers/STM32F7xx_HAL_Driver/Src/stm32f7xx_hal_exti.c **** 
 488:Drivers/STM32F7xx_HAL_Driver/Src/stm32f7xx_hal_exti.c ****   /* Compute line mask */
 489:Drivers/STM32F7xx_HAL_Driver/Src/stm32f7xx_hal_exti.c ****   linepos = (hexti->Line & EXTI_PIN_MASK);
 612              		.loc 1 489 0
 613 0000 0068     		ldr	r0, [r0]
 614              	.LVL63:
 615 0002 00F01F00 		and	r0, r0, #31
 616              	.LVL64:
 490:Drivers/STM32F7xx_HAL_Driver/Src/stm32f7xx_hal_exti.c ****   maskline = (1uL << linepos);
 617              		.loc 1 490 0
 618 0006 0123     		movs	r3, #1
 619 0008 8340     		lsls	r3, r3, r0
 620              	.LVL65:
 491:Drivers/STM32F7xx_HAL_Driver/Src/stm32f7xx_hal_exti.c **** 
 492:Drivers/STM32F7xx_HAL_Driver/Src/stm32f7xx_hal_exti.c ****   /* return 1 if bit is set else 0 */
 493:Drivers/STM32F7xx_HAL_Driver/Src/stm32f7xx_hal_exti.c ****   regval = ((EXTI->PR & maskline) >> linepos);
 621              		.loc 1 493 0
 622 000a 034A     		ldr	r2, .L64
 623 000c 5269     		ldr	r2, [r2, #20]
 624 000e 1340     		ands	r3, r3, r2
 625              	.LVL66:
 494:Drivers/STM32F7xx_HAL_Driver/Src/stm32f7xx_hal_exti.c ****   return regval;
 495:Drivers/STM32F7xx_HAL_Driver/Src/stm32f7xx_hal_exti.c **** }
 626              		.loc 1 495 0
 627 0010 23FA00F0 		lsr	r0, r3, r0
 628              	.LVL67:
 629 0014 7047     		bx	lr
 630              	.L65:
 631 0016 00BF     		.align	2
 632              	.L64:
ARM GAS  /tmp/cct0o4CN.s 			page 21


 633 0018 003C0140 		.word	1073822720
 634              		.cfi_endproc
 635              	.LFE147:
 637              		.section	.text.HAL_EXTI_ClearPending,"ax",%progbits
 638              		.align	1
 639              		.global	HAL_EXTI_ClearPending
 640              		.syntax unified
 641              		.thumb
 642              		.thumb_func
 643              		.fpu fpv5-d16
 645              	HAL_EXTI_ClearPending:
 646              	.LFB148:
 496:Drivers/STM32F7xx_HAL_Driver/Src/stm32f7xx_hal_exti.c **** 
 497:Drivers/STM32F7xx_HAL_Driver/Src/stm32f7xx_hal_exti.c **** /**
 498:Drivers/STM32F7xx_HAL_Driver/Src/stm32f7xx_hal_exti.c ****   * @brief  Clear interrupt pending bit of a dedicated line.
 499:Drivers/STM32F7xx_HAL_Driver/Src/stm32f7xx_hal_exti.c ****   * @param  hexti Exti handle.
 500:Drivers/STM32F7xx_HAL_Driver/Src/stm32f7xx_hal_exti.c ****   * @param  Edge Specify which pending edge as to be clear.
 501:Drivers/STM32F7xx_HAL_Driver/Src/stm32f7xx_hal_exti.c ****   *         This parameter can be one of the following values:
 502:Drivers/STM32F7xx_HAL_Driver/Src/stm32f7xx_hal_exti.c ****   *           @arg @ref EXTI_TRIGGER_RISING_FALLING
 503:Drivers/STM32F7xx_HAL_Driver/Src/stm32f7xx_hal_exti.c ****   *         This parameter is kept for compatibility with other series.
 504:Drivers/STM32F7xx_HAL_Driver/Src/stm32f7xx_hal_exti.c ****   * @retval None.
 505:Drivers/STM32F7xx_HAL_Driver/Src/stm32f7xx_hal_exti.c ****   */
 506:Drivers/STM32F7xx_HAL_Driver/Src/stm32f7xx_hal_exti.c **** void HAL_EXTI_ClearPending(EXTI_HandleTypeDef *hexti, uint32_t Edge)
 507:Drivers/STM32F7xx_HAL_Driver/Src/stm32f7xx_hal_exti.c **** {
 647              		.loc 1 507 0
 648              		.cfi_startproc
 649              		@ args = 0, pretend = 0, frame = 0
 650              		@ frame_needed = 0, uses_anonymous_args = 0
 651              		@ link register save eliminated.
 652              	.LVL68:
 508:Drivers/STM32F7xx_HAL_Driver/Src/stm32f7xx_hal_exti.c ****   uint32_t maskline;
 509:Drivers/STM32F7xx_HAL_Driver/Src/stm32f7xx_hal_exti.c **** 
 510:Drivers/STM32F7xx_HAL_Driver/Src/stm32f7xx_hal_exti.c ****   /* Check parameters */
 511:Drivers/STM32F7xx_HAL_Driver/Src/stm32f7xx_hal_exti.c ****   assert_param(IS_EXTI_LINE(hexti->Line));
 512:Drivers/STM32F7xx_HAL_Driver/Src/stm32f7xx_hal_exti.c ****   assert_param(IS_EXTI_CONFIG_LINE(hexti->Line));
 513:Drivers/STM32F7xx_HAL_Driver/Src/stm32f7xx_hal_exti.c ****   assert_param(IS_EXTI_PENDING_EDGE(Edge));
 514:Drivers/STM32F7xx_HAL_Driver/Src/stm32f7xx_hal_exti.c **** 
 515:Drivers/STM32F7xx_HAL_Driver/Src/stm32f7xx_hal_exti.c ****   /* Compute line mask */
 516:Drivers/STM32F7xx_HAL_Driver/Src/stm32f7xx_hal_exti.c ****   maskline = (1uL << (hexti->Line & EXTI_PIN_MASK));
 653              		.loc 1 516 0
 654 0000 0268     		ldr	r2, [r0]
 655 0002 02F01F02 		and	r2, r2, #31
 656 0006 0123     		movs	r3, #1
 657 0008 9340     		lsls	r3, r3, r2
 658              	.LVL69:
 517:Drivers/STM32F7xx_HAL_Driver/Src/stm32f7xx_hal_exti.c **** 
 518:Drivers/STM32F7xx_HAL_Driver/Src/stm32f7xx_hal_exti.c ****   /* Clear Pending bit */
 519:Drivers/STM32F7xx_HAL_Driver/Src/stm32f7xx_hal_exti.c ****   EXTI->PR =  maskline;
 659              		.loc 1 519 0
 660 000a 014A     		ldr	r2, .L67
 661 000c 5361     		str	r3, [r2, #20]
 662 000e 7047     		bx	lr
 663              	.L68:
 664              		.align	2
 665              	.L67:
 666 0010 003C0140 		.word	1073822720
 667              		.cfi_endproc
ARM GAS  /tmp/cct0o4CN.s 			page 22


 668              	.LFE148:
 670              		.section	.text.HAL_EXTI_GenerateSWI,"ax",%progbits
 671              		.align	1
 672              		.global	HAL_EXTI_GenerateSWI
 673              		.syntax unified
 674              		.thumb
 675              		.thumb_func
 676              		.fpu fpv5-d16
 678              	HAL_EXTI_GenerateSWI:
 679              	.LFB149:
 520:Drivers/STM32F7xx_HAL_Driver/Src/stm32f7xx_hal_exti.c **** }
 521:Drivers/STM32F7xx_HAL_Driver/Src/stm32f7xx_hal_exti.c **** 
 522:Drivers/STM32F7xx_HAL_Driver/Src/stm32f7xx_hal_exti.c **** /**
 523:Drivers/STM32F7xx_HAL_Driver/Src/stm32f7xx_hal_exti.c ****   * @brief  Generate a software interrupt for a dedicated line.
 524:Drivers/STM32F7xx_HAL_Driver/Src/stm32f7xx_hal_exti.c ****   * @param  hexti Exti handle.
 525:Drivers/STM32F7xx_HAL_Driver/Src/stm32f7xx_hal_exti.c ****   * @retval None.
 526:Drivers/STM32F7xx_HAL_Driver/Src/stm32f7xx_hal_exti.c ****   */
 527:Drivers/STM32F7xx_HAL_Driver/Src/stm32f7xx_hal_exti.c **** void HAL_EXTI_GenerateSWI(EXTI_HandleTypeDef *hexti)
 528:Drivers/STM32F7xx_HAL_Driver/Src/stm32f7xx_hal_exti.c **** {
 680              		.loc 1 528 0
 681              		.cfi_startproc
 682              		@ args = 0, pretend = 0, frame = 0
 683              		@ frame_needed = 0, uses_anonymous_args = 0
 684              		@ link register save eliminated.
 685              	.LVL70:
 529:Drivers/STM32F7xx_HAL_Driver/Src/stm32f7xx_hal_exti.c ****   uint32_t maskline;
 530:Drivers/STM32F7xx_HAL_Driver/Src/stm32f7xx_hal_exti.c **** 
 531:Drivers/STM32F7xx_HAL_Driver/Src/stm32f7xx_hal_exti.c ****   /* Check parameters */
 532:Drivers/STM32F7xx_HAL_Driver/Src/stm32f7xx_hal_exti.c ****   assert_param(IS_EXTI_LINE(hexti->Line));
 533:Drivers/STM32F7xx_HAL_Driver/Src/stm32f7xx_hal_exti.c ****   assert_param(IS_EXTI_CONFIG_LINE(hexti->Line));
 534:Drivers/STM32F7xx_HAL_Driver/Src/stm32f7xx_hal_exti.c **** 
 535:Drivers/STM32F7xx_HAL_Driver/Src/stm32f7xx_hal_exti.c ****   /* Compute line mask */
 536:Drivers/STM32F7xx_HAL_Driver/Src/stm32f7xx_hal_exti.c ****   maskline = (1uL << (hexti->Line & EXTI_PIN_MASK));
 686              		.loc 1 536 0
 687 0000 0268     		ldr	r2, [r0]
 688 0002 02F01F02 		and	r2, r2, #31
 689 0006 0123     		movs	r3, #1
 690 0008 9340     		lsls	r3, r3, r2
 691              	.LVL71:
 537:Drivers/STM32F7xx_HAL_Driver/Src/stm32f7xx_hal_exti.c **** 
 538:Drivers/STM32F7xx_HAL_Driver/Src/stm32f7xx_hal_exti.c ****   /* Generate Software interrupt */
 539:Drivers/STM32F7xx_HAL_Driver/Src/stm32f7xx_hal_exti.c ****   EXTI->SWIER = maskline;
 692              		.loc 1 539 0
 693 000a 014A     		ldr	r2, .L70
 694 000c 1361     		str	r3, [r2, #16]
 695 000e 7047     		bx	lr
 696              	.L71:
 697              		.align	2
 698              	.L70:
 699 0010 003C0140 		.word	1073822720
 700              		.cfi_endproc
 701              	.LFE149:
 703              		.text
 704              	.Letext0:
 705              		.file 2 "/usr/include/newlib/machine/_default_types.h"
 706              		.file 3 "/usr/include/newlib/sys/_stdint.h"
 707              		.file 4 "Drivers/CMSIS/Include/core_cm7.h"
ARM GAS  /tmp/cct0o4CN.s 			page 23


 708              		.file 5 "Drivers/CMSIS/Device/ST/STM32F7xx/Include/system_stm32f7xx.h"
 709              		.file 6 "Drivers/CMSIS/Device/ST/STM32F7xx/Include/stm32f767xx.h"
 710              		.file 7 "Drivers/STM32F7xx_HAL_Driver/Inc/stm32f7xx_hal_def.h"
 711              		.file 8 "Drivers/STM32F7xx_HAL_Driver/Inc/stm32f7xx_hal_exti.h"
 712              		.file 9 "Drivers/STM32F7xx_HAL_Driver/Inc/stm32f7xx_hal.h"
ARM GAS  /tmp/cct0o4CN.s 			page 24


DEFINED SYMBOLS
                            *ABS*:0000000000000000 stm32f7xx_hal_exti.c
     /tmp/cct0o4CN.s:17     .text.HAL_EXTI_SetConfigLine:0000000000000000 $t
     /tmp/cct0o4CN.s:24     .text.HAL_EXTI_SetConfigLine:0000000000000000 HAL_EXTI_SetConfigLine
     /tmp/cct0o4CN.s:195    .text.HAL_EXTI_SetConfigLine:00000000000000d0 $d
     /tmp/cct0o4CN.s:201    .text.HAL_EXTI_GetConfigLine:0000000000000000 $t
     /tmp/cct0o4CN.s:208    .text.HAL_EXTI_GetConfigLine:0000000000000000 HAL_EXTI_GetConfigLine
     /tmp/cct0o4CN.s:343    .text.HAL_EXTI_GetConfigLine:00000000000000a0 $d
     /tmp/cct0o4CN.s:349    .text.HAL_EXTI_ClearConfigLine:0000000000000000 $t
     /tmp/cct0o4CN.s:356    .text.HAL_EXTI_ClearConfigLine:0000000000000000 HAL_EXTI_ClearConfigLine
     /tmp/cct0o4CN.s:469    .text.HAL_EXTI_ClearConfigLine:0000000000000074 $d
     /tmp/cct0o4CN.s:475    .text.HAL_EXTI_RegisterCallback:0000000000000000 $t
     /tmp/cct0o4CN.s:482    .text.HAL_EXTI_RegisterCallback:0000000000000000 HAL_EXTI_RegisterCallback
     /tmp/cct0o4CN.s:510    .text.HAL_EXTI_GetHandle:0000000000000000 $t
     /tmp/cct0o4CN.s:517    .text.HAL_EXTI_GetHandle:0000000000000000 HAL_EXTI_GetHandle
     /tmp/cct0o4CN.s:544    .text.HAL_EXTI_IRQHandler:0000000000000000 $t
     /tmp/cct0o4CN.s:551    .text.HAL_EXTI_IRQHandler:0000000000000000 HAL_EXTI_IRQHandler
     /tmp/cct0o4CN.s:592    .text.HAL_EXTI_IRQHandler:0000000000000020 $d
     /tmp/cct0o4CN.s:597    .text.HAL_EXTI_GetPending:0000000000000000 $t
     /tmp/cct0o4CN.s:604    .text.HAL_EXTI_GetPending:0000000000000000 HAL_EXTI_GetPending
     /tmp/cct0o4CN.s:633    .text.HAL_EXTI_GetPending:0000000000000018 $d
     /tmp/cct0o4CN.s:638    .text.HAL_EXTI_ClearPending:0000000000000000 $t
     /tmp/cct0o4CN.s:645    .text.HAL_EXTI_ClearPending:0000000000000000 HAL_EXTI_ClearPending
     /tmp/cct0o4CN.s:666    .text.HAL_EXTI_ClearPending:0000000000000010 $d
     /tmp/cct0o4CN.s:671    .text.HAL_EXTI_GenerateSWI:0000000000000000 $t
     /tmp/cct0o4CN.s:678    .text.HAL_EXTI_GenerateSWI:0000000000000000 HAL_EXTI_GenerateSWI
     /tmp/cct0o4CN.s:699    .text.HAL_EXTI_GenerateSWI:0000000000000010 $d
                     .debug_frame:0000000000000010 $d

NO UNDEFINED SYMBOLS
