ARM GAS  /tmp/ccmBJplk.s 			page 1


   1              		.cpu cortex-m7
   2              		.eabi_attribute 28, 1
   3              		.eabi_attribute 20, 1
   4              		.eabi_attribute 21, 1
   5              		.eabi_attribute 23, 3
   6              		.eabi_attribute 24, 1
   7              		.eabi_attribute 25, 1
   8              		.eabi_attribute 26, 1
   9              		.eabi_attribute 30, 1
  10              		.eabi_attribute 34, 1
  11              		.eabi_attribute 18, 4
  12              		.file	"usb_device.c"
  13              		.text
  14              	.Ltext0:
  15              		.cfi_sections	.debug_frame
  16              		.section	.text.MX_USB_DEVICE_Init,"ax",%progbits
  17              		.align	1
  18              		.global	MX_USB_DEVICE_Init
  19              		.syntax unified
  20              		.thumb
  21              		.thumb_func
  22              		.fpu fpv5-d16
  24              	MX_USB_DEVICE_Init:
  25              	.LFB143:
  26              		.file 1 "USB_DEVICE/App/usb_device.c"
   1:USB_DEVICE/App/usb_device.c **** /* USER CODE BEGIN Header */
   2:USB_DEVICE/App/usb_device.c **** /**
   3:USB_DEVICE/App/usb_device.c ****   ******************************************************************************
   4:USB_DEVICE/App/usb_device.c ****   * @file           : usb_device.c
   5:USB_DEVICE/App/usb_device.c ****   * @version        : v1.0_Cube
   6:USB_DEVICE/App/usb_device.c ****   * @brief          : This file implements the USB Device
   7:USB_DEVICE/App/usb_device.c ****   ******************************************************************************
   8:USB_DEVICE/App/usb_device.c ****   * @attention
   9:USB_DEVICE/App/usb_device.c ****   *
  10:USB_DEVICE/App/usb_device.c ****   * <h2><center>&copy; Copyright (c) 2021 STMicroelectronics.
  11:USB_DEVICE/App/usb_device.c ****   * All rights reserved.</center></h2>
  12:USB_DEVICE/App/usb_device.c ****   *
  13:USB_DEVICE/App/usb_device.c ****   * This software component is licensed by ST under Ultimate Liberty license
  14:USB_DEVICE/App/usb_device.c ****   * SLA0044, the "License"; You may not use this file except in compliance with
  15:USB_DEVICE/App/usb_device.c ****   * the License. You may obtain a copy of the License at:
  16:USB_DEVICE/App/usb_device.c ****   *                             www.st.com/SLA0044
  17:USB_DEVICE/App/usb_device.c ****   *
  18:USB_DEVICE/App/usb_device.c ****   ******************************************************************************
  19:USB_DEVICE/App/usb_device.c ****   */
  20:USB_DEVICE/App/usb_device.c **** /* USER CODE END Header */
  21:USB_DEVICE/App/usb_device.c **** 
  22:USB_DEVICE/App/usb_device.c **** /* Includes ------------------------------------------------------------------*/
  23:USB_DEVICE/App/usb_device.c **** 
  24:USB_DEVICE/App/usb_device.c **** #include "usb_device.h"
  25:USB_DEVICE/App/usb_device.c **** #include "usbd_core.h"
  26:USB_DEVICE/App/usb_device.c **** #include "usbd_desc.h"
  27:USB_DEVICE/App/usb_device.c **** #include "usbd_cdc.h"
  28:USB_DEVICE/App/usb_device.c **** #include "usbd_cdc_if.h"
  29:USB_DEVICE/App/usb_device.c **** 
  30:USB_DEVICE/App/usb_device.c **** /* USER CODE BEGIN Includes */
  31:USB_DEVICE/App/usb_device.c **** 
  32:USB_DEVICE/App/usb_device.c **** /* USER CODE END Includes */
ARM GAS  /tmp/ccmBJplk.s 			page 2


  33:USB_DEVICE/App/usb_device.c **** 
  34:USB_DEVICE/App/usb_device.c **** /* USER CODE BEGIN PV */
  35:USB_DEVICE/App/usb_device.c **** /* Private variables ---------------------------------------------------------*/
  36:USB_DEVICE/App/usb_device.c **** 
  37:USB_DEVICE/App/usb_device.c **** /* USER CODE END PV */
  38:USB_DEVICE/App/usb_device.c **** 
  39:USB_DEVICE/App/usb_device.c **** /* USER CODE BEGIN PFP */
  40:USB_DEVICE/App/usb_device.c **** /* Private function prototypes -----------------------------------------------*/
  41:USB_DEVICE/App/usb_device.c **** 
  42:USB_DEVICE/App/usb_device.c **** /* USER CODE END PFP */
  43:USB_DEVICE/App/usb_device.c **** 
  44:USB_DEVICE/App/usb_device.c **** /* USB Device Core handle declaration. */
  45:USB_DEVICE/App/usb_device.c **** USBD_HandleTypeDef hUsbDeviceFS;
  46:USB_DEVICE/App/usb_device.c **** 
  47:USB_DEVICE/App/usb_device.c **** /*
  48:USB_DEVICE/App/usb_device.c ****  * -- Insert your variables declaration here --
  49:USB_DEVICE/App/usb_device.c ****  */
  50:USB_DEVICE/App/usb_device.c **** /* USER CODE BEGIN 0 */
  51:USB_DEVICE/App/usb_device.c **** 
  52:USB_DEVICE/App/usb_device.c **** /* USER CODE END 0 */
  53:USB_DEVICE/App/usb_device.c **** 
  54:USB_DEVICE/App/usb_device.c **** /*
  55:USB_DEVICE/App/usb_device.c ****  * -- Insert your external function declaration here --
  56:USB_DEVICE/App/usb_device.c ****  */
  57:USB_DEVICE/App/usb_device.c **** /* USER CODE BEGIN 1 */
  58:USB_DEVICE/App/usb_device.c **** 
  59:USB_DEVICE/App/usb_device.c **** /* USER CODE END 1 */
  60:USB_DEVICE/App/usb_device.c **** 
  61:USB_DEVICE/App/usb_device.c **** /**
  62:USB_DEVICE/App/usb_device.c ****   * Init USB device Library, add supported class and start the library
  63:USB_DEVICE/App/usb_device.c ****   * @retval None
  64:USB_DEVICE/App/usb_device.c ****   */
  65:USB_DEVICE/App/usb_device.c **** void MX_USB_DEVICE_Init(void)
  66:USB_DEVICE/App/usb_device.c **** {
  27              		.loc 1 66 0
  28              		.cfi_startproc
  29              		@ args = 0, pretend = 0, frame = 0
  30              		@ frame_needed = 0, uses_anonymous_args = 0
  31 0000 08B5     		push	{r3, lr}
  32              	.LCFI0:
  33              		.cfi_def_cfa_offset 8
  34              		.cfi_offset 3, -8
  35              		.cfi_offset 14, -4
  67:USB_DEVICE/App/usb_device.c ****   /* USER CODE BEGIN USB_DEVICE_Init_PreTreatment */
  68:USB_DEVICE/App/usb_device.c **** 
  69:USB_DEVICE/App/usb_device.c ****   /* USER CODE END USB_DEVICE_Init_PreTreatment */
  70:USB_DEVICE/App/usb_device.c **** 
  71:USB_DEVICE/App/usb_device.c ****   /* Init Device Library, add supported class and start the library. */
  72:USB_DEVICE/App/usb_device.c ****   if (USBD_Init(&hUsbDeviceFS, &FS_Desc, DEVICE_FS) != USBD_OK)
  36              		.loc 1 72 0
  37 0002 0022     		movs	r2, #0
  38 0004 0F49     		ldr	r1, .L11
  39 0006 1048     		ldr	r0, .L11+4
  40 0008 FFF7FEFF 		bl	USBD_Init
  41              	.LVL0:
  42 000c 70B9     		cbnz	r0, .L7
  43              	.L2:
ARM GAS  /tmp/ccmBJplk.s 			page 3


  73:USB_DEVICE/App/usb_device.c ****   {
  74:USB_DEVICE/App/usb_device.c ****     Error_Handler();
  75:USB_DEVICE/App/usb_device.c ****   }
  76:USB_DEVICE/App/usb_device.c ****   if (USBD_RegisterClass(&hUsbDeviceFS, &USBD_CDC) != USBD_OK)
  44              		.loc 1 76 0
  45 000e 0F49     		ldr	r1, .L11+8
  46 0010 0D48     		ldr	r0, .L11+4
  47 0012 FFF7FEFF 		bl	USBD_RegisterClass
  48              	.LVL1:
  49 0016 60B9     		cbnz	r0, .L8
  50              	.L3:
  77:USB_DEVICE/App/usb_device.c ****   {
  78:USB_DEVICE/App/usb_device.c ****     Error_Handler();
  79:USB_DEVICE/App/usb_device.c ****   }
  80:USB_DEVICE/App/usb_device.c ****   if (USBD_CDC_RegisterInterface(&hUsbDeviceFS, &USBD_Interface_fops_FS) != USBD_OK)
  51              		.loc 1 80 0
  52 0018 0D49     		ldr	r1, .L11+12
  53 001a 0B48     		ldr	r0, .L11+4
  54 001c FFF7FEFF 		bl	USBD_CDC_RegisterInterface
  55              	.LVL2:
  56 0020 50B9     		cbnz	r0, .L9
  57              	.L4:
  81:USB_DEVICE/App/usb_device.c ****   {
  82:USB_DEVICE/App/usb_device.c ****     Error_Handler();
  83:USB_DEVICE/App/usb_device.c ****   }
  84:USB_DEVICE/App/usb_device.c ****   if (USBD_Start(&hUsbDeviceFS) != USBD_OK)
  58              		.loc 1 84 0
  59 0022 0948     		ldr	r0, .L11+4
  60 0024 FFF7FEFF 		bl	USBD_Start
  61              	.LVL3:
  62 0028 48B9     		cbnz	r0, .L10
  63              	.L1:
  64 002a 08BD     		pop	{r3, pc}
  65              	.L7:
  74:USB_DEVICE/App/usb_device.c ****   }
  66              		.loc 1 74 0
  67 002c FFF7FEFF 		bl	Error_Handler
  68              	.LVL4:
  69 0030 EDE7     		b	.L2
  70              	.L8:
  78:USB_DEVICE/App/usb_device.c ****   }
  71              		.loc 1 78 0
  72 0032 FFF7FEFF 		bl	Error_Handler
  73              	.LVL5:
  74 0036 EFE7     		b	.L3
  75              	.L9:
  82:USB_DEVICE/App/usb_device.c ****   }
  76              		.loc 1 82 0
  77 0038 FFF7FEFF 		bl	Error_Handler
  78              	.LVL6:
  79 003c F1E7     		b	.L4
  80              	.L10:
  85:USB_DEVICE/App/usb_device.c ****   {
  86:USB_DEVICE/App/usb_device.c ****     Error_Handler();
  81              		.loc 1 86 0
  82 003e FFF7FEFF 		bl	Error_Handler
  83              	.LVL7:
ARM GAS  /tmp/ccmBJplk.s 			page 4


  87:USB_DEVICE/App/usb_device.c ****   }
  88:USB_DEVICE/App/usb_device.c **** 
  89:USB_DEVICE/App/usb_device.c ****   /* USER CODE BEGIN USB_DEVICE_Init_PostTreatment */
  90:USB_DEVICE/App/usb_device.c **** 
  91:USB_DEVICE/App/usb_device.c ****   /* USER CODE END USB_DEVICE_Init_PostTreatment */
  92:USB_DEVICE/App/usb_device.c **** }
  84              		.loc 1 92 0
  85 0042 F2E7     		b	.L1
  86              	.L12:
  87              		.align	2
  88              	.L11:
  89 0044 00000000 		.word	FS_Desc
  90 0048 00000000 		.word	hUsbDeviceFS
  91 004c 00000000 		.word	USBD_CDC
  92 0050 00000000 		.word	USBD_Interface_fops_FS
  93              		.cfi_endproc
  94              	.LFE143:
  96              		.comm	hUsbDeviceFS,720,4
  97              		.text
  98              	.Letext0:
  99              		.file 2 "/usr/include/newlib/machine/_default_types.h"
 100              		.file 3 "/usr/include/newlib/sys/_stdint.h"
 101              		.file 4 "Drivers/CMSIS/Include/core_cm7.h"
 102              		.file 5 "Drivers/CMSIS/Device/ST/STM32F7xx/Include/system_stm32f7xx.h"
 103              		.file 6 "Drivers/STM32F7xx_HAL_Driver/Inc/stm32f7xx_hal.h"
 104              		.file 7 "/usr/include/newlib/sys/lock.h"
 105              		.file 8 "/usr/include/newlib/sys/_types.h"
 106              		.file 9 "/usr/lib/gcc/arm-none-eabi/6.3.1/include/stddef.h"
 107              		.file 10 "/usr/include/newlib/sys/reent.h"
 108              		.file 11 "/usr/include/newlib/stdlib.h"
 109              		.file 12 "Middlewares/ST/STM32_USB_Device_Library/Core/Inc/usbd_def.h"
 110              		.file 13 "USB_DEVICE/App/usbd_desc.h"
 111              		.file 14 "Middlewares/ST/STM32_USB_Device_Library/Class/CDC/Inc/usbd_cdc.h"
 112              		.file 15 "USB_DEVICE/App/usbd_cdc_if.h"
 113              		.file 16 "Middlewares/ST/STM32_USB_Device_Library/Core/Inc/usbd_core.h"
 114              		.file 17 "Core/Inc/main.h"
ARM GAS  /tmp/ccmBJplk.s 			page 5


DEFINED SYMBOLS
                            *ABS*:0000000000000000 usb_device.c
     /tmp/ccmBJplk.s:17     .text.MX_USB_DEVICE_Init:0000000000000000 $t
     /tmp/ccmBJplk.s:24     .text.MX_USB_DEVICE_Init:0000000000000000 MX_USB_DEVICE_Init
     /tmp/ccmBJplk.s:89     .text.MX_USB_DEVICE_Init:0000000000000044 $d
                            *COM*:00000000000002d0 hUsbDeviceFS
                     .debug_frame:0000000000000010 $d

UNDEFINED SYMBOLS
USBD_Init
USBD_RegisterClass
USBD_CDC_RegisterInterface
USBD_Start
Error_Handler
FS_Desc
USBD_CDC
USBD_Interface_fops_FS
