ARM GAS  /tmp/cc8NVLHo.s 			page 1


   1              		.cpu cortex-m7
   2              		.eabi_attribute 28, 1
   3              		.eabi_attribute 20, 1
   4              		.eabi_attribute 21, 1
   5              		.eabi_attribute 23, 3
   6              		.eabi_attribute 24, 1
   7              		.eabi_attribute 25, 1
   8              		.eabi_attribute 26, 1
   9              		.eabi_attribute 30, 1
  10              		.eabi_attribute 34, 1
  11              		.eabi_attribute 18, 4
  12              		.file	"usbd_desc.c"
  13              		.text
  14              	.Ltext0:
  15              		.cfi_sections	.debug_frame
  16              		.section	.text.USBD_FS_DeviceDescriptor,"ax",%progbits
  17              		.align	1
  18              		.global	USBD_FS_DeviceDescriptor
  19              		.syntax unified
  20              		.thumb
  21              		.thumb_func
  22              		.fpu fpv5-d16
  24              	USBD_FS_DeviceDescriptor:
  25              	.LFB143:
  26              		.file 1 "USB_DEVICE/App/usbd_desc.c"
   1:USB_DEVICE/App/usbd_desc.c **** /* USER CODE BEGIN Header */
   2:USB_DEVICE/App/usbd_desc.c **** /**
   3:USB_DEVICE/App/usbd_desc.c ****   ******************************************************************************
   4:USB_DEVICE/App/usbd_desc.c ****   * @file           : App/usbd_desc.c
   5:USB_DEVICE/App/usbd_desc.c ****   * @version        : v1.0_Cube
   6:USB_DEVICE/App/usbd_desc.c ****   * @brief          : This file implements the USB device descriptors.
   7:USB_DEVICE/App/usbd_desc.c ****   ******************************************************************************
   8:USB_DEVICE/App/usbd_desc.c ****   * @attention
   9:USB_DEVICE/App/usbd_desc.c ****   *
  10:USB_DEVICE/App/usbd_desc.c ****   * <h2><center>&copy; Copyright (c) 2021 STMicroelectronics.
  11:USB_DEVICE/App/usbd_desc.c ****   * All rights reserved.</center></h2>
  12:USB_DEVICE/App/usbd_desc.c ****   *
  13:USB_DEVICE/App/usbd_desc.c ****   * This software component is licensed by ST under Ultimate Liberty license
  14:USB_DEVICE/App/usbd_desc.c ****   * SLA0044, the "License"; You may not use this file except in compliance with
  15:USB_DEVICE/App/usbd_desc.c ****   * the License. You may obtain a copy of the License at:
  16:USB_DEVICE/App/usbd_desc.c ****   *                             www.st.com/SLA0044
  17:USB_DEVICE/App/usbd_desc.c ****   *
  18:USB_DEVICE/App/usbd_desc.c ****   ******************************************************************************
  19:USB_DEVICE/App/usbd_desc.c ****   */
  20:USB_DEVICE/App/usbd_desc.c **** /* USER CODE END Header */
  21:USB_DEVICE/App/usbd_desc.c **** 
  22:USB_DEVICE/App/usbd_desc.c **** /* Includes ------------------------------------------------------------------*/
  23:USB_DEVICE/App/usbd_desc.c **** #include "usbd_core.h"
  24:USB_DEVICE/App/usbd_desc.c **** #include "usbd_desc.h"
  25:USB_DEVICE/App/usbd_desc.c **** #include "usbd_conf.h"
  26:USB_DEVICE/App/usbd_desc.c **** 
  27:USB_DEVICE/App/usbd_desc.c **** /* USER CODE BEGIN INCLUDE */
  28:USB_DEVICE/App/usbd_desc.c **** 
  29:USB_DEVICE/App/usbd_desc.c **** /* USER CODE END INCLUDE */
  30:USB_DEVICE/App/usbd_desc.c **** 
  31:USB_DEVICE/App/usbd_desc.c **** /* Private typedef -----------------------------------------------------------*/
  32:USB_DEVICE/App/usbd_desc.c **** /* Private define ------------------------------------------------------------*/
ARM GAS  /tmp/cc8NVLHo.s 			page 2


  33:USB_DEVICE/App/usbd_desc.c **** /* Private macro -------------------------------------------------------------*/
  34:USB_DEVICE/App/usbd_desc.c **** 
  35:USB_DEVICE/App/usbd_desc.c **** /* USER CODE BEGIN PV */
  36:USB_DEVICE/App/usbd_desc.c **** /* Private variables ---------------------------------------------------------*/
  37:USB_DEVICE/App/usbd_desc.c **** 
  38:USB_DEVICE/App/usbd_desc.c **** /* USER CODE END PV */
  39:USB_DEVICE/App/usbd_desc.c **** 
  40:USB_DEVICE/App/usbd_desc.c **** /** @addtogroup STM32_USB_OTG_DEVICE_LIBRARY
  41:USB_DEVICE/App/usbd_desc.c ****   * @{
  42:USB_DEVICE/App/usbd_desc.c ****   */
  43:USB_DEVICE/App/usbd_desc.c **** 
  44:USB_DEVICE/App/usbd_desc.c **** /** @addtogroup USBD_DESC
  45:USB_DEVICE/App/usbd_desc.c ****   * @{
  46:USB_DEVICE/App/usbd_desc.c ****   */
  47:USB_DEVICE/App/usbd_desc.c **** 
  48:USB_DEVICE/App/usbd_desc.c **** /** @defgroup USBD_DESC_Private_TypesDefinitions USBD_DESC_Private_TypesDefinitions
  49:USB_DEVICE/App/usbd_desc.c ****   * @brief Private types.
  50:USB_DEVICE/App/usbd_desc.c ****   * @{
  51:USB_DEVICE/App/usbd_desc.c ****   */
  52:USB_DEVICE/App/usbd_desc.c **** 
  53:USB_DEVICE/App/usbd_desc.c **** /* USER CODE BEGIN PRIVATE_TYPES */
  54:USB_DEVICE/App/usbd_desc.c **** 
  55:USB_DEVICE/App/usbd_desc.c **** /* USER CODE END PRIVATE_TYPES */
  56:USB_DEVICE/App/usbd_desc.c **** 
  57:USB_DEVICE/App/usbd_desc.c **** /**
  58:USB_DEVICE/App/usbd_desc.c ****   * @}
  59:USB_DEVICE/App/usbd_desc.c ****   */
  60:USB_DEVICE/App/usbd_desc.c **** 
  61:USB_DEVICE/App/usbd_desc.c **** /** @defgroup USBD_DESC_Private_Defines USBD_DESC_Private_Defines
  62:USB_DEVICE/App/usbd_desc.c ****   * @brief Private defines.
  63:USB_DEVICE/App/usbd_desc.c ****   * @{
  64:USB_DEVICE/App/usbd_desc.c ****   */
  65:USB_DEVICE/App/usbd_desc.c **** 
  66:USB_DEVICE/App/usbd_desc.c **** #define USBD_VID     1155
  67:USB_DEVICE/App/usbd_desc.c **** #define USBD_LANGID_STRING     1033
  68:USB_DEVICE/App/usbd_desc.c **** #define USBD_MANUFACTURER_STRING     "STMicroelectronics"
  69:USB_DEVICE/App/usbd_desc.c **** #define USBD_PID_FS     22336
  70:USB_DEVICE/App/usbd_desc.c **** #define USBD_PRODUCT_STRING_FS     "STM32 Virtual ComPort"
  71:USB_DEVICE/App/usbd_desc.c **** #define USBD_CONFIGURATION_STRING_FS     "CDC Config"
  72:USB_DEVICE/App/usbd_desc.c **** #define USBD_INTERFACE_STRING_FS     "CDC Interface"
  73:USB_DEVICE/App/usbd_desc.c **** 
  74:USB_DEVICE/App/usbd_desc.c **** #define USB_SIZ_BOS_DESC            0x0C
  75:USB_DEVICE/App/usbd_desc.c **** 
  76:USB_DEVICE/App/usbd_desc.c **** /* USER CODE BEGIN PRIVATE_DEFINES */
  77:USB_DEVICE/App/usbd_desc.c **** 
  78:USB_DEVICE/App/usbd_desc.c **** /* USER CODE END PRIVATE_DEFINES */
  79:USB_DEVICE/App/usbd_desc.c **** 
  80:USB_DEVICE/App/usbd_desc.c **** /**
  81:USB_DEVICE/App/usbd_desc.c ****   * @}
  82:USB_DEVICE/App/usbd_desc.c ****   */
  83:USB_DEVICE/App/usbd_desc.c **** 
  84:USB_DEVICE/App/usbd_desc.c **** /* USER CODE BEGIN 0 */
  85:USB_DEVICE/App/usbd_desc.c **** 
  86:USB_DEVICE/App/usbd_desc.c **** /* USER CODE END 0 */
  87:USB_DEVICE/App/usbd_desc.c **** 
  88:USB_DEVICE/App/usbd_desc.c **** /** @defgroup USBD_DESC_Private_Macros USBD_DESC_Private_Macros
  89:USB_DEVICE/App/usbd_desc.c ****   * @brief Private macros.
ARM GAS  /tmp/cc8NVLHo.s 			page 3


  90:USB_DEVICE/App/usbd_desc.c ****   * @{
  91:USB_DEVICE/App/usbd_desc.c ****   */
  92:USB_DEVICE/App/usbd_desc.c **** 
  93:USB_DEVICE/App/usbd_desc.c **** /* USER CODE BEGIN PRIVATE_MACRO */
  94:USB_DEVICE/App/usbd_desc.c **** 
  95:USB_DEVICE/App/usbd_desc.c **** /* USER CODE END PRIVATE_MACRO */
  96:USB_DEVICE/App/usbd_desc.c **** 
  97:USB_DEVICE/App/usbd_desc.c **** /**
  98:USB_DEVICE/App/usbd_desc.c ****   * @}
  99:USB_DEVICE/App/usbd_desc.c ****   */
 100:USB_DEVICE/App/usbd_desc.c **** 
 101:USB_DEVICE/App/usbd_desc.c **** /** @defgroup USBD_DESC_Private_FunctionPrototypes USBD_DESC_Private_FunctionPrototypes
 102:USB_DEVICE/App/usbd_desc.c ****   * @brief Private functions declaration.
 103:USB_DEVICE/App/usbd_desc.c ****   * @{
 104:USB_DEVICE/App/usbd_desc.c ****   */
 105:USB_DEVICE/App/usbd_desc.c **** 
 106:USB_DEVICE/App/usbd_desc.c **** static void Get_SerialNum(void);
 107:USB_DEVICE/App/usbd_desc.c **** static void IntToUnicode(uint32_t value, uint8_t * pbuf, uint8_t len);
 108:USB_DEVICE/App/usbd_desc.c **** 
 109:USB_DEVICE/App/usbd_desc.c **** /**
 110:USB_DEVICE/App/usbd_desc.c ****   * @}
 111:USB_DEVICE/App/usbd_desc.c ****   */
 112:USB_DEVICE/App/usbd_desc.c **** 
 113:USB_DEVICE/App/usbd_desc.c **** /** @defgroup USBD_DESC_Private_FunctionPrototypes USBD_DESC_Private_FunctionPrototypes
 114:USB_DEVICE/App/usbd_desc.c ****   * @brief Private functions declaration for FS.
 115:USB_DEVICE/App/usbd_desc.c ****   * @{
 116:USB_DEVICE/App/usbd_desc.c ****   */
 117:USB_DEVICE/App/usbd_desc.c **** 
 118:USB_DEVICE/App/usbd_desc.c **** uint8_t * USBD_FS_DeviceDescriptor(USBD_SpeedTypeDef speed, uint16_t *length);
 119:USB_DEVICE/App/usbd_desc.c **** uint8_t * USBD_FS_LangIDStrDescriptor(USBD_SpeedTypeDef speed, uint16_t *length);
 120:USB_DEVICE/App/usbd_desc.c **** uint8_t * USBD_FS_ManufacturerStrDescriptor(USBD_SpeedTypeDef speed, uint16_t *length);
 121:USB_DEVICE/App/usbd_desc.c **** uint8_t * USBD_FS_ProductStrDescriptor(USBD_SpeedTypeDef speed, uint16_t *length);
 122:USB_DEVICE/App/usbd_desc.c **** uint8_t * USBD_FS_SerialStrDescriptor(USBD_SpeedTypeDef speed, uint16_t *length);
 123:USB_DEVICE/App/usbd_desc.c **** uint8_t * USBD_FS_ConfigStrDescriptor(USBD_SpeedTypeDef speed, uint16_t *length);
 124:USB_DEVICE/App/usbd_desc.c **** uint8_t * USBD_FS_InterfaceStrDescriptor(USBD_SpeedTypeDef speed, uint16_t *length);
 125:USB_DEVICE/App/usbd_desc.c **** #if (USBD_LPM_ENABLED == 1)
 126:USB_DEVICE/App/usbd_desc.c **** uint8_t * USBD_FS_USR_BOSDescriptor(USBD_SpeedTypeDef speed, uint16_t *length);
 127:USB_DEVICE/App/usbd_desc.c **** #endif /* (USBD_LPM_ENABLED == 1) */
 128:USB_DEVICE/App/usbd_desc.c **** 
 129:USB_DEVICE/App/usbd_desc.c **** /**
 130:USB_DEVICE/App/usbd_desc.c ****   * @}
 131:USB_DEVICE/App/usbd_desc.c ****   */
 132:USB_DEVICE/App/usbd_desc.c **** 
 133:USB_DEVICE/App/usbd_desc.c **** /** @defgroup USBD_DESC_Private_Variables USBD_DESC_Private_Variables
 134:USB_DEVICE/App/usbd_desc.c ****   * @brief Private variables.
 135:USB_DEVICE/App/usbd_desc.c ****   * @{
 136:USB_DEVICE/App/usbd_desc.c ****   */
 137:USB_DEVICE/App/usbd_desc.c **** 
 138:USB_DEVICE/App/usbd_desc.c **** USBD_DescriptorsTypeDef FS_Desc =
 139:USB_DEVICE/App/usbd_desc.c **** {
 140:USB_DEVICE/App/usbd_desc.c ****   USBD_FS_DeviceDescriptor
 141:USB_DEVICE/App/usbd_desc.c **** , USBD_FS_LangIDStrDescriptor
 142:USB_DEVICE/App/usbd_desc.c **** , USBD_FS_ManufacturerStrDescriptor
 143:USB_DEVICE/App/usbd_desc.c **** , USBD_FS_ProductStrDescriptor
 144:USB_DEVICE/App/usbd_desc.c **** , USBD_FS_SerialStrDescriptor
 145:USB_DEVICE/App/usbd_desc.c **** , USBD_FS_ConfigStrDescriptor
 146:USB_DEVICE/App/usbd_desc.c **** , USBD_FS_InterfaceStrDescriptor
ARM GAS  /tmp/cc8NVLHo.s 			page 4


 147:USB_DEVICE/App/usbd_desc.c **** #if (USBD_LPM_ENABLED == 1)
 148:USB_DEVICE/App/usbd_desc.c **** , USBD_FS_USR_BOSDescriptor
 149:USB_DEVICE/App/usbd_desc.c **** #endif /* (USBD_LPM_ENABLED == 1) */
 150:USB_DEVICE/App/usbd_desc.c **** };
 151:USB_DEVICE/App/usbd_desc.c **** 
 152:USB_DEVICE/App/usbd_desc.c **** #if defined ( __ICCARM__ ) /* IAR Compiler */
 153:USB_DEVICE/App/usbd_desc.c ****   #pragma data_alignment=4
 154:USB_DEVICE/App/usbd_desc.c **** #endif /* defined ( __ICCARM__ ) */
 155:USB_DEVICE/App/usbd_desc.c **** /** USB standard device descriptor. */
 156:USB_DEVICE/App/usbd_desc.c **** __ALIGN_BEGIN uint8_t USBD_FS_DeviceDesc[USB_LEN_DEV_DESC] __ALIGN_END =
 157:USB_DEVICE/App/usbd_desc.c **** {
 158:USB_DEVICE/App/usbd_desc.c ****   0x12,                       /*bLength */
 159:USB_DEVICE/App/usbd_desc.c ****   USB_DESC_TYPE_DEVICE,       /*bDescriptorType*/
 160:USB_DEVICE/App/usbd_desc.c **** #if (USBD_LPM_ENABLED == 1)
 161:USB_DEVICE/App/usbd_desc.c ****   0x01,                       /*bcdUSB */ /* changed to USB version 2.01
 162:USB_DEVICE/App/usbd_desc.c ****                                              in order to support LPM L1 suspend
 163:USB_DEVICE/App/usbd_desc.c ****                                              resume test of USBCV3.0*/
 164:USB_DEVICE/App/usbd_desc.c **** #else
 165:USB_DEVICE/App/usbd_desc.c ****   0x00,                       /*bcdUSB */
 166:USB_DEVICE/App/usbd_desc.c **** #endif /* (USBD_LPM_ENABLED == 1) */
 167:USB_DEVICE/App/usbd_desc.c ****   0x02,
 168:USB_DEVICE/App/usbd_desc.c ****   0x02,                       /*bDeviceClass*/
 169:USB_DEVICE/App/usbd_desc.c ****   0x02,                       /*bDeviceSubClass*/
 170:USB_DEVICE/App/usbd_desc.c ****   0x00,                       /*bDeviceProtocol*/
 171:USB_DEVICE/App/usbd_desc.c ****   USB_MAX_EP0_SIZE,           /*bMaxPacketSize*/
 172:USB_DEVICE/App/usbd_desc.c ****   LOBYTE(USBD_VID),           /*idVendor*/
 173:USB_DEVICE/App/usbd_desc.c ****   HIBYTE(USBD_VID),           /*idVendor*/
 174:USB_DEVICE/App/usbd_desc.c ****   LOBYTE(USBD_PID_FS),        /*idProduct*/
 175:USB_DEVICE/App/usbd_desc.c ****   HIBYTE(USBD_PID_FS),        /*idProduct*/
 176:USB_DEVICE/App/usbd_desc.c ****   0x00,                       /*bcdDevice rel. 2.00*/
 177:USB_DEVICE/App/usbd_desc.c ****   0x02,
 178:USB_DEVICE/App/usbd_desc.c ****   USBD_IDX_MFC_STR,           /*Index of manufacturer  string*/
 179:USB_DEVICE/App/usbd_desc.c ****   USBD_IDX_PRODUCT_STR,       /*Index of product string*/
 180:USB_DEVICE/App/usbd_desc.c ****   USBD_IDX_SERIAL_STR,        /*Index of serial number string*/
 181:USB_DEVICE/App/usbd_desc.c ****   USBD_MAX_NUM_CONFIGURATION  /*bNumConfigurations*/
 182:USB_DEVICE/App/usbd_desc.c **** };
 183:USB_DEVICE/App/usbd_desc.c **** 
 184:USB_DEVICE/App/usbd_desc.c **** /* USB_DeviceDescriptor */
 185:USB_DEVICE/App/usbd_desc.c **** /** BOS descriptor. */
 186:USB_DEVICE/App/usbd_desc.c **** #if (USBD_LPM_ENABLED == 1)
 187:USB_DEVICE/App/usbd_desc.c **** #if defined ( __ICCARM__ ) /* IAR Compiler */
 188:USB_DEVICE/App/usbd_desc.c ****   #pragma data_alignment=4
 189:USB_DEVICE/App/usbd_desc.c **** #endif /* defined ( __ICCARM__ ) */
 190:USB_DEVICE/App/usbd_desc.c **** __ALIGN_BEGIN uint8_t USBD_FS_BOSDesc[USB_SIZ_BOS_DESC] __ALIGN_END =
 191:USB_DEVICE/App/usbd_desc.c **** {
 192:USB_DEVICE/App/usbd_desc.c ****   0x5,
 193:USB_DEVICE/App/usbd_desc.c ****   USB_DESC_TYPE_BOS,
 194:USB_DEVICE/App/usbd_desc.c ****   0xC,
 195:USB_DEVICE/App/usbd_desc.c ****   0x0,
 196:USB_DEVICE/App/usbd_desc.c ****   0x1,  /* 1 device capability*/
 197:USB_DEVICE/App/usbd_desc.c ****         /* device capability*/
 198:USB_DEVICE/App/usbd_desc.c ****   0x7,
 199:USB_DEVICE/App/usbd_desc.c ****   USB_DEVICE_CAPABITY_TYPE,
 200:USB_DEVICE/App/usbd_desc.c ****   0x2,
 201:USB_DEVICE/App/usbd_desc.c ****   0x2,  /* LPM capability bit set*/
 202:USB_DEVICE/App/usbd_desc.c ****   0x0,
 203:USB_DEVICE/App/usbd_desc.c ****   0x0,
ARM GAS  /tmp/cc8NVLHo.s 			page 5


 204:USB_DEVICE/App/usbd_desc.c ****   0x0
 205:USB_DEVICE/App/usbd_desc.c **** };
 206:USB_DEVICE/App/usbd_desc.c **** #endif /* (USBD_LPM_ENABLED == 1) */
 207:USB_DEVICE/App/usbd_desc.c **** 
 208:USB_DEVICE/App/usbd_desc.c **** /**
 209:USB_DEVICE/App/usbd_desc.c ****   * @}
 210:USB_DEVICE/App/usbd_desc.c ****   */
 211:USB_DEVICE/App/usbd_desc.c **** 
 212:USB_DEVICE/App/usbd_desc.c **** /** @defgroup USBD_DESC_Private_Variables USBD_DESC_Private_Variables
 213:USB_DEVICE/App/usbd_desc.c ****   * @brief Private variables.
 214:USB_DEVICE/App/usbd_desc.c ****   * @{
 215:USB_DEVICE/App/usbd_desc.c ****   */
 216:USB_DEVICE/App/usbd_desc.c **** 
 217:USB_DEVICE/App/usbd_desc.c **** #if defined ( __ICCARM__ ) /* IAR Compiler */
 218:USB_DEVICE/App/usbd_desc.c ****   #pragma data_alignment=4
 219:USB_DEVICE/App/usbd_desc.c **** #endif /* defined ( __ICCARM__ ) */
 220:USB_DEVICE/App/usbd_desc.c **** 
 221:USB_DEVICE/App/usbd_desc.c **** /** USB lang identifier descriptor. */
 222:USB_DEVICE/App/usbd_desc.c **** __ALIGN_BEGIN uint8_t USBD_LangIDDesc[USB_LEN_LANGID_STR_DESC] __ALIGN_END =
 223:USB_DEVICE/App/usbd_desc.c **** {
 224:USB_DEVICE/App/usbd_desc.c ****      USB_LEN_LANGID_STR_DESC,
 225:USB_DEVICE/App/usbd_desc.c ****      USB_DESC_TYPE_STRING,
 226:USB_DEVICE/App/usbd_desc.c ****      LOBYTE(USBD_LANGID_STRING),
 227:USB_DEVICE/App/usbd_desc.c ****      HIBYTE(USBD_LANGID_STRING)
 228:USB_DEVICE/App/usbd_desc.c **** };
 229:USB_DEVICE/App/usbd_desc.c **** 
 230:USB_DEVICE/App/usbd_desc.c **** #if defined ( __ICCARM__ ) /* IAR Compiler */
 231:USB_DEVICE/App/usbd_desc.c ****   #pragma data_alignment=4
 232:USB_DEVICE/App/usbd_desc.c **** #endif /* defined ( __ICCARM__ ) */
 233:USB_DEVICE/App/usbd_desc.c **** /* Internal string descriptor. */
 234:USB_DEVICE/App/usbd_desc.c **** __ALIGN_BEGIN uint8_t USBD_StrDesc[USBD_MAX_STR_DESC_SIZ] __ALIGN_END;
 235:USB_DEVICE/App/usbd_desc.c **** 
 236:USB_DEVICE/App/usbd_desc.c **** #if defined ( __ICCARM__ ) /*!< IAR Compiler */
 237:USB_DEVICE/App/usbd_desc.c ****   #pragma data_alignment=4
 238:USB_DEVICE/App/usbd_desc.c **** #endif
 239:USB_DEVICE/App/usbd_desc.c **** __ALIGN_BEGIN uint8_t USBD_StringSerial[USB_SIZ_STRING_SERIAL] __ALIGN_END = {
 240:USB_DEVICE/App/usbd_desc.c ****   USB_SIZ_STRING_SERIAL,
 241:USB_DEVICE/App/usbd_desc.c ****   USB_DESC_TYPE_STRING,
 242:USB_DEVICE/App/usbd_desc.c **** };
 243:USB_DEVICE/App/usbd_desc.c **** 
 244:USB_DEVICE/App/usbd_desc.c **** /**
 245:USB_DEVICE/App/usbd_desc.c ****   * @}
 246:USB_DEVICE/App/usbd_desc.c ****   */
 247:USB_DEVICE/App/usbd_desc.c **** 
 248:USB_DEVICE/App/usbd_desc.c **** /** @defgroup USBD_DESC_Private_Functions USBD_DESC_Private_Functions
 249:USB_DEVICE/App/usbd_desc.c ****   * @brief Private functions.
 250:USB_DEVICE/App/usbd_desc.c ****   * @{
 251:USB_DEVICE/App/usbd_desc.c ****   */
 252:USB_DEVICE/App/usbd_desc.c **** 
 253:USB_DEVICE/App/usbd_desc.c **** /**
 254:USB_DEVICE/App/usbd_desc.c ****   * @brief  Return the device descriptor
 255:USB_DEVICE/App/usbd_desc.c ****   * @param  speed : Current device speed
 256:USB_DEVICE/App/usbd_desc.c ****   * @param  length : Pointer to data length variable
 257:USB_DEVICE/App/usbd_desc.c ****   * @retval Pointer to descriptor buffer
 258:USB_DEVICE/App/usbd_desc.c ****   */
 259:USB_DEVICE/App/usbd_desc.c **** uint8_t * USBD_FS_DeviceDescriptor(USBD_SpeedTypeDef speed, uint16_t *length)
 260:USB_DEVICE/App/usbd_desc.c **** {
ARM GAS  /tmp/cc8NVLHo.s 			page 6


  27              		.loc 1 260 0
  28              		.cfi_startproc
  29              		@ args = 0, pretend = 0, frame = 0
  30              		@ frame_needed = 0, uses_anonymous_args = 0
  31              		@ link register save eliminated.
  32              	.LVL0:
 261:USB_DEVICE/App/usbd_desc.c ****   UNUSED(speed);
 262:USB_DEVICE/App/usbd_desc.c ****   *length = sizeof(USBD_FS_DeviceDesc);
  33              		.loc 1 262 0
  34 0000 1223     		movs	r3, #18
  35 0002 0B80     		strh	r3, [r1]	@ movhi
 263:USB_DEVICE/App/usbd_desc.c ****   return USBD_FS_DeviceDesc;
 264:USB_DEVICE/App/usbd_desc.c **** }
  36              		.loc 1 264 0
  37 0004 0048     		ldr	r0, .L2
  38              	.LVL1:
  39 0006 7047     		bx	lr
  40              	.L3:
  41              		.align	2
  42              	.L2:
  43 0008 00000000 		.word	.LANCHOR0
  44              		.cfi_endproc
  45              	.LFE143:
  47              		.section	.text.USBD_FS_LangIDStrDescriptor,"ax",%progbits
  48              		.align	1
  49              		.global	USBD_FS_LangIDStrDescriptor
  50              		.syntax unified
  51              		.thumb
  52              		.thumb_func
  53              		.fpu fpv5-d16
  55              	USBD_FS_LangIDStrDescriptor:
  56              	.LFB144:
 265:USB_DEVICE/App/usbd_desc.c **** 
 266:USB_DEVICE/App/usbd_desc.c **** /**
 267:USB_DEVICE/App/usbd_desc.c ****   * @brief  Return the LangID string descriptor
 268:USB_DEVICE/App/usbd_desc.c ****   * @param  speed : Current device speed
 269:USB_DEVICE/App/usbd_desc.c ****   * @param  length : Pointer to data length variable
 270:USB_DEVICE/App/usbd_desc.c ****   * @retval Pointer to descriptor buffer
 271:USB_DEVICE/App/usbd_desc.c ****   */
 272:USB_DEVICE/App/usbd_desc.c **** uint8_t * USBD_FS_LangIDStrDescriptor(USBD_SpeedTypeDef speed, uint16_t *length)
 273:USB_DEVICE/App/usbd_desc.c **** {
  57              		.loc 1 273 0
  58              		.cfi_startproc
  59              		@ args = 0, pretend = 0, frame = 0
  60              		@ frame_needed = 0, uses_anonymous_args = 0
  61              		@ link register save eliminated.
  62              	.LVL2:
 274:USB_DEVICE/App/usbd_desc.c ****   UNUSED(speed);
 275:USB_DEVICE/App/usbd_desc.c ****   *length = sizeof(USBD_LangIDDesc);
  63              		.loc 1 275 0
  64 0000 0423     		movs	r3, #4
  65 0002 0B80     		strh	r3, [r1]	@ movhi
 276:USB_DEVICE/App/usbd_desc.c ****   return USBD_LangIDDesc;
 277:USB_DEVICE/App/usbd_desc.c **** }
  66              		.loc 1 277 0
  67 0004 0048     		ldr	r0, .L5
  68              	.LVL3:
ARM GAS  /tmp/cc8NVLHo.s 			page 7


  69 0006 7047     		bx	lr
  70              	.L6:
  71              		.align	2
  72              	.L5:
  73 0008 00000000 		.word	.LANCHOR1
  74              		.cfi_endproc
  75              	.LFE144:
  77              		.section	.text.USBD_FS_USR_BOSDescriptor,"ax",%progbits
  78              		.align	1
  79              		.global	USBD_FS_USR_BOSDescriptor
  80              		.syntax unified
  81              		.thumb
  82              		.thumb_func
  83              		.fpu fpv5-d16
  85              	USBD_FS_USR_BOSDescriptor:
  86              	.LFB150:
 278:USB_DEVICE/App/usbd_desc.c **** 
 279:USB_DEVICE/App/usbd_desc.c **** /**
 280:USB_DEVICE/App/usbd_desc.c ****   * @brief  Return the product string descriptor
 281:USB_DEVICE/App/usbd_desc.c ****   * @param  speed : Current device speed
 282:USB_DEVICE/App/usbd_desc.c ****   * @param  length : Pointer to data length variable
 283:USB_DEVICE/App/usbd_desc.c ****   * @retval Pointer to descriptor buffer
 284:USB_DEVICE/App/usbd_desc.c ****   */
 285:USB_DEVICE/App/usbd_desc.c **** uint8_t * USBD_FS_ProductStrDescriptor(USBD_SpeedTypeDef speed, uint16_t *length)
 286:USB_DEVICE/App/usbd_desc.c **** {
 287:USB_DEVICE/App/usbd_desc.c ****   if(speed == 0)
 288:USB_DEVICE/App/usbd_desc.c ****   {
 289:USB_DEVICE/App/usbd_desc.c ****     USBD_GetString((uint8_t *)USBD_PRODUCT_STRING_FS, USBD_StrDesc, length);
 290:USB_DEVICE/App/usbd_desc.c ****   }
 291:USB_DEVICE/App/usbd_desc.c ****   else
 292:USB_DEVICE/App/usbd_desc.c ****   {
 293:USB_DEVICE/App/usbd_desc.c ****     USBD_GetString((uint8_t *)USBD_PRODUCT_STRING_FS, USBD_StrDesc, length);
 294:USB_DEVICE/App/usbd_desc.c ****   }
 295:USB_DEVICE/App/usbd_desc.c ****   return USBD_StrDesc;
 296:USB_DEVICE/App/usbd_desc.c **** }
 297:USB_DEVICE/App/usbd_desc.c **** 
 298:USB_DEVICE/App/usbd_desc.c **** /**
 299:USB_DEVICE/App/usbd_desc.c ****   * @brief  Return the manufacturer string descriptor
 300:USB_DEVICE/App/usbd_desc.c ****   * @param  speed : Current device speed
 301:USB_DEVICE/App/usbd_desc.c ****   * @param  length : Pointer to data length variable
 302:USB_DEVICE/App/usbd_desc.c ****   * @retval Pointer to descriptor buffer
 303:USB_DEVICE/App/usbd_desc.c ****   */
 304:USB_DEVICE/App/usbd_desc.c **** uint8_t * USBD_FS_ManufacturerStrDescriptor(USBD_SpeedTypeDef speed, uint16_t *length)
 305:USB_DEVICE/App/usbd_desc.c **** {
 306:USB_DEVICE/App/usbd_desc.c ****   UNUSED(speed);
 307:USB_DEVICE/App/usbd_desc.c ****   USBD_GetString((uint8_t *)USBD_MANUFACTURER_STRING, USBD_StrDesc, length);
 308:USB_DEVICE/App/usbd_desc.c ****   return USBD_StrDesc;
 309:USB_DEVICE/App/usbd_desc.c **** }
 310:USB_DEVICE/App/usbd_desc.c **** 
 311:USB_DEVICE/App/usbd_desc.c **** /**
 312:USB_DEVICE/App/usbd_desc.c ****   * @brief  Return the serial number string descriptor
 313:USB_DEVICE/App/usbd_desc.c ****   * @param  speed : Current device speed
 314:USB_DEVICE/App/usbd_desc.c ****   * @param  length : Pointer to data length variable
 315:USB_DEVICE/App/usbd_desc.c ****   * @retval Pointer to descriptor buffer
 316:USB_DEVICE/App/usbd_desc.c ****   */
 317:USB_DEVICE/App/usbd_desc.c **** uint8_t * USBD_FS_SerialStrDescriptor(USBD_SpeedTypeDef speed, uint16_t *length)
 318:USB_DEVICE/App/usbd_desc.c **** {
ARM GAS  /tmp/cc8NVLHo.s 			page 8


 319:USB_DEVICE/App/usbd_desc.c ****   UNUSED(speed);
 320:USB_DEVICE/App/usbd_desc.c ****   *length = USB_SIZ_STRING_SERIAL;
 321:USB_DEVICE/App/usbd_desc.c **** 
 322:USB_DEVICE/App/usbd_desc.c ****   /* Update the serial number string descriptor with the data from the unique
 323:USB_DEVICE/App/usbd_desc.c ****    * ID */
 324:USB_DEVICE/App/usbd_desc.c ****   Get_SerialNum();
 325:USB_DEVICE/App/usbd_desc.c ****   /* USER CODE BEGIN USBD_FS_SerialStrDescriptor */
 326:USB_DEVICE/App/usbd_desc.c **** 
 327:USB_DEVICE/App/usbd_desc.c ****   /* USER CODE END USBD_FS_SerialStrDescriptor */
 328:USB_DEVICE/App/usbd_desc.c ****   return (uint8_t *) USBD_StringSerial;
 329:USB_DEVICE/App/usbd_desc.c **** }
 330:USB_DEVICE/App/usbd_desc.c **** 
 331:USB_DEVICE/App/usbd_desc.c **** /**
 332:USB_DEVICE/App/usbd_desc.c ****   * @brief  Return the configuration string descriptor
 333:USB_DEVICE/App/usbd_desc.c ****   * @param  speed : Current device speed
 334:USB_DEVICE/App/usbd_desc.c ****   * @param  length : Pointer to data length variable
 335:USB_DEVICE/App/usbd_desc.c ****   * @retval Pointer to descriptor buffer
 336:USB_DEVICE/App/usbd_desc.c ****   */
 337:USB_DEVICE/App/usbd_desc.c **** uint8_t * USBD_FS_ConfigStrDescriptor(USBD_SpeedTypeDef speed, uint16_t *length)
 338:USB_DEVICE/App/usbd_desc.c **** {
 339:USB_DEVICE/App/usbd_desc.c ****   if(speed == USBD_SPEED_HIGH)
 340:USB_DEVICE/App/usbd_desc.c ****   {
 341:USB_DEVICE/App/usbd_desc.c ****     USBD_GetString((uint8_t *)USBD_CONFIGURATION_STRING_FS, USBD_StrDesc, length);
 342:USB_DEVICE/App/usbd_desc.c ****   }
 343:USB_DEVICE/App/usbd_desc.c ****   else
 344:USB_DEVICE/App/usbd_desc.c ****   {
 345:USB_DEVICE/App/usbd_desc.c ****     USBD_GetString((uint8_t *)USBD_CONFIGURATION_STRING_FS, USBD_StrDesc, length);
 346:USB_DEVICE/App/usbd_desc.c ****   }
 347:USB_DEVICE/App/usbd_desc.c ****   return USBD_StrDesc;
 348:USB_DEVICE/App/usbd_desc.c **** }
 349:USB_DEVICE/App/usbd_desc.c **** 
 350:USB_DEVICE/App/usbd_desc.c **** /**
 351:USB_DEVICE/App/usbd_desc.c ****   * @brief  Return the interface string descriptor
 352:USB_DEVICE/App/usbd_desc.c ****   * @param  speed : Current device speed
 353:USB_DEVICE/App/usbd_desc.c ****   * @param  length : Pointer to data length variable
 354:USB_DEVICE/App/usbd_desc.c ****   * @retval Pointer to descriptor buffer
 355:USB_DEVICE/App/usbd_desc.c ****   */
 356:USB_DEVICE/App/usbd_desc.c **** uint8_t * USBD_FS_InterfaceStrDescriptor(USBD_SpeedTypeDef speed, uint16_t *length)
 357:USB_DEVICE/App/usbd_desc.c **** {
 358:USB_DEVICE/App/usbd_desc.c ****   if(speed == 0)
 359:USB_DEVICE/App/usbd_desc.c ****   {
 360:USB_DEVICE/App/usbd_desc.c ****     USBD_GetString((uint8_t *)USBD_INTERFACE_STRING_FS, USBD_StrDesc, length);
 361:USB_DEVICE/App/usbd_desc.c ****   }
 362:USB_DEVICE/App/usbd_desc.c ****   else
 363:USB_DEVICE/App/usbd_desc.c ****   {
 364:USB_DEVICE/App/usbd_desc.c ****     USBD_GetString((uint8_t *)USBD_INTERFACE_STRING_FS, USBD_StrDesc, length);
 365:USB_DEVICE/App/usbd_desc.c ****   }
 366:USB_DEVICE/App/usbd_desc.c ****   return USBD_StrDesc;
 367:USB_DEVICE/App/usbd_desc.c **** }
 368:USB_DEVICE/App/usbd_desc.c **** 
 369:USB_DEVICE/App/usbd_desc.c **** #if (USBD_LPM_ENABLED == 1)
 370:USB_DEVICE/App/usbd_desc.c **** /**
 371:USB_DEVICE/App/usbd_desc.c ****   * @brief  Return the BOS descriptor
 372:USB_DEVICE/App/usbd_desc.c ****   * @param  speed : Current device speed
 373:USB_DEVICE/App/usbd_desc.c ****   * @param  length : Pointer to data length variable
 374:USB_DEVICE/App/usbd_desc.c ****   * @retval Pointer to descriptor buffer
 375:USB_DEVICE/App/usbd_desc.c ****   */
ARM GAS  /tmp/cc8NVLHo.s 			page 9


 376:USB_DEVICE/App/usbd_desc.c **** uint8_t * USBD_FS_USR_BOSDescriptor(USBD_SpeedTypeDef speed, uint16_t *length)
 377:USB_DEVICE/App/usbd_desc.c **** {
  87              		.loc 1 377 0
  88              		.cfi_startproc
  89              		@ args = 0, pretend = 0, frame = 0
  90              		@ frame_needed = 0, uses_anonymous_args = 0
  91              		@ link register save eliminated.
  92              	.LVL4:
 378:USB_DEVICE/App/usbd_desc.c ****   UNUSED(speed);
 379:USB_DEVICE/App/usbd_desc.c ****   *length = sizeof(USBD_FS_BOSDesc);
  93              		.loc 1 379 0
  94 0000 0C23     		movs	r3, #12
  95 0002 0B80     		strh	r3, [r1]	@ movhi
 380:USB_DEVICE/App/usbd_desc.c ****   return (uint8_t*)USBD_FS_BOSDesc;
 381:USB_DEVICE/App/usbd_desc.c **** }
  96              		.loc 1 381 0
  97 0004 0048     		ldr	r0, .L8
  98              	.LVL5:
  99 0006 7047     		bx	lr
 100              	.L9:
 101              		.align	2
 102              	.L8:
 103 0008 00000000 		.word	.LANCHOR2
 104              		.cfi_endproc
 105              	.LFE150:
 107              		.section	.text.IntToUnicode,"ax",%progbits
 108              		.align	1
 109              		.syntax unified
 110              		.thumb
 111              		.thumb_func
 112              		.fpu fpv5-d16
 114              	IntToUnicode:
 115              	.LFB152:
 382:USB_DEVICE/App/usbd_desc.c **** #endif /* (USBD_LPM_ENABLED == 1) */
 383:USB_DEVICE/App/usbd_desc.c **** 
 384:USB_DEVICE/App/usbd_desc.c **** /**
 385:USB_DEVICE/App/usbd_desc.c ****   * @brief  Create the serial number string descriptor
 386:USB_DEVICE/App/usbd_desc.c ****   * @param  None
 387:USB_DEVICE/App/usbd_desc.c ****   * @retval None
 388:USB_DEVICE/App/usbd_desc.c ****   */
 389:USB_DEVICE/App/usbd_desc.c **** static void Get_SerialNum(void)
 390:USB_DEVICE/App/usbd_desc.c **** {
 391:USB_DEVICE/App/usbd_desc.c ****   uint32_t deviceserial0, deviceserial1, deviceserial2;
 392:USB_DEVICE/App/usbd_desc.c **** 
 393:USB_DEVICE/App/usbd_desc.c ****   deviceserial0 = *(uint32_t *) DEVICE_ID1;
 394:USB_DEVICE/App/usbd_desc.c ****   deviceserial1 = *(uint32_t *) DEVICE_ID2;
 395:USB_DEVICE/App/usbd_desc.c ****   deviceserial2 = *(uint32_t *) DEVICE_ID3;
 396:USB_DEVICE/App/usbd_desc.c **** 
 397:USB_DEVICE/App/usbd_desc.c ****   deviceserial0 += deviceserial2;
 398:USB_DEVICE/App/usbd_desc.c **** 
 399:USB_DEVICE/App/usbd_desc.c ****   if (deviceserial0 != 0)
 400:USB_DEVICE/App/usbd_desc.c ****   {
 401:USB_DEVICE/App/usbd_desc.c ****     IntToUnicode(deviceserial0, &USBD_StringSerial[2], 8);
 402:USB_DEVICE/App/usbd_desc.c ****     IntToUnicode(deviceserial1, &USBD_StringSerial[18], 4);
 403:USB_DEVICE/App/usbd_desc.c ****   }
 404:USB_DEVICE/App/usbd_desc.c **** }
 405:USB_DEVICE/App/usbd_desc.c **** 
ARM GAS  /tmp/cc8NVLHo.s 			page 10


 406:USB_DEVICE/App/usbd_desc.c **** /**
 407:USB_DEVICE/App/usbd_desc.c ****   * @brief  Convert Hex 32Bits value into char
 408:USB_DEVICE/App/usbd_desc.c ****   * @param  value: value to convert
 409:USB_DEVICE/App/usbd_desc.c ****   * @param  pbuf: pointer to the buffer
 410:USB_DEVICE/App/usbd_desc.c ****   * @param  len: buffer length
 411:USB_DEVICE/App/usbd_desc.c ****   * @retval None
 412:USB_DEVICE/App/usbd_desc.c ****   */
 413:USB_DEVICE/App/usbd_desc.c **** static void IntToUnicode(uint32_t value, uint8_t * pbuf, uint8_t len)
 414:USB_DEVICE/App/usbd_desc.c **** {
 116              		.loc 1 414 0
 117              		.cfi_startproc
 118              		@ args = 0, pretend = 0, frame = 0
 119              		@ frame_needed = 0, uses_anonymous_args = 0
 120              		@ link register save eliminated.
 121              	.LVL6:
 415:USB_DEVICE/App/usbd_desc.c ****   uint8_t idx = 0;
 416:USB_DEVICE/App/usbd_desc.c **** 
 417:USB_DEVICE/App/usbd_desc.c ****   for (idx = 0; idx < len; idx++)
 122              		.loc 1 417 0
 123 0000 0023     		movs	r3, #0
 124              	.LVL7:
 125 0002 9342     		cmp	r3, r2
 126 0004 16D2     		bcs	.L18
 414:USB_DEVICE/App/usbd_desc.c ****   uint8_t idx = 0;
 127              		.loc 1 414 0
 128 0006 30B4     		push	{r4, r5}
 129              	.LCFI0:
 130              		.cfi_def_cfa_offset 8
 131              		.cfi_offset 4, -8
 132              		.cfi_offset 5, -4
 133 0008 0BE0     		b	.L14
 134              	.L12:
 418:USB_DEVICE/App/usbd_desc.c ****   {
 419:USB_DEVICE/App/usbd_desc.c ****     if (((value >> 28)) < 0xA)
 420:USB_DEVICE/App/usbd_desc.c ****     {
 421:USB_DEVICE/App/usbd_desc.c ****       pbuf[2 * idx] = (value >> 28) + '0';
 422:USB_DEVICE/App/usbd_desc.c ****     }
 423:USB_DEVICE/App/usbd_desc.c ****     else
 424:USB_DEVICE/App/usbd_desc.c ****     {
 425:USB_DEVICE/App/usbd_desc.c ****       pbuf[2 * idx] = (value >> 28) + 'A' - 10;
 135              		.loc 1 425 0
 136 000a 3734     		adds	r4, r4, #55
 137 000c 01F81340 		strb	r4, [r1, r3, lsl #1]
 138              	.L13:
 426:USB_DEVICE/App/usbd_desc.c ****     }
 427:USB_DEVICE/App/usbd_desc.c **** 
 428:USB_DEVICE/App/usbd_desc.c ****     value = value << 4;
 139              		.loc 1 428 0 discriminator 2
 140 0010 0001     		lsls	r0, r0, #4
 141              	.LVL8:
 429:USB_DEVICE/App/usbd_desc.c **** 
 430:USB_DEVICE/App/usbd_desc.c ****     pbuf[2 * idx + 1] = 0;
 142              		.loc 1 430 0 discriminator 2
 143 0012 5C00     		lsls	r4, r3, #1
 144 0014 0134     		adds	r4, r4, #1
 145 0016 0025     		movs	r5, #0
 146 0018 0D55     		strb	r5, [r1, r4]
ARM GAS  /tmp/cc8NVLHo.s 			page 11


 417:USB_DEVICE/App/usbd_desc.c ****   {
 147              		.loc 1 417 0 discriminator 2
 148 001a 0133     		adds	r3, r3, #1
 149              	.LVL9:
 150 001c DBB2     		uxtb	r3, r3
 151              	.LVL10:
 152 001e 9342     		cmp	r3, r2
 153 0020 06D2     		bcs	.L19
 154              	.L14:
 419:USB_DEVICE/App/usbd_desc.c ****     {
 155              		.loc 1 419 0
 156 0022 040F     		lsrs	r4, r0, #28
 157 0024 092C     		cmp	r4, #9
 158 0026 F0D8     		bhi	.L12
 421:USB_DEVICE/App/usbd_desc.c ****     }
 159              		.loc 1 421 0
 160 0028 3034     		adds	r4, r4, #48
 161 002a 01F81340 		strb	r4, [r1, r3, lsl #1]
 162 002e EFE7     		b	.L13
 163              	.L19:
 431:USB_DEVICE/App/usbd_desc.c ****   }
 432:USB_DEVICE/App/usbd_desc.c **** }
 164              		.loc 1 432 0
 165 0030 30BC     		pop	{r4, r5}
 166              	.LCFI1:
 167              		.cfi_restore 5
 168              		.cfi_restore 4
 169              		.cfi_def_cfa_offset 0
 170 0032 7047     		bx	lr
 171              	.L18:
 172 0034 7047     		bx	lr
 173              		.cfi_endproc
 174              	.LFE152:
 176              		.section	.text.Get_SerialNum,"ax",%progbits
 177              		.align	1
 178              		.syntax unified
 179              		.thumb
 180              		.thumb_func
 181              		.fpu fpv5-d16
 183              	Get_SerialNum:
 184              	.LFB151:
 390:USB_DEVICE/App/usbd_desc.c ****   uint32_t deviceserial0, deviceserial1, deviceserial2;
 185              		.loc 1 390 0
 186              		.cfi_startproc
 187              		@ args = 0, pretend = 0, frame = 0
 188              		@ frame_needed = 0, uses_anonymous_args = 0
 189 0000 38B5     		push	{r3, r4, r5, lr}
 190              	.LCFI2:
 191              		.cfi_def_cfa_offset 16
 192              		.cfi_offset 3, -16
 193              		.cfi_offset 4, -12
 194              		.cfi_offset 5, -8
 195              		.cfi_offset 14, -4
 393:USB_DEVICE/App/usbd_desc.c ****   deviceserial1 = *(uint32_t *) DEVICE_ID2;
 196              		.loc 1 393 0
 197 0002 0A4B     		ldr	r3, .L24
 198 0004 1868     		ldr	r0, [r3]
ARM GAS  /tmp/cc8NVLHo.s 			page 12


 199              	.LVL11:
 394:USB_DEVICE/App/usbd_desc.c ****   deviceserial2 = *(uint32_t *) DEVICE_ID3;
 200              		.loc 1 394 0
 201 0006 0433     		adds	r3, r3, #4
 202 0008 1C68     		ldr	r4, [r3]
 203              	.LVL12:
 395:USB_DEVICE/App/usbd_desc.c **** 
 204              		.loc 1 395 0
 205 000a 0433     		adds	r3, r3, #4
 206 000c 1B68     		ldr	r3, [r3]
 207              	.LVL13:
 399:USB_DEVICE/App/usbd_desc.c ****   {
 208              		.loc 1 399 0
 209 000e C018     		adds	r0, r0, r3
 210              	.LVL14:
 211 0010 00D1     		bne	.L23
 212              	.LVL15:
 213              	.L20:
 214 0012 38BD     		pop	{r3, r4, r5, pc}
 215              	.LVL16:
 216              	.L23:
 401:USB_DEVICE/App/usbd_desc.c ****     IntToUnicode(deviceserial1, &USBD_StringSerial[18], 4);
 217              		.loc 1 401 0
 218 0014 064D     		ldr	r5, .L24+4
 219 0016 0822     		movs	r2, #8
 220 0018 A91C     		adds	r1, r5, #2
 221 001a FFF7FEFF 		bl	IntToUnicode
 222              	.LVL17:
 402:USB_DEVICE/App/usbd_desc.c ****   }
 223              		.loc 1 402 0
 224 001e 0422     		movs	r2, #4
 225 0020 05F11201 		add	r1, r5, #18
 226 0024 2046     		mov	r0, r4
 227 0026 FFF7FEFF 		bl	IntToUnicode
 228              	.LVL18:
 404:USB_DEVICE/App/usbd_desc.c **** 
 229              		.loc 1 404 0
 230 002a F2E7     		b	.L20
 231              	.L25:
 232              		.align	2
 233              	.L24:
 234 002c 20F4F01F 		.word	535884832
 235 0030 00000000 		.word	.LANCHOR3
 236              		.cfi_endproc
 237              	.LFE151:
 239              		.section	.text.USBD_FS_SerialStrDescriptor,"ax",%progbits
 240              		.align	1
 241              		.global	USBD_FS_SerialStrDescriptor
 242              		.syntax unified
 243              		.thumb
 244              		.thumb_func
 245              		.fpu fpv5-d16
 247              	USBD_FS_SerialStrDescriptor:
 248              	.LFB147:
 318:USB_DEVICE/App/usbd_desc.c ****   UNUSED(speed);
 249              		.loc 1 318 0
 250              		.cfi_startproc
ARM GAS  /tmp/cc8NVLHo.s 			page 13


 251              		@ args = 0, pretend = 0, frame = 0
 252              		@ frame_needed = 0, uses_anonymous_args = 0
 253              	.LVL19:
 254 0000 08B5     		push	{r3, lr}
 255              	.LCFI3:
 256              		.cfi_def_cfa_offset 8
 257              		.cfi_offset 3, -8
 258              		.cfi_offset 14, -4
 320:USB_DEVICE/App/usbd_desc.c **** 
 259              		.loc 1 320 0
 260 0002 1A23     		movs	r3, #26
 261 0004 0B80     		strh	r3, [r1]	@ movhi
 324:USB_DEVICE/App/usbd_desc.c ****   /* USER CODE BEGIN USBD_FS_SerialStrDescriptor */
 262              		.loc 1 324 0
 263 0006 FFF7FEFF 		bl	Get_SerialNum
 264              	.LVL20:
 329:USB_DEVICE/App/usbd_desc.c **** 
 265              		.loc 1 329 0
 266 000a 0148     		ldr	r0, .L28
 267 000c 08BD     		pop	{r3, pc}
 268              	.L29:
 269 000e 00BF     		.align	2
 270              	.L28:
 271 0010 00000000 		.word	.LANCHOR3
 272              		.cfi_endproc
 273              	.LFE147:
 275              		.section	.text.USBD_FS_ProductStrDescriptor,"ax",%progbits
 276              		.align	1
 277              		.global	USBD_FS_ProductStrDescriptor
 278              		.syntax unified
 279              		.thumb
 280              		.thumb_func
 281              		.fpu fpv5-d16
 283              	USBD_FS_ProductStrDescriptor:
 284              	.LFB145:
 286:USB_DEVICE/App/usbd_desc.c ****   if(speed == 0)
 285              		.loc 1 286 0
 286              		.cfi_startproc
 287              		@ args = 0, pretend = 0, frame = 0
 288              		@ frame_needed = 0, uses_anonymous_args = 0
 289              	.LVL21:
 290 0000 08B5     		push	{r3, lr}
 291              	.LCFI4:
 292              		.cfi_def_cfa_offset 8
 293              		.cfi_offset 3, -8
 294              		.cfi_offset 14, -4
 295 0002 0A46     		mov	r2, r1
 287:USB_DEVICE/App/usbd_desc.c ****   {
 296              		.loc 1 287 0
 297 0004 28B1     		cbz	r0, .L34
 293:USB_DEVICE/App/usbd_desc.c ****   }
 298              		.loc 1 293 0
 299 0006 0549     		ldr	r1, .L35
 300              	.LVL22:
 301 0008 0548     		ldr	r0, .L35+4
 302              	.LVL23:
 303 000a FFF7FEFF 		bl	USBD_GetString
ARM GAS  /tmp/cc8NVLHo.s 			page 14


 304              	.LVL24:
 305              	.L32:
 296:USB_DEVICE/App/usbd_desc.c **** 
 306              		.loc 1 296 0
 307 000e 0348     		ldr	r0, .L35
 308 0010 08BD     		pop	{r3, pc}
 309              	.LVL25:
 310              	.L34:
 289:USB_DEVICE/App/usbd_desc.c ****   }
 311              		.loc 1 289 0
 312 0012 0249     		ldr	r1, .L35
 313              	.LVL26:
 314 0014 0248     		ldr	r0, .L35+4
 315              	.LVL27:
 316 0016 FFF7FEFF 		bl	USBD_GetString
 317              	.LVL28:
 318 001a F8E7     		b	.L32
 319              	.L36:
 320              		.align	2
 321              	.L35:
 322 001c 00000000 		.word	USBD_StrDesc
 323 0020 00000000 		.word	.LC0
 324              		.cfi_endproc
 325              	.LFE145:
 327              		.section	.text.USBD_FS_ManufacturerStrDescriptor,"ax",%progbits
 328              		.align	1
 329              		.global	USBD_FS_ManufacturerStrDescriptor
 330              		.syntax unified
 331              		.thumb
 332              		.thumb_func
 333              		.fpu fpv5-d16
 335              	USBD_FS_ManufacturerStrDescriptor:
 336              	.LFB146:
 305:USB_DEVICE/App/usbd_desc.c ****   UNUSED(speed);
 337              		.loc 1 305 0
 338              		.cfi_startproc
 339              		@ args = 0, pretend = 0, frame = 0
 340              		@ frame_needed = 0, uses_anonymous_args = 0
 341              	.LVL29:
 342 0000 10B5     		push	{r4, lr}
 343              	.LCFI5:
 344              		.cfi_def_cfa_offset 8
 345              		.cfi_offset 4, -8
 346              		.cfi_offset 14, -4
 307:USB_DEVICE/App/usbd_desc.c ****   return USBD_StrDesc;
 347              		.loc 1 307 0
 348 0002 044C     		ldr	r4, .L39
 349 0004 0A46     		mov	r2, r1
 350 0006 2146     		mov	r1, r4
 351              	.LVL30:
 352 0008 0348     		ldr	r0, .L39+4
 353              	.LVL31:
 354 000a FFF7FEFF 		bl	USBD_GetString
 355              	.LVL32:
 309:USB_DEVICE/App/usbd_desc.c **** 
 356              		.loc 1 309 0
 357 000e 2046     		mov	r0, r4
ARM GAS  /tmp/cc8NVLHo.s 			page 15


 358 0010 10BD     		pop	{r4, pc}
 359              	.L40:
 360 0012 00BF     		.align	2
 361              	.L39:
 362 0014 00000000 		.word	USBD_StrDesc
 363 0018 00000000 		.word	.LC1
 364              		.cfi_endproc
 365              	.LFE146:
 367              		.section	.text.USBD_FS_ConfigStrDescriptor,"ax",%progbits
 368              		.align	1
 369              		.global	USBD_FS_ConfigStrDescriptor
 370              		.syntax unified
 371              		.thumb
 372              		.thumb_func
 373              		.fpu fpv5-d16
 375              	USBD_FS_ConfigStrDescriptor:
 376              	.LFB148:
 338:USB_DEVICE/App/usbd_desc.c ****   if(speed == USBD_SPEED_HIGH)
 377              		.loc 1 338 0
 378              		.cfi_startproc
 379              		@ args = 0, pretend = 0, frame = 0
 380              		@ frame_needed = 0, uses_anonymous_args = 0
 381              	.LVL33:
 382 0000 08B5     		push	{r3, lr}
 383              	.LCFI6:
 384              		.cfi_def_cfa_offset 8
 385              		.cfi_offset 3, -8
 386              		.cfi_offset 14, -4
 387 0002 0A46     		mov	r2, r1
 339:USB_DEVICE/App/usbd_desc.c ****   {
 388              		.loc 1 339 0
 389 0004 28B1     		cbz	r0, .L45
 345:USB_DEVICE/App/usbd_desc.c ****   }
 390              		.loc 1 345 0
 391 0006 0549     		ldr	r1, .L46
 392              	.LVL34:
 393 0008 0548     		ldr	r0, .L46+4
 394              	.LVL35:
 395 000a FFF7FEFF 		bl	USBD_GetString
 396              	.LVL36:
 397              	.L43:
 348:USB_DEVICE/App/usbd_desc.c **** 
 398              		.loc 1 348 0
 399 000e 0348     		ldr	r0, .L46
 400 0010 08BD     		pop	{r3, pc}
 401              	.LVL37:
 402              	.L45:
 341:USB_DEVICE/App/usbd_desc.c ****   }
 403              		.loc 1 341 0
 404 0012 0249     		ldr	r1, .L46
 405              	.LVL38:
 406 0014 0248     		ldr	r0, .L46+4
 407              	.LVL39:
 408 0016 FFF7FEFF 		bl	USBD_GetString
 409              	.LVL40:
 410 001a F8E7     		b	.L43
 411              	.L47:
ARM GAS  /tmp/cc8NVLHo.s 			page 16


 412              		.align	2
 413              	.L46:
 414 001c 00000000 		.word	USBD_StrDesc
 415 0020 00000000 		.word	.LC2
 416              		.cfi_endproc
 417              	.LFE148:
 419              		.section	.text.USBD_FS_InterfaceStrDescriptor,"ax",%progbits
 420              		.align	1
 421              		.global	USBD_FS_InterfaceStrDescriptor
 422              		.syntax unified
 423              		.thumb
 424              		.thumb_func
 425              		.fpu fpv5-d16
 427              	USBD_FS_InterfaceStrDescriptor:
 428              	.LFB149:
 357:USB_DEVICE/App/usbd_desc.c ****   if(speed == 0)
 429              		.loc 1 357 0
 430              		.cfi_startproc
 431              		@ args = 0, pretend = 0, frame = 0
 432              		@ frame_needed = 0, uses_anonymous_args = 0
 433              	.LVL41:
 434 0000 08B5     		push	{r3, lr}
 435              	.LCFI7:
 436              		.cfi_def_cfa_offset 8
 437              		.cfi_offset 3, -8
 438              		.cfi_offset 14, -4
 439 0002 0A46     		mov	r2, r1
 358:USB_DEVICE/App/usbd_desc.c ****   {
 440              		.loc 1 358 0
 441 0004 28B1     		cbz	r0, .L52
 364:USB_DEVICE/App/usbd_desc.c ****   }
 442              		.loc 1 364 0
 443 0006 0549     		ldr	r1, .L53
 444              	.LVL42:
 445 0008 0548     		ldr	r0, .L53+4
 446              	.LVL43:
 447 000a FFF7FEFF 		bl	USBD_GetString
 448              	.LVL44:
 449              	.L50:
 367:USB_DEVICE/App/usbd_desc.c **** 
 450              		.loc 1 367 0
 451 000e 0348     		ldr	r0, .L53
 452 0010 08BD     		pop	{r3, pc}
 453              	.LVL45:
 454              	.L52:
 360:USB_DEVICE/App/usbd_desc.c ****   }
 455              		.loc 1 360 0
 456 0012 0249     		ldr	r1, .L53
 457              	.LVL46:
 458 0014 0248     		ldr	r0, .L53+4
 459              	.LVL47:
 460 0016 FFF7FEFF 		bl	USBD_GetString
 461              	.LVL48:
 462 001a F8E7     		b	.L50
 463              	.L54:
 464              		.align	2
 465              	.L53:
ARM GAS  /tmp/cc8NVLHo.s 			page 17


 466 001c 00000000 		.word	USBD_StrDesc
 467 0020 00000000 		.word	.LC3
 468              		.cfi_endproc
 469              	.LFE149:
 471              		.global	USBD_StringSerial
 472              		.comm	USBD_StrDesc,512,4
 473              		.global	USBD_LangIDDesc
 474              		.global	USBD_FS_BOSDesc
 475              		.global	USBD_FS_DeviceDesc
 476              		.global	FS_Desc
 477              		.section	.data.FS_Desc,"aw",%progbits
 478              		.align	2
 481              	FS_Desc:
 482 0000 00000000 		.word	USBD_FS_DeviceDescriptor
 483 0004 00000000 		.word	USBD_FS_LangIDStrDescriptor
 484 0008 00000000 		.word	USBD_FS_ManufacturerStrDescriptor
 485 000c 00000000 		.word	USBD_FS_ProductStrDescriptor
 486 0010 00000000 		.word	USBD_FS_SerialStrDescriptor
 487 0014 00000000 		.word	USBD_FS_ConfigStrDescriptor
 488 0018 00000000 		.word	USBD_FS_InterfaceStrDescriptor
 489 001c 00000000 		.word	USBD_FS_USR_BOSDescriptor
 490              		.section	.data.USBD_FS_BOSDesc,"aw",%progbits
 491              		.align	2
 492              		.set	.LANCHOR2,. + 0
 495              	USBD_FS_BOSDesc:
 496 0000 05       		.byte	5
 497 0001 0F       		.byte	15
 498 0002 0C       		.byte	12
 499 0003 00       		.byte	0
 500 0004 01       		.byte	1
 501 0005 07       		.byte	7
 502 0006 10       		.byte	16
 503 0007 02       		.byte	2
 504 0008 02       		.byte	2
 505 0009 00       		.byte	0
 506 000a 00       		.byte	0
 507 000b 00       		.byte	0
 508              		.section	.data.USBD_FS_DeviceDesc,"aw",%progbits
 509              		.align	2
 510              		.set	.LANCHOR0,. + 0
 513              	USBD_FS_DeviceDesc:
 514 0000 12       		.byte	18
 515 0001 01       		.byte	1
 516 0002 01       		.byte	1
 517 0003 02       		.byte	2
 518 0004 02       		.byte	2
 519 0005 02       		.byte	2
 520 0006 00       		.byte	0
 521 0007 40       		.byte	64
 522 0008 83       		.byte	-125
 523 0009 04       		.byte	4
 524 000a 40       		.byte	64
 525 000b 57       		.byte	87
 526 000c 00       		.byte	0
 527 000d 02       		.byte	2
 528 000e 01       		.byte	1
 529 000f 02       		.byte	2
ARM GAS  /tmp/cc8NVLHo.s 			page 18


 530 0010 03       		.byte	3
 531 0011 01       		.byte	1
 532              		.section	.data.USBD_LangIDDesc,"aw",%progbits
 533              		.align	2
 534              		.set	.LANCHOR1,. + 0
 537              	USBD_LangIDDesc:
 538 0000 04       		.byte	4
 539 0001 03       		.byte	3
 540 0002 09       		.byte	9
 541 0003 04       		.byte	4
 542              		.section	.data.USBD_StringSerial,"aw",%progbits
 543              		.align	2
 544              		.set	.LANCHOR3,. + 0
 547              	USBD_StringSerial:
 548 0000 1A       		.byte	26
 549 0001 03       		.byte	3
 550 0002 00000000 		.space	24
 550      00000000 
 550      00000000 
 550      00000000 
 550      00000000 
 551              		.section	.rodata.USBD_FS_ConfigStrDescriptor.str1.4,"aMS",%progbits,1
 552              		.align	2
 553              	.LC2:
 554 0000 43444320 		.ascii	"CDC Config\000"
 554      436F6E66 
 554      696700
 555              		.section	.rodata.USBD_FS_InterfaceStrDescriptor.str1.4,"aMS",%progbits,1
 556              		.align	2
 557              	.LC3:
 558 0000 43444320 		.ascii	"CDC Interface\000"
 558      496E7465 
 558      72666163 
 558      6500
 559              		.section	.rodata.USBD_FS_ManufacturerStrDescriptor.str1.4,"aMS",%progbits,1
 560              		.align	2
 561              	.LC1:
 562 0000 53544D69 		.ascii	"STMicroelectronics\000"
 562      63726F65 
 562      6C656374 
 562      726F6E69 
 562      637300
 563              		.section	.rodata.USBD_FS_ProductStrDescriptor.str1.4,"aMS",%progbits,1
 564              		.align	2
 565              	.LC0:
 566 0000 53544D33 		.ascii	"STM32 Virtual ComPort\000"
 566      32205669 
 566      72747561 
 566      6C20436F 
 566      6D506F72 
 567              		.text
 568              	.Letext0:
 569              		.file 2 "/usr/include/newlib/machine/_default_types.h"
 570              		.file 3 "/usr/include/newlib/sys/lock.h"
 571              		.file 4 "/usr/include/newlib/sys/_types.h"
 572              		.file 5 "/usr/lib/gcc/arm-none-eabi/6.3.1/include/stddef.h"
 573              		.file 6 "/usr/include/newlib/sys/reent.h"
ARM GAS  /tmp/cc8NVLHo.s 			page 19


 574              		.file 7 "/usr/include/newlib/sys/_stdint.h"
 575              		.file 8 "/usr/include/newlib/stdlib.h"
 576              		.file 9 "Drivers/CMSIS/Include/core_cm7.h"
 577              		.file 10 "Drivers/CMSIS/Device/ST/STM32F7xx/Include/system_stm32f7xx.h"
 578              		.file 11 "Drivers/STM32F7xx_HAL_Driver/Inc/stm32f7xx_hal.h"
 579              		.file 12 "Middlewares/ST/STM32_USB_Device_Library/Core/Inc/usbd_def.h"
 580              		.file 13 "USB_DEVICE/App/usbd_desc.h"
 581              		.file 14 "Middlewares/ST/STM32_USB_Device_Library/Core/Inc/usbd_ctlreq.h"
ARM GAS  /tmp/cc8NVLHo.s 			page 20


DEFINED SYMBOLS
                            *ABS*:0000000000000000 usbd_desc.c
     /tmp/cc8NVLHo.s:17     .text.USBD_FS_DeviceDescriptor:0000000000000000 $t
     /tmp/cc8NVLHo.s:24     .text.USBD_FS_DeviceDescriptor:0000000000000000 USBD_FS_DeviceDescriptor
     /tmp/cc8NVLHo.s:43     .text.USBD_FS_DeviceDescriptor:0000000000000008 $d
     /tmp/cc8NVLHo.s:48     .text.USBD_FS_LangIDStrDescriptor:0000000000000000 $t
     /tmp/cc8NVLHo.s:55     .text.USBD_FS_LangIDStrDescriptor:0000000000000000 USBD_FS_LangIDStrDescriptor
     /tmp/cc8NVLHo.s:73     .text.USBD_FS_LangIDStrDescriptor:0000000000000008 $d
     /tmp/cc8NVLHo.s:78     .text.USBD_FS_USR_BOSDescriptor:0000000000000000 $t
     /tmp/cc8NVLHo.s:85     .text.USBD_FS_USR_BOSDescriptor:0000000000000000 USBD_FS_USR_BOSDescriptor
     /tmp/cc8NVLHo.s:103    .text.USBD_FS_USR_BOSDescriptor:0000000000000008 $d
     /tmp/cc8NVLHo.s:108    .text.IntToUnicode:0000000000000000 $t
     /tmp/cc8NVLHo.s:114    .text.IntToUnicode:0000000000000000 IntToUnicode
     /tmp/cc8NVLHo.s:177    .text.Get_SerialNum:0000000000000000 $t
     /tmp/cc8NVLHo.s:183    .text.Get_SerialNum:0000000000000000 Get_SerialNum
     /tmp/cc8NVLHo.s:234    .text.Get_SerialNum:000000000000002c $d
     /tmp/cc8NVLHo.s:240    .text.USBD_FS_SerialStrDescriptor:0000000000000000 $t
     /tmp/cc8NVLHo.s:247    .text.USBD_FS_SerialStrDescriptor:0000000000000000 USBD_FS_SerialStrDescriptor
     /tmp/cc8NVLHo.s:271    .text.USBD_FS_SerialStrDescriptor:0000000000000010 $d
     /tmp/cc8NVLHo.s:276    .text.USBD_FS_ProductStrDescriptor:0000000000000000 $t
     /tmp/cc8NVLHo.s:283    .text.USBD_FS_ProductStrDescriptor:0000000000000000 USBD_FS_ProductStrDescriptor
     /tmp/cc8NVLHo.s:322    .text.USBD_FS_ProductStrDescriptor:000000000000001c $d
                            *COM*:0000000000000200 USBD_StrDesc
     /tmp/cc8NVLHo.s:328    .text.USBD_FS_ManufacturerStrDescriptor:0000000000000000 $t
     /tmp/cc8NVLHo.s:335    .text.USBD_FS_ManufacturerStrDescriptor:0000000000000000 USBD_FS_ManufacturerStrDescriptor
     /tmp/cc8NVLHo.s:362    .text.USBD_FS_ManufacturerStrDescriptor:0000000000000014 $d
     /tmp/cc8NVLHo.s:368    .text.USBD_FS_ConfigStrDescriptor:0000000000000000 $t
     /tmp/cc8NVLHo.s:375    .text.USBD_FS_ConfigStrDescriptor:0000000000000000 USBD_FS_ConfigStrDescriptor
     /tmp/cc8NVLHo.s:414    .text.USBD_FS_ConfigStrDescriptor:000000000000001c $d
     /tmp/cc8NVLHo.s:420    .text.USBD_FS_InterfaceStrDescriptor:0000000000000000 $t
     /tmp/cc8NVLHo.s:427    .text.USBD_FS_InterfaceStrDescriptor:0000000000000000 USBD_FS_InterfaceStrDescriptor
     /tmp/cc8NVLHo.s:466    .text.USBD_FS_InterfaceStrDescriptor:000000000000001c $d
     /tmp/cc8NVLHo.s:547    .data.USBD_StringSerial:0000000000000000 USBD_StringSerial
     /tmp/cc8NVLHo.s:537    .data.USBD_LangIDDesc:0000000000000000 USBD_LangIDDesc
     /tmp/cc8NVLHo.s:495    .data.USBD_FS_BOSDesc:0000000000000000 USBD_FS_BOSDesc
     /tmp/cc8NVLHo.s:513    .data.USBD_FS_DeviceDesc:0000000000000000 USBD_FS_DeviceDesc
     /tmp/cc8NVLHo.s:481    .data.FS_Desc:0000000000000000 FS_Desc
     /tmp/cc8NVLHo.s:478    .data.FS_Desc:0000000000000000 $d
     /tmp/cc8NVLHo.s:491    .data.USBD_FS_BOSDesc:0000000000000000 $d
     /tmp/cc8NVLHo.s:509    .data.USBD_FS_DeviceDesc:0000000000000000 $d
     /tmp/cc8NVLHo.s:533    .data.USBD_LangIDDesc:0000000000000000 $d
     /tmp/cc8NVLHo.s:543    .data.USBD_StringSerial:0000000000000000 $d
     /tmp/cc8NVLHo.s:552    .rodata.USBD_FS_ConfigStrDescriptor.str1.4:0000000000000000 $d
     /tmp/cc8NVLHo.s:556    .rodata.USBD_FS_InterfaceStrDescriptor.str1.4:0000000000000000 $d
     /tmp/cc8NVLHo.s:560    .rodata.USBD_FS_ManufacturerStrDescriptor.str1.4:0000000000000000 $d
     /tmp/cc8NVLHo.s:564    .rodata.USBD_FS_ProductStrDescriptor.str1.4:0000000000000000 $d
                     .debug_frame:0000000000000010 $d

UNDEFINED SYMBOLS
USBD_GetString
