ARM GAS  /tmp/ccsyDG1w.s 			page 1


   1              		.cpu cortex-m7
   2              		.eabi_attribute 28, 1
   3              		.eabi_attribute 20, 1
   4              		.eabi_attribute 21, 1
   5              		.eabi_attribute 23, 3
   6              		.eabi_attribute 24, 1
   7              		.eabi_attribute 25, 1
   8              		.eabi_attribute 26, 1
   9              		.eabi_attribute 30, 1
  10              		.eabi_attribute 34, 1
  11              		.eabi_attribute 18, 4
  12              		.file	"usbd_cdc_if.c"
  13              		.text
  14              	.Ltext0:
  15              		.cfi_sections	.debug_frame
  16              		.section	.text.CDC_DeInit_FS,"ax",%progbits
  17              		.align	1
  18              		.syntax unified
  19              		.thumb
  20              		.thumb_func
  21              		.fpu fpv5-d16
  23              	CDC_DeInit_FS:
  24              	.LFB144:
  25              		.file 1 "USB_DEVICE/App/usbd_cdc_if.c"
   1:USB_DEVICE/App/usbd_cdc_if.c **** /* USER CODE BEGIN Header */
   2:USB_DEVICE/App/usbd_cdc_if.c **** /**
   3:USB_DEVICE/App/usbd_cdc_if.c ****   ******************************************************************************
   4:USB_DEVICE/App/usbd_cdc_if.c ****   * @file           : usbd_cdc_if.c
   5:USB_DEVICE/App/usbd_cdc_if.c ****   * @version        : v1.0_Cube
   6:USB_DEVICE/App/usbd_cdc_if.c ****   * @brief          : Usb device for Virtual Com Port.
   7:USB_DEVICE/App/usbd_cdc_if.c ****   ******************************************************************************
   8:USB_DEVICE/App/usbd_cdc_if.c ****   * @attention
   9:USB_DEVICE/App/usbd_cdc_if.c ****   *
  10:USB_DEVICE/App/usbd_cdc_if.c ****   * <h2><center>&copy; Copyright (c) 2021 STMicroelectronics.
  11:USB_DEVICE/App/usbd_cdc_if.c ****   * All rights reserved.</center></h2>
  12:USB_DEVICE/App/usbd_cdc_if.c ****   *
  13:USB_DEVICE/App/usbd_cdc_if.c ****   * This software component is licensed by ST under Ultimate Liberty license
  14:USB_DEVICE/App/usbd_cdc_if.c ****   * SLA0044, the "License"; You may not use this file except in compliance with
  15:USB_DEVICE/App/usbd_cdc_if.c ****   * the License. You may obtain a copy of the License at:
  16:USB_DEVICE/App/usbd_cdc_if.c ****   *                             www.st.com/SLA0044
  17:USB_DEVICE/App/usbd_cdc_if.c ****   *
  18:USB_DEVICE/App/usbd_cdc_if.c ****   ******************************************************************************
  19:USB_DEVICE/App/usbd_cdc_if.c ****   */
  20:USB_DEVICE/App/usbd_cdc_if.c **** /* USER CODE END Header */
  21:USB_DEVICE/App/usbd_cdc_if.c **** 
  22:USB_DEVICE/App/usbd_cdc_if.c **** /* Includes ------------------------------------------------------------------*/
  23:USB_DEVICE/App/usbd_cdc_if.c **** #include "usbd_cdc_if.h"
  24:USB_DEVICE/App/usbd_cdc_if.c **** 
  25:USB_DEVICE/App/usbd_cdc_if.c **** /* USER CODE BEGIN INCLUDE */
  26:USB_DEVICE/App/usbd_cdc_if.c **** 
  27:USB_DEVICE/App/usbd_cdc_if.c **** /* USER CODE END INCLUDE */
  28:USB_DEVICE/App/usbd_cdc_if.c **** 
  29:USB_DEVICE/App/usbd_cdc_if.c **** /* Private typedef -----------------------------------------------------------*/
  30:USB_DEVICE/App/usbd_cdc_if.c **** /* Private define ------------------------------------------------------------*/
  31:USB_DEVICE/App/usbd_cdc_if.c **** /* Private macro -------------------------------------------------------------*/
  32:USB_DEVICE/App/usbd_cdc_if.c **** 
  33:USB_DEVICE/App/usbd_cdc_if.c **** /* USER CODE BEGIN PV */
ARM GAS  /tmp/ccsyDG1w.s 			page 2


  34:USB_DEVICE/App/usbd_cdc_if.c **** /* Private variables ---------------------------------------------------------*/
  35:USB_DEVICE/App/usbd_cdc_if.c **** 
  36:USB_DEVICE/App/usbd_cdc_if.c **** /* USER CODE END PV */
  37:USB_DEVICE/App/usbd_cdc_if.c **** 
  38:USB_DEVICE/App/usbd_cdc_if.c **** /** @addtogroup STM32_USB_OTG_DEVICE_LIBRARY
  39:USB_DEVICE/App/usbd_cdc_if.c ****   * @brief Usb device library.
  40:USB_DEVICE/App/usbd_cdc_if.c ****   * @{
  41:USB_DEVICE/App/usbd_cdc_if.c ****   */
  42:USB_DEVICE/App/usbd_cdc_if.c **** 
  43:USB_DEVICE/App/usbd_cdc_if.c **** /** @addtogroup USBD_CDC_IF
  44:USB_DEVICE/App/usbd_cdc_if.c ****   * @{
  45:USB_DEVICE/App/usbd_cdc_if.c ****   */
  46:USB_DEVICE/App/usbd_cdc_if.c **** 
  47:USB_DEVICE/App/usbd_cdc_if.c **** /** @defgroup USBD_CDC_IF_Private_TypesDefinitions USBD_CDC_IF_Private_TypesDefinitions
  48:USB_DEVICE/App/usbd_cdc_if.c ****   * @brief Private types.
  49:USB_DEVICE/App/usbd_cdc_if.c ****   * @{
  50:USB_DEVICE/App/usbd_cdc_if.c ****   */
  51:USB_DEVICE/App/usbd_cdc_if.c **** 
  52:USB_DEVICE/App/usbd_cdc_if.c **** /* USER CODE BEGIN PRIVATE_TYPES */
  53:USB_DEVICE/App/usbd_cdc_if.c **** 
  54:USB_DEVICE/App/usbd_cdc_if.c **** /* USER CODE END PRIVATE_TYPES */
  55:USB_DEVICE/App/usbd_cdc_if.c **** 
  56:USB_DEVICE/App/usbd_cdc_if.c **** /**
  57:USB_DEVICE/App/usbd_cdc_if.c ****   * @}
  58:USB_DEVICE/App/usbd_cdc_if.c ****   */
  59:USB_DEVICE/App/usbd_cdc_if.c **** 
  60:USB_DEVICE/App/usbd_cdc_if.c **** /** @defgroup USBD_CDC_IF_Private_Defines USBD_CDC_IF_Private_Defines
  61:USB_DEVICE/App/usbd_cdc_if.c ****   * @brief Private defines.
  62:USB_DEVICE/App/usbd_cdc_if.c ****   * @{
  63:USB_DEVICE/App/usbd_cdc_if.c ****   */
  64:USB_DEVICE/App/usbd_cdc_if.c **** 
  65:USB_DEVICE/App/usbd_cdc_if.c **** /* USER CODE BEGIN PRIVATE_DEFINES */
  66:USB_DEVICE/App/usbd_cdc_if.c **** /* USER CODE END PRIVATE_DEFINES */
  67:USB_DEVICE/App/usbd_cdc_if.c **** 
  68:USB_DEVICE/App/usbd_cdc_if.c **** /**
  69:USB_DEVICE/App/usbd_cdc_if.c ****   * @}
  70:USB_DEVICE/App/usbd_cdc_if.c ****   */
  71:USB_DEVICE/App/usbd_cdc_if.c **** 
  72:USB_DEVICE/App/usbd_cdc_if.c **** /** @defgroup USBD_CDC_IF_Private_Macros USBD_CDC_IF_Private_Macros
  73:USB_DEVICE/App/usbd_cdc_if.c ****   * @brief Private macros.
  74:USB_DEVICE/App/usbd_cdc_if.c ****   * @{
  75:USB_DEVICE/App/usbd_cdc_if.c ****   */
  76:USB_DEVICE/App/usbd_cdc_if.c **** 
  77:USB_DEVICE/App/usbd_cdc_if.c **** /* USER CODE BEGIN PRIVATE_MACRO */
  78:USB_DEVICE/App/usbd_cdc_if.c **** 
  79:USB_DEVICE/App/usbd_cdc_if.c **** /* USER CODE END PRIVATE_MACRO */
  80:USB_DEVICE/App/usbd_cdc_if.c **** 
  81:USB_DEVICE/App/usbd_cdc_if.c **** /**
  82:USB_DEVICE/App/usbd_cdc_if.c ****   * @}
  83:USB_DEVICE/App/usbd_cdc_if.c ****   */
  84:USB_DEVICE/App/usbd_cdc_if.c **** 
  85:USB_DEVICE/App/usbd_cdc_if.c **** /** @defgroup USBD_CDC_IF_Private_Variables USBD_CDC_IF_Private_Variables
  86:USB_DEVICE/App/usbd_cdc_if.c ****   * @brief Private variables.
  87:USB_DEVICE/App/usbd_cdc_if.c ****   * @{
  88:USB_DEVICE/App/usbd_cdc_if.c ****   */
  89:USB_DEVICE/App/usbd_cdc_if.c **** /* Create buffer for reception and transmission           */
  90:USB_DEVICE/App/usbd_cdc_if.c **** /* It's up to user to redefine and/or remove those define */
ARM GAS  /tmp/ccsyDG1w.s 			page 3


  91:USB_DEVICE/App/usbd_cdc_if.c **** /** Received data over USB are stored in this buffer      */
  92:USB_DEVICE/App/usbd_cdc_if.c **** uint8_t UserRxBufferFS[APP_RX_DATA_SIZE];
  93:USB_DEVICE/App/usbd_cdc_if.c **** 
  94:USB_DEVICE/App/usbd_cdc_if.c **** /** Data to send over USB CDC are stored in this buffer   */
  95:USB_DEVICE/App/usbd_cdc_if.c **** uint8_t UserTxBufferFS[APP_TX_DATA_SIZE];
  96:USB_DEVICE/App/usbd_cdc_if.c **** 
  97:USB_DEVICE/App/usbd_cdc_if.c **** /* USER CODE BEGIN PRIVATE_VARIABLES */
  98:USB_DEVICE/App/usbd_cdc_if.c **** 
  99:USB_DEVICE/App/usbd_cdc_if.c **** /* USER CODE END PRIVATE_VARIABLES */
 100:USB_DEVICE/App/usbd_cdc_if.c **** 
 101:USB_DEVICE/App/usbd_cdc_if.c **** /**
 102:USB_DEVICE/App/usbd_cdc_if.c ****   * @}
 103:USB_DEVICE/App/usbd_cdc_if.c ****   */
 104:USB_DEVICE/App/usbd_cdc_if.c **** 
 105:USB_DEVICE/App/usbd_cdc_if.c **** /** @defgroup USBD_CDC_IF_Exported_Variables USBD_CDC_IF_Exported_Variables
 106:USB_DEVICE/App/usbd_cdc_if.c ****   * @brief Public variables.
 107:USB_DEVICE/App/usbd_cdc_if.c ****   * @{
 108:USB_DEVICE/App/usbd_cdc_if.c ****   */
 109:USB_DEVICE/App/usbd_cdc_if.c **** 
 110:USB_DEVICE/App/usbd_cdc_if.c **** extern USBD_HandleTypeDef hUsbDeviceFS;
 111:USB_DEVICE/App/usbd_cdc_if.c **** 
 112:USB_DEVICE/App/usbd_cdc_if.c **** /* USER CODE BEGIN EXPORTED_VARIABLES */
 113:USB_DEVICE/App/usbd_cdc_if.c **** 
 114:USB_DEVICE/App/usbd_cdc_if.c **** /* USER CODE END EXPORTED_VARIABLES */
 115:USB_DEVICE/App/usbd_cdc_if.c **** 
 116:USB_DEVICE/App/usbd_cdc_if.c **** /**
 117:USB_DEVICE/App/usbd_cdc_if.c ****   * @}
 118:USB_DEVICE/App/usbd_cdc_if.c ****   */
 119:USB_DEVICE/App/usbd_cdc_if.c **** 
 120:USB_DEVICE/App/usbd_cdc_if.c **** /** @defgroup USBD_CDC_IF_Private_FunctionPrototypes USBD_CDC_IF_Private_FunctionPrototypes
 121:USB_DEVICE/App/usbd_cdc_if.c ****   * @brief Private functions declaration.
 122:USB_DEVICE/App/usbd_cdc_if.c ****   * @{
 123:USB_DEVICE/App/usbd_cdc_if.c ****   */
 124:USB_DEVICE/App/usbd_cdc_if.c **** 
 125:USB_DEVICE/App/usbd_cdc_if.c **** static int8_t CDC_Init_FS(void);
 126:USB_DEVICE/App/usbd_cdc_if.c **** static int8_t CDC_DeInit_FS(void);
 127:USB_DEVICE/App/usbd_cdc_if.c **** static int8_t CDC_Control_FS(uint8_t cmd, uint8_t* pbuf, uint16_t length);
 128:USB_DEVICE/App/usbd_cdc_if.c **** static int8_t CDC_Receive_FS(uint8_t* pbuf, uint32_t *Len);
 129:USB_DEVICE/App/usbd_cdc_if.c **** static int8_t CDC_TransmitCplt_FS(uint8_t *pbuf, uint32_t *Len, uint8_t epnum);
 130:USB_DEVICE/App/usbd_cdc_if.c **** 
 131:USB_DEVICE/App/usbd_cdc_if.c **** /* USER CODE BEGIN PRIVATE_FUNCTIONS_DECLARATION */
 132:USB_DEVICE/App/usbd_cdc_if.c **** 
 133:USB_DEVICE/App/usbd_cdc_if.c **** /* USER CODE END PRIVATE_FUNCTIONS_DECLARATION */
 134:USB_DEVICE/App/usbd_cdc_if.c **** 
 135:USB_DEVICE/App/usbd_cdc_if.c **** /**
 136:USB_DEVICE/App/usbd_cdc_if.c ****   * @}
 137:USB_DEVICE/App/usbd_cdc_if.c ****   */
 138:USB_DEVICE/App/usbd_cdc_if.c **** 
 139:USB_DEVICE/App/usbd_cdc_if.c **** USBD_CDC_ItfTypeDef USBD_Interface_fops_FS =
 140:USB_DEVICE/App/usbd_cdc_if.c **** {
 141:USB_DEVICE/App/usbd_cdc_if.c ****   CDC_Init_FS,
 142:USB_DEVICE/App/usbd_cdc_if.c ****   CDC_DeInit_FS,
 143:USB_DEVICE/App/usbd_cdc_if.c ****   CDC_Control_FS,
 144:USB_DEVICE/App/usbd_cdc_if.c ****   CDC_Receive_FS,
 145:USB_DEVICE/App/usbd_cdc_if.c ****   CDC_TransmitCplt_FS
 146:USB_DEVICE/App/usbd_cdc_if.c **** };
 147:USB_DEVICE/App/usbd_cdc_if.c **** 
ARM GAS  /tmp/ccsyDG1w.s 			page 4


 148:USB_DEVICE/App/usbd_cdc_if.c **** /* Private functions ---------------------------------------------------------*/
 149:USB_DEVICE/App/usbd_cdc_if.c **** /**
 150:USB_DEVICE/App/usbd_cdc_if.c ****   * @brief  Initializes the CDC media low layer over the FS USB IP
 151:USB_DEVICE/App/usbd_cdc_if.c ****   * @retval USBD_OK if all operations are OK else USBD_FAIL
 152:USB_DEVICE/App/usbd_cdc_if.c ****   */
 153:USB_DEVICE/App/usbd_cdc_if.c **** static int8_t CDC_Init_FS(void)
 154:USB_DEVICE/App/usbd_cdc_if.c **** {
 155:USB_DEVICE/App/usbd_cdc_if.c ****   /* USER CODE BEGIN 3 */
 156:USB_DEVICE/App/usbd_cdc_if.c ****   /* Set Application Buffers */
 157:USB_DEVICE/App/usbd_cdc_if.c ****   USBD_CDC_SetTxBuffer(&hUsbDeviceFS, UserTxBufferFS, 0);
 158:USB_DEVICE/App/usbd_cdc_if.c ****   USBD_CDC_SetRxBuffer(&hUsbDeviceFS, UserRxBufferFS);
 159:USB_DEVICE/App/usbd_cdc_if.c ****   return (USBD_OK);
 160:USB_DEVICE/App/usbd_cdc_if.c ****   /* USER CODE END 3 */
 161:USB_DEVICE/App/usbd_cdc_if.c **** }
 162:USB_DEVICE/App/usbd_cdc_if.c **** 
 163:USB_DEVICE/App/usbd_cdc_if.c **** /**
 164:USB_DEVICE/App/usbd_cdc_if.c ****   * @brief  DeInitializes the CDC media low layer
 165:USB_DEVICE/App/usbd_cdc_if.c ****   * @retval USBD_OK if all operations are OK else USBD_FAIL
 166:USB_DEVICE/App/usbd_cdc_if.c ****   */
 167:USB_DEVICE/App/usbd_cdc_if.c **** static int8_t CDC_DeInit_FS(void)
 168:USB_DEVICE/App/usbd_cdc_if.c **** {
  26              		.loc 1 168 0
  27              		.cfi_startproc
  28              		@ args = 0, pretend = 0, frame = 0
  29              		@ frame_needed = 0, uses_anonymous_args = 0
  30              		@ link register save eliminated.
 169:USB_DEVICE/App/usbd_cdc_if.c ****   /* USER CODE BEGIN 4 */
 170:USB_DEVICE/App/usbd_cdc_if.c ****   return (USBD_OK);
 171:USB_DEVICE/App/usbd_cdc_if.c ****   /* USER CODE END 4 */
 172:USB_DEVICE/App/usbd_cdc_if.c **** }
  31              		.loc 1 172 0
  32 0000 0020     		movs	r0, #0
  33 0002 7047     		bx	lr
  34              		.cfi_endproc
  35              	.LFE144:
  37              		.section	.text.CDC_Control_FS,"ax",%progbits
  38              		.align	1
  39              		.syntax unified
  40              		.thumb
  41              		.thumb_func
  42              		.fpu fpv5-d16
  44              	CDC_Control_FS:
  45              	.LFB145:
 173:USB_DEVICE/App/usbd_cdc_if.c **** 
 174:USB_DEVICE/App/usbd_cdc_if.c **** /**
 175:USB_DEVICE/App/usbd_cdc_if.c ****   * @brief  Manage the CDC class requests
 176:USB_DEVICE/App/usbd_cdc_if.c ****   * @param  cmd: Command code
 177:USB_DEVICE/App/usbd_cdc_if.c ****   * @param  pbuf: Buffer containing command data (request parameters)
 178:USB_DEVICE/App/usbd_cdc_if.c ****   * @param  length: Number of data to be sent (in bytes)
 179:USB_DEVICE/App/usbd_cdc_if.c ****   * @retval Result of the operation: USBD_OK if all operations are OK else USBD_FAIL
 180:USB_DEVICE/App/usbd_cdc_if.c ****   */
 181:USB_DEVICE/App/usbd_cdc_if.c **** static int8_t CDC_Control_FS(uint8_t cmd, uint8_t* pbuf, uint16_t length)
 182:USB_DEVICE/App/usbd_cdc_if.c **** {
  46              		.loc 1 182 0
  47              		.cfi_startproc
  48              		@ args = 0, pretend = 0, frame = 0
  49              		@ frame_needed = 0, uses_anonymous_args = 0
ARM GAS  /tmp/ccsyDG1w.s 			page 5


  50              		@ link register save eliminated.
  51              	.LVL0:
 183:USB_DEVICE/App/usbd_cdc_if.c ****   /* USER CODE BEGIN 5 */
 184:USB_DEVICE/App/usbd_cdc_if.c ****   switch(cmd)
 185:USB_DEVICE/App/usbd_cdc_if.c ****   {
 186:USB_DEVICE/App/usbd_cdc_if.c ****     case CDC_SEND_ENCAPSULATED_COMMAND:
 187:USB_DEVICE/App/usbd_cdc_if.c **** 
 188:USB_DEVICE/App/usbd_cdc_if.c ****     break;
 189:USB_DEVICE/App/usbd_cdc_if.c **** 
 190:USB_DEVICE/App/usbd_cdc_if.c ****     case CDC_GET_ENCAPSULATED_RESPONSE:
 191:USB_DEVICE/App/usbd_cdc_if.c **** 
 192:USB_DEVICE/App/usbd_cdc_if.c ****     break;
 193:USB_DEVICE/App/usbd_cdc_if.c **** 
 194:USB_DEVICE/App/usbd_cdc_if.c ****     case CDC_SET_COMM_FEATURE:
 195:USB_DEVICE/App/usbd_cdc_if.c **** 
 196:USB_DEVICE/App/usbd_cdc_if.c ****     break;
 197:USB_DEVICE/App/usbd_cdc_if.c **** 
 198:USB_DEVICE/App/usbd_cdc_if.c ****     case CDC_GET_COMM_FEATURE:
 199:USB_DEVICE/App/usbd_cdc_if.c **** 
 200:USB_DEVICE/App/usbd_cdc_if.c ****     break;
 201:USB_DEVICE/App/usbd_cdc_if.c **** 
 202:USB_DEVICE/App/usbd_cdc_if.c ****     case CDC_CLEAR_COMM_FEATURE:
 203:USB_DEVICE/App/usbd_cdc_if.c **** 
 204:USB_DEVICE/App/usbd_cdc_if.c ****     break;
 205:USB_DEVICE/App/usbd_cdc_if.c **** 
 206:USB_DEVICE/App/usbd_cdc_if.c ****   /*******************************************************************************/
 207:USB_DEVICE/App/usbd_cdc_if.c ****   /* Line Coding Structure                                                       */
 208:USB_DEVICE/App/usbd_cdc_if.c ****   /*-----------------------------------------------------------------------------*/
 209:USB_DEVICE/App/usbd_cdc_if.c ****   /* Offset | Field       | Size | Value  | Description                          */
 210:USB_DEVICE/App/usbd_cdc_if.c ****   /* 0      | dwDTERate   |   4  | Number |Data terminal rate, in bits per second*/
 211:USB_DEVICE/App/usbd_cdc_if.c ****   /* 4      | bCharFormat |   1  | Number | Stop bits                            */
 212:USB_DEVICE/App/usbd_cdc_if.c ****   /*                                        0 - 1 Stop bit                       */
 213:USB_DEVICE/App/usbd_cdc_if.c ****   /*                                        1 - 1.5 Stop bits                    */
 214:USB_DEVICE/App/usbd_cdc_if.c ****   /*                                        2 - 2 Stop bits                      */
 215:USB_DEVICE/App/usbd_cdc_if.c ****   /* 5      | bParityType |  1   | Number | Parity                               */
 216:USB_DEVICE/App/usbd_cdc_if.c ****   /*                                        0 - None                             */
 217:USB_DEVICE/App/usbd_cdc_if.c ****   /*                                        1 - Odd                              */
 218:USB_DEVICE/App/usbd_cdc_if.c ****   /*                                        2 - Even                             */
 219:USB_DEVICE/App/usbd_cdc_if.c ****   /*                                        3 - Mark                             */
 220:USB_DEVICE/App/usbd_cdc_if.c ****   /*                                        4 - Space                            */
 221:USB_DEVICE/App/usbd_cdc_if.c ****   /* 6      | bDataBits  |   1   | Number Data bits (5, 6, 7, 8 or 16).          */
 222:USB_DEVICE/App/usbd_cdc_if.c ****   /*******************************************************************************/
 223:USB_DEVICE/App/usbd_cdc_if.c ****     case CDC_SET_LINE_CODING:
 224:USB_DEVICE/App/usbd_cdc_if.c **** 
 225:USB_DEVICE/App/usbd_cdc_if.c ****     break;
 226:USB_DEVICE/App/usbd_cdc_if.c **** 
 227:USB_DEVICE/App/usbd_cdc_if.c ****     case CDC_GET_LINE_CODING:
 228:USB_DEVICE/App/usbd_cdc_if.c **** 
 229:USB_DEVICE/App/usbd_cdc_if.c ****     break;
 230:USB_DEVICE/App/usbd_cdc_if.c **** 
 231:USB_DEVICE/App/usbd_cdc_if.c ****     case CDC_SET_CONTROL_LINE_STATE:
 232:USB_DEVICE/App/usbd_cdc_if.c **** 
 233:USB_DEVICE/App/usbd_cdc_if.c ****     break;
 234:USB_DEVICE/App/usbd_cdc_if.c **** 
 235:USB_DEVICE/App/usbd_cdc_if.c ****     case CDC_SEND_BREAK:
 236:USB_DEVICE/App/usbd_cdc_if.c **** 
 237:USB_DEVICE/App/usbd_cdc_if.c ****     break;
ARM GAS  /tmp/ccsyDG1w.s 			page 6


 238:USB_DEVICE/App/usbd_cdc_if.c **** 
 239:USB_DEVICE/App/usbd_cdc_if.c ****   default:
 240:USB_DEVICE/App/usbd_cdc_if.c ****     break;
 241:USB_DEVICE/App/usbd_cdc_if.c ****   }
 242:USB_DEVICE/App/usbd_cdc_if.c **** 
 243:USB_DEVICE/App/usbd_cdc_if.c ****   return (USBD_OK);
 244:USB_DEVICE/App/usbd_cdc_if.c ****   /* USER CODE END 5 */
 245:USB_DEVICE/App/usbd_cdc_if.c **** }
  52              		.loc 1 245 0
  53 0000 0020     		movs	r0, #0
  54              	.LVL1:
  55 0002 7047     		bx	lr
  56              		.cfi_endproc
  57              	.LFE145:
  59              		.section	.text.CDC_TransmitCplt_FS,"ax",%progbits
  60              		.align	1
  61              		.syntax unified
  62              		.thumb
  63              		.thumb_func
  64              		.fpu fpv5-d16
  66              	CDC_TransmitCplt_FS:
  67              	.LFB148:
 246:USB_DEVICE/App/usbd_cdc_if.c **** 
 247:USB_DEVICE/App/usbd_cdc_if.c **** /**
 248:USB_DEVICE/App/usbd_cdc_if.c ****   * @brief  Data received over USB OUT endpoint are sent over CDC interface
 249:USB_DEVICE/App/usbd_cdc_if.c ****   *         through this function.
 250:USB_DEVICE/App/usbd_cdc_if.c ****   *
 251:USB_DEVICE/App/usbd_cdc_if.c ****   *         @note
 252:USB_DEVICE/App/usbd_cdc_if.c ****   *         This function will issue a NAK packet on any OUT packet received on
 253:USB_DEVICE/App/usbd_cdc_if.c ****   *         USB endpoint until exiting this function. If you exit this function
 254:USB_DEVICE/App/usbd_cdc_if.c ****   *         before transfer is complete on CDC interface (ie. using DMA controller)
 255:USB_DEVICE/App/usbd_cdc_if.c ****   *         it will result in receiving more data while previous ones are still
 256:USB_DEVICE/App/usbd_cdc_if.c ****   *         not sent.
 257:USB_DEVICE/App/usbd_cdc_if.c ****   *
 258:USB_DEVICE/App/usbd_cdc_if.c ****   * @param  Buf: Buffer of data to be received
 259:USB_DEVICE/App/usbd_cdc_if.c ****   * @param  Len: Number of data received (in bytes)
 260:USB_DEVICE/App/usbd_cdc_if.c ****   * @retval Result of the operation: USBD_OK if all operations are OK else USBD_FAIL
 261:USB_DEVICE/App/usbd_cdc_if.c ****   */
 262:USB_DEVICE/App/usbd_cdc_if.c **** static int8_t CDC_Receive_FS(uint8_t* Buf, uint32_t *Len)
 263:USB_DEVICE/App/usbd_cdc_if.c **** {
 264:USB_DEVICE/App/usbd_cdc_if.c ****   /* USER CODE BEGIN 6 */
 265:USB_DEVICE/App/usbd_cdc_if.c ****   USBD_CDC_SetRxBuffer(&hUsbDeviceFS, &Buf[0]);
 266:USB_DEVICE/App/usbd_cdc_if.c ****   USBD_CDC_ReceivePacket(&hUsbDeviceFS);
 267:USB_DEVICE/App/usbd_cdc_if.c ****   return (USBD_OK);
 268:USB_DEVICE/App/usbd_cdc_if.c ****   /* USER CODE END 6 */
 269:USB_DEVICE/App/usbd_cdc_if.c **** }
 270:USB_DEVICE/App/usbd_cdc_if.c **** 
 271:USB_DEVICE/App/usbd_cdc_if.c **** /**
 272:USB_DEVICE/App/usbd_cdc_if.c ****   * @brief  CDC_Transmit_FS
 273:USB_DEVICE/App/usbd_cdc_if.c ****   *         Data to send over USB IN endpoint are sent over CDC interface
 274:USB_DEVICE/App/usbd_cdc_if.c ****   *         through this function.
 275:USB_DEVICE/App/usbd_cdc_if.c ****   *         @note
 276:USB_DEVICE/App/usbd_cdc_if.c ****   *
 277:USB_DEVICE/App/usbd_cdc_if.c ****   *
 278:USB_DEVICE/App/usbd_cdc_if.c ****   * @param  Buf: Buffer of data to be sent
 279:USB_DEVICE/App/usbd_cdc_if.c ****   * @param  Len: Number of data to be sent (in bytes)
 280:USB_DEVICE/App/usbd_cdc_if.c ****   * @retval USBD_OK if all operations are OK else USBD_FAIL or USBD_BUSY
ARM GAS  /tmp/ccsyDG1w.s 			page 7


 281:USB_DEVICE/App/usbd_cdc_if.c ****   */
 282:USB_DEVICE/App/usbd_cdc_if.c **** uint8_t CDC_Transmit_FS(uint8_t* Buf, uint16_t Len)
 283:USB_DEVICE/App/usbd_cdc_if.c **** {
 284:USB_DEVICE/App/usbd_cdc_if.c ****   uint8_t result = USBD_OK;
 285:USB_DEVICE/App/usbd_cdc_if.c ****   /* USER CODE BEGIN 7 */
 286:USB_DEVICE/App/usbd_cdc_if.c ****   USBD_CDC_HandleTypeDef *hcdc = (USBD_CDC_HandleTypeDef*)hUsbDeviceFS.pClassData;
 287:USB_DEVICE/App/usbd_cdc_if.c ****   if (hcdc->TxState != 0){
 288:USB_DEVICE/App/usbd_cdc_if.c ****     return USBD_BUSY;
 289:USB_DEVICE/App/usbd_cdc_if.c ****   }
 290:USB_DEVICE/App/usbd_cdc_if.c ****   USBD_CDC_SetTxBuffer(&hUsbDeviceFS, Buf, Len);
 291:USB_DEVICE/App/usbd_cdc_if.c ****   result = USBD_CDC_TransmitPacket(&hUsbDeviceFS);
 292:USB_DEVICE/App/usbd_cdc_if.c ****   /* USER CODE END 7 */
 293:USB_DEVICE/App/usbd_cdc_if.c ****   return result;
 294:USB_DEVICE/App/usbd_cdc_if.c **** }
 295:USB_DEVICE/App/usbd_cdc_if.c **** 
 296:USB_DEVICE/App/usbd_cdc_if.c **** /**
 297:USB_DEVICE/App/usbd_cdc_if.c ****   * @brief  CDC_TransmitCplt_FS
 298:USB_DEVICE/App/usbd_cdc_if.c ****   *         Data transmitted callback
 299:USB_DEVICE/App/usbd_cdc_if.c ****   *
 300:USB_DEVICE/App/usbd_cdc_if.c ****   *         @note
 301:USB_DEVICE/App/usbd_cdc_if.c ****   *         This function is IN transfer complete callback used to inform user that
 302:USB_DEVICE/App/usbd_cdc_if.c ****   *         the submitted Data is successfully sent over USB.
 303:USB_DEVICE/App/usbd_cdc_if.c ****   *
 304:USB_DEVICE/App/usbd_cdc_if.c ****   * @param  Buf: Buffer of data to be received
 305:USB_DEVICE/App/usbd_cdc_if.c ****   * @param  Len: Number of data received (in bytes)
 306:USB_DEVICE/App/usbd_cdc_if.c ****   * @retval Result of the operation: USBD_OK if all operations are OK else USBD_FAIL
 307:USB_DEVICE/App/usbd_cdc_if.c ****   */
 308:USB_DEVICE/App/usbd_cdc_if.c **** static int8_t CDC_TransmitCplt_FS(uint8_t *Buf, uint32_t *Len, uint8_t epnum)
 309:USB_DEVICE/App/usbd_cdc_if.c **** {
  68              		.loc 1 309 0
  69              		.cfi_startproc
  70              		@ args = 0, pretend = 0, frame = 0
  71              		@ frame_needed = 0, uses_anonymous_args = 0
  72              		@ link register save eliminated.
  73              	.LVL2:
 310:USB_DEVICE/App/usbd_cdc_if.c ****   uint8_t result = USBD_OK;
 311:USB_DEVICE/App/usbd_cdc_if.c ****   /* USER CODE BEGIN 13 */
 312:USB_DEVICE/App/usbd_cdc_if.c ****   UNUSED(Buf);
 313:USB_DEVICE/App/usbd_cdc_if.c ****   UNUSED(Len);
 314:USB_DEVICE/App/usbd_cdc_if.c ****   UNUSED(epnum);
 315:USB_DEVICE/App/usbd_cdc_if.c ****   /* USER CODE END 13 */
 316:USB_DEVICE/App/usbd_cdc_if.c ****   return result;
 317:USB_DEVICE/App/usbd_cdc_if.c **** }
  74              		.loc 1 317 0
  75 0000 0020     		movs	r0, #0
  76              	.LVL3:
  77 0002 7047     		bx	lr
  78              		.cfi_endproc
  79              	.LFE148:
  81              		.section	.text.CDC_Receive_FS,"ax",%progbits
  82              		.align	1
  83              		.syntax unified
  84              		.thumb
  85              		.thumb_func
  86              		.fpu fpv5-d16
  88              	CDC_Receive_FS:
  89              	.LFB146:
ARM GAS  /tmp/ccsyDG1w.s 			page 8


 263:USB_DEVICE/App/usbd_cdc_if.c ****   /* USER CODE BEGIN 6 */
  90              		.loc 1 263 0
  91              		.cfi_startproc
  92              		@ args = 0, pretend = 0, frame = 0
  93              		@ frame_needed = 0, uses_anonymous_args = 0
  94              	.LVL4:
  95 0000 10B5     		push	{r4, lr}
  96              	.LCFI0:
  97              		.cfi_def_cfa_offset 8
  98              		.cfi_offset 4, -8
  99              		.cfi_offset 14, -4
 265:USB_DEVICE/App/usbd_cdc_if.c ****   USBD_CDC_ReceivePacket(&hUsbDeviceFS);
 100              		.loc 1 265 0
 101 0002 054C     		ldr	r4, .L6
 102 0004 0146     		mov	r1, r0
 103              	.LVL5:
 104 0006 2046     		mov	r0, r4
 105              	.LVL6:
 106 0008 FFF7FEFF 		bl	USBD_CDC_SetRxBuffer
 107              	.LVL7:
 266:USB_DEVICE/App/usbd_cdc_if.c ****   return (USBD_OK);
 108              		.loc 1 266 0
 109 000c 2046     		mov	r0, r4
 110 000e FFF7FEFF 		bl	USBD_CDC_ReceivePacket
 111              	.LVL8:
 269:USB_DEVICE/App/usbd_cdc_if.c **** 
 112              		.loc 1 269 0
 113 0012 0020     		movs	r0, #0
 114 0014 10BD     		pop	{r4, pc}
 115              	.L7:
 116 0016 00BF     		.align	2
 117              	.L6:
 118 0018 00000000 		.word	hUsbDeviceFS
 119              		.cfi_endproc
 120              	.LFE146:
 122              		.section	.text.CDC_Init_FS,"ax",%progbits
 123              		.align	1
 124              		.syntax unified
 125              		.thumb
 126              		.thumb_func
 127              		.fpu fpv5-d16
 129              	CDC_Init_FS:
 130              	.LFB143:
 154:USB_DEVICE/App/usbd_cdc_if.c ****   /* USER CODE BEGIN 3 */
 131              		.loc 1 154 0
 132              		.cfi_startproc
 133              		@ args = 0, pretend = 0, frame = 0
 134              		@ frame_needed = 0, uses_anonymous_args = 0
 135 0000 10B5     		push	{r4, lr}
 136              	.LCFI1:
 137              		.cfi_def_cfa_offset 8
 138              		.cfi_offset 4, -8
 139              		.cfi_offset 14, -4
 157:USB_DEVICE/App/usbd_cdc_if.c ****   USBD_CDC_SetRxBuffer(&hUsbDeviceFS, UserRxBufferFS);
 140              		.loc 1 157 0
 141 0002 064C     		ldr	r4, .L10
 142 0004 0022     		movs	r2, #0
ARM GAS  /tmp/ccsyDG1w.s 			page 9


 143 0006 0649     		ldr	r1, .L10+4
 144 0008 2046     		mov	r0, r4
 145 000a FFF7FEFF 		bl	USBD_CDC_SetTxBuffer
 146              	.LVL9:
 158:USB_DEVICE/App/usbd_cdc_if.c ****   return (USBD_OK);
 147              		.loc 1 158 0
 148 000e 0549     		ldr	r1, .L10+8
 149 0010 2046     		mov	r0, r4
 150 0012 FFF7FEFF 		bl	USBD_CDC_SetRxBuffer
 151              	.LVL10:
 161:USB_DEVICE/App/usbd_cdc_if.c **** 
 152              		.loc 1 161 0
 153 0016 0020     		movs	r0, #0
 154 0018 10BD     		pop	{r4, pc}
 155              	.L11:
 156 001a 00BF     		.align	2
 157              	.L10:
 158 001c 00000000 		.word	hUsbDeviceFS
 159 0020 00000000 		.word	UserTxBufferFS
 160 0024 00000000 		.word	UserRxBufferFS
 161              		.cfi_endproc
 162              	.LFE143:
 164              		.section	.text.CDC_Transmit_FS,"ax",%progbits
 165              		.align	1
 166              		.global	CDC_Transmit_FS
 167              		.syntax unified
 168              		.thumb
 169              		.thumb_func
 170              		.fpu fpv5-d16
 172              	CDC_Transmit_FS:
 173              	.LFB147:
 283:USB_DEVICE/App/usbd_cdc_if.c ****   uint8_t result = USBD_OK;
 174              		.loc 1 283 0
 175              		.cfi_startproc
 176              		@ args = 0, pretend = 0, frame = 0
 177              		@ frame_needed = 0, uses_anonymous_args = 0
 178              	.LVL11:
 286:USB_DEVICE/App/usbd_cdc_if.c ****   if (hcdc->TxState != 0){
 179              		.loc 1 286 0
 180 0000 094B     		ldr	r3, .L20
 181 0002 D3F8BC32 		ldr	r3, [r3, #700]
 182              	.LVL12:
 287:USB_DEVICE/App/usbd_cdc_if.c ****     return USBD_BUSY;
 183              		.loc 1 287 0
 184 0006 D3F81432 		ldr	r3, [r3, #532]
 185              	.LVL13:
 186 000a 0BB1     		cbz	r3, .L19
 288:USB_DEVICE/App/usbd_cdc_if.c ****   }
 187              		.loc 1 288 0
 188 000c 0120     		movs	r0, #1
 189              	.LVL14:
 190 000e 7047     		bx	lr
 191              	.LVL15:
 192              	.L19:
 283:USB_DEVICE/App/usbd_cdc_if.c ****   uint8_t result = USBD_OK;
 193              		.loc 1 283 0
 194 0010 10B5     		push	{r4, lr}
ARM GAS  /tmp/ccsyDG1w.s 			page 10


 195              	.LCFI2:
 196              		.cfi_def_cfa_offset 8
 197              		.cfi_offset 4, -8
 198              		.cfi_offset 14, -4
 199 0012 0A46     		mov	r2, r1
 200 0014 0146     		mov	r1, r0
 201              	.LVL16:
 290:USB_DEVICE/App/usbd_cdc_if.c ****   result = USBD_CDC_TransmitPacket(&hUsbDeviceFS);
 202              		.loc 1 290 0
 203 0016 044C     		ldr	r4, .L20
 204              	.LVL17:
 205 0018 2046     		mov	r0, r4
 206              	.LVL18:
 207 001a FFF7FEFF 		bl	USBD_CDC_SetTxBuffer
 208              	.LVL19:
 291:USB_DEVICE/App/usbd_cdc_if.c ****   /* USER CODE END 7 */
 209              		.loc 1 291 0
 210 001e 2046     		mov	r0, r4
 211 0020 FFF7FEFF 		bl	USBD_CDC_TransmitPacket
 212              	.LVL20:
 293:USB_DEVICE/App/usbd_cdc_if.c **** }
 213              		.loc 1 293 0
 214 0024 10BD     		pop	{r4, pc}
 215              	.L21:
 216 0026 00BF     		.align	2
 217              	.L20:
 218 0028 00000000 		.word	hUsbDeviceFS
 219              		.cfi_endproc
 220              	.LFE147:
 222              		.global	USBD_Interface_fops_FS
 223              		.comm	UserTxBufferFS,2048,4
 224              		.comm	UserRxBufferFS,2048,4
 225              		.section	.data.USBD_Interface_fops_FS,"aw",%progbits
 226              		.align	2
 229              	USBD_Interface_fops_FS:
 230 0000 00000000 		.word	CDC_Init_FS
 231 0004 00000000 		.word	CDC_DeInit_FS
 232 0008 00000000 		.word	CDC_Control_FS
 233 000c 00000000 		.word	CDC_Receive_FS
 234 0010 00000000 		.word	CDC_TransmitCplt_FS
 235              		.text
 236              	.Letext0:
 237              		.file 2 "/usr/include/newlib/machine/_default_types.h"
 238              		.file 3 "/usr/include/newlib/sys/lock.h"
 239              		.file 4 "/usr/include/newlib/sys/_types.h"
 240              		.file 5 "/usr/lib/gcc/arm-none-eabi/6.3.1/include/stddef.h"
 241              		.file 6 "/usr/include/newlib/sys/reent.h"
 242              		.file 7 "/usr/include/newlib/sys/_stdint.h"
 243              		.file 8 "/usr/include/newlib/stdlib.h"
 244              		.file 9 "Drivers/CMSIS/Include/core_cm7.h"
 245              		.file 10 "Drivers/CMSIS/Device/ST/STM32F7xx/Include/system_stm32f7xx.h"
 246              		.file 11 "Drivers/STM32F7xx_HAL_Driver/Inc/stm32f7xx_hal.h"
 247              		.file 12 "Middlewares/ST/STM32_USB_Device_Library/Core/Inc/usbd_def.h"
 248              		.file 13 "Middlewares/ST/STM32_USB_Device_Library/Class/CDC/Inc/usbd_cdc.h"
 249              		.file 14 "USB_DEVICE/App/usbd_cdc_if.h"
ARM GAS  /tmp/ccsyDG1w.s 			page 11


DEFINED SYMBOLS
                            *ABS*:0000000000000000 usbd_cdc_if.c
     /tmp/ccsyDG1w.s:17     .text.CDC_DeInit_FS:0000000000000000 $t
     /tmp/ccsyDG1w.s:23     .text.CDC_DeInit_FS:0000000000000000 CDC_DeInit_FS
     /tmp/ccsyDG1w.s:38     .text.CDC_Control_FS:0000000000000000 $t
     /tmp/ccsyDG1w.s:44     .text.CDC_Control_FS:0000000000000000 CDC_Control_FS
     /tmp/ccsyDG1w.s:60     .text.CDC_TransmitCplt_FS:0000000000000000 $t
     /tmp/ccsyDG1w.s:66     .text.CDC_TransmitCplt_FS:0000000000000000 CDC_TransmitCplt_FS
     /tmp/ccsyDG1w.s:82     .text.CDC_Receive_FS:0000000000000000 $t
     /tmp/ccsyDG1w.s:88     .text.CDC_Receive_FS:0000000000000000 CDC_Receive_FS
     /tmp/ccsyDG1w.s:118    .text.CDC_Receive_FS:0000000000000018 $d
     /tmp/ccsyDG1w.s:123    .text.CDC_Init_FS:0000000000000000 $t
     /tmp/ccsyDG1w.s:129    .text.CDC_Init_FS:0000000000000000 CDC_Init_FS
     /tmp/ccsyDG1w.s:158    .text.CDC_Init_FS:000000000000001c $d
                            *COM*:0000000000000800 UserTxBufferFS
                            *COM*:0000000000000800 UserRxBufferFS
     /tmp/ccsyDG1w.s:165    .text.CDC_Transmit_FS:0000000000000000 $t
     /tmp/ccsyDG1w.s:172    .text.CDC_Transmit_FS:0000000000000000 CDC_Transmit_FS
     /tmp/ccsyDG1w.s:218    .text.CDC_Transmit_FS:0000000000000028 $d
     /tmp/ccsyDG1w.s:229    .data.USBD_Interface_fops_FS:0000000000000000 USBD_Interface_fops_FS
     /tmp/ccsyDG1w.s:226    .data.USBD_Interface_fops_FS:0000000000000000 $d
                     .debug_frame:0000000000000010 $d

UNDEFINED SYMBOLS
USBD_CDC_SetRxBuffer
USBD_CDC_ReceivePacket
hUsbDeviceFS
USBD_CDC_SetTxBuffer
USBD_CDC_TransmitPacket
