ARM GAS  /tmp/ccyPbAr8.s 			page 1


   1              		.cpu cortex-m7
   2              		.eabi_attribute 28, 1
   3              		.eabi_attribute 20, 1
   4              		.eabi_attribute 21, 1
   5              		.eabi_attribute 23, 3
   6              		.eabi_attribute 24, 1
   7              		.eabi_attribute 25, 1
   8              		.eabi_attribute 26, 1
   9              		.eabi_attribute 30, 1
  10              		.eabi_attribute 34, 1
  11              		.eabi_attribute 18, 4
  12              		.file	"ethernet.c"
  13              		.text
  14              	.Ltext0:
  15              		.cfi_sections	.debug_frame
  16              		.section	.text.ethernet_input,"ax",%progbits
  17              		.align	1
  18              		.global	ethernet_input
  19              		.syntax unified
  20              		.thumb
  21              		.thumb_func
  22              		.fpu fpv5-d16
  24              	ethernet_input:
  25              	.LFB158:
  26              		.file 1 "Middlewares/Third_Party/LwIP/src/netif/ethernet.c"
   1:Middlewares/Third_Party/LwIP/src/netif/ethernet.c **** /**
   2:Middlewares/Third_Party/LwIP/src/netif/ethernet.c ****  * @file
   3:Middlewares/Third_Party/LwIP/src/netif/ethernet.c ****  * Ethernet common functions
   4:Middlewares/Third_Party/LwIP/src/netif/ethernet.c ****  *
   5:Middlewares/Third_Party/LwIP/src/netif/ethernet.c ****  * @defgroup ethernet Ethernet
   6:Middlewares/Third_Party/LwIP/src/netif/ethernet.c ****  * @ingroup callbackstyle_api
   7:Middlewares/Third_Party/LwIP/src/netif/ethernet.c ****  */
   8:Middlewares/Third_Party/LwIP/src/netif/ethernet.c **** 
   9:Middlewares/Third_Party/LwIP/src/netif/ethernet.c **** /*
  10:Middlewares/Third_Party/LwIP/src/netif/ethernet.c ****  * Copyright (c) 2001-2003 Swedish Institute of Computer Science.
  11:Middlewares/Third_Party/LwIP/src/netif/ethernet.c ****  * Copyright (c) 2003-2004 Leon Woestenberg <leon.woestenberg@axon.tv>
  12:Middlewares/Third_Party/LwIP/src/netif/ethernet.c ****  * Copyright (c) 2003-2004 Axon Digital Design B.V., The Netherlands.
  13:Middlewares/Third_Party/LwIP/src/netif/ethernet.c ****  * All rights reserved.
  14:Middlewares/Third_Party/LwIP/src/netif/ethernet.c ****  *
  15:Middlewares/Third_Party/LwIP/src/netif/ethernet.c ****  * Redistribution and use in source and binary forms, with or without modification,
  16:Middlewares/Third_Party/LwIP/src/netif/ethernet.c ****  * are permitted provided that the following conditions are met:
  17:Middlewares/Third_Party/LwIP/src/netif/ethernet.c ****  *
  18:Middlewares/Third_Party/LwIP/src/netif/ethernet.c ****  * 1. Redistributions of source code must retain the above copyright notice,
  19:Middlewares/Third_Party/LwIP/src/netif/ethernet.c ****  *    this list of conditions and the following disclaimer.
  20:Middlewares/Third_Party/LwIP/src/netif/ethernet.c ****  * 2. Redistributions in binary form must reproduce the above copyright notice,
  21:Middlewares/Third_Party/LwIP/src/netif/ethernet.c ****  *    this list of conditions and the following disclaimer in the documentation
  22:Middlewares/Third_Party/LwIP/src/netif/ethernet.c ****  *    and/or other materials provided with the distribution.
  23:Middlewares/Third_Party/LwIP/src/netif/ethernet.c ****  * 3. The name of the author may not be used to endorse or promote products
  24:Middlewares/Third_Party/LwIP/src/netif/ethernet.c ****  *    derived from this software without specific prior written permission.
  25:Middlewares/Third_Party/LwIP/src/netif/ethernet.c ****  *
  26:Middlewares/Third_Party/LwIP/src/netif/ethernet.c ****  * THIS SOFTWARE IS PROVIDED BY THE AUTHOR ``AS IS'' AND ANY EXPRESS OR IMPLIED
  27:Middlewares/Third_Party/LwIP/src/netif/ethernet.c ****  * WARRANTIES, INCLUDING, BUT NOT LIMITED TO, THE IMPLIED WARRANTIES OF
  28:Middlewares/Third_Party/LwIP/src/netif/ethernet.c ****  * MERCHANTABILITY AND FITNESS FOR A PARTICULAR PURPOSE ARE DISCLAIMED. IN NO EVENT
  29:Middlewares/Third_Party/LwIP/src/netif/ethernet.c ****  * SHALL THE AUTHOR BE LIABLE FOR ANY DIRECT, INDIRECT, INCIDENTAL, SPECIAL,
  30:Middlewares/Third_Party/LwIP/src/netif/ethernet.c ****  * EXEMPLARY, OR CONSEQUENTIAL DAMAGES (INCLUDING, BUT NOT LIMITED TO, PROCUREMENT
  31:Middlewares/Third_Party/LwIP/src/netif/ethernet.c ****  * OF SUBSTITUTE GOODS OR SERVICES; LOSS OF USE, DATA, OR PROFITS; OR BUSINESS
  32:Middlewares/Third_Party/LwIP/src/netif/ethernet.c ****  * INTERRUPTION) HOWEVER CAUSED AND ON ANY THEORY OF LIABILITY, WHETHER IN
ARM GAS  /tmp/ccyPbAr8.s 			page 2


  33:Middlewares/Third_Party/LwIP/src/netif/ethernet.c ****  * CONTRACT, STRICT LIABILITY, OR TORT (INCLUDING NEGLIGENCE OR OTHERWISE) ARISING
  34:Middlewares/Third_Party/LwIP/src/netif/ethernet.c ****  * IN ANY WAY OUT OF THE USE OF THIS SOFTWARE, EVEN IF ADVISED OF THE POSSIBILITY
  35:Middlewares/Third_Party/LwIP/src/netif/ethernet.c ****  * OF SUCH DAMAGE.
  36:Middlewares/Third_Party/LwIP/src/netif/ethernet.c ****  *
  37:Middlewares/Third_Party/LwIP/src/netif/ethernet.c ****  * This file is part of the lwIP TCP/IP stack.
  38:Middlewares/Third_Party/LwIP/src/netif/ethernet.c ****  *
  39:Middlewares/Third_Party/LwIP/src/netif/ethernet.c ****  */
  40:Middlewares/Third_Party/LwIP/src/netif/ethernet.c **** 
  41:Middlewares/Third_Party/LwIP/src/netif/ethernet.c **** #include "lwip/opt.h"
  42:Middlewares/Third_Party/LwIP/src/netif/ethernet.c **** 
  43:Middlewares/Third_Party/LwIP/src/netif/ethernet.c **** #if LWIP_ARP || LWIP_ETHERNET
  44:Middlewares/Third_Party/LwIP/src/netif/ethernet.c **** 
  45:Middlewares/Third_Party/LwIP/src/netif/ethernet.c **** #include "netif/ethernet.h"
  46:Middlewares/Third_Party/LwIP/src/netif/ethernet.c **** #include "lwip/def.h"
  47:Middlewares/Third_Party/LwIP/src/netif/ethernet.c **** #include "lwip/stats.h"
  48:Middlewares/Third_Party/LwIP/src/netif/ethernet.c **** #include "lwip/etharp.h"
  49:Middlewares/Third_Party/LwIP/src/netif/ethernet.c **** #include "lwip/ip.h"
  50:Middlewares/Third_Party/LwIP/src/netif/ethernet.c **** #include "lwip/snmp.h"
  51:Middlewares/Third_Party/LwIP/src/netif/ethernet.c **** 
  52:Middlewares/Third_Party/LwIP/src/netif/ethernet.c **** #include <string.h>
  53:Middlewares/Third_Party/LwIP/src/netif/ethernet.c **** 
  54:Middlewares/Third_Party/LwIP/src/netif/ethernet.c **** #include "netif/ppp/ppp_opts.h"
  55:Middlewares/Third_Party/LwIP/src/netif/ethernet.c **** #if PPPOE_SUPPORT
  56:Middlewares/Third_Party/LwIP/src/netif/ethernet.c **** #include "netif/ppp/pppoe.h"
  57:Middlewares/Third_Party/LwIP/src/netif/ethernet.c **** #endif /* PPPOE_SUPPORT */
  58:Middlewares/Third_Party/LwIP/src/netif/ethernet.c **** 
  59:Middlewares/Third_Party/LwIP/src/netif/ethernet.c **** #ifdef LWIP_HOOK_FILENAME
  60:Middlewares/Third_Party/LwIP/src/netif/ethernet.c **** #include LWIP_HOOK_FILENAME
  61:Middlewares/Third_Party/LwIP/src/netif/ethernet.c **** #endif
  62:Middlewares/Third_Party/LwIP/src/netif/ethernet.c **** 
  63:Middlewares/Third_Party/LwIP/src/netif/ethernet.c **** const struct eth_addr ethbroadcast = {{0xff, 0xff, 0xff, 0xff, 0xff, 0xff}};
  64:Middlewares/Third_Party/LwIP/src/netif/ethernet.c **** const struct eth_addr ethzero = {{0, 0, 0, 0, 0, 0}};
  65:Middlewares/Third_Party/LwIP/src/netif/ethernet.c **** 
  66:Middlewares/Third_Party/LwIP/src/netif/ethernet.c **** /**
  67:Middlewares/Third_Party/LwIP/src/netif/ethernet.c ****  * @ingroup lwip_nosys
  68:Middlewares/Third_Party/LwIP/src/netif/ethernet.c ****  * Process received ethernet frames. Using this function instead of directly
  69:Middlewares/Third_Party/LwIP/src/netif/ethernet.c ****  * calling ip_input and passing ARP frames through etharp in ethernetif_input,
  70:Middlewares/Third_Party/LwIP/src/netif/ethernet.c ****  * the ARP cache is protected from concurrent access.\n
  71:Middlewares/Third_Party/LwIP/src/netif/ethernet.c ****  * Don't call directly, pass to netif_add() and call netif->input().
  72:Middlewares/Third_Party/LwIP/src/netif/ethernet.c ****  *
  73:Middlewares/Third_Party/LwIP/src/netif/ethernet.c ****  * @param p the received packet, p->payload pointing to the ethernet header
  74:Middlewares/Third_Party/LwIP/src/netif/ethernet.c ****  * @param netif the network interface on which the packet was received
  75:Middlewares/Third_Party/LwIP/src/netif/ethernet.c ****  *
  76:Middlewares/Third_Party/LwIP/src/netif/ethernet.c ****  * @see LWIP_HOOK_UNKNOWN_ETH_PROTOCOL
  77:Middlewares/Third_Party/LwIP/src/netif/ethernet.c ****  * @see ETHARP_SUPPORT_VLAN
  78:Middlewares/Third_Party/LwIP/src/netif/ethernet.c ****  * @see LWIP_HOOK_VLAN_CHECK
  79:Middlewares/Third_Party/LwIP/src/netif/ethernet.c ****  */
  80:Middlewares/Third_Party/LwIP/src/netif/ethernet.c **** err_t
  81:Middlewares/Third_Party/LwIP/src/netif/ethernet.c **** ethernet_input(struct pbuf *p, struct netif *netif)
  82:Middlewares/Third_Party/LwIP/src/netif/ethernet.c **** {
  27              		.loc 1 82 0
  28              		.cfi_startproc
  29              		@ args = 0, pretend = 0, frame = 0
  30              		@ frame_needed = 0, uses_anonymous_args = 0
  31              	.LVL0:
  32 0000 70B5     		push	{r4, r5, r6, lr}
  33              	.LCFI0:
ARM GAS  /tmp/ccyPbAr8.s 			page 3


  34              		.cfi_def_cfa_offset 16
  35              		.cfi_offset 4, -16
  36              		.cfi_offset 5, -12
  37              		.cfi_offset 6, -8
  38              		.cfi_offset 14, -4
  39 0002 0446     		mov	r4, r0
  40              	.LVL1:
  83:Middlewares/Third_Party/LwIP/src/netif/ethernet.c ****   struct eth_hdr *ethhdr;
  84:Middlewares/Third_Party/LwIP/src/netif/ethernet.c ****   u16_t type;
  85:Middlewares/Third_Party/LwIP/src/netif/ethernet.c **** #if LWIP_ARP || ETHARP_SUPPORT_VLAN || LWIP_IPV6
  86:Middlewares/Third_Party/LwIP/src/netif/ethernet.c ****   u16_t next_hdr_offset = SIZEOF_ETH_HDR;
  87:Middlewares/Third_Party/LwIP/src/netif/ethernet.c **** #endif /* LWIP_ARP || ETHARP_SUPPORT_VLAN */
  88:Middlewares/Third_Party/LwIP/src/netif/ethernet.c **** 
  89:Middlewares/Third_Party/LwIP/src/netif/ethernet.c ****   LWIP_ASSERT_CORE_LOCKED();
  90:Middlewares/Third_Party/LwIP/src/netif/ethernet.c **** 
  91:Middlewares/Third_Party/LwIP/src/netif/ethernet.c ****   if (p->len <= SIZEOF_ETH_HDR) {
  41              		.loc 1 91 0
  42 0004 4389     		ldrh	r3, [r0, #10]
  43 0006 0E2B     		cmp	r3, #14
  44 0008 1CD9     		bls	.L2
  45 000a 0E46     		mov	r6, r1
  92:Middlewares/Third_Party/LwIP/src/netif/ethernet.c ****     /* a packet with only an ethernet header (or less) is not valid for us */
  93:Middlewares/Third_Party/LwIP/src/netif/ethernet.c ****     ETHARP_STATS_INC(etharp.proterr);
  94:Middlewares/Third_Party/LwIP/src/netif/ethernet.c ****     ETHARP_STATS_INC(etharp.drop);
  95:Middlewares/Third_Party/LwIP/src/netif/ethernet.c ****     MIB2_STATS_NETIF_INC(netif, ifinerrors);
  96:Middlewares/Third_Party/LwIP/src/netif/ethernet.c ****     goto free_and_return;
  97:Middlewares/Third_Party/LwIP/src/netif/ethernet.c ****   }
  98:Middlewares/Third_Party/LwIP/src/netif/ethernet.c **** 
  99:Middlewares/Third_Party/LwIP/src/netif/ethernet.c ****   if (p->if_idx == NETIF_NO_INDEX) {
  46              		.loc 1 99 0
  47 000c C37B     		ldrb	r3, [r0, #15]	@ zero_extendqisi2
  48 000e 1BB9     		cbnz	r3, .L3
 100:Middlewares/Third_Party/LwIP/src/netif/ethernet.c ****     p->if_idx = netif_get_index(netif);
  49              		.loc 1 100 0
  50 0010 91F83430 		ldrb	r3, [r1, #52]	@ zero_extendqisi2
  51 0014 0133     		adds	r3, r3, #1
  52 0016 C373     		strb	r3, [r0, #15]
  53              	.L3:
 101:Middlewares/Third_Party/LwIP/src/netif/ethernet.c ****   }
 102:Middlewares/Third_Party/LwIP/src/netif/ethernet.c **** 
 103:Middlewares/Third_Party/LwIP/src/netif/ethernet.c ****   /* points to packet payload, which starts with an Ethernet header */
 104:Middlewares/Third_Party/LwIP/src/netif/ethernet.c ****   ethhdr = (struct eth_hdr *)p->payload;
  54              		.loc 1 104 0
  55 0018 6068     		ldr	r0, [r4, #4]
  56              	.LVL2:
 105:Middlewares/Third_Party/LwIP/src/netif/ethernet.c ****   LWIP_DEBUGF(ETHARP_DEBUG | LWIP_DBG_TRACE,
 106:Middlewares/Third_Party/LwIP/src/netif/ethernet.c ****               ("ethernet_input: dest:%"X8_F":%"X8_F":%"X8_F":%"X8_F":%"X8_F":%"X8_F", src:%"X8_F":%
 107:Middlewares/Third_Party/LwIP/src/netif/ethernet.c ****                (unsigned char)ethhdr->dest.addr[0], (unsigned char)ethhdr->dest.addr[1], (unsigned 
 108:Middlewares/Third_Party/LwIP/src/netif/ethernet.c ****                (unsigned char)ethhdr->dest.addr[3], (unsigned char)ethhdr->dest.addr[4], (unsigned 
 109:Middlewares/Third_Party/LwIP/src/netif/ethernet.c ****                (unsigned char)ethhdr->src.addr[0],  (unsigned char)ethhdr->src.addr[1],  (unsigned 
 110:Middlewares/Third_Party/LwIP/src/netif/ethernet.c ****                (unsigned char)ethhdr->src.addr[3],  (unsigned char)ethhdr->src.addr[4],  (unsigned 
 111:Middlewares/Third_Party/LwIP/src/netif/ethernet.c ****                lwip_htons(ethhdr->type)));
 112:Middlewares/Third_Party/LwIP/src/netif/ethernet.c **** 
 113:Middlewares/Third_Party/LwIP/src/netif/ethernet.c ****   type = ethhdr->type;
  57              		.loc 1 113 0
  58 001a 8589     		ldrh	r5, [r0, #12]	@ unaligned
  59              	.LVL3:
ARM GAS  /tmp/ccyPbAr8.s 			page 4


 114:Middlewares/Third_Party/LwIP/src/netif/ethernet.c **** #if ETHARP_SUPPORT_VLAN
 115:Middlewares/Third_Party/LwIP/src/netif/ethernet.c ****   if (type == PP_HTONS(ETHTYPE_VLAN)) {
 116:Middlewares/Third_Party/LwIP/src/netif/ethernet.c ****     struct eth_vlan_hdr *vlan = (struct eth_vlan_hdr *)(((char *)ethhdr) + SIZEOF_ETH_HDR);
 117:Middlewares/Third_Party/LwIP/src/netif/ethernet.c ****     next_hdr_offset = SIZEOF_ETH_HDR + SIZEOF_VLAN_HDR;
 118:Middlewares/Third_Party/LwIP/src/netif/ethernet.c ****     if (p->len <= SIZEOF_ETH_HDR + SIZEOF_VLAN_HDR) {
 119:Middlewares/Third_Party/LwIP/src/netif/ethernet.c ****       /* a packet with only an ethernet/vlan header (or less) is not valid for us */
 120:Middlewares/Third_Party/LwIP/src/netif/ethernet.c ****       ETHARP_STATS_INC(etharp.proterr);
 121:Middlewares/Third_Party/LwIP/src/netif/ethernet.c ****       ETHARP_STATS_INC(etharp.drop);
 122:Middlewares/Third_Party/LwIP/src/netif/ethernet.c ****       MIB2_STATS_NETIF_INC(netif, ifinerrors);
 123:Middlewares/Third_Party/LwIP/src/netif/ethernet.c ****       goto free_and_return;
 124:Middlewares/Third_Party/LwIP/src/netif/ethernet.c ****     }
 125:Middlewares/Third_Party/LwIP/src/netif/ethernet.c **** #if defined(LWIP_HOOK_VLAN_CHECK) || defined(ETHARP_VLAN_CHECK) || defined(ETHARP_VLAN_CHECK_FN) /*
 126:Middlewares/Third_Party/LwIP/src/netif/ethernet.c **** #ifdef LWIP_HOOK_VLAN_CHECK
 127:Middlewares/Third_Party/LwIP/src/netif/ethernet.c ****     if (!LWIP_HOOK_VLAN_CHECK(netif, ethhdr, vlan)) {
 128:Middlewares/Third_Party/LwIP/src/netif/ethernet.c **** #elif defined(ETHARP_VLAN_CHECK_FN)
 129:Middlewares/Third_Party/LwIP/src/netif/ethernet.c ****     if (!ETHARP_VLAN_CHECK_FN(ethhdr, vlan)) {
 130:Middlewares/Third_Party/LwIP/src/netif/ethernet.c **** #elif defined(ETHARP_VLAN_CHECK)
 131:Middlewares/Third_Party/LwIP/src/netif/ethernet.c ****     if (VLAN_ID(vlan) != ETHARP_VLAN_CHECK) {
 132:Middlewares/Third_Party/LwIP/src/netif/ethernet.c **** #endif
 133:Middlewares/Third_Party/LwIP/src/netif/ethernet.c ****       /* silently ignore this packet: not for our VLAN */
 134:Middlewares/Third_Party/LwIP/src/netif/ethernet.c ****       pbuf_free(p);
 135:Middlewares/Third_Party/LwIP/src/netif/ethernet.c ****       return ERR_OK;
 136:Middlewares/Third_Party/LwIP/src/netif/ethernet.c ****     }
 137:Middlewares/Third_Party/LwIP/src/netif/ethernet.c **** #endif /* defined(LWIP_HOOK_VLAN_CHECK) || defined(ETHARP_VLAN_CHECK) || defined(ETHARP_VLAN_CHECK_
 138:Middlewares/Third_Party/LwIP/src/netif/ethernet.c ****     type = vlan->tpid;
 139:Middlewares/Third_Party/LwIP/src/netif/ethernet.c ****   }
 140:Middlewares/Third_Party/LwIP/src/netif/ethernet.c **** #endif /* ETHARP_SUPPORT_VLAN */
 141:Middlewares/Third_Party/LwIP/src/netif/ethernet.c **** 
 142:Middlewares/Third_Party/LwIP/src/netif/ethernet.c **** #if LWIP_ARP_FILTER_NETIF
 143:Middlewares/Third_Party/LwIP/src/netif/ethernet.c ****   netif = LWIP_ARP_FILTER_NETIF_FN(p, netif, lwip_htons(type));
 144:Middlewares/Third_Party/LwIP/src/netif/ethernet.c **** #endif /* LWIP_ARP_FILTER_NETIF*/
 145:Middlewares/Third_Party/LwIP/src/netif/ethernet.c **** 
 146:Middlewares/Third_Party/LwIP/src/netif/ethernet.c ****   if (ethhdr->dest.addr[0] & 1) {
  60              		.loc 1 146 0
  61 001c 0378     		ldrb	r3, [r0]	@ zero_extendqisi2
  62 001e 13F0010F 		tst	r3, #1
  63 0022 0AD0     		beq	.L4
 147:Middlewares/Third_Party/LwIP/src/netif/ethernet.c ****     /* this might be a multicast or broadcast packet */
 148:Middlewares/Third_Party/LwIP/src/netif/ethernet.c ****     if (ethhdr->dest.addr[0] == LL_IP4_MULTICAST_ADDR_0) {
  64              		.loc 1 148 0
  65 0024 012B     		cmp	r3, #1
  66 0026 12D0     		beq	.L10
 149:Middlewares/Third_Party/LwIP/src/netif/ethernet.c **** #if LWIP_IPV4
 150:Middlewares/Third_Party/LwIP/src/netif/ethernet.c ****       if ((ethhdr->dest.addr[1] == LL_IP4_MULTICAST_ADDR_1) &&
 151:Middlewares/Third_Party/LwIP/src/netif/ethernet.c ****           (ethhdr->dest.addr[2] == LL_IP4_MULTICAST_ADDR_2)) {
 152:Middlewares/Third_Party/LwIP/src/netif/ethernet.c ****         /* mark the pbuf as link-layer multicast */
 153:Middlewares/Third_Party/LwIP/src/netif/ethernet.c ****         p->flags |= PBUF_FLAG_LLMCAST;
 154:Middlewares/Third_Party/LwIP/src/netif/ethernet.c ****       }
 155:Middlewares/Third_Party/LwIP/src/netif/ethernet.c **** #endif /* LWIP_IPV4 */
 156:Middlewares/Third_Party/LwIP/src/netif/ethernet.c ****     }
 157:Middlewares/Third_Party/LwIP/src/netif/ethernet.c **** #if LWIP_IPV6
 158:Middlewares/Third_Party/LwIP/src/netif/ethernet.c ****     else if ((ethhdr->dest.addr[0] == LL_IP6_MULTICAST_ADDR_0) &&
 159:Middlewares/Third_Party/LwIP/src/netif/ethernet.c ****              (ethhdr->dest.addr[1] == LL_IP6_MULTICAST_ADDR_1)) {
 160:Middlewares/Third_Party/LwIP/src/netif/ethernet.c ****       /* mark the pbuf as link-layer multicast */
 161:Middlewares/Third_Party/LwIP/src/netif/ethernet.c ****       p->flags |= PBUF_FLAG_LLMCAST;
 162:Middlewares/Third_Party/LwIP/src/netif/ethernet.c ****     }
 163:Middlewares/Third_Party/LwIP/src/netif/ethernet.c **** #endif /* LWIP_IPV6 */
ARM GAS  /tmp/ccyPbAr8.s 			page 5


 164:Middlewares/Third_Party/LwIP/src/netif/ethernet.c ****     else if (eth_addr_cmp(&ethhdr->dest, &ethbroadcast)) {
  67              		.loc 1 164 0
  68 0028 0622     		movs	r2, #6
  69 002a 1E49     		ldr	r1, .L11
  70              	.LVL4:
  71 002c FFF7FEFF 		bl	memcmp
  72              	.LVL5:
  73 0030 18B9     		cbnz	r0, .L4
 165:Middlewares/Third_Party/LwIP/src/netif/ethernet.c ****       /* mark the pbuf as link-layer broadcast */
 166:Middlewares/Third_Party/LwIP/src/netif/ethernet.c ****       p->flags |= PBUF_FLAG_LLBCAST;
  74              		.loc 1 166 0
  75 0032 637B     		ldrb	r3, [r4, #13]	@ zero_extendqisi2
  76 0034 43F00803 		orr	r3, r3, #8
  77 0038 6373     		strb	r3, [r4, #13]
  78              	.L4:
 167:Middlewares/Third_Party/LwIP/src/netif/ethernet.c ****     }
 168:Middlewares/Third_Party/LwIP/src/netif/ethernet.c ****   }
 169:Middlewares/Third_Party/LwIP/src/netif/ethernet.c **** 
 170:Middlewares/Third_Party/LwIP/src/netif/ethernet.c ****   switch (type) {
  79              		.loc 1 170 0
  80 003a 082D     		cmp	r5, #8
  81 003c 12D0     		beq	.L6
  82 003e B5F5C16F 		cmp	r5, #1544
  83 0042 1FD0     		beq	.L7
  84              	.LVL6:
  85              	.L2:
 171:Middlewares/Third_Party/LwIP/src/netif/ethernet.c **** #if LWIP_IPV4 && LWIP_ARP
 172:Middlewares/Third_Party/LwIP/src/netif/ethernet.c ****     /* IP packet? */
 173:Middlewares/Third_Party/LwIP/src/netif/ethernet.c ****     case PP_HTONS(ETHTYPE_IP):
 174:Middlewares/Third_Party/LwIP/src/netif/ethernet.c ****       if (!(netif->flags & NETIF_FLAG_ETHARP)) {
 175:Middlewares/Third_Party/LwIP/src/netif/ethernet.c ****         goto free_and_return;
 176:Middlewares/Third_Party/LwIP/src/netif/ethernet.c ****       }
 177:Middlewares/Third_Party/LwIP/src/netif/ethernet.c ****       /* skip Ethernet header (min. size checked above) */
 178:Middlewares/Third_Party/LwIP/src/netif/ethernet.c ****       if (pbuf_remove_header(p, next_hdr_offset)) {
 179:Middlewares/Third_Party/LwIP/src/netif/ethernet.c ****         LWIP_DEBUGF(ETHARP_DEBUG | LWIP_DBG_TRACE | LWIP_DBG_LEVEL_WARNING,
 180:Middlewares/Third_Party/LwIP/src/netif/ethernet.c ****                     ("ethernet_input: IPv4 packet dropped, too short (%"U16_F"/%"U16_F")\n",
 181:Middlewares/Third_Party/LwIP/src/netif/ethernet.c ****                      p->tot_len, next_hdr_offset));
 182:Middlewares/Third_Party/LwIP/src/netif/ethernet.c ****         LWIP_DEBUGF(ETHARP_DEBUG | LWIP_DBG_TRACE, ("Can't move over header in packet"));
 183:Middlewares/Third_Party/LwIP/src/netif/ethernet.c ****         goto free_and_return;
 184:Middlewares/Third_Party/LwIP/src/netif/ethernet.c ****       } else {
 185:Middlewares/Third_Party/LwIP/src/netif/ethernet.c ****         /* pass to IP layer */
 186:Middlewares/Third_Party/LwIP/src/netif/ethernet.c ****         ip4_input(p, netif);
 187:Middlewares/Third_Party/LwIP/src/netif/ethernet.c ****       }
 188:Middlewares/Third_Party/LwIP/src/netif/ethernet.c ****       break;
 189:Middlewares/Third_Party/LwIP/src/netif/ethernet.c **** 
 190:Middlewares/Third_Party/LwIP/src/netif/ethernet.c ****     case PP_HTONS(ETHTYPE_ARP):
 191:Middlewares/Third_Party/LwIP/src/netif/ethernet.c ****       if (!(netif->flags & NETIF_FLAG_ETHARP)) {
 192:Middlewares/Third_Party/LwIP/src/netif/ethernet.c ****         goto free_and_return;
 193:Middlewares/Third_Party/LwIP/src/netif/ethernet.c ****       }
 194:Middlewares/Third_Party/LwIP/src/netif/ethernet.c ****       /* skip Ethernet header (min. size checked above) */
 195:Middlewares/Third_Party/LwIP/src/netif/ethernet.c ****       if (pbuf_remove_header(p, next_hdr_offset)) {
 196:Middlewares/Third_Party/LwIP/src/netif/ethernet.c ****         LWIP_DEBUGF(ETHARP_DEBUG | LWIP_DBG_TRACE | LWIP_DBG_LEVEL_WARNING,
 197:Middlewares/Third_Party/LwIP/src/netif/ethernet.c ****                     ("ethernet_input: ARP response packet dropped, too short (%"U16_F"/%"U16_F")\n"
 198:Middlewares/Third_Party/LwIP/src/netif/ethernet.c ****                      p->tot_len, next_hdr_offset));
 199:Middlewares/Third_Party/LwIP/src/netif/ethernet.c ****         LWIP_DEBUGF(ETHARP_DEBUG | LWIP_DBG_TRACE, ("Can't move over header in packet"));
 200:Middlewares/Third_Party/LwIP/src/netif/ethernet.c ****         ETHARP_STATS_INC(etharp.lenerr);
 201:Middlewares/Third_Party/LwIP/src/netif/ethernet.c ****         ETHARP_STATS_INC(etharp.drop);
ARM GAS  /tmp/ccyPbAr8.s 			page 6


 202:Middlewares/Third_Party/LwIP/src/netif/ethernet.c ****         goto free_and_return;
 203:Middlewares/Third_Party/LwIP/src/netif/ethernet.c ****       } else {
 204:Middlewares/Third_Party/LwIP/src/netif/ethernet.c ****         /* pass p to ARP module */
 205:Middlewares/Third_Party/LwIP/src/netif/ethernet.c ****         etharp_input(p, netif);
 206:Middlewares/Third_Party/LwIP/src/netif/ethernet.c ****       }
 207:Middlewares/Third_Party/LwIP/src/netif/ethernet.c ****       break;
 208:Middlewares/Third_Party/LwIP/src/netif/ethernet.c **** #endif /* LWIP_IPV4 && LWIP_ARP */
 209:Middlewares/Third_Party/LwIP/src/netif/ethernet.c **** #if PPPOE_SUPPORT
 210:Middlewares/Third_Party/LwIP/src/netif/ethernet.c ****     case PP_HTONS(ETHTYPE_PPPOEDISC): /* PPP Over Ethernet Discovery Stage */
 211:Middlewares/Third_Party/LwIP/src/netif/ethernet.c ****       pppoe_disc_input(netif, p);
 212:Middlewares/Third_Party/LwIP/src/netif/ethernet.c ****       break;
 213:Middlewares/Third_Party/LwIP/src/netif/ethernet.c **** 
 214:Middlewares/Third_Party/LwIP/src/netif/ethernet.c ****     case PP_HTONS(ETHTYPE_PPPOE): /* PPP Over Ethernet Session Stage */
 215:Middlewares/Third_Party/LwIP/src/netif/ethernet.c ****       pppoe_data_input(netif, p);
 216:Middlewares/Third_Party/LwIP/src/netif/ethernet.c ****       break;
 217:Middlewares/Third_Party/LwIP/src/netif/ethernet.c **** #endif /* PPPOE_SUPPORT */
 218:Middlewares/Third_Party/LwIP/src/netif/ethernet.c **** 
 219:Middlewares/Third_Party/LwIP/src/netif/ethernet.c **** #if LWIP_IPV6
 220:Middlewares/Third_Party/LwIP/src/netif/ethernet.c ****     case PP_HTONS(ETHTYPE_IPV6): /* IPv6 */
 221:Middlewares/Third_Party/LwIP/src/netif/ethernet.c ****       /* skip Ethernet header */
 222:Middlewares/Third_Party/LwIP/src/netif/ethernet.c ****       if ((p->len < next_hdr_offset) || pbuf_remove_header(p, next_hdr_offset)) {
 223:Middlewares/Third_Party/LwIP/src/netif/ethernet.c ****         LWIP_DEBUGF(ETHARP_DEBUG | LWIP_DBG_TRACE | LWIP_DBG_LEVEL_WARNING,
 224:Middlewares/Third_Party/LwIP/src/netif/ethernet.c ****                     ("ethernet_input: IPv6 packet dropped, too short (%"U16_F"/%"U16_F")\n",
 225:Middlewares/Third_Party/LwIP/src/netif/ethernet.c ****                      p->tot_len, next_hdr_offset));
 226:Middlewares/Third_Party/LwIP/src/netif/ethernet.c ****         goto free_and_return;
 227:Middlewares/Third_Party/LwIP/src/netif/ethernet.c ****       } else {
 228:Middlewares/Third_Party/LwIP/src/netif/ethernet.c ****         /* pass to IPv6 layer */
 229:Middlewares/Third_Party/LwIP/src/netif/ethernet.c ****         ip6_input(p, netif);
 230:Middlewares/Third_Party/LwIP/src/netif/ethernet.c ****       }
 231:Middlewares/Third_Party/LwIP/src/netif/ethernet.c ****       break;
 232:Middlewares/Third_Party/LwIP/src/netif/ethernet.c **** #endif /* LWIP_IPV6 */
 233:Middlewares/Third_Party/LwIP/src/netif/ethernet.c **** 
 234:Middlewares/Third_Party/LwIP/src/netif/ethernet.c ****     default:
 235:Middlewares/Third_Party/LwIP/src/netif/ethernet.c **** #ifdef LWIP_HOOK_UNKNOWN_ETH_PROTOCOL
 236:Middlewares/Third_Party/LwIP/src/netif/ethernet.c ****       if (LWIP_HOOK_UNKNOWN_ETH_PROTOCOL(p, netif) == ERR_OK) {
 237:Middlewares/Third_Party/LwIP/src/netif/ethernet.c ****         break;
 238:Middlewares/Third_Party/LwIP/src/netif/ethernet.c ****       }
 239:Middlewares/Third_Party/LwIP/src/netif/ethernet.c **** #endif
 240:Middlewares/Third_Party/LwIP/src/netif/ethernet.c ****       ETHARP_STATS_INC(etharp.proterr);
 241:Middlewares/Third_Party/LwIP/src/netif/ethernet.c ****       ETHARP_STATS_INC(etharp.drop);
 242:Middlewares/Third_Party/LwIP/src/netif/ethernet.c ****       MIB2_STATS_NETIF_INC(netif, ifinunknownprotos);
 243:Middlewares/Third_Party/LwIP/src/netif/ethernet.c ****       goto free_and_return;
 244:Middlewares/Third_Party/LwIP/src/netif/ethernet.c ****   }
 245:Middlewares/Third_Party/LwIP/src/netif/ethernet.c **** 
 246:Middlewares/Third_Party/LwIP/src/netif/ethernet.c ****   /* This means the pbuf is freed or consumed,
 247:Middlewares/Third_Party/LwIP/src/netif/ethernet.c ****      so the caller doesn't have to free it again */
 248:Middlewares/Third_Party/LwIP/src/netif/ethernet.c ****   return ERR_OK;
 249:Middlewares/Third_Party/LwIP/src/netif/ethernet.c **** 
 250:Middlewares/Third_Party/LwIP/src/netif/ethernet.c **** free_and_return:
 251:Middlewares/Third_Party/LwIP/src/netif/ethernet.c ****   pbuf_free(p);
  86              		.loc 1 251 0
  87 0044 2046     		mov	r0, r4
  88 0046 FFF7FEFF 		bl	pbuf_free
  89              	.LVL7:
  90              	.L8:
 252:Middlewares/Third_Party/LwIP/src/netif/ethernet.c ****   return ERR_OK;
 253:Middlewares/Third_Party/LwIP/src/netif/ethernet.c **** }
ARM GAS  /tmp/ccyPbAr8.s 			page 7


  91              		.loc 1 253 0
  92 004a 0020     		movs	r0, #0
  93 004c 70BD     		pop	{r4, r5, r6, pc}
  94              	.LVL8:
  95              	.L10:
 150:Middlewares/Third_Party/LwIP/src/netif/ethernet.c ****           (ethhdr->dest.addr[2] == LL_IP4_MULTICAST_ADDR_2)) {
  96              		.loc 1 150 0
  97 004e 4378     		ldrb	r3, [r0, #1]	@ zero_extendqisi2
  98 0050 002B     		cmp	r3, #0
  99 0052 F2D1     		bne	.L4
 151:Middlewares/Third_Party/LwIP/src/netif/ethernet.c ****         /* mark the pbuf as link-layer multicast */
 100              		.loc 1 151 0 discriminator 1
 101 0054 8378     		ldrb	r3, [r0, #2]	@ zero_extendqisi2
 150:Middlewares/Third_Party/LwIP/src/netif/ethernet.c ****           (ethhdr->dest.addr[2] == LL_IP4_MULTICAST_ADDR_2)) {
 102              		.loc 1 150 0 discriminator 1
 103 0056 5E2B     		cmp	r3, #94
 104 0058 EFD1     		bne	.L4
 153:Middlewares/Third_Party/LwIP/src/netif/ethernet.c ****       }
 105              		.loc 1 153 0
 106 005a 637B     		ldrb	r3, [r4, #13]	@ zero_extendqisi2
 107 005c 43F01003 		orr	r3, r3, #16
 108 0060 6373     		strb	r3, [r4, #13]
 109              	.LVL9:
 110 0062 EAE7     		b	.L4
 111              	.LVL10:
 112              	.L6:
 174:Middlewares/Third_Party/LwIP/src/netif/ethernet.c ****         goto free_and_return;
 113              		.loc 1 174 0
 114 0064 96F83130 		ldrb	r3, [r6, #49]	@ zero_extendqisi2
 115 0068 13F0080F 		tst	r3, #8
 116 006c EAD0     		beq	.L2
 178:Middlewares/Third_Party/LwIP/src/netif/ethernet.c ****         LWIP_DEBUGF(ETHARP_DEBUG | LWIP_DBG_TRACE | LWIP_DBG_LEVEL_WARNING,
 117              		.loc 1 178 0
 118 006e 0E21     		movs	r1, #14
 119 0070 2046     		mov	r0, r4
 120 0072 FFF7FEFF 		bl	pbuf_remove_header
 121              	.LVL11:
 122 0076 0028     		cmp	r0, #0
 123 0078 E4D1     		bne	.L2
 186:Middlewares/Third_Party/LwIP/src/netif/ethernet.c ****       }
 124              		.loc 1 186 0
 125 007a 3146     		mov	r1, r6
 126 007c 2046     		mov	r0, r4
 127 007e FFF7FEFF 		bl	ip4_input
 128              	.LVL12:
 188:Middlewares/Third_Party/LwIP/src/netif/ethernet.c **** 
 129              		.loc 1 188 0
 130 0082 E2E7     		b	.L8
 131              	.L7:
 191:Middlewares/Third_Party/LwIP/src/netif/ethernet.c ****         goto free_and_return;
 132              		.loc 1 191 0
 133 0084 96F83130 		ldrb	r3, [r6, #49]	@ zero_extendqisi2
 134 0088 13F0080F 		tst	r3, #8
 135 008c DAD0     		beq	.L2
 195:Middlewares/Third_Party/LwIP/src/netif/ethernet.c ****         LWIP_DEBUGF(ETHARP_DEBUG | LWIP_DBG_TRACE | LWIP_DBG_LEVEL_WARNING,
 136              		.loc 1 195 0
 137 008e 0E21     		movs	r1, #14
ARM GAS  /tmp/ccyPbAr8.s 			page 8


 138 0090 2046     		mov	r0, r4
 139 0092 FFF7FEFF 		bl	pbuf_remove_header
 140              	.LVL13:
 141 0096 0028     		cmp	r0, #0
 142 0098 D4D1     		bne	.L2
 205:Middlewares/Third_Party/LwIP/src/netif/ethernet.c ****       }
 143              		.loc 1 205 0
 144 009a 3146     		mov	r1, r6
 145 009c 2046     		mov	r0, r4
 146 009e FFF7FEFF 		bl	etharp_input
 147              	.LVL14:
 207:Middlewares/Third_Party/LwIP/src/netif/ethernet.c **** #endif /* LWIP_IPV4 && LWIP_ARP */
 148              		.loc 1 207 0
 149 00a2 D2E7     		b	.L8
 150              	.L12:
 151              		.align	2
 152              	.L11:
 153 00a4 00000000 		.word	.LANCHOR0
 154              		.cfi_endproc
 155              	.LFE158:
 157              		.section	.text.ethernet_output,"ax",%progbits
 158              		.align	1
 159              		.global	ethernet_output
 160              		.syntax unified
 161              		.thumb
 162              		.thumb_func
 163              		.fpu fpv5-d16
 165              	ethernet_output:
 166              	.LFB159:
 254:Middlewares/Third_Party/LwIP/src/netif/ethernet.c **** 
 255:Middlewares/Third_Party/LwIP/src/netif/ethernet.c **** /**
 256:Middlewares/Third_Party/LwIP/src/netif/ethernet.c ****  * @ingroup ethernet
 257:Middlewares/Third_Party/LwIP/src/netif/ethernet.c ****  * Send an ethernet packet on the network using netif->linkoutput().
 258:Middlewares/Third_Party/LwIP/src/netif/ethernet.c ****  * The ethernet header is filled in before sending.
 259:Middlewares/Third_Party/LwIP/src/netif/ethernet.c ****  *
 260:Middlewares/Third_Party/LwIP/src/netif/ethernet.c ****  * @see LWIP_HOOK_VLAN_SET
 261:Middlewares/Third_Party/LwIP/src/netif/ethernet.c ****  *
 262:Middlewares/Third_Party/LwIP/src/netif/ethernet.c ****  * @param netif the lwIP network interface on which to send the packet
 263:Middlewares/Third_Party/LwIP/src/netif/ethernet.c ****  * @param p the packet to send. pbuf layer must be @ref PBUF_LINK.
 264:Middlewares/Third_Party/LwIP/src/netif/ethernet.c ****  * @param src the source MAC address to be copied into the ethernet header
 265:Middlewares/Third_Party/LwIP/src/netif/ethernet.c ****  * @param dst the destination MAC address to be copied into the ethernet header
 266:Middlewares/Third_Party/LwIP/src/netif/ethernet.c ****  * @param eth_type ethernet type (@ref lwip_ieee_eth_type)
 267:Middlewares/Third_Party/LwIP/src/netif/ethernet.c ****  * @return ERR_OK if the packet was sent, any other err_t on failure
 268:Middlewares/Third_Party/LwIP/src/netif/ethernet.c ****  */
 269:Middlewares/Third_Party/LwIP/src/netif/ethernet.c **** err_t
 270:Middlewares/Third_Party/LwIP/src/netif/ethernet.c **** ethernet_output(struct netif * netif, struct pbuf * p,
 271:Middlewares/Third_Party/LwIP/src/netif/ethernet.c ****                 const struct eth_addr * src, const struct eth_addr * dst,
 272:Middlewares/Third_Party/LwIP/src/netif/ethernet.c ****                 u16_t eth_type) {
 167              		.loc 1 272 0
 168              		.cfi_startproc
 169              		@ args = 4, pretend = 0, frame = 0
 170              		@ frame_needed = 0, uses_anonymous_args = 0
 171              	.LVL15:
 172 0000 2DE9F041 		push	{r4, r5, r6, r7, r8, lr}
 173              	.LCFI1:
 174              		.cfi_def_cfa_offset 24
 175              		.cfi_offset 4, -24
ARM GAS  /tmp/ccyPbAr8.s 			page 9


 176              		.cfi_offset 5, -20
 177              		.cfi_offset 6, -16
 178              		.cfi_offset 7, -12
 179              		.cfi_offset 8, -8
 180              		.cfi_offset 14, -4
 181 0004 0546     		mov	r5, r0
 182 0006 0C46     		mov	r4, r1
 183 0008 1646     		mov	r6, r2
 184 000a 1F46     		mov	r7, r3
 273:Middlewares/Third_Party/LwIP/src/netif/ethernet.c ****   struct eth_hdr *ethhdr;
 274:Middlewares/Third_Party/LwIP/src/netif/ethernet.c ****   u16_t eth_type_be = lwip_htons(eth_type);
 185              		.loc 1 274 0
 186 000c BDF81800 		ldrh	r0, [sp, #24]
 187              	.LVL16:
 188 0010 FFF7FEFF 		bl	lwip_htons
 189              	.LVL17:
 190 0014 8046     		mov	r8, r0
 191              	.LVL18:
 275:Middlewares/Third_Party/LwIP/src/netif/ethernet.c **** 
 276:Middlewares/Third_Party/LwIP/src/netif/ethernet.c **** #if ETHARP_SUPPORT_VLAN && defined(LWIP_HOOK_VLAN_SET)
 277:Middlewares/Third_Party/LwIP/src/netif/ethernet.c ****   s32_t vlan_prio_vid = LWIP_HOOK_VLAN_SET(netif, p, src, dst, eth_type);
 278:Middlewares/Third_Party/LwIP/src/netif/ethernet.c ****   if (vlan_prio_vid >= 0) {
 279:Middlewares/Third_Party/LwIP/src/netif/ethernet.c ****     struct eth_vlan_hdr *vlanhdr;
 280:Middlewares/Third_Party/LwIP/src/netif/ethernet.c **** 
 281:Middlewares/Third_Party/LwIP/src/netif/ethernet.c ****     LWIP_ASSERT("prio_vid must be <= 0xFFFF", vlan_prio_vid <= 0xFFFF);
 282:Middlewares/Third_Party/LwIP/src/netif/ethernet.c **** 
 283:Middlewares/Third_Party/LwIP/src/netif/ethernet.c ****     if (pbuf_add_header(p, SIZEOF_ETH_HDR + SIZEOF_VLAN_HDR) != 0) {
 284:Middlewares/Third_Party/LwIP/src/netif/ethernet.c ****       goto pbuf_header_failed;
 285:Middlewares/Third_Party/LwIP/src/netif/ethernet.c ****     }
 286:Middlewares/Third_Party/LwIP/src/netif/ethernet.c ****     vlanhdr = (struct eth_vlan_hdr *)(((u8_t *)p->payload) + SIZEOF_ETH_HDR);
 287:Middlewares/Third_Party/LwIP/src/netif/ethernet.c ****     vlanhdr->tpid     = eth_type_be;
 288:Middlewares/Third_Party/LwIP/src/netif/ethernet.c ****     vlanhdr->prio_vid = lwip_htons((u16_t)vlan_prio_vid);
 289:Middlewares/Third_Party/LwIP/src/netif/ethernet.c **** 
 290:Middlewares/Third_Party/LwIP/src/netif/ethernet.c ****     eth_type_be = PP_HTONS(ETHTYPE_VLAN);
 291:Middlewares/Third_Party/LwIP/src/netif/ethernet.c ****   } else
 292:Middlewares/Third_Party/LwIP/src/netif/ethernet.c **** #endif /* ETHARP_SUPPORT_VLAN && defined(LWIP_HOOK_VLAN_SET) */
 293:Middlewares/Third_Party/LwIP/src/netif/ethernet.c ****   {
 294:Middlewares/Third_Party/LwIP/src/netif/ethernet.c ****     if (pbuf_add_header(p, SIZEOF_ETH_HDR) != 0) {
 192              		.loc 1 294 0
 193 0016 0E21     		movs	r1, #14
 194 0018 2046     		mov	r0, r4
 195 001a FFF7FEFF 		bl	pbuf_add_header
 196              	.LVL19:
 197 001e E0B9     		cbnz	r0, .L16
 295:Middlewares/Third_Party/LwIP/src/netif/ethernet.c ****       goto pbuf_header_failed;
 296:Middlewares/Third_Party/LwIP/src/netif/ethernet.c ****     }
 297:Middlewares/Third_Party/LwIP/src/netif/ethernet.c ****   }
 298:Middlewares/Third_Party/LwIP/src/netif/ethernet.c **** 
 299:Middlewares/Third_Party/LwIP/src/netif/ethernet.c ****   LWIP_ASSERT_CORE_LOCKED();
 300:Middlewares/Third_Party/LwIP/src/netif/ethernet.c **** 
 301:Middlewares/Third_Party/LwIP/src/netif/ethernet.c ****   ethhdr = (struct eth_hdr *)p->payload;
 198              		.loc 1 301 0
 199 0020 6368     		ldr	r3, [r4, #4]
 200              	.LVL20:
 302:Middlewares/Third_Party/LwIP/src/netif/ethernet.c ****   ethhdr->type = eth_type_be;
 201              		.loc 1 302 0
 202 0022 A3F80C80 		strh	r8, [r3, #12]	@ unaligned
ARM GAS  /tmp/ccyPbAr8.s 			page 10


 303:Middlewares/Third_Party/LwIP/src/netif/ethernet.c ****   SMEMCPY(&ethhdr->dest, dst, ETH_HWADDR_LEN);
 203              		.loc 1 303 0
 204 0026 3A68     		ldr	r2, [r7]	@ unaligned
 205 0028 1A60     		str	r2, [r3]	@ unaligned
 206 002a BA88     		ldrh	r2, [r7, #4]	@ unaligned
 207 002c 9A80     		strh	r2, [r3, #4]	@ unaligned
 304:Middlewares/Third_Party/LwIP/src/netif/ethernet.c ****   SMEMCPY(&ethhdr->src,  src, ETH_HWADDR_LEN);
 208              		.loc 1 304 0
 209 002e 3268     		ldr	r2, [r6]	@ unaligned
 210 0030 C3F80620 		str	r2, [r3, #6]	@ unaligned
 211 0034 B288     		ldrh	r2, [r6, #4]	@ unaligned
 212 0036 5A81     		strh	r2, [r3, #10]	@ unaligned
 305:Middlewares/Third_Party/LwIP/src/netif/ethernet.c **** 
 306:Middlewares/Third_Party/LwIP/src/netif/ethernet.c ****   LWIP_ASSERT("netif->hwaddr_len must be 6 for ethernet_output!",
 213              		.loc 1 306 0
 214 0038 95F83030 		ldrb	r3, [r5, #48]	@ zero_extendqisi2
 215              	.LVL21:
 216 003c 062B     		cmp	r3, #6
 217 003e 06D0     		beq	.L15
 218              		.loc 1 306 0 is_stmt 0 discriminator 1
 219 0040 084B     		ldr	r3, .L18
 220 0042 40F23312 		movw	r2, #307
 221 0046 0849     		ldr	r1, .L18+4
 222 0048 0848     		ldr	r0, .L18+8
 223 004a FFF7FEFF 		bl	printf
 224              	.LVL22:
 225              	.L15:
 307:Middlewares/Third_Party/LwIP/src/netif/ethernet.c ****               (netif->hwaddr_len == ETH_HWADDR_LEN));
 308:Middlewares/Third_Party/LwIP/src/netif/ethernet.c ****   LWIP_DEBUGF(ETHARP_DEBUG | LWIP_DBG_TRACE,
 309:Middlewares/Third_Party/LwIP/src/netif/ethernet.c ****               ("ethernet_output: sending packet %p\n", (void *)p));
 310:Middlewares/Third_Party/LwIP/src/netif/ethernet.c **** 
 311:Middlewares/Third_Party/LwIP/src/netif/ethernet.c ****   /* send the packet */
 312:Middlewares/Third_Party/LwIP/src/netif/ethernet.c ****   return netif->linkoutput(netif, p);
 226              		.loc 1 312 0 is_stmt 1
 227 004e AB69     		ldr	r3, [r5, #24]
 228 0050 2146     		mov	r1, r4
 229 0052 2846     		mov	r0, r5
 230 0054 9847     		blx	r3
 231              	.LVL23:
 232 0056 BDE8F081 		pop	{r4, r5, r6, r7, r8, pc}
 233              	.LVL24:
 234              	.L16:
 313:Middlewares/Third_Party/LwIP/src/netif/ethernet.c **** 
 314:Middlewares/Third_Party/LwIP/src/netif/ethernet.c **** pbuf_header_failed:
 315:Middlewares/Third_Party/LwIP/src/netif/ethernet.c ****   LWIP_DEBUGF(ETHARP_DEBUG | LWIP_DBG_TRACE | LWIP_DBG_LEVEL_SERIOUS,
 316:Middlewares/Third_Party/LwIP/src/netif/ethernet.c ****               ("ethernet_output: could not allocate room for header.\n"));
 317:Middlewares/Third_Party/LwIP/src/netif/ethernet.c ****   LINK_STATS_INC(link.lenerr);
 318:Middlewares/Third_Party/LwIP/src/netif/ethernet.c ****   return ERR_BUF;
 235              		.loc 1 318 0
 236 005a 6FF00100 		mvn	r0, #1
 237              	.L14:
 319:Middlewares/Third_Party/LwIP/src/netif/ethernet.c **** }
 238              		.loc 1 319 0
 239 005e BDE8F081 		pop	{r4, r5, r6, r7, r8, pc}
 240              	.LVL25:
 241              	.L19:
 242 0062 00BF     		.align	2
ARM GAS  /tmp/ccyPbAr8.s 			page 11


 243              	.L18:
 244 0064 00000000 		.word	.LC0
 245 0068 34000000 		.word	.LC1
 246 006c 68000000 		.word	.LC2
 247              		.cfi_endproc
 248              	.LFE159:
 250              		.global	ethzero
 251              		.global	ethbroadcast
 252              		.section	.rodata.ethbroadcast,"a",%progbits
 253              		.align	2
 254              		.set	.LANCHOR0,. + 0
 257              	ethbroadcast:
 258 0000 FF       		.byte	-1
 259 0001 FF       		.byte	-1
 260 0002 FF       		.byte	-1
 261 0003 FF       		.byte	-1
 262 0004 FF       		.byte	-1
 263 0005 FF       		.byte	-1
 264              		.section	.rodata.ethernet_output.str1.4,"aMS",%progbits,1
 265              		.align	2
 266              	.LC0:
 267 0000 4D696464 		.ascii	"Middlewares/Third_Party/LwIP/src/netif/ethernet.c\000"
 267      6C657761 
 267      7265732F 
 267      54686972 
 267      645F5061 
 268 0032 0000     		.space	2
 269              	.LC1:
 270 0034 6E657469 		.ascii	"netif->hwaddr_len must be 6 for ethernet_output!\000"
 270      662D3E68 
 270      77616464 
 270      725F6C65 
 270      6E206D75 
 271 0065 000000   		.space	3
 272              	.LC2:
 273 0068 41737365 		.ascii	"Assertion \"%s\" failed at line %d in %s\012\000"
 273      7274696F 
 273      6E202225 
 273      73222066 
 273      61696C65 
 274              		.section	.rodata.ethzero,"a",%progbits
 275              		.align	2
 278              	ethzero:
 279 0000 00000000 		.space	6
 279      0000
 280              		.text
 281              	.Letext0:
 282              		.file 2 "/usr/include/newlib/machine/_default_types.h"
 283              		.file 3 "/usr/include/newlib/sys/_stdint.h"
 284              		.file 4 "Drivers/CMSIS/Include/core_cm7.h"
 285              		.file 5 "Drivers/CMSIS/Device/ST/STM32F7xx/Include/system_stm32f7xx.h"
 286              		.file 6 "Drivers/STM32F7xx_HAL_Driver/Inc/stm32f7xx_hal.h"
 287              		.file 7 "/usr/include/newlib/sys/lock.h"
 288              		.file 8 "/usr/include/newlib/sys/_types.h"
 289              		.file 9 "/usr/lib/gcc/arm-none-eabi/6.3.1/include/stddef.h"
 290              		.file 10 "/usr/include/newlib/sys/reent.h"
 291              		.file 11 "/usr/include/newlib/stdlib.h"
ARM GAS  /tmp/ccyPbAr8.s 			page 12


 292              		.file 12 "/usr/include/newlib/time.h"
 293              		.file 13 "Middlewares/Third_Party/LwIP/src/include/lwip/arch.h"
 294              		.file 14 "/usr/include/newlib/ctype.h"
 295              		.file 15 "Middlewares/Third_Party/LwIP/src/include/lwip/err.h"
 296              		.file 16 "Middlewares/Third_Party/LwIP/src/include/lwip/pbuf.h"
 297              		.file 17 "Middlewares/Third_Party/LwIP/src/include/lwip/ip4_addr.h"
 298              		.file 18 "Middlewares/Third_Party/LwIP/src/include/lwip/ip_addr.h"
 299              		.file 19 "Middlewares/Third_Party/LwIP/src/include/lwip/memp.h"
 300              		.file 20 "Middlewares/Third_Party/LwIP/src/include/lwip/priv/memp_priv.h"
 301              		.file 21 "Middlewares/Third_Party/LwIP/src/include/lwip/netif.h"
 302              		.file 22 "Middlewares/Third_Party/LwIP/src/include/lwip/prot/ieee.h"
 303              		.file 23 "Middlewares/Third_Party/LwIP/src/include/lwip/prot/ethernet.h"
 304              		.file 24 "Middlewares/Third_Party/LwIP/src/include/netif/ethernet.h"
 305              		.file 25 "Middlewares/Third_Party/LwIP/src/include/lwip/prot/ip4.h"
 306              		.file 26 "Middlewares/Third_Party/LwIP/src/include/lwip/ip.h"
 307              		.file 27 "Middlewares/Third_Party/LwIP/src/include/lwip/def.h"
 308              		.file 28 "/usr/include/newlib/stdio.h"
 309              		.file 29 "/usr/include/newlib/string.h"
 310              		.file 30 "Middlewares/Third_Party/LwIP/src/include/lwip/ip4.h"
 311              		.file 31 "Middlewares/Third_Party/LwIP/src/include/lwip/etharp.h"
ARM GAS  /tmp/ccyPbAr8.s 			page 13


DEFINED SYMBOLS
                            *ABS*:0000000000000000 ethernet.c
     /tmp/ccyPbAr8.s:17     .text.ethernet_input:0000000000000000 $t
     /tmp/ccyPbAr8.s:24     .text.ethernet_input:0000000000000000 ethernet_input
     /tmp/ccyPbAr8.s:153    .text.ethernet_input:00000000000000a4 $d
     /tmp/ccyPbAr8.s:158    .text.ethernet_output:0000000000000000 $t
     /tmp/ccyPbAr8.s:165    .text.ethernet_output:0000000000000000 ethernet_output
     /tmp/ccyPbAr8.s:244    .text.ethernet_output:0000000000000064 $d
     /tmp/ccyPbAr8.s:278    .rodata.ethzero:0000000000000000 ethzero
     /tmp/ccyPbAr8.s:257    .rodata.ethbroadcast:0000000000000000 ethbroadcast
     /tmp/ccyPbAr8.s:253    .rodata.ethbroadcast:0000000000000000 $d
     /tmp/ccyPbAr8.s:265    .rodata.ethernet_output.str1.4:0000000000000000 $d
     /tmp/ccyPbAr8.s:275    .rodata.ethzero:0000000000000000 $d
                     .debug_frame:0000000000000010 $d

UNDEFINED SYMBOLS
memcmp
pbuf_free
pbuf_remove_header
ip4_input
etharp_input
lwip_htons
pbuf_add_header
printf
