ARM GAS  /tmp/ccnr31ak.s 			page 1


   1              		.cpu cortex-m7
   2              		.eabi_attribute 28, 1
   3              		.eabi_attribute 20, 1
   4              		.eabi_attribute 21, 1
   5              		.eabi_attribute 23, 3
   6              		.eabi_attribute 24, 1
   7              		.eabi_attribute 25, 1
   8              		.eabi_attribute 26, 1
   9              		.eabi_attribute 30, 1
  10              		.eabi_attribute 34, 1
  11              		.eabi_attribute 18, 4
  12              		.file	"gpio.c"
  13              		.text
  14              	.Ltext0:
  15              		.cfi_sections	.debug_frame
  16              		.section	.text.MX_GPIO_Init,"ax",%progbits
  17              		.align	1
  18              		.global	MX_GPIO_Init
  19              		.syntax unified
  20              		.thumb
  21              		.thumb_func
  22              		.fpu fpv5-d16
  24              	MX_GPIO_Init:
  25              	.LFB141:
  26              		.file 1 "Core/Src/gpio.c"
   1:Core/Src/gpio.c **** /**
   2:Core/Src/gpio.c ****   ******************************************************************************
   3:Core/Src/gpio.c ****   * @file    gpio.c
   4:Core/Src/gpio.c ****   * @brief   This file provides code for the configuration
   5:Core/Src/gpio.c ****   *          of all used GPIO pins.
   6:Core/Src/gpio.c ****   ******************************************************************************
   7:Core/Src/gpio.c ****   * @attention
   8:Core/Src/gpio.c ****   *
   9:Core/Src/gpio.c ****   * <h2><center>&copy; Copyright (c) 2021 STMicroelectronics.
  10:Core/Src/gpio.c ****   * All rights reserved.</center></h2>
  11:Core/Src/gpio.c ****   *
  12:Core/Src/gpio.c ****   * This software component is licensed by ST under Ultimate Liberty license
  13:Core/Src/gpio.c ****   * SLA0044, the "License"; You may not use this file except in compliance with
  14:Core/Src/gpio.c ****   * the License. You may obtain a copy of the License at:
  15:Core/Src/gpio.c ****   *                             www.st.com/SLA0044
  16:Core/Src/gpio.c ****   *
  17:Core/Src/gpio.c ****   ******************************************************************************
  18:Core/Src/gpio.c ****   */
  19:Core/Src/gpio.c **** 
  20:Core/Src/gpio.c **** /* Includes ------------------------------------------------------------------*/
  21:Core/Src/gpio.c **** #include "gpio.h"
  22:Core/Src/gpio.c **** 
  23:Core/Src/gpio.c **** /* USER CODE BEGIN 0 */
  24:Core/Src/gpio.c **** 
  25:Core/Src/gpio.c **** /* USER CODE END 0 */
  26:Core/Src/gpio.c **** 
  27:Core/Src/gpio.c **** /*----------------------------------------------------------------------------*/
  28:Core/Src/gpio.c **** /* Configure GPIO                                                             */
  29:Core/Src/gpio.c **** /*----------------------------------------------------------------------------*/
  30:Core/Src/gpio.c **** /* USER CODE BEGIN 1 */
  31:Core/Src/gpio.c **** 
  32:Core/Src/gpio.c **** /* USER CODE END 1 */
ARM GAS  /tmp/ccnr31ak.s 			page 2


  33:Core/Src/gpio.c **** 
  34:Core/Src/gpio.c **** /** Configure pins as
  35:Core/Src/gpio.c ****         * Analog
  36:Core/Src/gpio.c ****         * Input
  37:Core/Src/gpio.c ****         * Output
  38:Core/Src/gpio.c ****         * EVENT_OUT
  39:Core/Src/gpio.c ****         * EXTI
  40:Core/Src/gpio.c **** */
  41:Core/Src/gpio.c **** void MX_GPIO_Init(void)
  42:Core/Src/gpio.c **** {
  27              		.loc 1 42 0
  28              		.cfi_startproc
  29              		@ args = 0, pretend = 0, frame = 48
  30              		@ frame_needed = 0, uses_anonymous_args = 0
  31 0000 F0B5     		push	{r4, r5, r6, r7, lr}
  32              	.LCFI0:
  33              		.cfi_def_cfa_offset 20
  34              		.cfi_offset 4, -20
  35              		.cfi_offset 5, -16
  36              		.cfi_offset 6, -12
  37              		.cfi_offset 7, -8
  38              		.cfi_offset 14, -4
  39 0002 8DB0     		sub	sp, sp, #52
  40              	.LCFI1:
  41              		.cfi_def_cfa_offset 72
  43:Core/Src/gpio.c **** 
  44:Core/Src/gpio.c ****   GPIO_InitTypeDef GPIO_InitStruct = {0};
  42              		.loc 1 44 0
  43 0004 0024     		movs	r4, #0
  44 0006 0794     		str	r4, [sp, #28]
  45 0008 0894     		str	r4, [sp, #32]
  46 000a 0994     		str	r4, [sp, #36]
  47 000c 0A94     		str	r4, [sp, #40]
  48 000e 0B94     		str	r4, [sp, #44]
  49              	.LBB2:
  45:Core/Src/gpio.c **** 
  46:Core/Src/gpio.c ****   /* GPIO Ports Clock Enable */
  47:Core/Src/gpio.c ****   __HAL_RCC_GPIOC_CLK_ENABLE();
  50              		.loc 1 47 0
  51 0010 354B     		ldr	r3, .L3
  52 0012 1A6B     		ldr	r2, [r3, #48]
  53 0014 42F00402 		orr	r2, r2, #4
  54 0018 1A63     		str	r2, [r3, #48]
  55 001a 1A6B     		ldr	r2, [r3, #48]
  56 001c 02F00402 		and	r2, r2, #4
  57 0020 0192     		str	r2, [sp, #4]
  58 0022 019A     		ldr	r2, [sp, #4]
  59              	.LBE2:
  60              	.LBB3:
  48:Core/Src/gpio.c ****   __HAL_RCC_GPIOH_CLK_ENABLE();
  61              		.loc 1 48 0
  62 0024 1A6B     		ldr	r2, [r3, #48]
  63 0026 42F08002 		orr	r2, r2, #128
  64 002a 1A63     		str	r2, [r3, #48]
  65 002c 1A6B     		ldr	r2, [r3, #48]
  66 002e 02F08002 		and	r2, r2, #128
  67 0032 0292     		str	r2, [sp, #8]
ARM GAS  /tmp/ccnr31ak.s 			page 3


  68 0034 029A     		ldr	r2, [sp, #8]
  69              	.LBE3:
  70              	.LBB4:
  49:Core/Src/gpio.c ****   __HAL_RCC_GPIOA_CLK_ENABLE();
  71              		.loc 1 49 0
  72 0036 1A6B     		ldr	r2, [r3, #48]
  73 0038 42F00102 		orr	r2, r2, #1
  74 003c 1A63     		str	r2, [r3, #48]
  75 003e 1A6B     		ldr	r2, [r3, #48]
  76 0040 02F00102 		and	r2, r2, #1
  77 0044 0392     		str	r2, [sp, #12]
  78 0046 039A     		ldr	r2, [sp, #12]
  79              	.LBE4:
  80              	.LBB5:
  50:Core/Src/gpio.c ****   __HAL_RCC_GPIOB_CLK_ENABLE();
  81              		.loc 1 50 0
  82 0048 1A6B     		ldr	r2, [r3, #48]
  83 004a 42F00202 		orr	r2, r2, #2
  84 004e 1A63     		str	r2, [r3, #48]
  85 0050 1A6B     		ldr	r2, [r3, #48]
  86 0052 02F00202 		and	r2, r2, #2
  87 0056 0492     		str	r2, [sp, #16]
  88 0058 049A     		ldr	r2, [sp, #16]
  89              	.LBE5:
  90              	.LBB6:
  51:Core/Src/gpio.c ****   __HAL_RCC_GPIOD_CLK_ENABLE();
  91              		.loc 1 51 0
  92 005a 1A6B     		ldr	r2, [r3, #48]
  93 005c 42F00802 		orr	r2, r2, #8
  94 0060 1A63     		str	r2, [r3, #48]
  95 0062 1A6B     		ldr	r2, [r3, #48]
  96 0064 02F00802 		and	r2, r2, #8
  97 0068 0592     		str	r2, [sp, #20]
  98 006a 059A     		ldr	r2, [sp, #20]
  99              	.LBE6:
 100              	.LBB7:
  52:Core/Src/gpio.c ****   __HAL_RCC_GPIOG_CLK_ENABLE();
 101              		.loc 1 52 0
 102 006c 1A6B     		ldr	r2, [r3, #48]
 103 006e 42F04002 		orr	r2, r2, #64
 104 0072 1A63     		str	r2, [r3, #48]
 105 0074 1B6B     		ldr	r3, [r3, #48]
 106 0076 03F04003 		and	r3, r3, #64
 107 007a 0693     		str	r3, [sp, #24]
 108 007c 069B     		ldr	r3, [sp, #24]
 109              	.LBE7:
  53:Core/Src/gpio.c **** 
  54:Core/Src/gpio.c ****   /*Configure GPIO pin Output Level */
  55:Core/Src/gpio.c ****   HAL_GPIO_WritePin(GPIOB, LD1_Pin|GPIO_PIN_14|LD2_Pin, GPIO_PIN_RESET);
 110              		.loc 1 55 0
 111 007e 1B4F     		ldr	r7, .L3+4
 112 0080 2246     		mov	r2, r4
 113 0082 44F28101 		movw	r1, #16513
 114 0086 3846     		mov	r0, r7
 115 0088 FFF7FEFF 		bl	HAL_GPIO_WritePin
 116              	.LVL0:
  56:Core/Src/gpio.c **** 
ARM GAS  /tmp/ccnr31ak.s 			page 4


  57:Core/Src/gpio.c ****   /*Configure GPIO pin Output Level */
  58:Core/Src/gpio.c ****   HAL_GPIO_WritePin(USB_PowerSwitchOn_GPIO_Port, USB_PowerSwitchOn_Pin, GPIO_PIN_RESET);
 117              		.loc 1 58 0
 118 008c 184D     		ldr	r5, .L3+8
 119 008e 2246     		mov	r2, r4
 120 0090 4021     		movs	r1, #64
 121 0092 2846     		mov	r0, r5
 122 0094 FFF7FEFF 		bl	HAL_GPIO_WritePin
 123              	.LVL1:
  59:Core/Src/gpio.c **** 
  60:Core/Src/gpio.c ****   /*Configure GPIO pin : PtPin */
  61:Core/Src/gpio.c ****   GPIO_InitStruct.Pin = USER_Btn_Pin;
 124              		.loc 1 61 0
 125 0098 4FF40053 		mov	r3, #8192
 126 009c 0793     		str	r3, [sp, #28]
  62:Core/Src/gpio.c ****   GPIO_InitStruct.Mode = GPIO_MODE_IT_RISING;
 127              		.loc 1 62 0
 128 009e 154B     		ldr	r3, .L3+12
 129 00a0 0893     		str	r3, [sp, #32]
  63:Core/Src/gpio.c ****   GPIO_InitStruct.Pull = GPIO_NOPULL;
 130              		.loc 1 63 0
 131 00a2 0994     		str	r4, [sp, #36]
  64:Core/Src/gpio.c ****   HAL_GPIO_Init(USER_Btn_GPIO_Port, &GPIO_InitStruct);
 132              		.loc 1 64 0
 133 00a4 07A9     		add	r1, sp, #28
 134 00a6 1448     		ldr	r0, .L3+16
 135 00a8 FFF7FEFF 		bl	HAL_GPIO_Init
 136              	.LVL2:
  65:Core/Src/gpio.c **** 
  66:Core/Src/gpio.c ****   /*Configure GPIO pins : PBPin PB14 PBPin */
  67:Core/Src/gpio.c ****   GPIO_InitStruct.Pin = LD1_Pin|GPIO_PIN_14|LD2_Pin;
 137              		.loc 1 67 0
 138 00ac 44F28103 		movw	r3, #16513
 139 00b0 0793     		str	r3, [sp, #28]
  68:Core/Src/gpio.c ****   GPIO_InitStruct.Mode = GPIO_MODE_OUTPUT_PP;
 140              		.loc 1 68 0
 141 00b2 0126     		movs	r6, #1
 142 00b4 0896     		str	r6, [sp, #32]
  69:Core/Src/gpio.c ****   GPIO_InitStruct.Pull = GPIO_NOPULL;
 143              		.loc 1 69 0
 144 00b6 0994     		str	r4, [sp, #36]
  70:Core/Src/gpio.c ****   GPIO_InitStruct.Speed = GPIO_SPEED_FREQ_LOW;
 145              		.loc 1 70 0
 146 00b8 0A94     		str	r4, [sp, #40]
  71:Core/Src/gpio.c ****   HAL_GPIO_Init(GPIOB, &GPIO_InitStruct);
 147              		.loc 1 71 0
 148 00ba 07A9     		add	r1, sp, #28
 149 00bc 3846     		mov	r0, r7
 150 00be FFF7FEFF 		bl	HAL_GPIO_Init
 151              	.LVL3:
  72:Core/Src/gpio.c **** 
  73:Core/Src/gpio.c ****   /*Configure GPIO pin : PtPin */
  74:Core/Src/gpio.c ****   GPIO_InitStruct.Pin = USB_PowerSwitchOn_Pin;
 152              		.loc 1 74 0
 153 00c2 4023     		movs	r3, #64
 154 00c4 0793     		str	r3, [sp, #28]
  75:Core/Src/gpio.c ****   GPIO_InitStruct.Mode = GPIO_MODE_OUTPUT_PP;
ARM GAS  /tmp/ccnr31ak.s 			page 5


 155              		.loc 1 75 0
 156 00c6 0896     		str	r6, [sp, #32]
  76:Core/Src/gpio.c ****   GPIO_InitStruct.Pull = GPIO_NOPULL;
 157              		.loc 1 76 0
 158 00c8 0994     		str	r4, [sp, #36]
  77:Core/Src/gpio.c ****   GPIO_InitStruct.Speed = GPIO_SPEED_FREQ_LOW;
 159              		.loc 1 77 0
 160 00ca 0A94     		str	r4, [sp, #40]
  78:Core/Src/gpio.c ****   HAL_GPIO_Init(USB_PowerSwitchOn_GPIO_Port, &GPIO_InitStruct);
 161              		.loc 1 78 0
 162 00cc 07A9     		add	r1, sp, #28
 163 00ce 2846     		mov	r0, r5
 164 00d0 FFF7FEFF 		bl	HAL_GPIO_Init
 165              	.LVL4:
  79:Core/Src/gpio.c **** 
  80:Core/Src/gpio.c ****   /*Configure GPIO pin : PtPin */
  81:Core/Src/gpio.c ****   GPIO_InitStruct.Pin = USB_OverCurrent_Pin;
 166              		.loc 1 81 0
 167 00d4 8023     		movs	r3, #128
 168 00d6 0793     		str	r3, [sp, #28]
  82:Core/Src/gpio.c ****   GPIO_InitStruct.Mode = GPIO_MODE_INPUT;
 169              		.loc 1 82 0
 170 00d8 0894     		str	r4, [sp, #32]
  83:Core/Src/gpio.c ****   GPIO_InitStruct.Pull = GPIO_NOPULL;
 171              		.loc 1 83 0
 172 00da 0994     		str	r4, [sp, #36]
  84:Core/Src/gpio.c ****   HAL_GPIO_Init(USB_OverCurrent_GPIO_Port, &GPIO_InitStruct);
 173              		.loc 1 84 0
 174 00dc 07A9     		add	r1, sp, #28
 175 00de 2846     		mov	r0, r5
 176 00e0 FFF7FEFF 		bl	HAL_GPIO_Init
 177              	.LVL5:
  85:Core/Src/gpio.c **** 
  86:Core/Src/gpio.c **** }
 178              		.loc 1 86 0
 179 00e4 0DB0     		add	sp, sp, #52
 180              	.LCFI2:
 181              		.cfi_def_cfa_offset 20
 182              		@ sp needed
 183 00e6 F0BD     		pop	{r4, r5, r6, r7, pc}
 184              	.L4:
 185              		.align	2
 186              	.L3:
 187 00e8 00380240 		.word	1073887232
 188 00ec 00040240 		.word	1073873920
 189 00f0 00180240 		.word	1073879040
 190 00f4 00001110 		.word	269549568
 191 00f8 00080240 		.word	1073874944
 192              		.cfi_endproc
 193              	.LFE141:
 195              		.text
 196              	.Letext0:
 197              		.file 2 "/usr/include/newlib/machine/_default_types.h"
 198              		.file 3 "/usr/include/newlib/sys/_stdint.h"
 199              		.file 4 "Drivers/CMSIS/Include/core_cm7.h"
 200              		.file 5 "Drivers/CMSIS/Device/ST/STM32F7xx/Include/system_stm32f7xx.h"
 201              		.file 6 "Drivers/CMSIS/Device/ST/STM32F7xx/Include/stm32f767xx.h"
ARM GAS  /tmp/ccnr31ak.s 			page 6


 202              		.file 7 "Drivers/STM32F7xx_HAL_Driver/Inc/stm32f7xx_hal_gpio.h"
 203              		.file 8 "Drivers/STM32F7xx_HAL_Driver/Inc/stm32f7xx_hal.h"
ARM GAS  /tmp/ccnr31ak.s 			page 7


DEFINED SYMBOLS
                            *ABS*:0000000000000000 gpio.c
     /tmp/ccnr31ak.s:17     .text.MX_GPIO_Init:0000000000000000 $t
     /tmp/ccnr31ak.s:24     .text.MX_GPIO_Init:0000000000000000 MX_GPIO_Init
     /tmp/ccnr31ak.s:187    .text.MX_GPIO_Init:00000000000000e8 $d
                     .debug_frame:0000000000000010 $d

UNDEFINED SYMBOLS
HAL_GPIO_WritePin
HAL_GPIO_Init
