ARM GAS  /tmp/ccekoBNn.s 			page 1


   1              		.cpu cortex-m7
   2              		.eabi_attribute 28, 1
   3              		.eabi_attribute 20, 1
   4              		.eabi_attribute 21, 1
   5              		.eabi_attribute 23, 3
   6              		.eabi_attribute 24, 1
   7              		.eabi_attribute 25, 1
   8              		.eabi_attribute 26, 1
   9              		.eabi_attribute 30, 1
  10              		.eabi_attribute 34, 1
  11              		.eabi_attribute 18, 4
  12              		.file	"icmp.c"
  13              		.text
  14              	.Ltext0:
  15              		.cfi_sections	.debug_frame
  16              		.section	.text.icmp_send_response,"ax",%progbits
  17              		.align	1
  18              		.syntax unified
  19              		.thumb
  20              		.thumb_func
  21              		.fpu fpv5-d16
  23              	icmp_send_response:
  24              	.LFB161:
  25              		.file 1 "Middlewares/Third_Party/LwIP/src/core/ipv4/icmp.c"
   1:Middlewares/Third_Party/LwIP/src/core/ipv4/icmp.c **** /**
   2:Middlewares/Third_Party/LwIP/src/core/ipv4/icmp.c ****  * @file
   3:Middlewares/Third_Party/LwIP/src/core/ipv4/icmp.c ****  * ICMP - Internet Control Message Protocol
   4:Middlewares/Third_Party/LwIP/src/core/ipv4/icmp.c ****  *
   5:Middlewares/Third_Party/LwIP/src/core/ipv4/icmp.c ****  */
   6:Middlewares/Third_Party/LwIP/src/core/ipv4/icmp.c **** 
   7:Middlewares/Third_Party/LwIP/src/core/ipv4/icmp.c **** /*
   8:Middlewares/Third_Party/LwIP/src/core/ipv4/icmp.c ****  * Copyright (c) 2001-2004 Swedish Institute of Computer Science.
   9:Middlewares/Third_Party/LwIP/src/core/ipv4/icmp.c ****  * All rights reserved.
  10:Middlewares/Third_Party/LwIP/src/core/ipv4/icmp.c ****  *
  11:Middlewares/Third_Party/LwIP/src/core/ipv4/icmp.c ****  * Redistribution and use in source and binary forms, with or without modification,
  12:Middlewares/Third_Party/LwIP/src/core/ipv4/icmp.c ****  * are permitted provided that the following conditions are met:
  13:Middlewares/Third_Party/LwIP/src/core/ipv4/icmp.c ****  *
  14:Middlewares/Third_Party/LwIP/src/core/ipv4/icmp.c ****  * 1. Redistributions of source code must retain the above copyright notice,
  15:Middlewares/Third_Party/LwIP/src/core/ipv4/icmp.c ****  *    this list of conditions and the following disclaimer.
  16:Middlewares/Third_Party/LwIP/src/core/ipv4/icmp.c ****  * 2. Redistributions in binary form must reproduce the above copyright notice,
  17:Middlewares/Third_Party/LwIP/src/core/ipv4/icmp.c ****  *    this list of conditions and the following disclaimer in the documentation
  18:Middlewares/Third_Party/LwIP/src/core/ipv4/icmp.c ****  *    and/or other materials provided with the distribution.
  19:Middlewares/Third_Party/LwIP/src/core/ipv4/icmp.c ****  * 3. The name of the author may not be used to endorse or promote products
  20:Middlewares/Third_Party/LwIP/src/core/ipv4/icmp.c ****  *    derived from this software without specific prior written permission.
  21:Middlewares/Third_Party/LwIP/src/core/ipv4/icmp.c ****  *
  22:Middlewares/Third_Party/LwIP/src/core/ipv4/icmp.c ****  * THIS SOFTWARE IS PROVIDED BY THE AUTHOR ``AS IS'' AND ANY EXPRESS OR IMPLIED
  23:Middlewares/Third_Party/LwIP/src/core/ipv4/icmp.c ****  * WARRANTIES, INCLUDING, BUT NOT LIMITED TO, THE IMPLIED WARRANTIES OF
  24:Middlewares/Third_Party/LwIP/src/core/ipv4/icmp.c ****  * MERCHANTABILITY AND FITNESS FOR A PARTICULAR PURPOSE ARE DISCLAIMED. IN NO EVENT
  25:Middlewares/Third_Party/LwIP/src/core/ipv4/icmp.c ****  * SHALL THE AUTHOR BE LIABLE FOR ANY DIRECT, INDIRECT, INCIDENTAL, SPECIAL,
  26:Middlewares/Third_Party/LwIP/src/core/ipv4/icmp.c ****  * EXEMPLARY, OR CONSEQUENTIAL DAMAGES (INCLUDING, BUT NOT LIMITED TO, PROCUREMENT
  27:Middlewares/Third_Party/LwIP/src/core/ipv4/icmp.c ****  * OF SUBSTITUTE GOODS OR SERVICES; LOSS OF USE, DATA, OR PROFITS; OR BUSINESS
  28:Middlewares/Third_Party/LwIP/src/core/ipv4/icmp.c ****  * INTERRUPTION) HOWEVER CAUSED AND ON ANY THEORY OF LIABILITY, WHETHER IN
  29:Middlewares/Third_Party/LwIP/src/core/ipv4/icmp.c ****  * CONTRACT, STRICT LIABILITY, OR TORT (INCLUDING NEGLIGENCE OR OTHERWISE) ARISING
  30:Middlewares/Third_Party/LwIP/src/core/ipv4/icmp.c ****  * IN ANY WAY OUT OF THE USE OF THIS SOFTWARE, EVEN IF ADVISED OF THE POSSIBILITY
  31:Middlewares/Third_Party/LwIP/src/core/ipv4/icmp.c ****  * OF SUCH DAMAGE.
  32:Middlewares/Third_Party/LwIP/src/core/ipv4/icmp.c ****  *
  33:Middlewares/Third_Party/LwIP/src/core/ipv4/icmp.c ****  * This file is part of the lwIP TCP/IP stack.
ARM GAS  /tmp/ccekoBNn.s 			page 2


  34:Middlewares/Third_Party/LwIP/src/core/ipv4/icmp.c ****  *
  35:Middlewares/Third_Party/LwIP/src/core/ipv4/icmp.c ****  * Author: Adam Dunkels <adam@sics.se>
  36:Middlewares/Third_Party/LwIP/src/core/ipv4/icmp.c ****  *
  37:Middlewares/Third_Party/LwIP/src/core/ipv4/icmp.c ****  */
  38:Middlewares/Third_Party/LwIP/src/core/ipv4/icmp.c **** 
  39:Middlewares/Third_Party/LwIP/src/core/ipv4/icmp.c **** /* Some ICMP messages should be passed to the transport protocols. This
  40:Middlewares/Third_Party/LwIP/src/core/ipv4/icmp.c ****    is not implemented. */
  41:Middlewares/Third_Party/LwIP/src/core/ipv4/icmp.c **** 
  42:Middlewares/Third_Party/LwIP/src/core/ipv4/icmp.c **** #include "lwip/opt.h"
  43:Middlewares/Third_Party/LwIP/src/core/ipv4/icmp.c **** 
  44:Middlewares/Third_Party/LwIP/src/core/ipv4/icmp.c **** #if LWIP_IPV4 && LWIP_ICMP /* don't build if not configured for use in lwipopts.h */
  45:Middlewares/Third_Party/LwIP/src/core/ipv4/icmp.c **** 
  46:Middlewares/Third_Party/LwIP/src/core/ipv4/icmp.c **** #include "lwip/icmp.h"
  47:Middlewares/Third_Party/LwIP/src/core/ipv4/icmp.c **** #include "lwip/inet_chksum.h"
  48:Middlewares/Third_Party/LwIP/src/core/ipv4/icmp.c **** #include "lwip/ip.h"
  49:Middlewares/Third_Party/LwIP/src/core/ipv4/icmp.c **** #include "lwip/def.h"
  50:Middlewares/Third_Party/LwIP/src/core/ipv4/icmp.c **** #include "lwip/stats.h"
  51:Middlewares/Third_Party/LwIP/src/core/ipv4/icmp.c **** 
  52:Middlewares/Third_Party/LwIP/src/core/ipv4/icmp.c **** #include <string.h>
  53:Middlewares/Third_Party/LwIP/src/core/ipv4/icmp.c **** 
  54:Middlewares/Third_Party/LwIP/src/core/ipv4/icmp.c **** #ifdef LWIP_HOOK_FILENAME
  55:Middlewares/Third_Party/LwIP/src/core/ipv4/icmp.c **** #include LWIP_HOOK_FILENAME
  56:Middlewares/Third_Party/LwIP/src/core/ipv4/icmp.c **** #endif
  57:Middlewares/Third_Party/LwIP/src/core/ipv4/icmp.c **** 
  58:Middlewares/Third_Party/LwIP/src/core/ipv4/icmp.c **** /** Small optimization: set to 0 if incoming PBUF_POOL pbuf always can be
  59:Middlewares/Third_Party/LwIP/src/core/ipv4/icmp.c ****  * used to modify and send a response packet (and to 1 if this is not the case,
  60:Middlewares/Third_Party/LwIP/src/core/ipv4/icmp.c ****  * e.g. when link header is stripped off when receiving) */
  61:Middlewares/Third_Party/LwIP/src/core/ipv4/icmp.c **** #ifndef LWIP_ICMP_ECHO_CHECK_INPUT_PBUF_LEN
  62:Middlewares/Third_Party/LwIP/src/core/ipv4/icmp.c **** #define LWIP_ICMP_ECHO_CHECK_INPUT_PBUF_LEN 1
  63:Middlewares/Third_Party/LwIP/src/core/ipv4/icmp.c **** #endif /* LWIP_ICMP_ECHO_CHECK_INPUT_PBUF_LEN */
  64:Middlewares/Third_Party/LwIP/src/core/ipv4/icmp.c **** 
  65:Middlewares/Third_Party/LwIP/src/core/ipv4/icmp.c **** /* The amount of data from the original packet to return in a dest-unreachable */
  66:Middlewares/Third_Party/LwIP/src/core/ipv4/icmp.c **** #define ICMP_DEST_UNREACH_DATASIZE 8
  67:Middlewares/Third_Party/LwIP/src/core/ipv4/icmp.c **** 
  68:Middlewares/Third_Party/LwIP/src/core/ipv4/icmp.c **** static void icmp_send_response(struct pbuf *p, u8_t type, u8_t code);
  69:Middlewares/Third_Party/LwIP/src/core/ipv4/icmp.c **** 
  70:Middlewares/Third_Party/LwIP/src/core/ipv4/icmp.c **** /**
  71:Middlewares/Third_Party/LwIP/src/core/ipv4/icmp.c ****  * Processes ICMP input packets, called from ip_input().
  72:Middlewares/Third_Party/LwIP/src/core/ipv4/icmp.c ****  *
  73:Middlewares/Third_Party/LwIP/src/core/ipv4/icmp.c ****  * Currently only processes icmp echo requests and sends
  74:Middlewares/Third_Party/LwIP/src/core/ipv4/icmp.c ****  * out the echo response.
  75:Middlewares/Third_Party/LwIP/src/core/ipv4/icmp.c ****  *
  76:Middlewares/Third_Party/LwIP/src/core/ipv4/icmp.c ****  * @param p the icmp echo request packet, p->payload pointing to the icmp header
  77:Middlewares/Third_Party/LwIP/src/core/ipv4/icmp.c ****  * @param inp the netif on which this packet was received
  78:Middlewares/Third_Party/LwIP/src/core/ipv4/icmp.c ****  */
  79:Middlewares/Third_Party/LwIP/src/core/ipv4/icmp.c **** void
  80:Middlewares/Third_Party/LwIP/src/core/ipv4/icmp.c **** icmp_input(struct pbuf *p, struct netif *inp)
  81:Middlewares/Third_Party/LwIP/src/core/ipv4/icmp.c **** {
  82:Middlewares/Third_Party/LwIP/src/core/ipv4/icmp.c ****   u8_t type;
  83:Middlewares/Third_Party/LwIP/src/core/ipv4/icmp.c **** #ifdef LWIP_DEBUG
  84:Middlewares/Third_Party/LwIP/src/core/ipv4/icmp.c ****   u8_t code;
  85:Middlewares/Third_Party/LwIP/src/core/ipv4/icmp.c **** #endif /* LWIP_DEBUG */
  86:Middlewares/Third_Party/LwIP/src/core/ipv4/icmp.c ****   struct icmp_echo_hdr *iecho;
  87:Middlewares/Third_Party/LwIP/src/core/ipv4/icmp.c ****   const struct ip_hdr *iphdr_in;
  88:Middlewares/Third_Party/LwIP/src/core/ipv4/icmp.c ****   u16_t hlen;
  89:Middlewares/Third_Party/LwIP/src/core/ipv4/icmp.c ****   const ip4_addr_t *src;
  90:Middlewares/Third_Party/LwIP/src/core/ipv4/icmp.c **** 
ARM GAS  /tmp/ccekoBNn.s 			page 3


  91:Middlewares/Third_Party/LwIP/src/core/ipv4/icmp.c ****   ICMP_STATS_INC(icmp.recv);
  92:Middlewares/Third_Party/LwIP/src/core/ipv4/icmp.c ****   MIB2_STATS_INC(mib2.icmpinmsgs);
  93:Middlewares/Third_Party/LwIP/src/core/ipv4/icmp.c **** 
  94:Middlewares/Third_Party/LwIP/src/core/ipv4/icmp.c ****   iphdr_in = ip4_current_header();
  95:Middlewares/Third_Party/LwIP/src/core/ipv4/icmp.c ****   hlen = IPH_HL_BYTES(iphdr_in);
  96:Middlewares/Third_Party/LwIP/src/core/ipv4/icmp.c ****   if (hlen < IP_HLEN) {
  97:Middlewares/Third_Party/LwIP/src/core/ipv4/icmp.c ****     LWIP_DEBUGF(ICMP_DEBUG, ("icmp_input: short IP header (%"S16_F" bytes) received\n", hlen));
  98:Middlewares/Third_Party/LwIP/src/core/ipv4/icmp.c ****     goto lenerr;
  99:Middlewares/Third_Party/LwIP/src/core/ipv4/icmp.c ****   }
 100:Middlewares/Third_Party/LwIP/src/core/ipv4/icmp.c ****   if (p->len < sizeof(u16_t) * 2) {
 101:Middlewares/Third_Party/LwIP/src/core/ipv4/icmp.c ****     LWIP_DEBUGF(ICMP_DEBUG, ("icmp_input: short ICMP (%"U16_F" bytes) received\n", p->tot_len));
 102:Middlewares/Third_Party/LwIP/src/core/ipv4/icmp.c ****     goto lenerr;
 103:Middlewares/Third_Party/LwIP/src/core/ipv4/icmp.c ****   }
 104:Middlewares/Third_Party/LwIP/src/core/ipv4/icmp.c **** 
 105:Middlewares/Third_Party/LwIP/src/core/ipv4/icmp.c ****   type = *((u8_t *)p->payload);
 106:Middlewares/Third_Party/LwIP/src/core/ipv4/icmp.c **** #ifdef LWIP_DEBUG
 107:Middlewares/Third_Party/LwIP/src/core/ipv4/icmp.c ****   code = *(((u8_t *)p->payload) + 1);
 108:Middlewares/Third_Party/LwIP/src/core/ipv4/icmp.c ****   /* if debug is enabled but debug statement below is somehow disabled: */
 109:Middlewares/Third_Party/LwIP/src/core/ipv4/icmp.c ****   LWIP_UNUSED_ARG(code);
 110:Middlewares/Third_Party/LwIP/src/core/ipv4/icmp.c **** #endif /* LWIP_DEBUG */
 111:Middlewares/Third_Party/LwIP/src/core/ipv4/icmp.c ****   switch (type) {
 112:Middlewares/Third_Party/LwIP/src/core/ipv4/icmp.c ****     case ICMP_ER:
 113:Middlewares/Third_Party/LwIP/src/core/ipv4/icmp.c ****       /* This is OK, echo reply might have been parsed by a raw PCB
 114:Middlewares/Third_Party/LwIP/src/core/ipv4/icmp.c ****          (as obviously, an echo request has been sent, too). */
 115:Middlewares/Third_Party/LwIP/src/core/ipv4/icmp.c ****       MIB2_STATS_INC(mib2.icmpinechoreps);
 116:Middlewares/Third_Party/LwIP/src/core/ipv4/icmp.c ****       break;
 117:Middlewares/Third_Party/LwIP/src/core/ipv4/icmp.c ****     case ICMP_ECHO:
 118:Middlewares/Third_Party/LwIP/src/core/ipv4/icmp.c ****       MIB2_STATS_INC(mib2.icmpinechos);
 119:Middlewares/Third_Party/LwIP/src/core/ipv4/icmp.c ****       src = ip4_current_dest_addr();
 120:Middlewares/Third_Party/LwIP/src/core/ipv4/icmp.c ****       /* multicast destination address? */
 121:Middlewares/Third_Party/LwIP/src/core/ipv4/icmp.c ****       if (ip4_addr_ismulticast(ip4_current_dest_addr())) {
 122:Middlewares/Third_Party/LwIP/src/core/ipv4/icmp.c **** #if LWIP_MULTICAST_PING
 123:Middlewares/Third_Party/LwIP/src/core/ipv4/icmp.c ****         /* For multicast, use address of receiving interface as source address */
 124:Middlewares/Third_Party/LwIP/src/core/ipv4/icmp.c ****         src = netif_ip4_addr(inp);
 125:Middlewares/Third_Party/LwIP/src/core/ipv4/icmp.c **** #else /* LWIP_MULTICAST_PING */
 126:Middlewares/Third_Party/LwIP/src/core/ipv4/icmp.c ****         LWIP_DEBUGF(ICMP_DEBUG, ("icmp_input: Not echoing to multicast pings\n"));
 127:Middlewares/Third_Party/LwIP/src/core/ipv4/icmp.c ****         goto icmperr;
 128:Middlewares/Third_Party/LwIP/src/core/ipv4/icmp.c **** #endif /* LWIP_MULTICAST_PING */
 129:Middlewares/Third_Party/LwIP/src/core/ipv4/icmp.c ****       }
 130:Middlewares/Third_Party/LwIP/src/core/ipv4/icmp.c ****       /* broadcast destination address? */
 131:Middlewares/Third_Party/LwIP/src/core/ipv4/icmp.c ****       if (ip4_addr_isbroadcast(ip4_current_dest_addr(), ip_current_netif())) {
 132:Middlewares/Third_Party/LwIP/src/core/ipv4/icmp.c **** #if LWIP_BROADCAST_PING
 133:Middlewares/Third_Party/LwIP/src/core/ipv4/icmp.c ****         /* For broadcast, use address of receiving interface as source address */
 134:Middlewares/Third_Party/LwIP/src/core/ipv4/icmp.c ****         src = netif_ip4_addr(inp);
 135:Middlewares/Third_Party/LwIP/src/core/ipv4/icmp.c **** #else /* LWIP_BROADCAST_PING */
 136:Middlewares/Third_Party/LwIP/src/core/ipv4/icmp.c ****         LWIP_DEBUGF(ICMP_DEBUG, ("icmp_input: Not echoing to broadcast pings\n"));
 137:Middlewares/Third_Party/LwIP/src/core/ipv4/icmp.c ****         goto icmperr;
 138:Middlewares/Third_Party/LwIP/src/core/ipv4/icmp.c **** #endif /* LWIP_BROADCAST_PING */
 139:Middlewares/Third_Party/LwIP/src/core/ipv4/icmp.c ****       }
 140:Middlewares/Third_Party/LwIP/src/core/ipv4/icmp.c ****       LWIP_DEBUGF(ICMP_DEBUG, ("icmp_input: ping\n"));
 141:Middlewares/Third_Party/LwIP/src/core/ipv4/icmp.c ****       if (p->tot_len < sizeof(struct icmp_echo_hdr)) {
 142:Middlewares/Third_Party/LwIP/src/core/ipv4/icmp.c ****         LWIP_DEBUGF(ICMP_DEBUG, ("icmp_input: bad ICMP echo received\n"));
 143:Middlewares/Third_Party/LwIP/src/core/ipv4/icmp.c ****         goto lenerr;
 144:Middlewares/Third_Party/LwIP/src/core/ipv4/icmp.c ****       }
 145:Middlewares/Third_Party/LwIP/src/core/ipv4/icmp.c **** #if CHECKSUM_CHECK_ICMP
 146:Middlewares/Third_Party/LwIP/src/core/ipv4/icmp.c ****       IF__NETIF_CHECKSUM_ENABLED(inp, NETIF_CHECKSUM_CHECK_ICMP) {
 147:Middlewares/Third_Party/LwIP/src/core/ipv4/icmp.c ****         if (inet_chksum_pbuf(p) != 0) {
ARM GAS  /tmp/ccekoBNn.s 			page 4


 148:Middlewares/Third_Party/LwIP/src/core/ipv4/icmp.c ****           LWIP_DEBUGF(ICMP_DEBUG, ("icmp_input: checksum failed for received ICMP echo\n"));
 149:Middlewares/Third_Party/LwIP/src/core/ipv4/icmp.c ****           pbuf_free(p);
 150:Middlewares/Third_Party/LwIP/src/core/ipv4/icmp.c ****           ICMP_STATS_INC(icmp.chkerr);
 151:Middlewares/Third_Party/LwIP/src/core/ipv4/icmp.c ****           MIB2_STATS_INC(mib2.icmpinerrors);
 152:Middlewares/Third_Party/LwIP/src/core/ipv4/icmp.c ****           return;
 153:Middlewares/Third_Party/LwIP/src/core/ipv4/icmp.c ****         }
 154:Middlewares/Third_Party/LwIP/src/core/ipv4/icmp.c ****       }
 155:Middlewares/Third_Party/LwIP/src/core/ipv4/icmp.c **** #endif
 156:Middlewares/Third_Party/LwIP/src/core/ipv4/icmp.c **** #if LWIP_ICMP_ECHO_CHECK_INPUT_PBUF_LEN
 157:Middlewares/Third_Party/LwIP/src/core/ipv4/icmp.c ****       if (pbuf_add_header(p, hlen + PBUF_LINK_HLEN + PBUF_LINK_ENCAPSULATION_HLEN)) {
 158:Middlewares/Third_Party/LwIP/src/core/ipv4/icmp.c ****         /* p is not big enough to contain link headers
 159:Middlewares/Third_Party/LwIP/src/core/ipv4/icmp.c ****          * allocate a new one and copy p into it
 160:Middlewares/Third_Party/LwIP/src/core/ipv4/icmp.c ****          */
 161:Middlewares/Third_Party/LwIP/src/core/ipv4/icmp.c ****         struct pbuf *r;
 162:Middlewares/Third_Party/LwIP/src/core/ipv4/icmp.c ****         u16_t alloc_len = (u16_t)(p->tot_len + hlen);
 163:Middlewares/Third_Party/LwIP/src/core/ipv4/icmp.c ****         if (alloc_len < p->tot_len) {
 164:Middlewares/Third_Party/LwIP/src/core/ipv4/icmp.c ****           LWIP_DEBUGF(ICMP_DEBUG, ("icmp_input: allocating new pbuf failed (tot_len overflow)\n"));
 165:Middlewares/Third_Party/LwIP/src/core/ipv4/icmp.c ****           goto icmperr;
 166:Middlewares/Third_Party/LwIP/src/core/ipv4/icmp.c ****         }
 167:Middlewares/Third_Party/LwIP/src/core/ipv4/icmp.c ****         /* allocate new packet buffer with space for link headers */
 168:Middlewares/Third_Party/LwIP/src/core/ipv4/icmp.c ****         r = pbuf_alloc(PBUF_LINK, alloc_len, PBUF_RAM);
 169:Middlewares/Third_Party/LwIP/src/core/ipv4/icmp.c ****         if (r == NULL) {
 170:Middlewares/Third_Party/LwIP/src/core/ipv4/icmp.c ****           LWIP_DEBUGF(ICMP_DEBUG, ("icmp_input: allocating new pbuf failed\n"));
 171:Middlewares/Third_Party/LwIP/src/core/ipv4/icmp.c ****           goto icmperr;
 172:Middlewares/Third_Party/LwIP/src/core/ipv4/icmp.c ****         }
 173:Middlewares/Third_Party/LwIP/src/core/ipv4/icmp.c ****         if (r->len < hlen + sizeof(struct icmp_echo_hdr)) {
 174:Middlewares/Third_Party/LwIP/src/core/ipv4/icmp.c ****           LWIP_DEBUGF(ICMP_DEBUG | LWIP_DBG_LEVEL_SERIOUS, ("first pbuf cannot hold the ICMP header
 175:Middlewares/Third_Party/LwIP/src/core/ipv4/icmp.c ****           pbuf_free(r);
 176:Middlewares/Third_Party/LwIP/src/core/ipv4/icmp.c ****           goto icmperr;
 177:Middlewares/Third_Party/LwIP/src/core/ipv4/icmp.c ****         }
 178:Middlewares/Third_Party/LwIP/src/core/ipv4/icmp.c ****         /* copy the ip header */
 179:Middlewares/Third_Party/LwIP/src/core/ipv4/icmp.c ****         MEMCPY(r->payload, iphdr_in, hlen);
 180:Middlewares/Third_Party/LwIP/src/core/ipv4/icmp.c ****         /* switch r->payload back to icmp header (cannot fail) */
 181:Middlewares/Third_Party/LwIP/src/core/ipv4/icmp.c ****         if (pbuf_remove_header(r, hlen)) {
 182:Middlewares/Third_Party/LwIP/src/core/ipv4/icmp.c ****           LWIP_ASSERT("icmp_input: moving r->payload to icmp header failed\n", 0);
 183:Middlewares/Third_Party/LwIP/src/core/ipv4/icmp.c ****           pbuf_free(r);
 184:Middlewares/Third_Party/LwIP/src/core/ipv4/icmp.c ****           goto icmperr;
 185:Middlewares/Third_Party/LwIP/src/core/ipv4/icmp.c ****         }
 186:Middlewares/Third_Party/LwIP/src/core/ipv4/icmp.c ****         /* copy the rest of the packet without ip header */
 187:Middlewares/Third_Party/LwIP/src/core/ipv4/icmp.c ****         if (pbuf_copy(r, p) != ERR_OK) {
 188:Middlewares/Third_Party/LwIP/src/core/ipv4/icmp.c ****           LWIP_DEBUGF(ICMP_DEBUG | LWIP_DBG_LEVEL_SERIOUS, ("icmp_input: copying to new pbuf failed
 189:Middlewares/Third_Party/LwIP/src/core/ipv4/icmp.c ****           pbuf_free(r);
 190:Middlewares/Third_Party/LwIP/src/core/ipv4/icmp.c ****           goto icmperr;
 191:Middlewares/Third_Party/LwIP/src/core/ipv4/icmp.c ****         }
 192:Middlewares/Third_Party/LwIP/src/core/ipv4/icmp.c ****         /* free the original p */
 193:Middlewares/Third_Party/LwIP/src/core/ipv4/icmp.c ****         pbuf_free(p);
 194:Middlewares/Third_Party/LwIP/src/core/ipv4/icmp.c ****         /* we now have an identical copy of p that has room for link headers */
 195:Middlewares/Third_Party/LwIP/src/core/ipv4/icmp.c ****         p = r;
 196:Middlewares/Third_Party/LwIP/src/core/ipv4/icmp.c ****       } else {
 197:Middlewares/Third_Party/LwIP/src/core/ipv4/icmp.c ****         /* restore p->payload to point to icmp header (cannot fail) */
 198:Middlewares/Third_Party/LwIP/src/core/ipv4/icmp.c ****         if (pbuf_remove_header(p, hlen + PBUF_LINK_HLEN + PBUF_LINK_ENCAPSULATION_HLEN)) {
 199:Middlewares/Third_Party/LwIP/src/core/ipv4/icmp.c ****           LWIP_ASSERT("icmp_input: restoring original p->payload failed\n", 0);
 200:Middlewares/Third_Party/LwIP/src/core/ipv4/icmp.c ****           goto icmperr;
 201:Middlewares/Third_Party/LwIP/src/core/ipv4/icmp.c ****         }
 202:Middlewares/Third_Party/LwIP/src/core/ipv4/icmp.c ****       }
 203:Middlewares/Third_Party/LwIP/src/core/ipv4/icmp.c **** #endif /* LWIP_ICMP_ECHO_CHECK_INPUT_PBUF_LEN */
 204:Middlewares/Third_Party/LwIP/src/core/ipv4/icmp.c ****       /* At this point, all checks are OK. */
ARM GAS  /tmp/ccekoBNn.s 			page 5


 205:Middlewares/Third_Party/LwIP/src/core/ipv4/icmp.c ****       /* We generate an answer by switching the dest and src ip addresses,
 206:Middlewares/Third_Party/LwIP/src/core/ipv4/icmp.c ****        * setting the icmp type to ECHO_RESPONSE and updating the checksum. */
 207:Middlewares/Third_Party/LwIP/src/core/ipv4/icmp.c ****       iecho = (struct icmp_echo_hdr *)p->payload;
 208:Middlewares/Third_Party/LwIP/src/core/ipv4/icmp.c ****       if (pbuf_add_header(p, hlen)) {
 209:Middlewares/Third_Party/LwIP/src/core/ipv4/icmp.c ****         LWIP_DEBUGF(ICMP_DEBUG | LWIP_DBG_LEVEL_SERIOUS, ("Can't move over header in packet"));
 210:Middlewares/Third_Party/LwIP/src/core/ipv4/icmp.c ****       } else {
 211:Middlewares/Third_Party/LwIP/src/core/ipv4/icmp.c ****         err_t ret;
 212:Middlewares/Third_Party/LwIP/src/core/ipv4/icmp.c ****         struct ip_hdr *iphdr = (struct ip_hdr *)p->payload;
 213:Middlewares/Third_Party/LwIP/src/core/ipv4/icmp.c ****         ip4_addr_copy(iphdr->src, *src);
 214:Middlewares/Third_Party/LwIP/src/core/ipv4/icmp.c ****         ip4_addr_copy(iphdr->dest, *ip4_current_src_addr());
 215:Middlewares/Third_Party/LwIP/src/core/ipv4/icmp.c ****         ICMPH_TYPE_SET(iecho, ICMP_ER);
 216:Middlewares/Third_Party/LwIP/src/core/ipv4/icmp.c **** #if CHECKSUM_GEN_ICMP
 217:Middlewares/Third_Party/LwIP/src/core/ipv4/icmp.c ****         IF__NETIF_CHECKSUM_ENABLED(inp, NETIF_CHECKSUM_GEN_ICMP) {
 218:Middlewares/Third_Party/LwIP/src/core/ipv4/icmp.c ****           /* adjust the checksum */
 219:Middlewares/Third_Party/LwIP/src/core/ipv4/icmp.c ****           if (iecho->chksum > PP_HTONS(0xffffU - (ICMP_ECHO << 8))) {
 220:Middlewares/Third_Party/LwIP/src/core/ipv4/icmp.c ****             iecho->chksum = (u16_t)(iecho->chksum + PP_HTONS((u16_t)(ICMP_ECHO << 8)) + 1);
 221:Middlewares/Third_Party/LwIP/src/core/ipv4/icmp.c ****           } else {
 222:Middlewares/Third_Party/LwIP/src/core/ipv4/icmp.c ****             iecho->chksum = (u16_t)(iecho->chksum + PP_HTONS(ICMP_ECHO << 8));
 223:Middlewares/Third_Party/LwIP/src/core/ipv4/icmp.c ****           }
 224:Middlewares/Third_Party/LwIP/src/core/ipv4/icmp.c ****         }
 225:Middlewares/Third_Party/LwIP/src/core/ipv4/icmp.c **** #if LWIP_CHECKSUM_CTRL_PER_NETIF
 226:Middlewares/Third_Party/LwIP/src/core/ipv4/icmp.c ****         else {
 227:Middlewares/Third_Party/LwIP/src/core/ipv4/icmp.c ****           iecho->chksum = 0;
 228:Middlewares/Third_Party/LwIP/src/core/ipv4/icmp.c ****         }
 229:Middlewares/Third_Party/LwIP/src/core/ipv4/icmp.c **** #endif /* LWIP_CHECKSUM_CTRL_PER_NETIF */
 230:Middlewares/Third_Party/LwIP/src/core/ipv4/icmp.c **** #else /* CHECKSUM_GEN_ICMP */
 231:Middlewares/Third_Party/LwIP/src/core/ipv4/icmp.c ****         iecho->chksum = 0;
 232:Middlewares/Third_Party/LwIP/src/core/ipv4/icmp.c **** #endif /* CHECKSUM_GEN_ICMP */
 233:Middlewares/Third_Party/LwIP/src/core/ipv4/icmp.c **** 
 234:Middlewares/Third_Party/LwIP/src/core/ipv4/icmp.c ****         /* Set the correct TTL and recalculate the header checksum. */
 235:Middlewares/Third_Party/LwIP/src/core/ipv4/icmp.c ****         IPH_TTL_SET(iphdr, ICMP_TTL);
 236:Middlewares/Third_Party/LwIP/src/core/ipv4/icmp.c ****         IPH_CHKSUM_SET(iphdr, 0);
 237:Middlewares/Third_Party/LwIP/src/core/ipv4/icmp.c **** #if CHECKSUM_GEN_IP
 238:Middlewares/Third_Party/LwIP/src/core/ipv4/icmp.c ****         IF__NETIF_CHECKSUM_ENABLED(inp, NETIF_CHECKSUM_GEN_IP) {
 239:Middlewares/Third_Party/LwIP/src/core/ipv4/icmp.c ****           IPH_CHKSUM_SET(iphdr, inet_chksum(iphdr, hlen));
 240:Middlewares/Third_Party/LwIP/src/core/ipv4/icmp.c ****         }
 241:Middlewares/Third_Party/LwIP/src/core/ipv4/icmp.c **** #endif /* CHECKSUM_GEN_IP */
 242:Middlewares/Third_Party/LwIP/src/core/ipv4/icmp.c **** 
 243:Middlewares/Third_Party/LwIP/src/core/ipv4/icmp.c ****         ICMP_STATS_INC(icmp.xmit);
 244:Middlewares/Third_Party/LwIP/src/core/ipv4/icmp.c ****         /* increase number of messages attempted to send */
 245:Middlewares/Third_Party/LwIP/src/core/ipv4/icmp.c ****         MIB2_STATS_INC(mib2.icmpoutmsgs);
 246:Middlewares/Third_Party/LwIP/src/core/ipv4/icmp.c ****         /* increase number of echo replies attempted to send */
 247:Middlewares/Third_Party/LwIP/src/core/ipv4/icmp.c ****         MIB2_STATS_INC(mib2.icmpoutechoreps);
 248:Middlewares/Third_Party/LwIP/src/core/ipv4/icmp.c **** 
 249:Middlewares/Third_Party/LwIP/src/core/ipv4/icmp.c ****         /* send an ICMP packet */
 250:Middlewares/Third_Party/LwIP/src/core/ipv4/icmp.c ****         ret = ip4_output_if(p, src, LWIP_IP_HDRINCL,
 251:Middlewares/Third_Party/LwIP/src/core/ipv4/icmp.c ****                             ICMP_TTL, 0, IP_PROTO_ICMP, inp);
 252:Middlewares/Third_Party/LwIP/src/core/ipv4/icmp.c ****         if (ret != ERR_OK) {
 253:Middlewares/Third_Party/LwIP/src/core/ipv4/icmp.c ****           LWIP_DEBUGF(ICMP_DEBUG, ("icmp_input: ip_output_if returned an error: %s\n", lwip_strerr(
 254:Middlewares/Third_Party/LwIP/src/core/ipv4/icmp.c ****         }
 255:Middlewares/Third_Party/LwIP/src/core/ipv4/icmp.c ****       }
 256:Middlewares/Third_Party/LwIP/src/core/ipv4/icmp.c ****       break;
 257:Middlewares/Third_Party/LwIP/src/core/ipv4/icmp.c ****     default:
 258:Middlewares/Third_Party/LwIP/src/core/ipv4/icmp.c ****       if (type == ICMP_DUR) {
 259:Middlewares/Third_Party/LwIP/src/core/ipv4/icmp.c ****         MIB2_STATS_INC(mib2.icmpindestunreachs);
 260:Middlewares/Third_Party/LwIP/src/core/ipv4/icmp.c ****       } else if (type == ICMP_TE) {
 261:Middlewares/Third_Party/LwIP/src/core/ipv4/icmp.c ****         MIB2_STATS_INC(mib2.icmpintimeexcds);
ARM GAS  /tmp/ccekoBNn.s 			page 6


 262:Middlewares/Third_Party/LwIP/src/core/ipv4/icmp.c ****       } else if (type == ICMP_PP) {
 263:Middlewares/Third_Party/LwIP/src/core/ipv4/icmp.c ****         MIB2_STATS_INC(mib2.icmpinparmprobs);
 264:Middlewares/Third_Party/LwIP/src/core/ipv4/icmp.c ****       } else if (type == ICMP_SQ) {
 265:Middlewares/Third_Party/LwIP/src/core/ipv4/icmp.c ****         MIB2_STATS_INC(mib2.icmpinsrcquenchs);
 266:Middlewares/Third_Party/LwIP/src/core/ipv4/icmp.c ****       } else if (type == ICMP_RD) {
 267:Middlewares/Third_Party/LwIP/src/core/ipv4/icmp.c ****         MIB2_STATS_INC(mib2.icmpinredirects);
 268:Middlewares/Third_Party/LwIP/src/core/ipv4/icmp.c ****       } else if (type == ICMP_TS) {
 269:Middlewares/Third_Party/LwIP/src/core/ipv4/icmp.c ****         MIB2_STATS_INC(mib2.icmpintimestamps);
 270:Middlewares/Third_Party/LwIP/src/core/ipv4/icmp.c ****       } else if (type == ICMP_TSR) {
 271:Middlewares/Third_Party/LwIP/src/core/ipv4/icmp.c ****         MIB2_STATS_INC(mib2.icmpintimestampreps);
 272:Middlewares/Third_Party/LwIP/src/core/ipv4/icmp.c ****       } else if (type == ICMP_AM) {
 273:Middlewares/Third_Party/LwIP/src/core/ipv4/icmp.c ****         MIB2_STATS_INC(mib2.icmpinaddrmasks);
 274:Middlewares/Third_Party/LwIP/src/core/ipv4/icmp.c ****       } else if (type == ICMP_AMR) {
 275:Middlewares/Third_Party/LwIP/src/core/ipv4/icmp.c ****         MIB2_STATS_INC(mib2.icmpinaddrmaskreps);
 276:Middlewares/Third_Party/LwIP/src/core/ipv4/icmp.c ****       }
 277:Middlewares/Third_Party/LwIP/src/core/ipv4/icmp.c ****       LWIP_DEBUGF(ICMP_DEBUG, ("icmp_input: ICMP type %"S16_F" code %"S16_F" not supported.\n",
 278:Middlewares/Third_Party/LwIP/src/core/ipv4/icmp.c ****                                (s16_t)type, (s16_t)code));
 279:Middlewares/Third_Party/LwIP/src/core/ipv4/icmp.c ****       ICMP_STATS_INC(icmp.proterr);
 280:Middlewares/Third_Party/LwIP/src/core/ipv4/icmp.c ****       ICMP_STATS_INC(icmp.drop);
 281:Middlewares/Third_Party/LwIP/src/core/ipv4/icmp.c ****   }
 282:Middlewares/Third_Party/LwIP/src/core/ipv4/icmp.c ****   pbuf_free(p);
 283:Middlewares/Third_Party/LwIP/src/core/ipv4/icmp.c ****   return;
 284:Middlewares/Third_Party/LwIP/src/core/ipv4/icmp.c **** lenerr:
 285:Middlewares/Third_Party/LwIP/src/core/ipv4/icmp.c ****   pbuf_free(p);
 286:Middlewares/Third_Party/LwIP/src/core/ipv4/icmp.c ****   ICMP_STATS_INC(icmp.lenerr);
 287:Middlewares/Third_Party/LwIP/src/core/ipv4/icmp.c ****   MIB2_STATS_INC(mib2.icmpinerrors);
 288:Middlewares/Third_Party/LwIP/src/core/ipv4/icmp.c ****   return;
 289:Middlewares/Third_Party/LwIP/src/core/ipv4/icmp.c **** #if LWIP_ICMP_ECHO_CHECK_INPUT_PBUF_LEN || !LWIP_MULTICAST_PING || !LWIP_BROADCAST_PING
 290:Middlewares/Third_Party/LwIP/src/core/ipv4/icmp.c **** icmperr:
 291:Middlewares/Third_Party/LwIP/src/core/ipv4/icmp.c ****   pbuf_free(p);
 292:Middlewares/Third_Party/LwIP/src/core/ipv4/icmp.c ****   ICMP_STATS_INC(icmp.err);
 293:Middlewares/Third_Party/LwIP/src/core/ipv4/icmp.c ****   MIB2_STATS_INC(mib2.icmpinerrors);
 294:Middlewares/Third_Party/LwIP/src/core/ipv4/icmp.c ****   return;
 295:Middlewares/Third_Party/LwIP/src/core/ipv4/icmp.c **** #endif /* LWIP_ICMP_ECHO_CHECK_INPUT_PBUF_LEN || !LWIP_MULTICAST_PING || !LWIP_BROADCAST_PING */
 296:Middlewares/Third_Party/LwIP/src/core/ipv4/icmp.c **** }
 297:Middlewares/Third_Party/LwIP/src/core/ipv4/icmp.c **** 
 298:Middlewares/Third_Party/LwIP/src/core/ipv4/icmp.c **** /**
 299:Middlewares/Third_Party/LwIP/src/core/ipv4/icmp.c ****  * Send an icmp 'destination unreachable' packet, called from ip_input() if
 300:Middlewares/Third_Party/LwIP/src/core/ipv4/icmp.c ****  * the transport layer protocol is unknown and from udp_input() if the local
 301:Middlewares/Third_Party/LwIP/src/core/ipv4/icmp.c ****  * port is not bound.
 302:Middlewares/Third_Party/LwIP/src/core/ipv4/icmp.c ****  *
 303:Middlewares/Third_Party/LwIP/src/core/ipv4/icmp.c ****  * @param p the input packet for which the 'unreachable' should be sent,
 304:Middlewares/Third_Party/LwIP/src/core/ipv4/icmp.c ****  *          p->payload pointing to the IP header
 305:Middlewares/Third_Party/LwIP/src/core/ipv4/icmp.c ****  * @param t type of the 'unreachable' packet
 306:Middlewares/Third_Party/LwIP/src/core/ipv4/icmp.c ****  */
 307:Middlewares/Third_Party/LwIP/src/core/ipv4/icmp.c **** void
 308:Middlewares/Third_Party/LwIP/src/core/ipv4/icmp.c **** icmp_dest_unreach(struct pbuf *p, enum icmp_dur_type t)
 309:Middlewares/Third_Party/LwIP/src/core/ipv4/icmp.c **** {
 310:Middlewares/Third_Party/LwIP/src/core/ipv4/icmp.c ****   MIB2_STATS_INC(mib2.icmpoutdestunreachs);
 311:Middlewares/Third_Party/LwIP/src/core/ipv4/icmp.c ****   icmp_send_response(p, ICMP_DUR, t);
 312:Middlewares/Third_Party/LwIP/src/core/ipv4/icmp.c **** }
 313:Middlewares/Third_Party/LwIP/src/core/ipv4/icmp.c **** 
 314:Middlewares/Third_Party/LwIP/src/core/ipv4/icmp.c **** #if IP_FORWARD || IP_REASSEMBLY
 315:Middlewares/Third_Party/LwIP/src/core/ipv4/icmp.c **** /**
 316:Middlewares/Third_Party/LwIP/src/core/ipv4/icmp.c ****  * Send a 'time exceeded' packet, called from ip_forward() if TTL is 0.
 317:Middlewares/Third_Party/LwIP/src/core/ipv4/icmp.c ****  *
 318:Middlewares/Third_Party/LwIP/src/core/ipv4/icmp.c ****  * @param p the input packet for which the 'time exceeded' should be sent,
ARM GAS  /tmp/ccekoBNn.s 			page 7


 319:Middlewares/Third_Party/LwIP/src/core/ipv4/icmp.c ****  *          p->payload pointing to the IP header
 320:Middlewares/Third_Party/LwIP/src/core/ipv4/icmp.c ****  * @param t type of the 'time exceeded' packet
 321:Middlewares/Third_Party/LwIP/src/core/ipv4/icmp.c ****  */
 322:Middlewares/Third_Party/LwIP/src/core/ipv4/icmp.c **** void
 323:Middlewares/Third_Party/LwIP/src/core/ipv4/icmp.c **** icmp_time_exceeded(struct pbuf *p, enum icmp_te_type t)
 324:Middlewares/Third_Party/LwIP/src/core/ipv4/icmp.c **** {
 325:Middlewares/Third_Party/LwIP/src/core/ipv4/icmp.c ****   MIB2_STATS_INC(mib2.icmpouttimeexcds);
 326:Middlewares/Third_Party/LwIP/src/core/ipv4/icmp.c ****   icmp_send_response(p, ICMP_TE, t);
 327:Middlewares/Third_Party/LwIP/src/core/ipv4/icmp.c **** }
 328:Middlewares/Third_Party/LwIP/src/core/ipv4/icmp.c **** 
 329:Middlewares/Third_Party/LwIP/src/core/ipv4/icmp.c **** #endif /* IP_FORWARD || IP_REASSEMBLY */
 330:Middlewares/Third_Party/LwIP/src/core/ipv4/icmp.c **** 
 331:Middlewares/Third_Party/LwIP/src/core/ipv4/icmp.c **** /**
 332:Middlewares/Third_Party/LwIP/src/core/ipv4/icmp.c ****  * Send an icmp packet in response to an incoming packet.
 333:Middlewares/Third_Party/LwIP/src/core/ipv4/icmp.c ****  *
 334:Middlewares/Third_Party/LwIP/src/core/ipv4/icmp.c ****  * @param p the input packet for which the 'unreachable' should be sent,
 335:Middlewares/Third_Party/LwIP/src/core/ipv4/icmp.c ****  *          p->payload pointing to the IP header
 336:Middlewares/Third_Party/LwIP/src/core/ipv4/icmp.c ****  * @param type Type of the ICMP header
 337:Middlewares/Third_Party/LwIP/src/core/ipv4/icmp.c ****  * @param code Code of the ICMP header
 338:Middlewares/Third_Party/LwIP/src/core/ipv4/icmp.c ****  */
 339:Middlewares/Third_Party/LwIP/src/core/ipv4/icmp.c **** static void
 340:Middlewares/Third_Party/LwIP/src/core/ipv4/icmp.c **** icmp_send_response(struct pbuf *p, u8_t type, u8_t code)
 341:Middlewares/Third_Party/LwIP/src/core/ipv4/icmp.c **** {
  26              		.loc 1 341 0
  27              		.cfi_startproc
  28              		@ args = 0, pretend = 0, frame = 8
  29              		@ frame_needed = 0, uses_anonymous_args = 0
  30              	.LVL0:
  31 0000 2DE9F041 		push	{r4, r5, r6, r7, r8, lr}
  32              	.LCFI0:
  33              		.cfi_def_cfa_offset 24
  34              		.cfi_offset 4, -24
  35              		.cfi_offset 5, -20
  36              		.cfi_offset 6, -16
  37              		.cfi_offset 7, -12
  38              		.cfi_offset 8, -8
  39              		.cfi_offset 14, -4
  40 0004 86B0     		sub	sp, sp, #24
  41              	.LCFI1:
  42              		.cfi_def_cfa_offset 48
  43 0006 0646     		mov	r6, r0
  44 0008 8846     		mov	r8, r1
  45 000a 1746     		mov	r7, r2
 342:Middlewares/Third_Party/LwIP/src/core/ipv4/icmp.c ****   struct pbuf *q;
 343:Middlewares/Third_Party/LwIP/src/core/ipv4/icmp.c ****   struct ip_hdr *iphdr;
 344:Middlewares/Third_Party/LwIP/src/core/ipv4/icmp.c ****   /* we can use the echo header here */
 345:Middlewares/Third_Party/LwIP/src/core/ipv4/icmp.c ****   struct icmp_echo_hdr *icmphdr;
 346:Middlewares/Third_Party/LwIP/src/core/ipv4/icmp.c ****   ip4_addr_t iphdr_src;
 347:Middlewares/Third_Party/LwIP/src/core/ipv4/icmp.c ****   struct netif *netif;
 348:Middlewares/Third_Party/LwIP/src/core/ipv4/icmp.c **** 
 349:Middlewares/Third_Party/LwIP/src/core/ipv4/icmp.c ****   /* increase number of messages attempted to send */
 350:Middlewares/Third_Party/LwIP/src/core/ipv4/icmp.c ****   MIB2_STATS_INC(mib2.icmpoutmsgs);
 351:Middlewares/Third_Party/LwIP/src/core/ipv4/icmp.c **** 
 352:Middlewares/Third_Party/LwIP/src/core/ipv4/icmp.c ****   /* ICMP header + IP header + 8 bytes of data */
 353:Middlewares/Third_Party/LwIP/src/core/ipv4/icmp.c ****   q = pbuf_alloc(PBUF_IP, sizeof(struct icmp_echo_hdr) + IP_HLEN + ICMP_DEST_UNREACH_DATASIZE,
  46              		.loc 1 353 0
  47 000c 4FF42072 		mov	r2, #640
ARM GAS  /tmp/ccekoBNn.s 			page 8


  48              	.LVL1:
  49 0010 2421     		movs	r1, #36
  50              	.LVL2:
  51 0012 2220     		movs	r0, #34
  52              	.LVL3:
  53 0014 FFF7FEFF 		bl	pbuf_alloc
  54              	.LVL4:
 354:Middlewares/Third_Party/LwIP/src/core/ipv4/icmp.c ****                  PBUF_RAM);
 355:Middlewares/Third_Party/LwIP/src/core/ipv4/icmp.c ****   if (q == NULL) {
  55              		.loc 1 355 0
  56 0018 0028     		cmp	r0, #0
  57 001a 37D0     		beq	.L1
  58 001c 0546     		mov	r5, r0
 356:Middlewares/Third_Party/LwIP/src/core/ipv4/icmp.c ****     LWIP_DEBUGF(ICMP_DEBUG, ("icmp_time_exceeded: failed to allocate pbuf for ICMP packet.\n"));
 357:Middlewares/Third_Party/LwIP/src/core/ipv4/icmp.c ****     MIB2_STATS_INC(mib2.icmpouterrors);
 358:Middlewares/Third_Party/LwIP/src/core/ipv4/icmp.c ****     return;
 359:Middlewares/Third_Party/LwIP/src/core/ipv4/icmp.c ****   }
 360:Middlewares/Third_Party/LwIP/src/core/ipv4/icmp.c ****   LWIP_ASSERT("check that first pbuf can hold icmp message",
  59              		.loc 1 360 0
  60 001e 4389     		ldrh	r3, [r0, #10]
  61 0020 232B     		cmp	r3, #35
  62 0022 36D9     		bls	.L7
  63              	.LVL5:
  64              	.L3:
 361:Middlewares/Third_Party/LwIP/src/core/ipv4/icmp.c ****               (q->len >= (sizeof(struct icmp_echo_hdr) + IP_HLEN + ICMP_DEST_UNREACH_DATASIZE)));
 362:Middlewares/Third_Party/LwIP/src/core/ipv4/icmp.c **** 
 363:Middlewares/Third_Party/LwIP/src/core/ipv4/icmp.c ****   iphdr = (struct ip_hdr *)p->payload;
  65              		.loc 1 363 0
  66 0024 D6F804E0 		ldr	lr, [r6, #4]
  67              	.LVL6:
 364:Middlewares/Third_Party/LwIP/src/core/ipv4/icmp.c ****   LWIP_DEBUGF(ICMP_DEBUG, ("icmp_time_exceeded from "));
 365:Middlewares/Third_Party/LwIP/src/core/ipv4/icmp.c ****   ip4_addr_debug_print_val(ICMP_DEBUG, iphdr->src);
 366:Middlewares/Third_Party/LwIP/src/core/ipv4/icmp.c ****   LWIP_DEBUGF(ICMP_DEBUG, (" to "));
 367:Middlewares/Third_Party/LwIP/src/core/ipv4/icmp.c ****   ip4_addr_debug_print_val(ICMP_DEBUG, iphdr->dest);
 368:Middlewares/Third_Party/LwIP/src/core/ipv4/icmp.c ****   LWIP_DEBUGF(ICMP_DEBUG, ("\n"));
 369:Middlewares/Third_Party/LwIP/src/core/ipv4/icmp.c **** 
 370:Middlewares/Third_Party/LwIP/src/core/ipv4/icmp.c ****   icmphdr = (struct icmp_echo_hdr *)q->payload;
  68              		.loc 1 370 0
  69 0028 6C68     		ldr	r4, [r5, #4]
  70              	.LVL7:
 371:Middlewares/Third_Party/LwIP/src/core/ipv4/icmp.c ****   icmphdr->type = type;
  71              		.loc 1 371 0
  72 002a 84F80080 		strb	r8, [r4]
 372:Middlewares/Third_Party/LwIP/src/core/ipv4/icmp.c ****   icmphdr->code = code;
  73              		.loc 1 372 0
  74 002e 6770     		strb	r7, [r4, #1]
 373:Middlewares/Third_Party/LwIP/src/core/ipv4/icmp.c ****   icmphdr->id = 0;
  75              		.loc 1 373 0
  76 0030 0023     		movs	r3, #0
  77 0032 2371     		strb	r3, [r4, #4]
  78 0034 6371     		strb	r3, [r4, #5]
 374:Middlewares/Third_Party/LwIP/src/core/ipv4/icmp.c ****   icmphdr->seqno = 0;
  79              		.loc 1 374 0
  80 0036 A371     		strb	r3, [r4, #6]
  81 0038 E371     		strb	r3, [r4, #7]
 375:Middlewares/Third_Party/LwIP/src/core/ipv4/icmp.c **** 
 376:Middlewares/Third_Party/LwIP/src/core/ipv4/icmp.c ****   /* copy fields from original packet */
ARM GAS  /tmp/ccekoBNn.s 			page 9


 377:Middlewares/Third_Party/LwIP/src/core/ipv4/icmp.c ****   SMEMCPY((u8_t *)q->payload + sizeof(struct icmp_echo_hdr), (u8_t *)p->payload,
  82              		.loc 1 377 0
  83 003a 6F68     		ldr	r7, [r5, #4]
  84 003c 7368     		ldr	r3, [r6, #4]
  85 003e 1E68     		ldr	r6, [r3]	@ unaligned
  86              	.LVL8:
  87 0040 5868     		ldr	r0, [r3, #4]	@ unaligned
  88 0042 9968     		ldr	r1, [r3, #8]	@ unaligned
  89 0044 D3F80CC0 		ldr	ip, [r3, #12]	@ unaligned
  90 0048 BE60     		str	r6, [r7, #8]	@ unaligned
  91 004a F860     		str	r0, [r7, #12]	@ unaligned
  92 004c 3961     		str	r1, [r7, #16]	@ unaligned
  93 004e C7F814C0 		str	ip, [r7, #20]	@ unaligned
  94 0052 1E69     		ldr	r6, [r3, #16]	@ unaligned
  95 0054 5869     		ldr	r0, [r3, #20]	@ unaligned
  96 0056 9969     		ldr	r1, [r3, #24]	@ unaligned
  97 0058 BE61     		str	r6, [r7, #24]	@ unaligned
  98 005a F861     		str	r0, [r7, #28]	@ unaligned
  99 005c 3962     		str	r1, [r7, #32]	@ unaligned
 378:Middlewares/Third_Party/LwIP/src/core/ipv4/icmp.c ****           IP_HLEN + ICMP_DEST_UNREACH_DATASIZE);
 379:Middlewares/Third_Party/LwIP/src/core/ipv4/icmp.c **** 
 380:Middlewares/Third_Party/LwIP/src/core/ipv4/icmp.c ****   ip4_addr_copy(iphdr_src, iphdr->src);
 100              		.loc 1 380 0
 101 005e DEF80C30 		ldr	r3, [lr, #12]	@ unaligned
 102 0062 06A8     		add	r0, sp, #24
 103 0064 40F8043D 		str	r3, [r0, #-4]!
 381:Middlewares/Third_Party/LwIP/src/core/ipv4/icmp.c **** #ifdef LWIP_HOOK_IP4_ROUTE_SRC
 382:Middlewares/Third_Party/LwIP/src/core/ipv4/icmp.c ****   {
 383:Middlewares/Third_Party/LwIP/src/core/ipv4/icmp.c ****     ip4_addr_t iphdr_dst;
 384:Middlewares/Third_Party/LwIP/src/core/ipv4/icmp.c ****     ip4_addr_copy(iphdr_dst, iphdr->dest);
 385:Middlewares/Third_Party/LwIP/src/core/ipv4/icmp.c ****     netif = ip4_route_src(&iphdr_dst, &iphdr_src);
 386:Middlewares/Third_Party/LwIP/src/core/ipv4/icmp.c ****   }
 387:Middlewares/Third_Party/LwIP/src/core/ipv4/icmp.c **** #else
 388:Middlewares/Third_Party/LwIP/src/core/ipv4/icmp.c ****   netif = ip4_route(&iphdr_src);
 104              		.loc 1 388 0
 105 0068 FFF7FEFF 		bl	ip4_route
 106              	.LVL9:
 389:Middlewares/Third_Party/LwIP/src/core/ipv4/icmp.c **** #endif
 390:Middlewares/Third_Party/LwIP/src/core/ipv4/icmp.c ****   if (netif != NULL) {
 107              		.loc 1 390 0
 108 006c 58B1     		cbz	r0, .L4
 391:Middlewares/Third_Party/LwIP/src/core/ipv4/icmp.c ****     /* calculate checksum */
 392:Middlewares/Third_Party/LwIP/src/core/ipv4/icmp.c ****     icmphdr->chksum = 0;
 109              		.loc 1 392 0
 110 006e 0021     		movs	r1, #0
 111 0070 A170     		strb	r1, [r4, #2]
 112 0072 E170     		strb	r1, [r4, #3]
 393:Middlewares/Third_Party/LwIP/src/core/ipv4/icmp.c **** #if CHECKSUM_GEN_ICMP
 394:Middlewares/Third_Party/LwIP/src/core/ipv4/icmp.c ****     IF__NETIF_CHECKSUM_ENABLED(netif, NETIF_CHECKSUM_GEN_ICMP) {
 395:Middlewares/Third_Party/LwIP/src/core/ipv4/icmp.c ****       icmphdr->chksum = inet_chksum(icmphdr, q->len);
 396:Middlewares/Third_Party/LwIP/src/core/ipv4/icmp.c ****     }
 397:Middlewares/Third_Party/LwIP/src/core/ipv4/icmp.c **** #endif
 398:Middlewares/Third_Party/LwIP/src/core/ipv4/icmp.c ****     ICMP_STATS_INC(icmp.xmit);
 399:Middlewares/Third_Party/LwIP/src/core/ipv4/icmp.c ****     ip4_output_if(q, NULL, &iphdr_src, ICMP_TTL, 0, IP_PROTO_ICMP, netif);
 113              		.loc 1 399 0
 114 0074 0290     		str	r0, [sp, #8]
 115 0076 0123     		movs	r3, #1
ARM GAS  /tmp/ccekoBNn.s 			page 10


 116 0078 0193     		str	r3, [sp, #4]
 117 007a 0091     		str	r1, [sp]
 118 007c FF23     		movs	r3, #255
 119 007e 05AA     		add	r2, sp, #20
 120 0080 2846     		mov	r0, r5
 121              	.LVL10:
 122 0082 FFF7FEFF 		bl	ip4_output_if
 123              	.LVL11:
 124              	.L4:
 400:Middlewares/Third_Party/LwIP/src/core/ipv4/icmp.c ****   }
 401:Middlewares/Third_Party/LwIP/src/core/ipv4/icmp.c ****   pbuf_free(q);
 125              		.loc 1 401 0
 126 0086 2846     		mov	r0, r5
 127 0088 FFF7FEFF 		bl	pbuf_free
 128              	.LVL12:
 129              	.L1:
 402:Middlewares/Third_Party/LwIP/src/core/ipv4/icmp.c **** }
 130              		.loc 1 402 0
 131 008c 06B0     		add	sp, sp, #24
 132              	.LCFI2:
 133              		.cfi_remember_state
 134              		.cfi_def_cfa_offset 24
 135              		@ sp needed
 136 008e BDE8F081 		pop	{r4, r5, r6, r7, r8, pc}
 137              	.LVL13:
 138              	.L7:
 139              	.LCFI3:
 140              		.cfi_restore_state
 360:Middlewares/Third_Party/LwIP/src/core/ipv4/icmp.c ****               (q->len >= (sizeof(struct icmp_echo_hdr) + IP_HLEN + ICMP_DEST_UNREACH_DATASIZE)));
 141              		.loc 1 360 0 discriminator 1
 142 0092 044B     		ldr	r3, .L8
 143 0094 40F26912 		movw	r2, #361
 144 0098 0349     		ldr	r1, .L8+4
 145 009a 0448     		ldr	r0, .L8+8
 146              	.LVL14:
 147 009c FFF7FEFF 		bl	printf
 148              	.LVL15:
 149 00a0 C0E7     		b	.L3
 150              	.L9:
 151 00a2 00BF     		.align	2
 152              	.L8:
 153 00a4 00000000 		.word	.LC0
 154 00a8 34000000 		.word	.LC1
 155 00ac 60000000 		.word	.LC2
 156              		.cfi_endproc
 157              	.LFE161:
 159              		.section	.text.icmp_input,"ax",%progbits
 160              		.align	1
 161              		.global	icmp_input
 162              		.syntax unified
 163              		.thumb
 164              		.thumb_func
 165              		.fpu fpv5-d16
 167              	icmp_input:
 168              	.LFB158:
  81:Middlewares/Third_Party/LwIP/src/core/ipv4/icmp.c ****   u8_t type;
 169              		.loc 1 81 0
ARM GAS  /tmp/ccekoBNn.s 			page 11


 170              		.cfi_startproc
 171              		@ args = 0, pretend = 0, frame = 0
 172              		@ frame_needed = 0, uses_anonymous_args = 0
 173              	.LVL16:
 174 0000 2DE9F043 		push	{r4, r5, r6, r7, r8, r9, lr}
 175              	.LCFI4:
 176              		.cfi_def_cfa_offset 28
 177              		.cfi_offset 4, -28
 178              		.cfi_offset 5, -24
 179              		.cfi_offset 6, -20
 180              		.cfi_offset 7, -16
 181              		.cfi_offset 8, -12
 182              		.cfi_offset 9, -8
 183              		.cfi_offset 14, -4
 184 0004 85B0     		sub	sp, sp, #20
 185              	.LCFI5:
 186              		.cfi_def_cfa_offset 48
 187 0006 0546     		mov	r5, r0
  94:Middlewares/Third_Party/LwIP/src/core/ipv4/icmp.c ****   hlen = IPH_HL_BYTES(iphdr_in);
 188              		.loc 1 94 0
 189 0008 4A4B     		ldr	r3, .L26
 190 000a 9F68     		ldr	r7, [r3, #8]
 191              	.LVL17:
  95:Middlewares/Third_Party/LwIP/src/core/ipv4/icmp.c ****   if (hlen < IP_HLEN) {
 192              		.loc 1 95 0
 193 000c 3C78     		ldrb	r4, [r7]	@ zero_extendqisi2
 194 000e 04F00F04 		and	r4, r4, #15
 195 0012 A400     		lsls	r4, r4, #2
 196 0014 A6B2     		uxth	r6, r4
 197              	.LVL18:
  96:Middlewares/Third_Party/LwIP/src/core/ipv4/icmp.c ****     LWIP_DEBUGF(ICMP_DEBUG, ("icmp_input: short IP header (%"S16_F" bytes) received\n", hlen));
 198              		.loc 1 96 0
 199 0016 132E     		cmp	r6, #19
 200 0018 15D9     		bls	.L11
 201 001a 8846     		mov	r8, r1
 100:Middlewares/Third_Party/LwIP/src/core/ipv4/icmp.c ****     LWIP_DEBUGF(ICMP_DEBUG, ("icmp_input: short ICMP (%"U16_F" bytes) received\n", p->tot_len));
 202              		.loc 1 100 0
 203 001c 4389     		ldrh	r3, [r0, #10]
 204 001e 032B     		cmp	r3, #3
 205 0020 11D9     		bls	.L11
 105:Middlewares/Third_Party/LwIP/src/core/ipv4/icmp.c **** #ifdef LWIP_DEBUG
 206              		.loc 1 105 0
 207 0022 4368     		ldr	r3, [r0, #4]
 208 0024 1B78     		ldrb	r3, [r3]	@ zero_extendqisi2
 209              	.LVL19:
 111:Middlewares/Third_Party/LwIP/src/core/ipv4/icmp.c ****     case ICMP_ER:
 210              		.loc 1 111 0
 211 0026 082B     		cmp	r3, #8
 212 0028 61D1     		bne	.L12
 213              	.LVL20:
 121:Middlewares/Third_Party/LwIP/src/core/ipv4/icmp.c **** #if LWIP_MULTICAST_PING
 214              		.loc 1 121 0
 215 002a 424B     		ldr	r3, .L26
 216              	.LVL21:
 217 002c 5869     		ldr	r0, [r3, #20]
 218              	.LVL22:
 219 002e 00F0F003 		and	r3, r0, #240
ARM GAS  /tmp/ccekoBNn.s 			page 12


 220 0032 E02B     		cmp	r3, #224
 221 0034 1AD0     		beq	.L14
 131:Middlewares/Third_Party/LwIP/src/core/ipv4/icmp.c **** #if LWIP_BROADCAST_PING
 222              		.loc 1 131 0
 223 0036 3F4B     		ldr	r3, .L26
 224 0038 1968     		ldr	r1, [r3]
 225              	.LVL23:
 226 003a FFF7FEFF 		bl	ip4_addr_isbroadcast_u32
 227              	.LVL24:
 228 003e A8B9     		cbnz	r0, .L14
 141:Middlewares/Third_Party/LwIP/src/core/ipv4/icmp.c ****         LWIP_DEBUGF(ICMP_DEBUG, ("icmp_input: bad ICMP echo received\n"));
 229              		.loc 1 141 0
 230 0040 2B89     		ldrh	r3, [r5, #8]
 231 0042 072B     		cmp	r3, #7
 232 0044 05D8     		bhi	.L22
 233              	.LVL25:
 234              	.L11:
 285:Middlewares/Third_Party/LwIP/src/core/ipv4/icmp.c ****   ICMP_STATS_INC(icmp.lenerr);
 235              		.loc 1 285 0
 236 0046 2846     		mov	r0, r5
 237 0048 FFF7FEFF 		bl	pbuf_free
 238              	.LVL26:
 239              	.L10:
 296:Middlewares/Third_Party/LwIP/src/core/ipv4/icmp.c **** 
 240              		.loc 1 296 0
 241 004c 05B0     		add	sp, sp, #20
 242              	.LCFI6:
 243              		.cfi_remember_state
 244              		.cfi_def_cfa_offset 28
 245              		@ sp needed
 246 004e BDE8F083 		pop	{r4, r5, r6, r7, r8, r9, pc}
 247              	.LVL27:
 248              	.L22:
 249              	.LCFI7:
 250              		.cfi_restore_state
 157:Middlewares/Third_Party/LwIP/src/core/ipv4/icmp.c ****         /* p is not big enough to contain link headers
 251              		.loc 1 157 0
 252 0052 04F10E09 		add	r9, r4, #14
 253 0056 4946     		mov	r1, r9
 254 0058 2846     		mov	r0, r5
 255 005a FFF7FEFF 		bl	pbuf_add_header
 256              	.LVL28:
 257 005e 0028     		cmp	r0, #0
 258 0060 3AD0     		beq	.L15
 259              	.LBB2:
 162:Middlewares/Third_Party/LwIP/src/core/ipv4/icmp.c ****         if (alloc_len < p->tot_len) {
 260              		.loc 1 162 0
 261 0062 2B89     		ldrh	r3, [r5, #8]
 262 0064 F118     		adds	r1, r6, r3
 263 0066 89B2     		uxth	r1, r1
 264              	.LVL29:
 163:Middlewares/Third_Party/LwIP/src/core/ipv4/icmp.c ****           LWIP_DEBUGF(ICMP_DEBUG, ("icmp_input: allocating new pbuf failed (tot_len overflow)\n"));
 265              		.loc 1 163 0
 266 0068 8B42     		cmp	r3, r1
 267 006a 03D9     		bls	.L23
 268              	.LVL30:
 269              	.L14:
ARM GAS  /tmp/ccekoBNn.s 			page 13


 270              	.LBE2:
 291:Middlewares/Third_Party/LwIP/src/core/ipv4/icmp.c ****   ICMP_STATS_INC(icmp.err);
 271              		.loc 1 291 0
 272 006c 2846     		mov	r0, r5
 273 006e FFF7FEFF 		bl	pbuf_free
 274              	.LVL31:
 294:Middlewares/Third_Party/LwIP/src/core/ipv4/icmp.c **** #endif /* LWIP_ICMP_ECHO_CHECK_INPUT_PBUF_LEN || !LWIP_MULTICAST_PING || !LWIP_BROADCAST_PING */
 275              		.loc 1 294 0
 276 0072 EBE7     		b	.L10
 277              	.LVL32:
 278              	.L23:
 279              	.LBB3:
 168:Middlewares/Third_Party/LwIP/src/core/ipv4/icmp.c ****         if (r == NULL) {
 280              		.loc 1 168 0
 281 0074 4FF42072 		mov	r2, #640
 282 0078 0E20     		movs	r0, #14
 283 007a FFF7FEFF 		bl	pbuf_alloc
 284              	.LVL33:
 169:Middlewares/Third_Party/LwIP/src/core/ipv4/icmp.c ****           LWIP_DEBUGF(ICMP_DEBUG, ("icmp_input: allocating new pbuf failed\n"));
 285              		.loc 1 169 0
 286 007e 0646     		mov	r6, r0
 287              	.LVL34:
 288 0080 0028     		cmp	r0, #0
 289 0082 F3D0     		beq	.L14
 173:Middlewares/Third_Party/LwIP/src/core/ipv4/icmp.c ****           LWIP_DEBUGF(ICMP_DEBUG | LWIP_DBG_LEVEL_SERIOUS, ("first pbuf cannot hold the ICMP header
 290              		.loc 1 173 0
 291 0084 4289     		ldrh	r2, [r0, #10]
 292 0086 04F10803 		add	r3, r4, #8
 293 008a 9A42     		cmp	r2, r3
 294 008c 02D2     		bcs	.L16
 175:Middlewares/Third_Party/LwIP/src/core/ipv4/icmp.c ****           goto icmperr;
 295              		.loc 1 175 0
 296 008e FFF7FEFF 		bl	pbuf_free
 297              	.LVL35:
 176:Middlewares/Third_Party/LwIP/src/core/ipv4/icmp.c ****         }
 298              		.loc 1 176 0
 299 0092 EBE7     		b	.L14
 300              	.LVL36:
 301              	.L16:
 179:Middlewares/Third_Party/LwIP/src/core/ipv4/icmp.c ****         /* switch r->payload back to icmp header (cannot fail) */
 302              		.loc 1 179 0
 303 0094 2246     		mov	r2, r4
 304 0096 3946     		mov	r1, r7
 305 0098 4068     		ldr	r0, [r0, #4]
 306              	.LVL37:
 307 009a FFF7FEFF 		bl	memcpy
 308              	.LVL38:
 181:Middlewares/Third_Party/LwIP/src/core/ipv4/icmp.c ****           LWIP_ASSERT("icmp_input: moving r->payload to icmp header failed\n", 0);
 309              		.loc 1 181 0
 310 009e 2146     		mov	r1, r4
 311 00a0 3046     		mov	r0, r6
 312 00a2 FFF7FEFF 		bl	pbuf_remove_header
 313              	.LVL39:
 314 00a6 48B1     		cbz	r0, .L17
 182:Middlewares/Third_Party/LwIP/src/core/ipv4/icmp.c ****           pbuf_free(r);
 315              		.loc 1 182 0 discriminator 1
 316 00a8 234B     		ldr	r3, .L26+4
ARM GAS  /tmp/ccekoBNn.s 			page 14


 317 00aa B622     		movs	r2, #182
 318 00ac 2349     		ldr	r1, .L26+8
 319 00ae 2448     		ldr	r0, .L26+12
 320 00b0 FFF7FEFF 		bl	printf
 321              	.LVL40:
 183:Middlewares/Third_Party/LwIP/src/core/ipv4/icmp.c ****           goto icmperr;
 322              		.loc 1 183 0 discriminator 1
 323 00b4 3046     		mov	r0, r6
 324 00b6 FFF7FEFF 		bl	pbuf_free
 325              	.LVL41:
 184:Middlewares/Third_Party/LwIP/src/core/ipv4/icmp.c ****         }
 326              		.loc 1 184 0 discriminator 1
 327 00ba D7E7     		b	.L14
 328              	.L17:
 187:Middlewares/Third_Party/LwIP/src/core/ipv4/icmp.c ****           LWIP_DEBUGF(ICMP_DEBUG | LWIP_DBG_LEVEL_SERIOUS, ("icmp_input: copying to new pbuf failed
 329              		.loc 1 187 0
 330 00bc 2946     		mov	r1, r5
 331 00be 3046     		mov	r0, r6
 332 00c0 FFF7FEFF 		bl	pbuf_copy
 333              	.LVL42:
 334 00c4 18B1     		cbz	r0, .L18
 189:Middlewares/Third_Party/LwIP/src/core/ipv4/icmp.c ****           goto icmperr;
 335              		.loc 1 189 0
 336 00c6 3046     		mov	r0, r6
 337 00c8 FFF7FEFF 		bl	pbuf_free
 338              	.LVL43:
 190:Middlewares/Third_Party/LwIP/src/core/ipv4/icmp.c ****         }
 339              		.loc 1 190 0
 340 00cc CEE7     		b	.L14
 341              	.L18:
 193:Middlewares/Third_Party/LwIP/src/core/ipv4/icmp.c ****         /* we now have an identical copy of p that has room for link headers */
 342              		.loc 1 193 0
 343 00ce 2846     		mov	r0, r5
 344 00d0 FFF7FEFF 		bl	pbuf_free
 345              	.LVL44:
 195:Middlewares/Third_Party/LwIP/src/core/ipv4/icmp.c ****       } else {
 346              		.loc 1 195 0
 347 00d4 3546     		mov	r5, r6
 348              	.LBE3:
 349 00d6 04E0     		b	.L19
 350              	.LVL45:
 351              	.L15:
 198:Middlewares/Third_Party/LwIP/src/core/ipv4/icmp.c ****           LWIP_ASSERT("icmp_input: restoring original p->payload failed\n", 0);
 352              		.loc 1 198 0
 353 00d8 4946     		mov	r1, r9
 354 00da 2846     		mov	r0, r5
 355 00dc FFF7FEFF 		bl	pbuf_remove_header
 356              	.LVL46:
 357 00e0 48B9     		cbnz	r0, .L24
 358              	.LVL47:
 359              	.L19:
 207:Middlewares/Third_Party/LwIP/src/core/ipv4/icmp.c ****       if (pbuf_add_header(p, hlen)) {
 360              		.loc 1 207 0
 361 00e2 6E68     		ldr	r6, [r5, #4]
 362              	.LVL48:
 208:Middlewares/Third_Party/LwIP/src/core/ipv4/icmp.c ****         LWIP_DEBUGF(ICMP_DEBUG | LWIP_DBG_LEVEL_SERIOUS, ("Can't move over header in packet"));
 363              		.loc 1 208 0
ARM GAS  /tmp/ccekoBNn.s 			page 15


 364 00e4 2146     		mov	r1, r4
 365 00e6 2846     		mov	r0, r5
 366 00e8 FFF7FEFF 		bl	pbuf_add_header
 367              	.LVL49:
 368 00ec 50B1     		cbz	r0, .L25
 369              	.LVL50:
 370              	.L12:
 282:Middlewares/Third_Party/LwIP/src/core/ipv4/icmp.c ****   return;
 371              		.loc 1 282 0
 372 00ee 2846     		mov	r0, r5
 373 00f0 FFF7FEFF 		bl	pbuf_free
 374              	.LVL51:
 283:Middlewares/Third_Party/LwIP/src/core/ipv4/icmp.c **** lenerr:
 375              		.loc 1 283 0
 376 00f4 AAE7     		b	.L10
 377              	.LVL52:
 378              	.L24:
 199:Middlewares/Third_Party/LwIP/src/core/ipv4/icmp.c ****           goto icmperr;
 379              		.loc 1 199 0 discriminator 1
 380 00f6 104B     		ldr	r3, .L26+4
 381 00f8 C722     		movs	r2, #199
 382 00fa 1249     		ldr	r1, .L26+16
 383 00fc 1048     		ldr	r0, .L26+12
 384 00fe FFF7FEFF 		bl	printf
 385              	.LVL53:
 200:Middlewares/Third_Party/LwIP/src/core/ipv4/icmp.c ****         }
 386              		.loc 1 200 0 discriminator 1
 387 0102 B3E7     		b	.L14
 388              	.LVL54:
 389              	.L25:
 390              	.LBB4:
 212:Middlewares/Third_Party/LwIP/src/core/ipv4/icmp.c ****         ip4_addr_copy(iphdr->src, *src);
 391              		.loc 1 212 0
 392 0104 6868     		ldr	r0, [r5, #4]
 393              	.LVL55:
 213:Middlewares/Third_Party/LwIP/src/core/ipv4/icmp.c ****         ip4_addr_copy(iphdr->dest, *ip4_current_src_addr());
 394              		.loc 1 213 0
 395 0106 0B49     		ldr	r1, .L26
 396 0108 4B69     		ldr	r3, [r1, #20]
 397 010a C360     		str	r3, [r0, #12]	@ unaligned
 214:Middlewares/Third_Party/LwIP/src/core/ipv4/icmp.c ****         ICMPH_TYPE_SET(iecho, ICMP_ER);
 398              		.loc 1 214 0
 399 010c 0B69     		ldr	r3, [r1, #16]
 400 010e 0361     		str	r3, [r0, #16]	@ unaligned
 215:Middlewares/Third_Party/LwIP/src/core/ipv4/icmp.c **** #if CHECKSUM_GEN_ICMP
 401              		.loc 1 215 0
 402 0110 0022     		movs	r2, #0
 403 0112 3270     		strb	r2, [r6]
 231:Middlewares/Third_Party/LwIP/src/core/ipv4/icmp.c **** #endif /* CHECKSUM_GEN_ICMP */
 404              		.loc 1 231 0
 405 0114 B270     		strb	r2, [r6, #2]
 406 0116 F270     		strb	r2, [r6, #3]
 235:Middlewares/Third_Party/LwIP/src/core/ipv4/icmp.c ****         IPH_CHKSUM_SET(iphdr, 0);
 407              		.loc 1 235 0
 408 0118 FF23     		movs	r3, #255
 409 011a 0372     		strb	r3, [r0, #8]
 236:Middlewares/Third_Party/LwIP/src/core/ipv4/icmp.c **** #if CHECKSUM_GEN_IP
ARM GAS  /tmp/ccekoBNn.s 			page 16


 410              		.loc 1 236 0
 411 011c 8272     		strb	r2, [r0, #10]
 412 011e C272     		strb	r2, [r0, #11]
 250:Middlewares/Third_Party/LwIP/src/core/ipv4/icmp.c ****                             ICMP_TTL, 0, IP_PROTO_ICMP, inp);
 413              		.loc 1 250 0
 414 0120 CDF80880 		str	r8, [sp, #8]
 415 0124 0120     		movs	r0, #1
 416              	.LVL56:
 417 0126 0190     		str	r0, [sp, #4]
 418 0128 0092     		str	r2, [sp]
 419 012a 1431     		adds	r1, r1, #20
 420 012c 2846     		mov	r0, r5
 421 012e FFF7FEFF 		bl	ip4_output_if
 422              	.LVL57:
 423 0132 DCE7     		b	.L12
 424              	.L27:
 425              		.align	2
 426              	.L26:
 427 0134 00000000 		.word	ip_data
 428 0138 00000000 		.word	.LC0
 429 013c 00000000 		.word	.LC3
 430 0140 60000000 		.word	.LC2
 431 0144 38000000 		.word	.LC4
 432              	.LBE4:
 433              		.cfi_endproc
 434              	.LFE158:
 436              		.section	.text.icmp_dest_unreach,"ax",%progbits
 437              		.align	1
 438              		.global	icmp_dest_unreach
 439              		.syntax unified
 440              		.thumb
 441              		.thumb_func
 442              		.fpu fpv5-d16
 444              	icmp_dest_unreach:
 445              	.LFB159:
 309:Middlewares/Third_Party/LwIP/src/core/ipv4/icmp.c ****   MIB2_STATS_INC(mib2.icmpoutdestunreachs);
 446              		.loc 1 309 0
 447              		.cfi_startproc
 448              		@ args = 0, pretend = 0, frame = 0
 449              		@ frame_needed = 0, uses_anonymous_args = 0
 450              	.LVL58:
 451 0000 08B5     		push	{r3, lr}
 452              	.LCFI8:
 453              		.cfi_def_cfa_offset 8
 454              		.cfi_offset 3, -8
 455              		.cfi_offset 14, -4
 311:Middlewares/Third_Party/LwIP/src/core/ipv4/icmp.c **** }
 456              		.loc 1 311 0
 457 0002 0A46     		mov	r2, r1
 458 0004 0321     		movs	r1, #3
 459              	.LVL59:
 460 0006 FFF7FEFF 		bl	icmp_send_response
 461              	.LVL60:
 462 000a 08BD     		pop	{r3, pc}
 463              		.cfi_endproc
 464              	.LFE159:
 466              		.section	.text.icmp_time_exceeded,"ax",%progbits
ARM GAS  /tmp/ccekoBNn.s 			page 17


 467              		.align	1
 468              		.global	icmp_time_exceeded
 469              		.syntax unified
 470              		.thumb
 471              		.thumb_func
 472              		.fpu fpv5-d16
 474              	icmp_time_exceeded:
 475              	.LFB160:
 324:Middlewares/Third_Party/LwIP/src/core/ipv4/icmp.c ****   MIB2_STATS_INC(mib2.icmpouttimeexcds);
 476              		.loc 1 324 0
 477              		.cfi_startproc
 478              		@ args = 0, pretend = 0, frame = 0
 479              		@ frame_needed = 0, uses_anonymous_args = 0
 480              	.LVL61:
 481 0000 08B5     		push	{r3, lr}
 482              	.LCFI9:
 483              		.cfi_def_cfa_offset 8
 484              		.cfi_offset 3, -8
 485              		.cfi_offset 14, -4
 326:Middlewares/Third_Party/LwIP/src/core/ipv4/icmp.c **** }
 486              		.loc 1 326 0
 487 0002 0A46     		mov	r2, r1
 488 0004 0B21     		movs	r1, #11
 489              	.LVL62:
 490 0006 FFF7FEFF 		bl	icmp_send_response
 491              	.LVL63:
 492 000a 08BD     		pop	{r3, pc}
 493              		.cfi_endproc
 494              	.LFE160:
 496              		.section	.rodata.icmp_input.str1.4,"aMS",%progbits,1
 497              		.align	2
 498              	.LC3:
 499 0000 69636D70 		.ascii	"icmp_input: moving r->payload to icmp header failed"
 499      5F696E70 
 499      75743A20 
 499      6D6F7669 
 499      6E672072 
 500 0033 0A00     		.ascii	"\012\000"
 501 0035 000000   		.space	3
 502              	.LC4:
 503 0038 69636D70 		.ascii	"icmp_input: restoring original p->payload failed\012"
 503      5F696E70 
 503      75743A20 
 503      72657374 
 503      6F72696E 
 504 0069 00       		.ascii	"\000"
 505              		.section	.rodata.icmp_send_response.str1.4,"aMS",%progbits,1
 506              		.align	2
 507              	.LC0:
 508 0000 4D696464 		.ascii	"Middlewares/Third_Party/LwIP/src/core/ipv4/icmp.c\000"
 508      6C657761 
 508      7265732F 
 508      54686972 
 508      645F5061 
 509 0032 0000     		.space	2
 510              	.LC1:
 511 0034 63686563 		.ascii	"check that first pbuf can hold icmp message\000"
ARM GAS  /tmp/ccekoBNn.s 			page 18


 511      6B207468 
 511      61742066 
 511      69727374 
 511      20706275 
 512              	.LC2:
 513 0060 41737365 		.ascii	"Assertion \"%s\" failed at line %d in %s\012\000"
 513      7274696F 
 513      6E202225 
 513      73222066 
 513      61696C65 
 514              		.text
 515              	.Letext0:
 516              		.file 2 "/usr/include/newlib/machine/_default_types.h"
 517              		.file 3 "/usr/include/newlib/sys/_stdint.h"
 518              		.file 4 "Drivers/CMSIS/Include/core_cm7.h"
 519              		.file 5 "Drivers/CMSIS/Device/ST/STM32F7xx/Include/system_stm32f7xx.h"
 520              		.file 6 "Drivers/STM32F7xx_HAL_Driver/Inc/stm32f7xx_hal.h"
 521              		.file 7 "/usr/include/newlib/sys/lock.h"
 522              		.file 8 "/usr/include/newlib/sys/_types.h"
 523              		.file 9 "/usr/lib/gcc/arm-none-eabi/6.3.1/include/stddef.h"
 524              		.file 10 "/usr/include/newlib/sys/reent.h"
 525              		.file 11 "/usr/include/newlib/stdlib.h"
 526              		.file 12 "/usr/include/newlib/time.h"
 527              		.file 13 "Middlewares/Third_Party/LwIP/src/include/lwip/arch.h"
 528              		.file 14 "/usr/include/newlib/ctype.h"
 529              		.file 15 "Middlewares/Third_Party/LwIP/src/include/lwip/err.h"
 530              		.file 16 "Middlewares/Third_Party/LwIP/src/include/lwip/pbuf.h"
 531              		.file 17 "Middlewares/Third_Party/LwIP/src/include/lwip/ip4_addr.h"
 532              		.file 18 "Middlewares/Third_Party/LwIP/src/include/lwip/ip_addr.h"
 533              		.file 19 "Middlewares/Third_Party/LwIP/src/include/lwip/priv/memp_priv.h"
 534              		.file 20 "Middlewares/Third_Party/LwIP/src/include/lwip/memp.h"
 535              		.file 21 "Middlewares/Third_Party/LwIP/src/include/lwip/netif.h"
 536              		.file 22 "Middlewares/Third_Party/LwIP/src/include/lwip/prot/icmp.h"
 537              		.file 23 "Middlewares/Third_Party/LwIP/src/include/lwip/icmp.h"
 538              		.file 24 "Middlewares/Third_Party/LwIP/src/include/lwip/prot/ip4.h"
 539              		.file 25 "Middlewares/Third_Party/LwIP/src/include/lwip/ip.h"
 540              		.file 26 "Middlewares/Third_Party/LwIP/src/include/lwip/ip4.h"
 541              		.file 27 "/usr/include/newlib/stdio.h"
ARM GAS  /tmp/ccekoBNn.s 			page 19


DEFINED SYMBOLS
                            *ABS*:0000000000000000 icmp.c
     /tmp/ccekoBNn.s:17     .text.icmp_send_response:0000000000000000 $t
     /tmp/ccekoBNn.s:23     .text.icmp_send_response:0000000000000000 icmp_send_response
     /tmp/ccekoBNn.s:153    .text.icmp_send_response:00000000000000a4 $d
     /tmp/ccekoBNn.s:160    .text.icmp_input:0000000000000000 $t
     /tmp/ccekoBNn.s:167    .text.icmp_input:0000000000000000 icmp_input
     /tmp/ccekoBNn.s:427    .text.icmp_input:0000000000000134 $d
     /tmp/ccekoBNn.s:437    .text.icmp_dest_unreach:0000000000000000 $t
     /tmp/ccekoBNn.s:444    .text.icmp_dest_unreach:0000000000000000 icmp_dest_unreach
     /tmp/ccekoBNn.s:467    .text.icmp_time_exceeded:0000000000000000 $t
     /tmp/ccekoBNn.s:474    .text.icmp_time_exceeded:0000000000000000 icmp_time_exceeded
     /tmp/ccekoBNn.s:497    .rodata.icmp_input.str1.4:0000000000000000 $d
     /tmp/ccekoBNn.s:506    .rodata.icmp_send_response.str1.4:0000000000000000 $d
                     .debug_frame:0000000000000010 $d

UNDEFINED SYMBOLS
pbuf_alloc
ip4_route
ip4_output_if
pbuf_free
printf
ip4_addr_isbroadcast_u32
pbuf_add_header
memcpy
pbuf_remove_header
pbuf_copy
ip_data
