ARM GAS  /tmp/cc4rwMrt.s 			page 1


   1              		.cpu cortex-m7
   2              		.eabi_attribute 28, 1
   3              		.eabi_attribute 20, 1
   4              		.eabi_attribute 21, 1
   5              		.eabi_attribute 23, 3
   6              		.eabi_attribute 24, 1
   7              		.eabi_attribute 25, 1
   8              		.eabi_attribute 26, 1
   9              		.eabi_attribute 30, 1
  10              		.eabi_attribute 34, 1
  11              		.eabi_attribute 18, 4
  12              		.file	"slipif.c"
  13              		.text
  14              	.Ltext0:
  15              		.cfi_sections	.debug_frame
  16              		.section	.text.slipif_output,"ax",%progbits
  17              		.align	1
  18              		.syntax unified
  19              		.thumb
  20              		.thumb_func
  21              		.fpu fpv5-d16
  23              	slipif_output:
  24              	.LFB158:
  25              		.file 1 "Middlewares/Third_Party/LwIP/src/netif/slipif.c"
   1:Middlewares/Third_Party/LwIP/src/netif/slipif.c **** /**
   2:Middlewares/Third_Party/LwIP/src/netif/slipif.c ****  * @file
   3:Middlewares/Third_Party/LwIP/src/netif/slipif.c ****  * SLIP Interface
   4:Middlewares/Third_Party/LwIP/src/netif/slipif.c ****  *
   5:Middlewares/Third_Party/LwIP/src/netif/slipif.c ****  */
   6:Middlewares/Third_Party/LwIP/src/netif/slipif.c **** 
   7:Middlewares/Third_Party/LwIP/src/netif/slipif.c **** /*
   8:Middlewares/Third_Party/LwIP/src/netif/slipif.c ****  * Copyright (c) 2001-2004 Swedish Institute of Computer Science.
   9:Middlewares/Third_Party/LwIP/src/netif/slipif.c ****  * All rights reserved.
  10:Middlewares/Third_Party/LwIP/src/netif/slipif.c ****  *
  11:Middlewares/Third_Party/LwIP/src/netif/slipif.c ****  * Redistribution and use in source and binary forms, with or without
  12:Middlewares/Third_Party/LwIP/src/netif/slipif.c ****  * modification, are permitted provided that the following conditions
  13:Middlewares/Third_Party/LwIP/src/netif/slipif.c ****  * are met:
  14:Middlewares/Third_Party/LwIP/src/netif/slipif.c ****  * 1. Redistributions of source code must retain the above copyright
  15:Middlewares/Third_Party/LwIP/src/netif/slipif.c ****  *    notice, this list of conditions and the following disclaimer.
  16:Middlewares/Third_Party/LwIP/src/netif/slipif.c ****  * 2. Redistributions in binary form must reproduce the above copyright
  17:Middlewares/Third_Party/LwIP/src/netif/slipif.c ****  *    notice, this list of conditions and the following disclaimer in the
  18:Middlewares/Third_Party/LwIP/src/netif/slipif.c ****  *    documentation and/or other materials provided with the distribution.
  19:Middlewares/Third_Party/LwIP/src/netif/slipif.c ****  * 3. Neither the name of the Institute nor the names of its contributors
  20:Middlewares/Third_Party/LwIP/src/netif/slipif.c ****  *    may be used to endorse or promote products derived from this software
  21:Middlewares/Third_Party/LwIP/src/netif/slipif.c ****  *    without specific prior written permission.
  22:Middlewares/Third_Party/LwIP/src/netif/slipif.c ****  *
  23:Middlewares/Third_Party/LwIP/src/netif/slipif.c ****  * THIS SOFTWARE IS PROVIDED BY THE INSTITUTE AND CONTRIBUTORS ``AS IS'' AND
  24:Middlewares/Third_Party/LwIP/src/netif/slipif.c ****  * ANY EXPRESS OR IMPLIED WARRANTIES, INCLUDING, BUT NOT LIMITED TO, THE
  25:Middlewares/Third_Party/LwIP/src/netif/slipif.c ****  * IMPLIED WARRANTIES OF MERCHANTABILITY AND FITNESS FOR A PARTICULAR PURPOSE
  26:Middlewares/Third_Party/LwIP/src/netif/slipif.c ****  * ARE DISCLAIMED.  IN NO EVENT SHALL THE INSTITUTE OR CONTRIBUTORS BE LIABLE
  27:Middlewares/Third_Party/LwIP/src/netif/slipif.c ****  * FOR ANY DIRECT, INDIRECT, INCIDENTAL, SPECIAL, EXEMPLARY, OR CONSEQUENTIAL
  28:Middlewares/Third_Party/LwIP/src/netif/slipif.c ****  * DAMAGES (INCLUDING, BUT NOT LIMITED TO, PROCUREMENT OF SUBSTITUTE GOODS
  29:Middlewares/Third_Party/LwIP/src/netif/slipif.c ****  * OR SERVICES; LOSS OF USE, DATA, OR PROFITS; OR BUSINESS INTERRUPTION)
  30:Middlewares/Third_Party/LwIP/src/netif/slipif.c ****  * HOWEVER CAUSED AND ON ANY THEORY OF LIABILITY, WHETHER IN CONTRACT, STRICT
  31:Middlewares/Third_Party/LwIP/src/netif/slipif.c ****  * LIABILITY, OR TORT (INCLUDING NEGLIGENCE OR OTHERWISE) ARISING IN ANY WAY
  32:Middlewares/Third_Party/LwIP/src/netif/slipif.c ****  * OUT OF THE USE OF THIS SOFTWARE, EVEN IF ADVISED OF THE POSSIBILITY OF
  33:Middlewares/Third_Party/LwIP/src/netif/slipif.c ****  * SUCH DAMAGE.
ARM GAS  /tmp/cc4rwMrt.s 			page 2


  34:Middlewares/Third_Party/LwIP/src/netif/slipif.c ****  *
  35:Middlewares/Third_Party/LwIP/src/netif/slipif.c ****  * This file is built upon the file: src/arch/rtxc/netif/sioslip.c
  36:Middlewares/Third_Party/LwIP/src/netif/slipif.c ****  *
  37:Middlewares/Third_Party/LwIP/src/netif/slipif.c ****  * Author: Magnus Ivarsson <magnus.ivarsson(at)volvo.com>
  38:Middlewares/Third_Party/LwIP/src/netif/slipif.c ****  *         Simon Goldschmidt
  39:Middlewares/Third_Party/LwIP/src/netif/slipif.c ****  */
  40:Middlewares/Third_Party/LwIP/src/netif/slipif.c **** 
  41:Middlewares/Third_Party/LwIP/src/netif/slipif.c **** 
  42:Middlewares/Third_Party/LwIP/src/netif/slipif.c **** /**
  43:Middlewares/Third_Party/LwIP/src/netif/slipif.c ****  * @defgroup slipif SLIP
  44:Middlewares/Third_Party/LwIP/src/netif/slipif.c ****  * @ingroup netifs
  45:Middlewares/Third_Party/LwIP/src/netif/slipif.c ****  *
  46:Middlewares/Third_Party/LwIP/src/netif/slipif.c ****  * This is an arch independent SLIP netif. The specific serial hooks must be
  47:Middlewares/Third_Party/LwIP/src/netif/slipif.c ****  * provided by another file. They are sio_open, sio_read/sio_tryread and sio_send
  48:Middlewares/Third_Party/LwIP/src/netif/slipif.c ****  *
  49:Middlewares/Third_Party/LwIP/src/netif/slipif.c ****  * Usage: This netif can be used in three ways:\n
  50:Middlewares/Third_Party/LwIP/src/netif/slipif.c ****  *        1) For NO_SYS==0, an RX thread can be used which blocks on sio_read()
  51:Middlewares/Third_Party/LwIP/src/netif/slipif.c ****  *           until data is received.\n
  52:Middlewares/Third_Party/LwIP/src/netif/slipif.c ****  *        2) In your main loop, call slipif_poll() to check for new RX bytes,
  53:Middlewares/Third_Party/LwIP/src/netif/slipif.c ****  *           completed packets are fed into netif->input().\n
  54:Middlewares/Third_Party/LwIP/src/netif/slipif.c ****  *        3) Call slipif_received_byte[s]() from your serial RX ISR and
  55:Middlewares/Third_Party/LwIP/src/netif/slipif.c ****  *           slipif_process_rxqueue() from your main loop. ISR level decodes
  56:Middlewares/Third_Party/LwIP/src/netif/slipif.c ****  *           packets and puts completed packets on a queue which is fed into
  57:Middlewares/Third_Party/LwIP/src/netif/slipif.c ****  *           the stack from the main loop (needs SYS_LIGHTWEIGHT_PROT for
  58:Middlewares/Third_Party/LwIP/src/netif/slipif.c ****  *           pbuf_alloc to work on ISR level!).
  59:Middlewares/Third_Party/LwIP/src/netif/slipif.c ****  *
  60:Middlewares/Third_Party/LwIP/src/netif/slipif.c ****  */
  61:Middlewares/Third_Party/LwIP/src/netif/slipif.c **** 
  62:Middlewares/Third_Party/LwIP/src/netif/slipif.c **** #include "netif/slipif.h"
  63:Middlewares/Third_Party/LwIP/src/netif/slipif.c **** #include "lwip/opt.h"
  64:Middlewares/Third_Party/LwIP/src/netif/slipif.c **** 
  65:Middlewares/Third_Party/LwIP/src/netif/slipif.c **** #include "lwip/def.h"
  66:Middlewares/Third_Party/LwIP/src/netif/slipif.c **** #include "lwip/pbuf.h"
  67:Middlewares/Third_Party/LwIP/src/netif/slipif.c **** #include "lwip/stats.h"
  68:Middlewares/Third_Party/LwIP/src/netif/slipif.c **** #include "lwip/snmp.h"
  69:Middlewares/Third_Party/LwIP/src/netif/slipif.c **** #include "lwip/sys.h"
  70:Middlewares/Third_Party/LwIP/src/netif/slipif.c **** #include "lwip/sio.h"
  71:Middlewares/Third_Party/LwIP/src/netif/slipif.c **** 
  72:Middlewares/Third_Party/LwIP/src/netif/slipif.c **** #define SLIP_END     0xC0 /* 0300: start and end of every packet */
  73:Middlewares/Third_Party/LwIP/src/netif/slipif.c **** #define SLIP_ESC     0xDB /* 0333: escape start (one byte escaped data follows) */
  74:Middlewares/Third_Party/LwIP/src/netif/slipif.c **** #define SLIP_ESC_END 0xDC /* 0334: following escape: original byte is 0xC0 (END) */
  75:Middlewares/Third_Party/LwIP/src/netif/slipif.c **** #define SLIP_ESC_ESC 0xDD /* 0335: following escape: original byte is 0xDB (ESC) */
  76:Middlewares/Third_Party/LwIP/src/netif/slipif.c **** 
  77:Middlewares/Third_Party/LwIP/src/netif/slipif.c **** /** Maximum packet size that is received by this netif */
  78:Middlewares/Third_Party/LwIP/src/netif/slipif.c **** #ifndef SLIP_MAX_SIZE
  79:Middlewares/Third_Party/LwIP/src/netif/slipif.c **** #define SLIP_MAX_SIZE 1500
  80:Middlewares/Third_Party/LwIP/src/netif/slipif.c **** #endif
  81:Middlewares/Third_Party/LwIP/src/netif/slipif.c **** 
  82:Middlewares/Third_Party/LwIP/src/netif/slipif.c **** /** Define this to the interface speed for SNMP
  83:Middlewares/Third_Party/LwIP/src/netif/slipif.c ****  * (sio_fd is the sio_fd_t returned by sio_open).
  84:Middlewares/Third_Party/LwIP/src/netif/slipif.c ****  * The default value of zero means 'unknown'.
  85:Middlewares/Third_Party/LwIP/src/netif/slipif.c ****  */
  86:Middlewares/Third_Party/LwIP/src/netif/slipif.c **** #ifndef SLIP_SIO_SPEED
  87:Middlewares/Third_Party/LwIP/src/netif/slipif.c **** #define SLIP_SIO_SPEED(sio_fd) 0
  88:Middlewares/Third_Party/LwIP/src/netif/slipif.c **** #endif
  89:Middlewares/Third_Party/LwIP/src/netif/slipif.c **** 
  90:Middlewares/Third_Party/LwIP/src/netif/slipif.c **** enum slipif_recv_state {
ARM GAS  /tmp/cc4rwMrt.s 			page 3


  91:Middlewares/Third_Party/LwIP/src/netif/slipif.c ****   SLIP_RECV_NORMAL,
  92:Middlewares/Third_Party/LwIP/src/netif/slipif.c ****   SLIP_RECV_ESCAPE
  93:Middlewares/Third_Party/LwIP/src/netif/slipif.c **** };
  94:Middlewares/Third_Party/LwIP/src/netif/slipif.c **** 
  95:Middlewares/Third_Party/LwIP/src/netif/slipif.c **** struct slipif_priv {
  96:Middlewares/Third_Party/LwIP/src/netif/slipif.c ****   sio_fd_t sd;
  97:Middlewares/Third_Party/LwIP/src/netif/slipif.c ****   /* q is the whole pbuf chain for a packet, p is the current pbuf in the chain */
  98:Middlewares/Third_Party/LwIP/src/netif/slipif.c ****   struct pbuf *p, *q;
  99:Middlewares/Third_Party/LwIP/src/netif/slipif.c ****   u8_t state;
 100:Middlewares/Third_Party/LwIP/src/netif/slipif.c ****   u16_t i, recved;
 101:Middlewares/Third_Party/LwIP/src/netif/slipif.c **** #if SLIP_RX_FROM_ISR
 102:Middlewares/Third_Party/LwIP/src/netif/slipif.c ****   struct pbuf *rxpackets;
 103:Middlewares/Third_Party/LwIP/src/netif/slipif.c **** #endif
 104:Middlewares/Third_Party/LwIP/src/netif/slipif.c **** };
 105:Middlewares/Third_Party/LwIP/src/netif/slipif.c **** 
 106:Middlewares/Third_Party/LwIP/src/netif/slipif.c **** /**
 107:Middlewares/Third_Party/LwIP/src/netif/slipif.c ****  * Send a pbuf doing the necessary SLIP encapsulation
 108:Middlewares/Third_Party/LwIP/src/netif/slipif.c ****  *
 109:Middlewares/Third_Party/LwIP/src/netif/slipif.c ****  * Uses the serial layer's sio_send()
 110:Middlewares/Third_Party/LwIP/src/netif/slipif.c ****  *
 111:Middlewares/Third_Party/LwIP/src/netif/slipif.c ****  * @param netif the lwip network interface structure for this slipif
 112:Middlewares/Third_Party/LwIP/src/netif/slipif.c ****  * @param p the pbuf chain packet to send
 113:Middlewares/Third_Party/LwIP/src/netif/slipif.c ****  * @return always returns ERR_OK since the serial layer does not provide return values
 114:Middlewares/Third_Party/LwIP/src/netif/slipif.c ****  */
 115:Middlewares/Third_Party/LwIP/src/netif/slipif.c **** static err_t
 116:Middlewares/Third_Party/LwIP/src/netif/slipif.c **** slipif_output(struct netif *netif, struct pbuf *p)
 117:Middlewares/Third_Party/LwIP/src/netif/slipif.c **** {
  26              		.loc 1 117 0
  27              		.cfi_startproc
  28              		@ args = 0, pretend = 0, frame = 0
  29              		@ frame_needed = 0, uses_anonymous_args = 0
  30              	.LVL0:
  31 0000 70B5     		push	{r4, r5, r6, lr}
  32              	.LCFI0:
  33              		.cfi_def_cfa_offset 16
  34              		.cfi_offset 4, -16
  35              		.cfi_offset 5, -12
  36              		.cfi_offset 6, -8
  37              		.cfi_offset 14, -4
  38 0002 0D46     		mov	r5, r1
 118:Middlewares/Third_Party/LwIP/src/netif/slipif.c ****   struct slipif_priv *priv;
 119:Middlewares/Third_Party/LwIP/src/netif/slipif.c ****   struct pbuf *q;
 120:Middlewares/Third_Party/LwIP/src/netif/slipif.c ****   u16_t i;
 121:Middlewares/Third_Party/LwIP/src/netif/slipif.c ****   u8_t c;
 122:Middlewares/Third_Party/LwIP/src/netif/slipif.c **** 
 123:Middlewares/Third_Party/LwIP/src/netif/slipif.c ****   LWIP_ASSERT("netif != NULL", (netif != NULL));
  39              		.loc 1 123 0
  40 0004 0446     		mov	r4, r0
  41 0006 40B1     		cbz	r0, .L15
  42              	.LVL1:
  43              	.L2:
 124:Middlewares/Third_Party/LwIP/src/netif/slipif.c ****   LWIP_ASSERT("netif->state != NULL", (netif->state != NULL));
  44              		.loc 1 124 0
  45 0008 236A     		ldr	r3, [r4, #32]
  46 000a 6BB1     		cbz	r3, .L16
  47              	.L3:
 125:Middlewares/Third_Party/LwIP/src/netif/slipif.c ****   LWIP_ASSERT("p != NULL", (p != NULL));
ARM GAS  /tmp/cc4rwMrt.s 			page 4


  48              		.loc 1 125 0
  49 000c 9DB1     		cbz	r5, .L17
  50              	.L4:
 126:Middlewares/Third_Party/LwIP/src/netif/slipif.c **** 
 127:Middlewares/Third_Party/LwIP/src/netif/slipif.c ****   LWIP_DEBUGF(SLIP_DEBUG, ("slipif_output: sending %"U16_F" bytes\n", p->tot_len));
 128:Middlewares/Third_Party/LwIP/src/netif/slipif.c ****   priv = (struct slipif_priv *)netif->state;
  51              		.loc 1 128 0
  52 000e 266A     		ldr	r6, [r4, #32]
  53              	.LVL2:
 129:Middlewares/Third_Party/LwIP/src/netif/slipif.c **** 
 130:Middlewares/Third_Party/LwIP/src/netif/slipif.c ****   /* Send pbuf out on the serial I/O device. */
 131:Middlewares/Third_Party/LwIP/src/netif/slipif.c ****   /* Start with packet delimiter. */
 132:Middlewares/Third_Party/LwIP/src/netif/slipif.c ****   sio_send(SLIP_END, priv->sd);
  54              		.loc 1 132 0
  55 0010 3168     		ldr	r1, [r6]
  56 0012 C020     		movs	r0, #192
  57 0014 FFF7FEFF 		bl	sio_send
  58              	.LVL3:
 133:Middlewares/Third_Party/LwIP/src/netif/slipif.c **** 
 134:Middlewares/Third_Party/LwIP/src/netif/slipif.c ****   for (q = p; q != NULL; q = q->next) {
  59              		.loc 1 134 0
  60 0018 35E0     		b	.L5
  61              	.LVL4:
  62              	.L15:
 123:Middlewares/Third_Party/LwIP/src/netif/slipif.c ****   LWIP_ASSERT("netif->state != NULL", (netif->state != NULL));
  63              		.loc 1 123 0 discriminator 1
  64 001a 1F4B     		ldr	r3, .L20
  65 001c 7B22     		movs	r2, #123
  66 001e 1F49     		ldr	r1, .L20+4
  67              	.LVL5:
  68 0020 1F48     		ldr	r0, .L20+8
  69              	.LVL6:
  70 0022 FFF7FEFF 		bl	printf
  71              	.LVL7:
  72 0026 EFE7     		b	.L2
  73              	.L16:
 124:Middlewares/Third_Party/LwIP/src/netif/slipif.c ****   LWIP_ASSERT("p != NULL", (p != NULL));
  74              		.loc 1 124 0 discriminator 1
  75 0028 1B4B     		ldr	r3, .L20
  76 002a 7C22     		movs	r2, #124
  77 002c 1D49     		ldr	r1, .L20+12
  78 002e 1C48     		ldr	r0, .L20+8
  79 0030 FFF7FEFF 		bl	printf
  80              	.LVL8:
  81 0034 EAE7     		b	.L3
  82              	.L17:
 125:Middlewares/Third_Party/LwIP/src/netif/slipif.c **** 
  83              		.loc 1 125 0 discriminator 1
  84 0036 184B     		ldr	r3, .L20
  85 0038 7D22     		movs	r2, #125
  86 003a 1B49     		ldr	r1, .L20+16
  87 003c 1848     		ldr	r0, .L20+8
  88 003e FFF7FEFF 		bl	printf
  89              	.LVL9:
  90 0042 E4E7     		b	.L4
  91              	.LVL10:
  92              	.L7:
ARM GAS  /tmp/cc4rwMrt.s 			page 5


 135:Middlewares/Third_Party/LwIP/src/netif/slipif.c ****     for (i = 0; i < q->len; i++) {
 136:Middlewares/Third_Party/LwIP/src/netif/slipif.c ****       c = ((u8_t *)q->payload)[i];
 137:Middlewares/Third_Party/LwIP/src/netif/slipif.c ****       switch (c) {
 138:Middlewares/Third_Party/LwIP/src/netif/slipif.c ****         case SLIP_END:
 139:Middlewares/Third_Party/LwIP/src/netif/slipif.c ****           /* need to escape this byte (0xC0 -> 0xDB, 0xDC) */
 140:Middlewares/Third_Party/LwIP/src/netif/slipif.c ****           sio_send(SLIP_ESC, priv->sd);
  93              		.loc 1 140 0
  94 0044 3168     		ldr	r1, [r6]
  95 0046 DB20     		movs	r0, #219
  96              	.LVL11:
  97 0048 FFF7FEFF 		bl	sio_send
  98              	.LVL12:
 141:Middlewares/Third_Party/LwIP/src/netif/slipif.c ****           sio_send(SLIP_ESC_END, priv->sd);
  99              		.loc 1 141 0
 100 004c 3168     		ldr	r1, [r6]
 101 004e DC20     		movs	r0, #220
 102 0050 FFF7FEFF 		bl	sio_send
 103              	.LVL13:
 104              	.L9:
 135:Middlewares/Third_Party/LwIP/src/netif/slipif.c ****     for (i = 0; i < q->len; i++) {
 105              		.loc 1 135 0 discriminator 2
 106 0054 0134     		adds	r4, r4, #1
 107              	.LVL14:
 108 0056 A4B2     		uxth	r4, r4
 109              	.LVL15:
 110              	.L11:
 135:Middlewares/Third_Party/LwIP/src/netif/slipif.c ****     for (i = 0; i < q->len; i++) {
 111              		.loc 1 135 0 is_stmt 0 discriminator 1
 112 0058 6B89     		ldrh	r3, [r5, #10]
 113 005a 9C42     		cmp	r4, r3
 114 005c 12D2     		bcs	.L18
 136:Middlewares/Third_Party/LwIP/src/netif/slipif.c ****       switch (c) {
 115              		.loc 1 136 0 is_stmt 1
 116 005e 6B68     		ldr	r3, [r5, #4]
 117 0060 185D     		ldrb	r0, [r3, r4]	@ zero_extendqisi2
 118              	.LVL16:
 137:Middlewares/Third_Party/LwIP/src/netif/slipif.c ****         case SLIP_END:
 119              		.loc 1 137 0
 120 0062 C028     		cmp	r0, #192
 121 0064 EED0     		beq	.L7
 122 0066 DB28     		cmp	r0, #219
 123 0068 03D0     		beq	.L8
 142:Middlewares/Third_Party/LwIP/src/netif/slipif.c ****           break;
 143:Middlewares/Third_Party/LwIP/src/netif/slipif.c ****         case SLIP_ESC:
 144:Middlewares/Third_Party/LwIP/src/netif/slipif.c ****           /* need to escape this byte (0xDB -> 0xDB, 0xDD) */
 145:Middlewares/Third_Party/LwIP/src/netif/slipif.c ****           sio_send(SLIP_ESC, priv->sd);
 146:Middlewares/Third_Party/LwIP/src/netif/slipif.c ****           sio_send(SLIP_ESC_ESC, priv->sd);
 147:Middlewares/Third_Party/LwIP/src/netif/slipif.c ****           break;
 148:Middlewares/Third_Party/LwIP/src/netif/slipif.c ****         default:
 149:Middlewares/Third_Party/LwIP/src/netif/slipif.c ****           /* normal byte - no need for escaping */
 150:Middlewares/Third_Party/LwIP/src/netif/slipif.c ****           sio_send(c, priv->sd);
 124              		.loc 1 150 0
 125 006a 3168     		ldr	r1, [r6]
 126 006c FFF7FEFF 		bl	sio_send
 127              	.LVL17:
 151:Middlewares/Third_Party/LwIP/src/netif/slipif.c ****           break;
 128              		.loc 1 151 0
ARM GAS  /tmp/cc4rwMrt.s 			page 6


 129 0070 F0E7     		b	.L9
 130              	.LVL18:
 131              	.L8:
 145:Middlewares/Third_Party/LwIP/src/netif/slipif.c ****           sio_send(SLIP_ESC_ESC, priv->sd);
 132              		.loc 1 145 0
 133 0072 3168     		ldr	r1, [r6]
 134 0074 DB20     		movs	r0, #219
 135              	.LVL19:
 136 0076 FFF7FEFF 		bl	sio_send
 137              	.LVL20:
 146:Middlewares/Third_Party/LwIP/src/netif/slipif.c ****           break;
 138              		.loc 1 146 0
 139 007a 3168     		ldr	r1, [r6]
 140 007c DD20     		movs	r0, #221
 141 007e FFF7FEFF 		bl	sio_send
 142              	.LVL21:
 147:Middlewares/Third_Party/LwIP/src/netif/slipif.c ****         default:
 143              		.loc 1 147 0
 144 0082 E7E7     		b	.L9
 145              	.L18:
 134:Middlewares/Third_Party/LwIP/src/netif/slipif.c ****     for (i = 0; i < q->len; i++) {
 146              		.loc 1 134 0 discriminator 2
 147 0084 2D68     		ldr	r5, [r5]
 148              	.LVL22:
 149              	.L5:
 134:Middlewares/Third_Party/LwIP/src/netif/slipif.c ****     for (i = 0; i < q->len; i++) {
 150              		.loc 1 134 0 is_stmt 0 discriminator 1
 151 0086 0DB1     		cbz	r5, .L19
 152 0088 0024     		movs	r4, #0
 153 008a E5E7     		b	.L11
 154              	.L19:
 152:Middlewares/Third_Party/LwIP/src/netif/slipif.c ****       }
 153:Middlewares/Third_Party/LwIP/src/netif/slipif.c ****     }
 154:Middlewares/Third_Party/LwIP/src/netif/slipif.c ****   }
 155:Middlewares/Third_Party/LwIP/src/netif/slipif.c ****   /* End with packet delimiter. */
 156:Middlewares/Third_Party/LwIP/src/netif/slipif.c ****   sio_send(SLIP_END, priv->sd);
 155              		.loc 1 156 0 is_stmt 1
 156 008c 3168     		ldr	r1, [r6]
 157 008e C020     		movs	r0, #192
 158 0090 FFF7FEFF 		bl	sio_send
 159              	.LVL23:
 157:Middlewares/Third_Party/LwIP/src/netif/slipif.c ****   return ERR_OK;
 158:Middlewares/Third_Party/LwIP/src/netif/slipif.c **** }
 160              		.loc 1 158 0
 161 0094 0020     		movs	r0, #0
 162 0096 70BD     		pop	{r4, r5, r6, pc}
 163              	.LVL24:
 164              	.L21:
 165              		.align	2
 166              	.L20:
 167 0098 00000000 		.word	.LC0
 168 009c 30000000 		.word	.LC1
 169 00a0 40000000 		.word	.LC2
 170 00a4 68000000 		.word	.LC3
 171 00a8 80000000 		.word	.LC4
 172              		.cfi_endproc
 173              	.LFE158:
ARM GAS  /tmp/cc4rwMrt.s 			page 7


 175              		.section	.text.slipif_output_v4,"ax",%progbits
 176              		.align	1
 177              		.syntax unified
 178              		.thumb
 179              		.thumb_func
 180              		.fpu fpv5-d16
 182              	slipif_output_v4:
 183              	.LFB159:
 159:Middlewares/Third_Party/LwIP/src/netif/slipif.c **** 
 160:Middlewares/Third_Party/LwIP/src/netif/slipif.c **** #if LWIP_IPV4
 161:Middlewares/Third_Party/LwIP/src/netif/slipif.c **** /**
 162:Middlewares/Third_Party/LwIP/src/netif/slipif.c ****  * Send a pbuf doing the necessary SLIP encapsulation
 163:Middlewares/Third_Party/LwIP/src/netif/slipif.c ****  *
 164:Middlewares/Third_Party/LwIP/src/netif/slipif.c ****  * Uses the serial layer's sio_send()
 165:Middlewares/Third_Party/LwIP/src/netif/slipif.c ****  *
 166:Middlewares/Third_Party/LwIP/src/netif/slipif.c ****  * @param netif the lwip network interface structure for this slipif
 167:Middlewares/Third_Party/LwIP/src/netif/slipif.c ****  * @param p the pbuf chain packet to send
 168:Middlewares/Third_Party/LwIP/src/netif/slipif.c ****  * @param ipaddr the ip address to send the packet to (not used for slipif)
 169:Middlewares/Third_Party/LwIP/src/netif/slipif.c ****  * @return always returns ERR_OK since the serial layer does not provide return values
 170:Middlewares/Third_Party/LwIP/src/netif/slipif.c ****  */
 171:Middlewares/Third_Party/LwIP/src/netif/slipif.c **** static err_t
 172:Middlewares/Third_Party/LwIP/src/netif/slipif.c **** slipif_output_v4(struct netif *netif, struct pbuf *p, const ip4_addr_t *ipaddr)
 173:Middlewares/Third_Party/LwIP/src/netif/slipif.c **** {
 184              		.loc 1 173 0
 185              		.cfi_startproc
 186              		@ args = 0, pretend = 0, frame = 0
 187              		@ frame_needed = 0, uses_anonymous_args = 0
 188              	.LVL25:
 189 0000 08B5     		push	{r3, lr}
 190              	.LCFI1:
 191              		.cfi_def_cfa_offset 8
 192              		.cfi_offset 3, -8
 193              		.cfi_offset 14, -4
 174:Middlewares/Third_Party/LwIP/src/netif/slipif.c ****   LWIP_UNUSED_ARG(ipaddr);
 175:Middlewares/Third_Party/LwIP/src/netif/slipif.c ****   return slipif_output(netif, p);
 194              		.loc 1 175 0
 195 0002 FFF7FEFF 		bl	slipif_output
 196              	.LVL26:
 176:Middlewares/Third_Party/LwIP/src/netif/slipif.c **** }
 197              		.loc 1 176 0
 198 0006 08BD     		pop	{r3, pc}
 199              		.cfi_endproc
 200              	.LFE159:
 202              		.section	.text.slipif_rxbyte,"ax",%progbits
 203              		.align	1
 204              		.syntax unified
 205              		.thumb
 206              		.thumb_func
 207              		.fpu fpv5-d16
 209              	slipif_rxbyte:
 210              	.LFB160:
 177:Middlewares/Third_Party/LwIP/src/netif/slipif.c **** #endif /* LWIP_IPV4 */
 178:Middlewares/Third_Party/LwIP/src/netif/slipif.c **** 
 179:Middlewares/Third_Party/LwIP/src/netif/slipif.c **** #if LWIP_IPV6
 180:Middlewares/Third_Party/LwIP/src/netif/slipif.c **** /**
 181:Middlewares/Third_Party/LwIP/src/netif/slipif.c ****  * Send a pbuf doing the necessary SLIP encapsulation
 182:Middlewares/Third_Party/LwIP/src/netif/slipif.c ****  *
ARM GAS  /tmp/cc4rwMrt.s 			page 8


 183:Middlewares/Third_Party/LwIP/src/netif/slipif.c ****  * Uses the serial layer's sio_send()
 184:Middlewares/Third_Party/LwIP/src/netif/slipif.c ****  *
 185:Middlewares/Third_Party/LwIP/src/netif/slipif.c ****  * @param netif the lwip network interface structure for this slipif
 186:Middlewares/Third_Party/LwIP/src/netif/slipif.c ****  * @param p the pbuf chain packet to send
 187:Middlewares/Third_Party/LwIP/src/netif/slipif.c ****  * @param ipaddr the ip address to send the packet to (not used for slipif)
 188:Middlewares/Third_Party/LwIP/src/netif/slipif.c ****  * @return always returns ERR_OK since the serial layer does not provide return values
 189:Middlewares/Third_Party/LwIP/src/netif/slipif.c ****  */
 190:Middlewares/Third_Party/LwIP/src/netif/slipif.c **** static err_t
 191:Middlewares/Third_Party/LwIP/src/netif/slipif.c **** slipif_output_v6(struct netif *netif, struct pbuf *p, const ip6_addr_t *ipaddr)
 192:Middlewares/Third_Party/LwIP/src/netif/slipif.c **** {
 193:Middlewares/Third_Party/LwIP/src/netif/slipif.c ****   LWIP_UNUSED_ARG(ipaddr);
 194:Middlewares/Third_Party/LwIP/src/netif/slipif.c ****   return slipif_output(netif, p);
 195:Middlewares/Third_Party/LwIP/src/netif/slipif.c **** }
 196:Middlewares/Third_Party/LwIP/src/netif/slipif.c **** #endif /* LWIP_IPV6 */
 197:Middlewares/Third_Party/LwIP/src/netif/slipif.c **** 
 198:Middlewares/Third_Party/LwIP/src/netif/slipif.c **** /**
 199:Middlewares/Third_Party/LwIP/src/netif/slipif.c ****  * Handle the incoming SLIP stream character by character
 200:Middlewares/Third_Party/LwIP/src/netif/slipif.c ****  *
 201:Middlewares/Third_Party/LwIP/src/netif/slipif.c ****  * @param netif the lwip network interface structure for this slipif
 202:Middlewares/Third_Party/LwIP/src/netif/slipif.c ****  * @param c received character (multiple calls to this function will
 203:Middlewares/Third_Party/LwIP/src/netif/slipif.c ****  *        return a complete packet, NULL is returned before - used for polling)
 204:Middlewares/Third_Party/LwIP/src/netif/slipif.c ****  * @return The IP packet when SLIP_END is received
 205:Middlewares/Third_Party/LwIP/src/netif/slipif.c ****  */
 206:Middlewares/Third_Party/LwIP/src/netif/slipif.c **** static struct pbuf *
 207:Middlewares/Third_Party/LwIP/src/netif/slipif.c **** slipif_rxbyte(struct netif *netif, u8_t c)
 208:Middlewares/Third_Party/LwIP/src/netif/slipif.c **** {
 211              		.loc 1 208 0
 212              		.cfi_startproc
 213              		@ args = 0, pretend = 0, frame = 0
 214              		@ frame_needed = 0, uses_anonymous_args = 0
 215              	.LVL27:
 216 0000 38B5     		push	{r3, r4, r5, lr}
 217              	.LCFI2:
 218              		.cfi_def_cfa_offset 16
 219              		.cfi_offset 3, -16
 220              		.cfi_offset 4, -12
 221              		.cfi_offset 5, -8
 222              		.cfi_offset 14, -4
 223 0002 0D46     		mov	r5, r1
 209:Middlewares/Third_Party/LwIP/src/netif/slipif.c ****   struct slipif_priv *priv;
 210:Middlewares/Third_Party/LwIP/src/netif/slipif.c ****   struct pbuf *t;
 211:Middlewares/Third_Party/LwIP/src/netif/slipif.c **** 
 212:Middlewares/Third_Party/LwIP/src/netif/slipif.c ****   LWIP_ASSERT("netif != NULL", (netif != NULL));
 224              		.loc 1 212 0
 225 0004 0446     		mov	r4, r0
 226 0006 0028     		cmp	r0, #0
 227 0008 2CD0     		beq	.L44
 228              	.LVL28:
 229              	.L25:
 213:Middlewares/Third_Party/LwIP/src/netif/slipif.c ****   LWIP_ASSERT("netif->state != NULL", (netif->state != NULL));
 230              		.loc 1 213 0
 231 000a 236A     		ldr	r3, [r4, #32]
 232 000c 002B     		cmp	r3, #0
 233 000e 30D0     		beq	.L45
 234              	.L26:
 214:Middlewares/Third_Party/LwIP/src/netif/slipif.c **** 
 215:Middlewares/Third_Party/LwIP/src/netif/slipif.c ****   priv = (struct slipif_priv *)netif->state;
ARM GAS  /tmp/cc4rwMrt.s 			page 9


 235              		.loc 1 215 0
 236 0010 246A     		ldr	r4, [r4, #32]
 237              	.LVL29:
 216:Middlewares/Third_Party/LwIP/src/netif/slipif.c **** 
 217:Middlewares/Third_Party/LwIP/src/netif/slipif.c ****   switch (priv->state) {
 238              		.loc 1 217 0
 239 0012 237B     		ldrb	r3, [r4, #12]	@ zero_extendqisi2
 240 0014 002B     		cmp	r3, #0
 241 0016 33D0     		beq	.L28
 242 0018 012B     		cmp	r3, #1
 243 001a 45D0     		beq	.L29
 244              	.LVL30:
 245              	.L27:
 218:Middlewares/Third_Party/LwIP/src/netif/slipif.c ****     case SLIP_RECV_NORMAL:
 219:Middlewares/Third_Party/LwIP/src/netif/slipif.c ****       switch (c) {
 220:Middlewares/Third_Party/LwIP/src/netif/slipif.c ****         case SLIP_END:
 221:Middlewares/Third_Party/LwIP/src/netif/slipif.c ****           if (priv->recved > 0) {
 222:Middlewares/Third_Party/LwIP/src/netif/slipif.c ****             /* Received whole packet. */
 223:Middlewares/Third_Party/LwIP/src/netif/slipif.c ****             /* Trim the pbuf to the size of the received packet. */
 224:Middlewares/Third_Party/LwIP/src/netif/slipif.c ****             pbuf_realloc(priv->q, priv->recved);
 225:Middlewares/Third_Party/LwIP/src/netif/slipif.c **** 
 226:Middlewares/Third_Party/LwIP/src/netif/slipif.c ****             LINK_STATS_INC(link.recv);
 227:Middlewares/Third_Party/LwIP/src/netif/slipif.c **** 
 228:Middlewares/Third_Party/LwIP/src/netif/slipif.c ****             LWIP_DEBUGF(SLIP_DEBUG, ("slipif: Got packet (%"U16_F" bytes)\n", priv->recved));
 229:Middlewares/Third_Party/LwIP/src/netif/slipif.c ****             t = priv->q;
 230:Middlewares/Third_Party/LwIP/src/netif/slipif.c ****             priv->p = priv->q = NULL;
 231:Middlewares/Third_Party/LwIP/src/netif/slipif.c ****             priv->i = priv->recved = 0;
 232:Middlewares/Third_Party/LwIP/src/netif/slipif.c ****             return t;
 233:Middlewares/Third_Party/LwIP/src/netif/slipif.c ****           }
 234:Middlewares/Third_Party/LwIP/src/netif/slipif.c ****           return NULL;
 235:Middlewares/Third_Party/LwIP/src/netif/slipif.c ****         case SLIP_ESC:
 236:Middlewares/Third_Party/LwIP/src/netif/slipif.c ****           priv->state = SLIP_RECV_ESCAPE;
 237:Middlewares/Third_Party/LwIP/src/netif/slipif.c ****           return NULL;
 238:Middlewares/Third_Party/LwIP/src/netif/slipif.c ****         default:
 239:Middlewares/Third_Party/LwIP/src/netif/slipif.c ****           break;
 240:Middlewares/Third_Party/LwIP/src/netif/slipif.c ****       } /* end switch (c) */
 241:Middlewares/Third_Party/LwIP/src/netif/slipif.c ****       break;
 242:Middlewares/Third_Party/LwIP/src/netif/slipif.c ****     case SLIP_RECV_ESCAPE:
 243:Middlewares/Third_Party/LwIP/src/netif/slipif.c ****       /* un-escape END or ESC bytes, leave other bytes
 244:Middlewares/Third_Party/LwIP/src/netif/slipif.c ****          (although that would be a protocol error) */
 245:Middlewares/Third_Party/LwIP/src/netif/slipif.c ****       switch (c) {
 246:Middlewares/Third_Party/LwIP/src/netif/slipif.c ****         case SLIP_ESC_END:
 247:Middlewares/Third_Party/LwIP/src/netif/slipif.c ****           c = SLIP_END;
 248:Middlewares/Third_Party/LwIP/src/netif/slipif.c ****           break;
 249:Middlewares/Third_Party/LwIP/src/netif/slipif.c ****         case SLIP_ESC_ESC:
 250:Middlewares/Third_Party/LwIP/src/netif/slipif.c ****           c = SLIP_ESC;
 251:Middlewares/Third_Party/LwIP/src/netif/slipif.c ****           break;
 252:Middlewares/Third_Party/LwIP/src/netif/slipif.c ****         default:
 253:Middlewares/Third_Party/LwIP/src/netif/slipif.c ****           break;
 254:Middlewares/Third_Party/LwIP/src/netif/slipif.c ****       }
 255:Middlewares/Third_Party/LwIP/src/netif/slipif.c ****       priv->state = SLIP_RECV_NORMAL;
 256:Middlewares/Third_Party/LwIP/src/netif/slipif.c ****       break;
 257:Middlewares/Third_Party/LwIP/src/netif/slipif.c ****     default:
 258:Middlewares/Third_Party/LwIP/src/netif/slipif.c ****       break;
 259:Middlewares/Third_Party/LwIP/src/netif/slipif.c ****   } /* end switch (priv->state) */
 260:Middlewares/Third_Party/LwIP/src/netif/slipif.c **** 
 261:Middlewares/Third_Party/LwIP/src/netif/slipif.c ****   /* byte received, packet not yet completely received */
ARM GAS  /tmp/cc4rwMrt.s 			page 10


 262:Middlewares/Third_Party/LwIP/src/netif/slipif.c ****   if (priv->p == NULL) {
 246              		.loc 1 262 0
 247 001c 6368     		ldr	r3, [r4, #4]
 248 001e 002B     		cmp	r3, #0
 249 0020 4CD0     		beq	.L46
 250              	.L36:
 263:Middlewares/Third_Party/LwIP/src/netif/slipif.c ****     /* allocate a new pbuf */
 264:Middlewares/Third_Party/LwIP/src/netif/slipif.c ****     LWIP_DEBUGF(SLIP_DEBUG, ("slipif_input: alloc\n"));
 265:Middlewares/Third_Party/LwIP/src/netif/slipif.c ****     priv->p = pbuf_alloc(PBUF_LINK, (PBUF_POOL_BUFSIZE - PBUF_LINK_HLEN - PBUF_LINK_ENCAPSULATION_H
 266:Middlewares/Third_Party/LwIP/src/netif/slipif.c **** 
 267:Middlewares/Third_Party/LwIP/src/netif/slipif.c ****     if (priv->p == NULL) {
 268:Middlewares/Third_Party/LwIP/src/netif/slipif.c ****       LINK_STATS_INC(link.drop);
 269:Middlewares/Third_Party/LwIP/src/netif/slipif.c ****       LWIP_DEBUGF(SLIP_DEBUG, ("slipif_input: no new pbuf! (DROP)\n"));
 270:Middlewares/Third_Party/LwIP/src/netif/slipif.c ****       /* don't process any further since we got no pbuf to receive to */
 271:Middlewares/Third_Party/LwIP/src/netif/slipif.c ****       return NULL;
 272:Middlewares/Third_Party/LwIP/src/netif/slipif.c ****     }
 273:Middlewares/Third_Party/LwIP/src/netif/slipif.c **** 
 274:Middlewares/Third_Party/LwIP/src/netif/slipif.c ****     if (priv->q != NULL) {
 275:Middlewares/Third_Party/LwIP/src/netif/slipif.c ****       /* 'chain' the pbuf to the existing chain */
 276:Middlewares/Third_Party/LwIP/src/netif/slipif.c ****       pbuf_cat(priv->q, priv->p);
 277:Middlewares/Third_Party/LwIP/src/netif/slipif.c ****     } else {
 278:Middlewares/Third_Party/LwIP/src/netif/slipif.c ****       /* p is the first pbuf in the chain */
 279:Middlewares/Third_Party/LwIP/src/netif/slipif.c ****       priv->q = priv->p;
 280:Middlewares/Third_Party/LwIP/src/netif/slipif.c ****     }
 281:Middlewares/Third_Party/LwIP/src/netif/slipif.c ****   }
 282:Middlewares/Third_Party/LwIP/src/netif/slipif.c **** 
 283:Middlewares/Third_Party/LwIP/src/netif/slipif.c ****   /* this automatically drops bytes if > SLIP_MAX_SIZE */
 284:Middlewares/Third_Party/LwIP/src/netif/slipif.c ****   if ((priv->p != NULL) && (priv->recved <= SLIP_MAX_SIZE)) {
 251              		.loc 1 284 0
 252 0022 6068     		ldr	r0, [r4, #4]
 253 0024 0028     		cmp	r0, #0
 254 0026 63D0     		beq	.L24
 255              		.loc 1 284 0 is_stmt 0 discriminator 1
 256 0028 228A     		ldrh	r2, [r4, #16]
 257 002a 40F2DC53 		movw	r3, #1500
 258 002e 9A42     		cmp	r2, r3
 259 0030 5BD8     		bhi	.L41
 285:Middlewares/Third_Party/LwIP/src/netif/slipif.c ****     ((u8_t *)priv->p->payload)[priv->i] = c;
 260              		.loc 1 285 0 is_stmt 1
 261 0032 4268     		ldr	r2, [r0, #4]
 262 0034 E389     		ldrh	r3, [r4, #14]
 263 0036 D554     		strb	r5, [r2, r3]
 286:Middlewares/Third_Party/LwIP/src/netif/slipif.c ****     priv->recved++;
 264              		.loc 1 286 0
 265 0038 238A     		ldrh	r3, [r4, #16]
 266 003a 0133     		adds	r3, r3, #1
 267 003c 2382     		strh	r3, [r4, #16]	@ movhi
 287:Middlewares/Third_Party/LwIP/src/netif/slipif.c ****     priv->i++;
 268              		.loc 1 287 0
 269 003e E389     		ldrh	r3, [r4, #14]
 270 0040 0133     		adds	r3, r3, #1
 271 0042 9BB2     		uxth	r3, r3
 272 0044 E381     		strh	r3, [r4, #14]	@ movhi
 288:Middlewares/Third_Party/LwIP/src/netif/slipif.c ****     if (priv->i >= priv->p->len) {
 273              		.loc 1 288 0
 274 0046 6268     		ldr	r2, [r4, #4]
 275 0048 5189     		ldrh	r1, [r2, #10]
ARM GAS  /tmp/cc4rwMrt.s 			page 11


 276 004a 8B42     		cmp	r3, r1
 277 004c 4FD3     		bcc	.L42
 289:Middlewares/Third_Party/LwIP/src/netif/slipif.c ****       /* on to the next pbuf */
 290:Middlewares/Third_Party/LwIP/src/netif/slipif.c ****       priv->i = 0;
 278              		.loc 1 290 0
 279 004e 0023     		movs	r3, #0
 280 0050 E381     		strh	r3, [r4, #14]	@ movhi
 291:Middlewares/Third_Party/LwIP/src/netif/slipif.c ****       if (priv->p->next != NULL && priv->p->next->len > 0) {
 281              		.loc 1 291 0
 282 0052 1368     		ldr	r3, [r2]
 283 0054 002B     		cmp	r3, #0
 284 0056 43D0     		beq	.L38
 285              		.loc 1 291 0 is_stmt 0 discriminator 1
 286 0058 5A89     		ldrh	r2, [r3, #10]
 287 005a 002A     		cmp	r2, #0
 288 005c 40D0     		beq	.L38
 292:Middlewares/Third_Party/LwIP/src/netif/slipif.c ****         /* p is a chain, on to the next in the chain */
 293:Middlewares/Third_Party/LwIP/src/netif/slipif.c ****         priv->p = priv->p->next;
 289              		.loc 1 293 0 is_stmt 1
 290 005e 6360     		str	r3, [r4, #4]
 294:Middlewares/Third_Party/LwIP/src/netif/slipif.c ****       } else {
 295:Middlewares/Third_Party/LwIP/src/netif/slipif.c ****         /* p is a single pbuf, set it to NULL so next time a new
 296:Middlewares/Third_Party/LwIP/src/netif/slipif.c ****          * pbuf is allocated */
 297:Middlewares/Third_Party/LwIP/src/netif/slipif.c ****         priv->p = NULL;
 298:Middlewares/Third_Party/LwIP/src/netif/slipif.c ****       }
 299:Middlewares/Third_Party/LwIP/src/netif/slipif.c ****     }
 300:Middlewares/Third_Party/LwIP/src/netif/slipif.c ****   }
 301:Middlewares/Third_Party/LwIP/src/netif/slipif.c ****   return NULL;
 291              		.loc 1 301 0
 292 0060 0020     		movs	r0, #0
 293:Middlewares/Third_Party/LwIP/src/netif/slipif.c ****       } else {
 293              		.loc 1 293 0
 294 0062 38BD     		pop	{r3, r4, r5, pc}
 295              	.LVL31:
 296              	.L44:
 212:Middlewares/Third_Party/LwIP/src/netif/slipif.c ****   LWIP_ASSERT("netif->state != NULL", (netif->state != NULL));
 297              		.loc 1 212 0 discriminator 1
 298 0064 234B     		ldr	r3, .L47
 299 0066 D422     		movs	r2, #212
 300 0068 2349     		ldr	r1, .L47+4
 301              	.LVL32:
 302 006a 2448     		ldr	r0, .L47+8
 303              	.LVL33:
 304 006c FFF7FEFF 		bl	printf
 305              	.LVL34:
 306 0070 CBE7     		b	.L25
 307              	.L45:
 213:Middlewares/Third_Party/LwIP/src/netif/slipif.c **** 
 308              		.loc 1 213 0 discriminator 1
 309 0072 204B     		ldr	r3, .L47
 310 0074 D522     		movs	r2, #213
 311 0076 2249     		ldr	r1, .L47+12
 312 0078 2048     		ldr	r0, .L47+8
 313 007a FFF7FEFF 		bl	printf
 314              	.LVL35:
 315 007e C7E7     		b	.L26
 316              	.LVL36:
ARM GAS  /tmp/cc4rwMrt.s 			page 12


 317              	.L28:
 219:Middlewares/Third_Party/LwIP/src/netif/slipif.c ****         case SLIP_END:
 318              		.loc 1 219 0
 319 0080 C02D     		cmp	r5, #192
 320 0082 05D0     		beq	.L30
 321 0084 DB2D     		cmp	r5, #219
 322 0086 C9D1     		bne	.L27
 236:Middlewares/Third_Party/LwIP/src/netif/slipif.c ****           return NULL;
 323              		.loc 1 236 0
 324 0088 0123     		movs	r3, #1
 325 008a 2373     		strb	r3, [r4, #12]
 237:Middlewares/Third_Party/LwIP/src/netif/slipif.c ****         default:
 326              		.loc 1 237 0
 327 008c 0020     		movs	r0, #0
 328 008e 38BD     		pop	{r3, r4, r5, pc}
 329              	.LVL37:
 330              	.L30:
 221:Middlewares/Third_Party/LwIP/src/netif/slipif.c ****             /* Received whole packet. */
 331              		.loc 1 221 0
 332 0090 218A     		ldrh	r1, [r4, #16]
 333 0092 41B3     		cbz	r1, .L39
 224:Middlewares/Third_Party/LwIP/src/netif/slipif.c **** 
 334              		.loc 1 224 0
 335 0094 A068     		ldr	r0, [r4, #8]
 336 0096 FFF7FEFF 		bl	pbuf_realloc
 337              	.LVL38:
 229:Middlewares/Third_Party/LwIP/src/netif/slipif.c ****             priv->p = priv->q = NULL;
 338              		.loc 1 229 0
 339 009a A068     		ldr	r0, [r4, #8]
 340              	.LVL39:
 230:Middlewares/Third_Party/LwIP/src/netif/slipif.c ****             priv->i = priv->recved = 0;
 341              		.loc 1 230 0
 342 009c 0023     		movs	r3, #0
 343 009e A360     		str	r3, [r4, #8]
 344 00a0 6360     		str	r3, [r4, #4]
 231:Middlewares/Third_Party/LwIP/src/netif/slipif.c ****             return t;
 345              		.loc 1 231 0
 346 00a2 2382     		strh	r3, [r4, #16]	@ movhi
 347 00a4 E381     		strh	r3, [r4, #14]	@ movhi
 232:Middlewares/Third_Party/LwIP/src/netif/slipif.c ****           }
 348              		.loc 1 232 0
 349 00a6 38BD     		pop	{r3, r4, r5, pc}
 350              	.LVL40:
 351              	.L29:
 245:Middlewares/Third_Party/LwIP/src/netif/slipif.c ****         case SLIP_ESC_END:
 352              		.loc 1 245 0
 353 00a8 DC2D     		cmp	r5, #220
 354 00aa 05D0     		beq	.L40
 355 00ac DD2D     		cmp	r5, #221
 356 00ae 00D1     		bne	.L34
 357              	.LVL41:
 250:Middlewares/Third_Party/LwIP/src/netif/slipif.c ****           break;
 358              		.loc 1 250 0
 359 00b0 DB25     		movs	r5, #219
 360              	.LVL42:
 361              	.L34:
 255:Middlewares/Third_Party/LwIP/src/netif/slipif.c ****       break;
ARM GAS  /tmp/cc4rwMrt.s 			page 13


 362              		.loc 1 255 0
 363 00b2 0023     		movs	r3, #0
 364 00b4 2373     		strb	r3, [r4, #12]
 256:Middlewares/Third_Party/LwIP/src/netif/slipif.c ****     default:
 365              		.loc 1 256 0
 366 00b6 B1E7     		b	.L27
 367              	.LVL43:
 368              	.L40:
 247:Middlewares/Third_Party/LwIP/src/netif/slipif.c ****           break;
 369              		.loc 1 247 0
 370 00b8 C025     		movs	r5, #192
 371 00ba FAE7     		b	.L34
 372              	.LVL44:
 373              	.L46:
 265:Middlewares/Third_Party/LwIP/src/netif/slipif.c **** 
 374              		.loc 1 265 0
 375 00bc 4FF4C172 		mov	r2, #386
 376 00c0 40F24221 		movw	r1, #578
 377 00c4 0E20     		movs	r0, #14
 378 00c6 FFF7FEFF 		bl	pbuf_alloc
 379              	.LVL45:
 380 00ca 6060     		str	r0, [r4, #4]
 267:Middlewares/Third_Party/LwIP/src/netif/slipif.c ****       LINK_STATS_INC(link.drop);
 381              		.loc 1 267 0
 382 00cc 80B1     		cbz	r0, .L24
 274:Middlewares/Third_Party/LwIP/src/netif/slipif.c ****       /* 'chain' the pbuf to the existing chain */
 383              		.loc 1 274 0
 384 00ce A368     		ldr	r3, [r4, #8]
 385 00d0 23B1     		cbz	r3, .L37
 276:Middlewares/Third_Party/LwIP/src/netif/slipif.c ****     } else {
 386              		.loc 1 276 0
 387 00d2 0146     		mov	r1, r0
 388 00d4 1846     		mov	r0, r3
 389 00d6 FFF7FEFF 		bl	pbuf_cat
 390              	.LVL46:
 391 00da A2E7     		b	.L36
 392              	.L37:
 279:Middlewares/Third_Party/LwIP/src/netif/slipif.c ****     }
 393              		.loc 1 279 0
 394 00dc A060     		str	r0, [r4, #8]
 395 00de A0E7     		b	.L36
 396              	.L38:
 297:Middlewares/Third_Party/LwIP/src/netif/slipif.c ****       }
 397              		.loc 1 297 0
 398 00e0 0020     		movs	r0, #0
 399 00e2 6060     		str	r0, [r4, #4]
 400 00e4 38BD     		pop	{r3, r4, r5, pc}
 401              	.LVL47:
 402              	.L39:
 234:Middlewares/Third_Party/LwIP/src/netif/slipif.c ****         case SLIP_ESC:
 403              		.loc 1 234 0
 404 00e6 0020     		movs	r0, #0
 405 00e8 38BD     		pop	{r3, r4, r5, pc}
 406              	.LVL48:
 407              	.L41:
 408              		.loc 1 301 0
 409 00ea 0020     		movs	r0, #0
ARM GAS  /tmp/cc4rwMrt.s 			page 14


 410 00ec 38BD     		pop	{r3, r4, r5, pc}
 411              	.LVL49:
 412              	.L42:
 413 00ee 0020     		movs	r0, #0
 414              	.L24:
 302:Middlewares/Third_Party/LwIP/src/netif/slipif.c **** }
 415              		.loc 1 302 0
 416 00f0 38BD     		pop	{r3, r4, r5, pc}
 417              	.LVL50:
 418              	.L48:
 419 00f2 00BF     		.align	2
 420              	.L47:
 421 00f4 00000000 		.word	.LC0
 422 00f8 30000000 		.word	.LC1
 423 00fc 40000000 		.word	.LC2
 424 0100 68000000 		.word	.LC3
 425              		.cfi_endproc
 426              	.LFE160:
 428              		.section	.text.slipif_rxbyte_input,"ax",%progbits
 429              		.align	1
 430              		.syntax unified
 431              		.thumb
 432              		.thumb_func
 433              		.fpu fpv5-d16
 435              	slipif_rxbyte_input:
 436              	.LFB161:
 303:Middlewares/Third_Party/LwIP/src/netif/slipif.c **** 
 304:Middlewares/Third_Party/LwIP/src/netif/slipif.c **** /** Like slipif_rxbyte, but passes completed packets to netif->input
 305:Middlewares/Third_Party/LwIP/src/netif/slipif.c ****  *
 306:Middlewares/Third_Party/LwIP/src/netif/slipif.c ****  * @param netif The lwip network interface structure for this slipif
 307:Middlewares/Third_Party/LwIP/src/netif/slipif.c ****  * @param c received character
 308:Middlewares/Third_Party/LwIP/src/netif/slipif.c ****  */
 309:Middlewares/Third_Party/LwIP/src/netif/slipif.c **** static void
 310:Middlewares/Third_Party/LwIP/src/netif/slipif.c **** slipif_rxbyte_input(struct netif *netif, u8_t c)
 311:Middlewares/Third_Party/LwIP/src/netif/slipif.c **** {
 437              		.loc 1 311 0
 438              		.cfi_startproc
 439              		@ args = 0, pretend = 0, frame = 0
 440              		@ frame_needed = 0, uses_anonymous_args = 0
 441              	.LVL51:
 442 0000 38B5     		push	{r3, r4, r5, lr}
 443              	.LCFI3:
 444              		.cfi_def_cfa_offset 16
 445              		.cfi_offset 3, -16
 446              		.cfi_offset 4, -12
 447              		.cfi_offset 5, -8
 448              		.cfi_offset 14, -4
 449 0002 0446     		mov	r4, r0
 312:Middlewares/Third_Party/LwIP/src/netif/slipif.c ****   struct pbuf *p;
 313:Middlewares/Third_Party/LwIP/src/netif/slipif.c ****   p = slipif_rxbyte(netif, c);
 450              		.loc 1 313 0
 451 0004 FFF7FEFF 		bl	slipif_rxbyte
 452              	.LVL52:
 314:Middlewares/Third_Party/LwIP/src/netif/slipif.c ****   if (p != NULL) {
 453              		.loc 1 314 0
 454 0008 20B1     		cbz	r0, .L49
 455 000a 0546     		mov	r5, r0
ARM GAS  /tmp/cc4rwMrt.s 			page 15


 315:Middlewares/Third_Party/LwIP/src/netif/slipif.c ****     if (netif->input(p, netif) != ERR_OK) {
 456              		.loc 1 315 0
 457 000c 2369     		ldr	r3, [r4, #16]
 458 000e 2146     		mov	r1, r4
 459 0010 9847     		blx	r3
 460              	.LVL53:
 461 0012 00B9     		cbnz	r0, .L52
 462              	.LVL54:
 463              	.L49:
 464 0014 38BD     		pop	{r3, r4, r5, pc}
 465              	.LVL55:
 466              	.L52:
 316:Middlewares/Third_Party/LwIP/src/netif/slipif.c ****       pbuf_free(p);
 467              		.loc 1 316 0
 468 0016 2846     		mov	r0, r5
 469 0018 FFF7FEFF 		bl	pbuf_free
 470              	.LVL56:
 317:Middlewares/Third_Party/LwIP/src/netif/slipif.c ****     }
 318:Middlewares/Third_Party/LwIP/src/netif/slipif.c ****   }
 319:Middlewares/Third_Party/LwIP/src/netif/slipif.c **** }
 471              		.loc 1 319 0
 472 001c FAE7     		b	.L49
 473              		.cfi_endproc
 474              	.LFE161:
 476              		.section	.text.slipif_init,"ax",%progbits
 477              		.align	1
 478              		.global	slipif_init
 479              		.syntax unified
 480              		.thumb
 481              		.thumb_func
 482              		.fpu fpv5-d16
 484              	slipif_init:
 485              	.LFB162:
 320:Middlewares/Third_Party/LwIP/src/netif/slipif.c **** 
 321:Middlewares/Third_Party/LwIP/src/netif/slipif.c **** #if SLIP_USE_RX_THREAD
 322:Middlewares/Third_Party/LwIP/src/netif/slipif.c **** /**
 323:Middlewares/Third_Party/LwIP/src/netif/slipif.c ****  * The SLIP input thread.
 324:Middlewares/Third_Party/LwIP/src/netif/slipif.c ****  *
 325:Middlewares/Third_Party/LwIP/src/netif/slipif.c ****  * Feed the IP layer with incoming packets
 326:Middlewares/Third_Party/LwIP/src/netif/slipif.c ****  *
 327:Middlewares/Third_Party/LwIP/src/netif/slipif.c ****  * @param nf the lwip network interface structure for this slipif
 328:Middlewares/Third_Party/LwIP/src/netif/slipif.c ****  */
 329:Middlewares/Third_Party/LwIP/src/netif/slipif.c **** static void
 330:Middlewares/Third_Party/LwIP/src/netif/slipif.c **** slipif_loop_thread(void *nf)
 331:Middlewares/Third_Party/LwIP/src/netif/slipif.c **** {
 332:Middlewares/Third_Party/LwIP/src/netif/slipif.c ****   u8_t c;
 333:Middlewares/Third_Party/LwIP/src/netif/slipif.c ****   struct netif *netif = (struct netif *)nf;
 334:Middlewares/Third_Party/LwIP/src/netif/slipif.c ****   struct slipif_priv *priv = (struct slipif_priv *)netif->state;
 335:Middlewares/Third_Party/LwIP/src/netif/slipif.c **** 
 336:Middlewares/Third_Party/LwIP/src/netif/slipif.c ****   while (1) {
 337:Middlewares/Third_Party/LwIP/src/netif/slipif.c ****     if (sio_read(priv->sd, &c, 1) > 0) {
 338:Middlewares/Third_Party/LwIP/src/netif/slipif.c ****       slipif_rxbyte_input(netif, c);
 339:Middlewares/Third_Party/LwIP/src/netif/slipif.c ****     }
 340:Middlewares/Third_Party/LwIP/src/netif/slipif.c ****   }
 341:Middlewares/Third_Party/LwIP/src/netif/slipif.c **** }
 342:Middlewares/Third_Party/LwIP/src/netif/slipif.c **** #endif /* SLIP_USE_RX_THREAD */
 343:Middlewares/Third_Party/LwIP/src/netif/slipif.c **** 
ARM GAS  /tmp/cc4rwMrt.s 			page 16


 344:Middlewares/Third_Party/LwIP/src/netif/slipif.c **** /**
 345:Middlewares/Third_Party/LwIP/src/netif/slipif.c ****  * @ingroup slipif
 346:Middlewares/Third_Party/LwIP/src/netif/slipif.c ****  * SLIP netif initialization
 347:Middlewares/Third_Party/LwIP/src/netif/slipif.c ****  *
 348:Middlewares/Third_Party/LwIP/src/netif/slipif.c ****  * Call the arch specific sio_open and remember
 349:Middlewares/Third_Party/LwIP/src/netif/slipif.c ****  * the opened device in the state field of the netif.
 350:Middlewares/Third_Party/LwIP/src/netif/slipif.c ****  *
 351:Middlewares/Third_Party/LwIP/src/netif/slipif.c ****  * @param netif the lwip network interface structure for this slipif
 352:Middlewares/Third_Party/LwIP/src/netif/slipif.c ****  * @return ERR_OK if serial line could be opened,
 353:Middlewares/Third_Party/LwIP/src/netif/slipif.c ****  *         ERR_MEM if no memory could be allocated,
 354:Middlewares/Third_Party/LwIP/src/netif/slipif.c ****  *         ERR_IF is serial line couldn't be opened
 355:Middlewares/Third_Party/LwIP/src/netif/slipif.c ****  *
 356:Middlewares/Third_Party/LwIP/src/netif/slipif.c ****  * @note If netif->state is interpreted as an u8_t serial port number.
 357:Middlewares/Third_Party/LwIP/src/netif/slipif.c ****  *
 358:Middlewares/Third_Party/LwIP/src/netif/slipif.c ****  */
 359:Middlewares/Third_Party/LwIP/src/netif/slipif.c **** err_t
 360:Middlewares/Third_Party/LwIP/src/netif/slipif.c **** slipif_init(struct netif *netif)
 361:Middlewares/Third_Party/LwIP/src/netif/slipif.c **** {
 486              		.loc 1 361 0
 487              		.cfi_startproc
 488              		@ args = 0, pretend = 0, frame = 0
 489              		@ frame_needed = 0, uses_anonymous_args = 0
 490              	.LVL57:
 491 0000 70B5     		push	{r4, r5, r6, lr}
 492              	.LCFI4:
 493              		.cfi_def_cfa_offset 16
 494              		.cfi_offset 4, -16
 495              		.cfi_offset 5, -12
 496              		.cfi_offset 6, -8
 497              		.cfi_offset 14, -4
 498 0002 0446     		mov	r4, r0
 362:Middlewares/Third_Party/LwIP/src/netif/slipif.c ****   struct slipif_priv *priv;
 363:Middlewares/Third_Party/LwIP/src/netif/slipif.c ****   u8_t sio_num;
 364:Middlewares/Third_Party/LwIP/src/netif/slipif.c **** 
 365:Middlewares/Third_Party/LwIP/src/netif/slipif.c ****   LWIP_ASSERT("slipif needs an input callback", netif->input != NULL);
 499              		.loc 1 365 0
 500 0004 0369     		ldr	r3, [r0, #16]
 501 0006 F3B1     		cbz	r3, .L59
 502              	.LVL58:
 503              	.L54:
 366:Middlewares/Third_Party/LwIP/src/netif/slipif.c **** 
 367:Middlewares/Third_Party/LwIP/src/netif/slipif.c ****   /* netif->state contains serial port number */
 368:Middlewares/Third_Party/LwIP/src/netif/slipif.c ****   sio_num = LWIP_PTR_NUMERIC_CAST(u8_t, netif->state);
 504              		.loc 1 368 0
 505 0008 94F82060 		ldrb	r6, [r4, #32]	@ zero_extendqisi2
 506              	.LVL59:
 369:Middlewares/Third_Party/LwIP/src/netif/slipif.c **** 
 370:Middlewares/Third_Party/LwIP/src/netif/slipif.c ****   LWIP_DEBUGF(SLIP_DEBUG, ("slipif_init: netif->num=%"U16_F"\n", (u16_t)sio_num));
 371:Middlewares/Third_Party/LwIP/src/netif/slipif.c **** 
 372:Middlewares/Third_Party/LwIP/src/netif/slipif.c ****   /* Allocate private data */
 373:Middlewares/Third_Party/LwIP/src/netif/slipif.c ****   priv = (struct slipif_priv *)mem_malloc(sizeof(struct slipif_priv));
 507              		.loc 1 373 0
 508 000c 1420     		movs	r0, #20
 509 000e FFF7FEFF 		bl	mem_malloc
 510              	.LVL60:
 374:Middlewares/Third_Party/LwIP/src/netif/slipif.c ****   if (!priv) {
 511              		.loc 1 374 0
ARM GAS  /tmp/cc4rwMrt.s 			page 17


 512 0012 0546     		mov	r5, r0
 513 0014 28B3     		cbz	r0, .L57
 375:Middlewares/Third_Party/LwIP/src/netif/slipif.c ****     return ERR_MEM;
 376:Middlewares/Third_Party/LwIP/src/netif/slipif.c ****   }
 377:Middlewares/Third_Party/LwIP/src/netif/slipif.c **** 
 378:Middlewares/Third_Party/LwIP/src/netif/slipif.c ****   netif->name[0] = 's';
 514              		.loc 1 378 0
 515 0016 7323     		movs	r3, #115
 516 0018 84F83230 		strb	r3, [r4, #50]
 379:Middlewares/Third_Party/LwIP/src/netif/slipif.c ****   netif->name[1] = 'l';
 517              		.loc 1 379 0
 518 001c 6C23     		movs	r3, #108
 519 001e 84F83330 		strb	r3, [r4, #51]
 380:Middlewares/Third_Party/LwIP/src/netif/slipif.c **** #if LWIP_IPV4
 381:Middlewares/Third_Party/LwIP/src/netif/slipif.c ****   netif->output = slipif_output_v4;
 520              		.loc 1 381 0
 521 0022 114B     		ldr	r3, .L61
 522 0024 6361     		str	r3, [r4, #20]
 382:Middlewares/Third_Party/LwIP/src/netif/slipif.c **** #endif /* LWIP_IPV4 */
 383:Middlewares/Third_Party/LwIP/src/netif/slipif.c **** #if LWIP_IPV6
 384:Middlewares/Third_Party/LwIP/src/netif/slipif.c ****   netif->output_ip6 = slipif_output_v6;
 385:Middlewares/Third_Party/LwIP/src/netif/slipif.c **** #endif /* LWIP_IPV6 */
 386:Middlewares/Third_Party/LwIP/src/netif/slipif.c ****   netif->mtu = SLIP_MAX_SIZE;
 523              		.loc 1 386 0
 524 0026 40F2DC53 		movw	r3, #1500
 525 002a 2385     		strh	r3, [r4, #40]	@ movhi
 387:Middlewares/Third_Party/LwIP/src/netif/slipif.c **** 
 388:Middlewares/Third_Party/LwIP/src/netif/slipif.c ****   /* Try to open the serial port. */
 389:Middlewares/Third_Party/LwIP/src/netif/slipif.c ****   priv->sd = sio_open(sio_num);
 526              		.loc 1 389 0
 527 002c 3046     		mov	r0, r6
 528              	.LVL61:
 529 002e FFF7FEFF 		bl	sio_open
 530              	.LVL62:
 531 0032 2860     		str	r0, [r5]
 390:Middlewares/Third_Party/LwIP/src/netif/slipif.c ****   if (!priv->sd) {
 532              		.loc 1 390 0
 533 0034 78B1     		cbz	r0, .L60
 391:Middlewares/Third_Party/LwIP/src/netif/slipif.c ****     /* Opening the serial port failed. */
 392:Middlewares/Third_Party/LwIP/src/netif/slipif.c ****     mem_free(priv);
 393:Middlewares/Third_Party/LwIP/src/netif/slipif.c ****     return ERR_IF;
 394:Middlewares/Third_Party/LwIP/src/netif/slipif.c ****   }
 395:Middlewares/Third_Party/LwIP/src/netif/slipif.c **** 
 396:Middlewares/Third_Party/LwIP/src/netif/slipif.c ****   /* Initialize private data */
 397:Middlewares/Third_Party/LwIP/src/netif/slipif.c ****   priv->p = NULL;
 534              		.loc 1 397 0
 535 0036 0020     		movs	r0, #0
 536 0038 6860     		str	r0, [r5, #4]
 398:Middlewares/Third_Party/LwIP/src/netif/slipif.c ****   priv->q = NULL;
 537              		.loc 1 398 0
 538 003a A860     		str	r0, [r5, #8]
 399:Middlewares/Third_Party/LwIP/src/netif/slipif.c ****   priv->state = SLIP_RECV_NORMAL;
 539              		.loc 1 399 0
 540 003c 2873     		strb	r0, [r5, #12]
 400:Middlewares/Third_Party/LwIP/src/netif/slipif.c ****   priv->i = 0;
 541              		.loc 1 400 0
 542 003e E881     		strh	r0, [r5, #14]	@ movhi
ARM GAS  /tmp/cc4rwMrt.s 			page 18


 401:Middlewares/Third_Party/LwIP/src/netif/slipif.c ****   priv->recved = 0;
 543              		.loc 1 401 0
 544 0040 2882     		strh	r0, [r5, #16]	@ movhi
 402:Middlewares/Third_Party/LwIP/src/netif/slipif.c **** #if SLIP_RX_FROM_ISR
 403:Middlewares/Third_Party/LwIP/src/netif/slipif.c ****   priv->rxpackets = NULL;
 404:Middlewares/Third_Party/LwIP/src/netif/slipif.c **** #endif
 405:Middlewares/Third_Party/LwIP/src/netif/slipif.c **** 
 406:Middlewares/Third_Party/LwIP/src/netif/slipif.c ****   netif->state = priv;
 545              		.loc 1 406 0
 546 0042 2562     		str	r5, [r4, #32]
 407:Middlewares/Third_Party/LwIP/src/netif/slipif.c **** 
 408:Middlewares/Third_Party/LwIP/src/netif/slipif.c ****   /* initialize the snmp variables and counters inside the struct netif */
 409:Middlewares/Third_Party/LwIP/src/netif/slipif.c ****   MIB2_INIT_NETIF(netif, snmp_ifType_slip, SLIP_SIO_SPEED(priv->sd));
 410:Middlewares/Third_Party/LwIP/src/netif/slipif.c **** 
 411:Middlewares/Third_Party/LwIP/src/netif/slipif.c **** #if SLIP_USE_RX_THREAD
 412:Middlewares/Third_Party/LwIP/src/netif/slipif.c ****   /* Create a thread to poll the serial line. */
 413:Middlewares/Third_Party/LwIP/src/netif/slipif.c ****   sys_thread_new(SLIPIF_THREAD_NAME, slipif_loop_thread, netif,
 414:Middlewares/Third_Party/LwIP/src/netif/slipif.c ****                  SLIPIF_THREAD_STACKSIZE, SLIPIF_THREAD_PRIO);
 415:Middlewares/Third_Party/LwIP/src/netif/slipif.c **** #endif /* SLIP_USE_RX_THREAD */
 416:Middlewares/Third_Party/LwIP/src/netif/slipif.c ****   return ERR_OK;
 547              		.loc 1 416 0
 548 0044 70BD     		pop	{r4, r5, r6, pc}
 549              	.LVL63:
 550              	.L59:
 365:Middlewares/Third_Party/LwIP/src/netif/slipif.c **** 
 551              		.loc 1 365 0 discriminator 1
 552 0046 094B     		ldr	r3, .L61+4
 553 0048 40F26D12 		movw	r2, #365
 554 004c 0849     		ldr	r1, .L61+8
 555 004e 0948     		ldr	r0, .L61+12
 556              	.LVL64:
 557 0050 FFF7FEFF 		bl	printf
 558              	.LVL65:
 559 0054 D8E7     		b	.L54
 560              	.LVL66:
 561              	.L60:
 392:Middlewares/Third_Party/LwIP/src/netif/slipif.c ****     return ERR_IF;
 562              		.loc 1 392 0
 563 0056 2846     		mov	r0, r5
 564 0058 FFF7FEFF 		bl	mem_free
 565              	.LVL67:
 393:Middlewares/Third_Party/LwIP/src/netif/slipif.c ****   }
 566              		.loc 1 393 0
 567 005c 6FF00B00 		mvn	r0, #11
 568 0060 70BD     		pop	{r4, r5, r6, pc}
 569              	.LVL68:
 570              	.L57:
 375:Middlewares/Third_Party/LwIP/src/netif/slipif.c ****   }
 571              		.loc 1 375 0
 572 0062 4FF0FF30 		mov	r0, #-1
 573              	.LVL69:
 417:Middlewares/Third_Party/LwIP/src/netif/slipif.c **** }
 574              		.loc 1 417 0
 575 0066 70BD     		pop	{r4, r5, r6, pc}
 576              	.LVL70:
 577              	.L62:
 578              		.align	2
ARM GAS  /tmp/cc4rwMrt.s 			page 19


 579              	.L61:
 580 0068 00000000 		.word	slipif_output_v4
 581 006c 00000000 		.word	.LC0
 582 0070 00000000 		.word	.LC5
 583 0074 40000000 		.word	.LC2
 584              		.cfi_endproc
 585              	.LFE162:
 587              		.section	.text.slipif_poll,"ax",%progbits
 588              		.align	1
 589              		.global	slipif_poll
 590              		.syntax unified
 591              		.thumb
 592              		.thumb_func
 593              		.fpu fpv5-d16
 595              	slipif_poll:
 596              	.LFB163:
 418:Middlewares/Third_Party/LwIP/src/netif/slipif.c **** 
 419:Middlewares/Third_Party/LwIP/src/netif/slipif.c **** /**
 420:Middlewares/Third_Party/LwIP/src/netif/slipif.c ****  * @ingroup slipif
 421:Middlewares/Third_Party/LwIP/src/netif/slipif.c ****  * Polls the serial device and feeds the IP layer with incoming packets.
 422:Middlewares/Third_Party/LwIP/src/netif/slipif.c ****  *
 423:Middlewares/Third_Party/LwIP/src/netif/slipif.c ****  * @param netif The lwip network interface structure for this slipif
 424:Middlewares/Third_Party/LwIP/src/netif/slipif.c ****  */
 425:Middlewares/Third_Party/LwIP/src/netif/slipif.c **** void
 426:Middlewares/Third_Party/LwIP/src/netif/slipif.c **** slipif_poll(struct netif *netif)
 427:Middlewares/Third_Party/LwIP/src/netif/slipif.c **** {
 597              		.loc 1 427 0
 598              		.cfi_startproc
 599              		@ args = 0, pretend = 0, frame = 8
 600              		@ frame_needed = 0, uses_anonymous_args = 0
 601              	.LVL71:
 602 0000 30B5     		push	{r4, r5, lr}
 603              	.LCFI5:
 604              		.cfi_def_cfa_offset 12
 605              		.cfi_offset 4, -12
 606              		.cfi_offset 5, -8
 607              		.cfi_offset 14, -4
 608 0002 83B0     		sub	sp, sp, #12
 609              	.LCFI6:
 610              		.cfi_def_cfa_offset 24
 428:Middlewares/Third_Party/LwIP/src/netif/slipif.c ****   u8_t c;
 429:Middlewares/Third_Party/LwIP/src/netif/slipif.c ****   struct slipif_priv *priv;
 430:Middlewares/Third_Party/LwIP/src/netif/slipif.c **** 
 431:Middlewares/Third_Party/LwIP/src/netif/slipif.c ****   LWIP_ASSERT("netif != NULL", (netif != NULL));
 611              		.loc 1 431 0
 612 0004 0446     		mov	r4, r0
 613 0006 18B1     		cbz	r0, .L69
 614              	.LVL72:
 615              	.L64:
 432:Middlewares/Third_Party/LwIP/src/netif/slipif.c ****   LWIP_ASSERT("netif->state != NULL", (netif->state != NULL));
 616              		.loc 1 432 0
 617 0008 236A     		ldr	r3, [r4, #32]
 618 000a 4BB1     		cbz	r3, .L70
 619              	.L65:
 433:Middlewares/Third_Party/LwIP/src/netif/slipif.c **** 
 434:Middlewares/Third_Party/LwIP/src/netif/slipif.c ****   priv = (struct slipif_priv *)netif->state;
 620              		.loc 1 434 0
ARM GAS  /tmp/cc4rwMrt.s 			page 20


 621 000c 256A     		ldr	r5, [r4, #32]
 622              	.LVL73:
 435:Middlewares/Third_Party/LwIP/src/netif/slipif.c **** 
 436:Middlewares/Third_Party/LwIP/src/netif/slipif.c ****   while (sio_tryread(priv->sd, &c, 1) > 0) {
 623              		.loc 1 436 0
 624 000e 14E0     		b	.L66
 625              	.LVL74:
 626              	.L69:
 431:Middlewares/Third_Party/LwIP/src/netif/slipif.c ****   LWIP_ASSERT("netif->state != NULL", (netif->state != NULL));
 627              		.loc 1 431 0 discriminator 1
 628 0010 0F4B     		ldr	r3, .L71
 629 0012 40F2AF12 		movw	r2, #431
 630 0016 0F49     		ldr	r1, .L71+4
 631 0018 0F48     		ldr	r0, .L71+8
 632              	.LVL75:
 633 001a FFF7FEFF 		bl	printf
 634              	.LVL76:
 635 001e F3E7     		b	.L64
 636              	.L70:
 432:Middlewares/Third_Party/LwIP/src/netif/slipif.c **** 
 637              		.loc 1 432 0 discriminator 1
 638 0020 0B4B     		ldr	r3, .L71
 639 0022 4FF4D872 		mov	r2, #432
 640 0026 0D49     		ldr	r1, .L71+12
 641 0028 0B48     		ldr	r0, .L71+8
 642 002a FFF7FEFF 		bl	printf
 643              	.LVL77:
 644 002e EDE7     		b	.L65
 645              	.LVL78:
 646              	.L67:
 437:Middlewares/Third_Party/LwIP/src/netif/slipif.c ****     slipif_rxbyte_input(netif, c);
 647              		.loc 1 437 0
 648 0030 9DF80710 		ldrb	r1, [sp, #7]	@ zero_extendqisi2
 649 0034 2046     		mov	r0, r4
 650 0036 FFF7FEFF 		bl	slipif_rxbyte_input
 651              	.LVL79:
 652              	.L66:
 436:Middlewares/Third_Party/LwIP/src/netif/slipif.c ****     slipif_rxbyte_input(netif, c);
 653              		.loc 1 436 0
 654 003a 0122     		movs	r2, #1
 655 003c 0DF10701 		add	r1, sp, #7
 656 0040 2868     		ldr	r0, [r5]
 657 0042 FFF7FEFF 		bl	sio_tryread
 658              	.LVL80:
 659 0046 0028     		cmp	r0, #0
 660 0048 F2D1     		bne	.L67
 438:Middlewares/Third_Party/LwIP/src/netif/slipif.c ****   }
 439:Middlewares/Third_Party/LwIP/src/netif/slipif.c **** }
 661              		.loc 1 439 0
 662 004a 03B0     		add	sp, sp, #12
 663              	.LCFI7:
 664              		.cfi_def_cfa_offset 12
 665              		@ sp needed
 666 004c 30BD     		pop	{r4, r5, pc}
 667              	.LVL81:
 668              	.L72:
 669 004e 00BF     		.align	2
ARM GAS  /tmp/cc4rwMrt.s 			page 21


 670              	.L71:
 671 0050 00000000 		.word	.LC0
 672 0054 30000000 		.word	.LC1
 673 0058 40000000 		.word	.LC2
 674 005c 68000000 		.word	.LC3
 675              		.cfi_endproc
 676              	.LFE163:
 678              		.section	.rodata.slipif_init.str1.4,"aMS",%progbits,1
 679              		.align	2
 680              	.LC5:
 681 0000 736C6970 		.ascii	"slipif needs an input callback\000"
 681      6966206E 
 681      65656473 
 681      20616E20 
 681      696E7075 
 682              		.section	.rodata.slipif_output.str1.4,"aMS",%progbits,1
 683              		.align	2
 684              	.LC0:
 685 0000 4D696464 		.ascii	"Middlewares/Third_Party/LwIP/src/netif/slipif.c\000"
 685      6C657761 
 685      7265732F 
 685      54686972 
 685      645F5061 
 686              	.LC1:
 687 0030 6E657469 		.ascii	"netif != NULL\000"
 687      6620213D 
 687      204E554C 
 687      4C00
 688 003e 0000     		.space	2
 689              	.LC2:
 690 0040 41737365 		.ascii	"Assertion \"%s\" failed at line %d in %s\012\000"
 690      7274696F 
 690      6E202225 
 690      73222066 
 690      61696C65 
 691              	.LC3:
 692 0068 6E657469 		.ascii	"netif->state != NULL\000"
 692      662D3E73 
 692      74617465 
 692      20213D20 
 692      4E554C4C 
 693 007d 000000   		.space	3
 694              	.LC4:
 695 0080 7020213D 		.ascii	"p != NULL\000"
 695      204E554C 
 695      4C00
 696              		.text
 697              	.Letext0:
 698              		.file 2 "/usr/include/newlib/machine/_default_types.h"
 699              		.file 3 "/usr/include/newlib/sys/_stdint.h"
 700              		.file 4 "Drivers/CMSIS/Include/core_cm7.h"
 701              		.file 5 "Drivers/CMSIS/Device/ST/STM32F7xx/Include/system_stm32f7xx.h"
 702              		.file 6 "/usr/lib/gcc/arm-none-eabi/6.3.1/include/stddef.h"
 703              		.file 7 "Drivers/STM32F7xx_HAL_Driver/Inc/stm32f7xx_hal.h"
 704              		.file 8 "/usr/include/newlib/sys/lock.h"
 705              		.file 9 "/usr/include/newlib/sys/_types.h"
 706              		.file 10 "/usr/include/newlib/sys/reent.h"
ARM GAS  /tmp/cc4rwMrt.s 			page 22


 707              		.file 11 "/usr/include/newlib/stdlib.h"
 708              		.file 12 "/usr/include/newlib/time.h"
 709              		.file 13 "Middlewares/Third_Party/LwIP/src/include/lwip/arch.h"
 710              		.file 14 "/usr/include/newlib/ctype.h"
 711              		.file 15 "Middlewares/Third_Party/LwIP/src/include/lwip/err.h"
 712              		.file 16 "Middlewares/Third_Party/LwIP/src/include/lwip/ip4_addr.h"
 713              		.file 17 "Middlewares/Third_Party/LwIP/src/include/lwip/ip_addr.h"
 714              		.file 18 "Middlewares/Third_Party/LwIP/src/include/lwip/pbuf.h"
 715              		.file 19 "Middlewares/Third_Party/LwIP/src/include/lwip/priv/memp_priv.h"
 716              		.file 20 "Middlewares/Third_Party/LwIP/src/include/lwip/memp.h"
 717              		.file 21 "Middlewares/Third_Party/LwIP/src/include/lwip/netif.h"
 718              		.file 22 "Middlewares/Third_Party/LwIP/src/include/lwip/sio.h"
 719              		.file 23 "/usr/include/newlib/stdio.h"
 720              		.file 24 "Middlewares/Third_Party/LwIP/src/include/lwip/mem.h"
ARM GAS  /tmp/cc4rwMrt.s 			page 23


DEFINED SYMBOLS
                            *ABS*:0000000000000000 slipif.c
     /tmp/cc4rwMrt.s:17     .text.slipif_output:0000000000000000 $t
     /tmp/cc4rwMrt.s:23     .text.slipif_output:0000000000000000 slipif_output
     /tmp/cc4rwMrt.s:167    .text.slipif_output:0000000000000098 $d
     /tmp/cc4rwMrt.s:176    .text.slipif_output_v4:0000000000000000 $t
     /tmp/cc4rwMrt.s:182    .text.slipif_output_v4:0000000000000000 slipif_output_v4
     /tmp/cc4rwMrt.s:203    .text.slipif_rxbyte:0000000000000000 $t
     /tmp/cc4rwMrt.s:209    .text.slipif_rxbyte:0000000000000000 slipif_rxbyte
     /tmp/cc4rwMrt.s:421    .text.slipif_rxbyte:00000000000000f4 $d
     /tmp/cc4rwMrt.s:429    .text.slipif_rxbyte_input:0000000000000000 $t
     /tmp/cc4rwMrt.s:435    .text.slipif_rxbyte_input:0000000000000000 slipif_rxbyte_input
     /tmp/cc4rwMrt.s:477    .text.slipif_init:0000000000000000 $t
     /tmp/cc4rwMrt.s:484    .text.slipif_init:0000000000000000 slipif_init
     /tmp/cc4rwMrt.s:580    .text.slipif_init:0000000000000068 $d
     /tmp/cc4rwMrt.s:588    .text.slipif_poll:0000000000000000 $t
     /tmp/cc4rwMrt.s:595    .text.slipif_poll:0000000000000000 slipif_poll
     /tmp/cc4rwMrt.s:671    .text.slipif_poll:0000000000000050 $d
     /tmp/cc4rwMrt.s:679    .rodata.slipif_init.str1.4:0000000000000000 $d
     /tmp/cc4rwMrt.s:683    .rodata.slipif_output.str1.4:0000000000000000 $d
                     .debug_frame:0000000000000010 $d

UNDEFINED SYMBOLS
sio_send
printf
pbuf_realloc
pbuf_alloc
pbuf_cat
pbuf_free
mem_malloc
sio_open
mem_free
sio_tryread
