ARM GAS  /tmp/ccOOOywr.s 			page 1


   1              		.cpu cortex-m7
   2              		.eabi_attribute 28, 1
   3              		.eabi_attribute 20, 1
   4              		.eabi_attribute 21, 1
   5              		.eabi_attribute 23, 3
   6              		.eabi_attribute 24, 1
   7              		.eabi_attribute 25, 1
   8              		.eabi_attribute 26, 1
   9              		.eabi_attribute 30, 1
  10              		.eabi_attribute 34, 1
  11              		.eabi_attribute 18, 4
  12              		.file	"stm32f7xx_hal_msp.c"
  13              		.text
  14              	.Ltext0:
  15              		.cfi_sections	.debug_frame
  16              		.section	.text.HAL_MspInit,"ax",%progbits
  17              		.align	1
  18              		.global	HAL_MspInit
  19              		.syntax unified
  20              		.thumb
  21              		.thumb_func
  22              		.fpu fpv5-d16
  24              	HAL_MspInit:
  25              	.LFB141:
  26              		.file 1 "Core/Src/stm32f7xx_hal_msp.c"
   1:Core/Src/stm32f7xx_hal_msp.c **** /* USER CODE BEGIN Header */
   2:Core/Src/stm32f7xx_hal_msp.c **** /**
   3:Core/Src/stm32f7xx_hal_msp.c ****   ******************************************************************************
   4:Core/Src/stm32f7xx_hal_msp.c ****   * @file         stm32f7xx_hal_msp.c
   5:Core/Src/stm32f7xx_hal_msp.c ****   * @brief        This file provides code for the MSP Initialization
   6:Core/Src/stm32f7xx_hal_msp.c ****   *               and de-Initialization codes.
   7:Core/Src/stm32f7xx_hal_msp.c ****   ******************************************************************************
   8:Core/Src/stm32f7xx_hal_msp.c ****   * @attention
   9:Core/Src/stm32f7xx_hal_msp.c ****   *
  10:Core/Src/stm32f7xx_hal_msp.c ****   * <h2><center>&copy; Copyright (c) 2021 STMicroelectronics.
  11:Core/Src/stm32f7xx_hal_msp.c ****   * All rights reserved.</center></h2>
  12:Core/Src/stm32f7xx_hal_msp.c ****   *
  13:Core/Src/stm32f7xx_hal_msp.c ****   * This software component is licensed by ST under Ultimate Liberty license
  14:Core/Src/stm32f7xx_hal_msp.c ****   * SLA0044, the "License"; You may not use this file except in compliance with
  15:Core/Src/stm32f7xx_hal_msp.c ****   * the License. You may obtain a copy of the License at:
  16:Core/Src/stm32f7xx_hal_msp.c ****   *                             www.st.com/SLA0044
  17:Core/Src/stm32f7xx_hal_msp.c ****   *
  18:Core/Src/stm32f7xx_hal_msp.c ****   ******************************************************************************
  19:Core/Src/stm32f7xx_hal_msp.c ****   */
  20:Core/Src/stm32f7xx_hal_msp.c **** /* USER CODE END Header */
  21:Core/Src/stm32f7xx_hal_msp.c **** 
  22:Core/Src/stm32f7xx_hal_msp.c **** /* Includes ------------------------------------------------------------------*/
  23:Core/Src/stm32f7xx_hal_msp.c **** #include "main.h"
  24:Core/Src/stm32f7xx_hal_msp.c **** /* USER CODE BEGIN Includes */
  25:Core/Src/stm32f7xx_hal_msp.c **** 
  26:Core/Src/stm32f7xx_hal_msp.c **** /* USER CODE END Includes */
  27:Core/Src/stm32f7xx_hal_msp.c **** 
  28:Core/Src/stm32f7xx_hal_msp.c **** /* Private typedef -----------------------------------------------------------*/
  29:Core/Src/stm32f7xx_hal_msp.c **** /* USER CODE BEGIN TD */
  30:Core/Src/stm32f7xx_hal_msp.c **** 
  31:Core/Src/stm32f7xx_hal_msp.c **** /* USER CODE END TD */
  32:Core/Src/stm32f7xx_hal_msp.c **** 
ARM GAS  /tmp/ccOOOywr.s 			page 2


  33:Core/Src/stm32f7xx_hal_msp.c **** /* Private define ------------------------------------------------------------*/
  34:Core/Src/stm32f7xx_hal_msp.c **** /* USER CODE BEGIN Define */
  35:Core/Src/stm32f7xx_hal_msp.c **** 
  36:Core/Src/stm32f7xx_hal_msp.c **** /* USER CODE END Define */
  37:Core/Src/stm32f7xx_hal_msp.c **** 
  38:Core/Src/stm32f7xx_hal_msp.c **** /* Private macro -------------------------------------------------------------*/
  39:Core/Src/stm32f7xx_hal_msp.c **** /* USER CODE BEGIN Macro */
  40:Core/Src/stm32f7xx_hal_msp.c **** 
  41:Core/Src/stm32f7xx_hal_msp.c **** /* USER CODE END Macro */
  42:Core/Src/stm32f7xx_hal_msp.c **** 
  43:Core/Src/stm32f7xx_hal_msp.c **** /* Private variables ---------------------------------------------------------*/
  44:Core/Src/stm32f7xx_hal_msp.c **** /* USER CODE BEGIN PV */
  45:Core/Src/stm32f7xx_hal_msp.c **** 
  46:Core/Src/stm32f7xx_hal_msp.c **** /* USER CODE END PV */
  47:Core/Src/stm32f7xx_hal_msp.c **** 
  48:Core/Src/stm32f7xx_hal_msp.c **** /* Private function prototypes -----------------------------------------------*/
  49:Core/Src/stm32f7xx_hal_msp.c **** /* USER CODE BEGIN PFP */
  50:Core/Src/stm32f7xx_hal_msp.c **** 
  51:Core/Src/stm32f7xx_hal_msp.c **** /* USER CODE END PFP */
  52:Core/Src/stm32f7xx_hal_msp.c **** 
  53:Core/Src/stm32f7xx_hal_msp.c **** /* External functions --------------------------------------------------------*/
  54:Core/Src/stm32f7xx_hal_msp.c **** /* USER CODE BEGIN ExternalFunctions */
  55:Core/Src/stm32f7xx_hal_msp.c **** 
  56:Core/Src/stm32f7xx_hal_msp.c **** /* USER CODE END ExternalFunctions */
  57:Core/Src/stm32f7xx_hal_msp.c **** 
  58:Core/Src/stm32f7xx_hal_msp.c **** /* USER CODE BEGIN 0 */
  59:Core/Src/stm32f7xx_hal_msp.c **** 
  60:Core/Src/stm32f7xx_hal_msp.c **** /* USER CODE END 0 */
  61:Core/Src/stm32f7xx_hal_msp.c **** /**
  62:Core/Src/stm32f7xx_hal_msp.c ****   * Initializes the Global MSP.
  63:Core/Src/stm32f7xx_hal_msp.c ****   */
  64:Core/Src/stm32f7xx_hal_msp.c **** void HAL_MspInit(void)
  65:Core/Src/stm32f7xx_hal_msp.c **** {
  27              		.loc 1 65 0
  28              		.cfi_startproc
  29              		@ args = 0, pretend = 0, frame = 8
  30              		@ frame_needed = 0, uses_anonymous_args = 0
  31              		@ link register save eliminated.
  32 0000 82B0     		sub	sp, sp, #8
  33              	.LCFI0:
  34              		.cfi_def_cfa_offset 8
  35              	.LBB2:
  66:Core/Src/stm32f7xx_hal_msp.c ****   /* USER CODE BEGIN MspInit 0 */
  67:Core/Src/stm32f7xx_hal_msp.c **** 
  68:Core/Src/stm32f7xx_hal_msp.c ****   /* USER CODE END MspInit 0 */
  69:Core/Src/stm32f7xx_hal_msp.c **** 
  70:Core/Src/stm32f7xx_hal_msp.c ****   __HAL_RCC_PWR_CLK_ENABLE();
  36              		.loc 1 70 0
  37 0002 0A4B     		ldr	r3, .L3
  38 0004 1A6C     		ldr	r2, [r3, #64]
  39 0006 42F08052 		orr	r2, r2, #268435456
  40 000a 1A64     		str	r2, [r3, #64]
  41 000c 1A6C     		ldr	r2, [r3, #64]
  42 000e 02F08052 		and	r2, r2, #268435456
  43 0012 0092     		str	r2, [sp]
  44 0014 009A     		ldr	r2, [sp]
  45              	.LBE2:
ARM GAS  /tmp/ccOOOywr.s 			page 3


  46              	.LBB3:
  71:Core/Src/stm32f7xx_hal_msp.c ****   __HAL_RCC_SYSCFG_CLK_ENABLE();
  47              		.loc 1 71 0
  48 0016 5A6C     		ldr	r2, [r3, #68]
  49 0018 42F48042 		orr	r2, r2, #16384
  50 001c 5A64     		str	r2, [r3, #68]
  51 001e 5B6C     		ldr	r3, [r3, #68]
  52 0020 03F48043 		and	r3, r3, #16384
  53 0024 0193     		str	r3, [sp, #4]
  54 0026 019B     		ldr	r3, [sp, #4]
  55              	.LBE3:
  72:Core/Src/stm32f7xx_hal_msp.c **** 
  73:Core/Src/stm32f7xx_hal_msp.c ****   /* System interrupt init*/
  74:Core/Src/stm32f7xx_hal_msp.c **** 
  75:Core/Src/stm32f7xx_hal_msp.c ****   /* USER CODE BEGIN MspInit 1 */
  76:Core/Src/stm32f7xx_hal_msp.c **** 
  77:Core/Src/stm32f7xx_hal_msp.c ****   /* USER CODE END MspInit 1 */
  78:Core/Src/stm32f7xx_hal_msp.c **** }
  56              		.loc 1 78 0
  57 0028 02B0     		add	sp, sp, #8
  58              	.LCFI1:
  59              		.cfi_def_cfa_offset 0
  60              		@ sp needed
  61 002a 7047     		bx	lr
  62              	.L4:
  63              		.align	2
  64              	.L3:
  65 002c 00380240 		.word	1073887232
  66              		.cfi_endproc
  67              	.LFE141:
  69              		.text
  70              	.Letext0:
  71              		.file 2 "/usr/include/newlib/machine/_default_types.h"
  72              		.file 3 "/usr/include/newlib/sys/_stdint.h"
  73              		.file 4 "Drivers/CMSIS/Include/core_cm7.h"
  74              		.file 5 "Drivers/CMSIS/Device/ST/STM32F7xx/Include/system_stm32f7xx.h"
  75              		.file 6 "Drivers/CMSIS/Device/ST/STM32F7xx/Include/stm32f767xx.h"
  76              		.file 7 "Drivers/STM32F7xx_HAL_Driver/Inc/stm32f7xx_hal.h"
ARM GAS  /tmp/ccOOOywr.s 			page 4


DEFINED SYMBOLS
                            *ABS*:0000000000000000 stm32f7xx_hal_msp.c
     /tmp/ccOOOywr.s:17     .text.HAL_MspInit:0000000000000000 $t
     /tmp/ccOOOywr.s:24     .text.HAL_MspInit:0000000000000000 HAL_MspInit
     /tmp/ccOOOywr.s:65     .text.HAL_MspInit:000000000000002c $d
                     .debug_frame:0000000000000010 $d

NO UNDEFINED SYMBOLS
