ARM GAS  /tmp/ccMbZRn9.s 			page 1


   1              		.cpu cortex-m7
   2              		.eabi_attribute 28, 1
   3              		.eabi_attribute 20, 1
   4              		.eabi_attribute 21, 1
   5              		.eabi_attribute 23, 3
   6              		.eabi_attribute 24, 1
   7              		.eabi_attribute 25, 1
   8              		.eabi_attribute 26, 1
   9              		.eabi_attribute 30, 1
  10              		.eabi_attribute 34, 1
  11              		.eabi_attribute 18, 4
  12              		.file	"system_stm32f7xx.c"
  13              		.text
  14              	.Ltext0:
  15              		.cfi_sections	.debug_frame
  16              		.section	.text.SystemInit,"ax",%progbits
  17              		.align	1
  18              		.global	SystemInit
  19              		.syntax unified
  20              		.thumb
  21              		.thumb_func
  22              		.fpu fpv5-d16
  24              	SystemInit:
  25              	.LFB141:
  26              		.file 1 "Core/Src/system_stm32f7xx.c"
   1:Core/Src/system_stm32f7xx.c **** /**
   2:Core/Src/system_stm32f7xx.c ****   ******************************************************************************
   3:Core/Src/system_stm32f7xx.c ****   * @file    system_stm32f7xx.c
   4:Core/Src/system_stm32f7xx.c ****   * @author  MCD Application Team
   5:Core/Src/system_stm32f7xx.c ****   * @brief   CMSIS Cortex-M7 Device Peripheral Access Layer System Source File.
   6:Core/Src/system_stm32f7xx.c ****   *
   7:Core/Src/system_stm32f7xx.c ****   *   This file provides two functions and one global variable to be called from 
   8:Core/Src/system_stm32f7xx.c ****   *   user application:
   9:Core/Src/system_stm32f7xx.c ****   *      - SystemInit(): This function is called at startup just after reset and 
  10:Core/Src/system_stm32f7xx.c ****   *                      before branch to main program. This call is made inside
  11:Core/Src/system_stm32f7xx.c ****   *                      the "startup_stm32f7xx.s" file.
  12:Core/Src/system_stm32f7xx.c ****   *
  13:Core/Src/system_stm32f7xx.c ****   *      - SystemCoreClock variable: Contains the core clock (HCLK), it can be used
  14:Core/Src/system_stm32f7xx.c ****   *                                  by the user application to setup the SysTick 
  15:Core/Src/system_stm32f7xx.c ****   *                                  timer or configure other parameters.
  16:Core/Src/system_stm32f7xx.c ****   *                                     
  17:Core/Src/system_stm32f7xx.c ****   *      - SystemCoreClockUpdate(): Updates the variable SystemCoreClock and must
  18:Core/Src/system_stm32f7xx.c ****   *                                 be called whenever the core clock is changed
  19:Core/Src/system_stm32f7xx.c ****   *                                 during program execution.
  20:Core/Src/system_stm32f7xx.c ****   *
  21:Core/Src/system_stm32f7xx.c ****   *
  22:Core/Src/system_stm32f7xx.c ****   ******************************************************************************
  23:Core/Src/system_stm32f7xx.c ****   * @attention
  24:Core/Src/system_stm32f7xx.c ****   *
  25:Core/Src/system_stm32f7xx.c ****   * <h2><center>&copy; Copyright (c) 2016 STMicroelectronics.
  26:Core/Src/system_stm32f7xx.c ****   * All rights reserved.</center></h2>
  27:Core/Src/system_stm32f7xx.c ****   *
  28:Core/Src/system_stm32f7xx.c ****   * This software component is licensed by ST under BSD 3-Clause license,
  29:Core/Src/system_stm32f7xx.c ****   * the "License"; You may not use this file except in compliance with the
  30:Core/Src/system_stm32f7xx.c ****   * License. You may obtain a copy of the License at:
  31:Core/Src/system_stm32f7xx.c ****   *                        opensource.org/licenses/BSD-3-Clause
  32:Core/Src/system_stm32f7xx.c ****   *
ARM GAS  /tmp/ccMbZRn9.s 			page 2


  33:Core/Src/system_stm32f7xx.c ****   ******************************************************************************
  34:Core/Src/system_stm32f7xx.c ****   */
  35:Core/Src/system_stm32f7xx.c **** 
  36:Core/Src/system_stm32f7xx.c **** /** @addtogroup CMSIS
  37:Core/Src/system_stm32f7xx.c ****   * @{
  38:Core/Src/system_stm32f7xx.c ****   */
  39:Core/Src/system_stm32f7xx.c **** 
  40:Core/Src/system_stm32f7xx.c **** /** @addtogroup stm32f7xx_system
  41:Core/Src/system_stm32f7xx.c ****   * @{
  42:Core/Src/system_stm32f7xx.c ****   */  
  43:Core/Src/system_stm32f7xx.c ****   
  44:Core/Src/system_stm32f7xx.c **** /** @addtogroup STM32F7xx_System_Private_Includes
  45:Core/Src/system_stm32f7xx.c ****   * @{
  46:Core/Src/system_stm32f7xx.c ****   */
  47:Core/Src/system_stm32f7xx.c **** 
  48:Core/Src/system_stm32f7xx.c **** #include "stm32f7xx.h"
  49:Core/Src/system_stm32f7xx.c **** 
  50:Core/Src/system_stm32f7xx.c **** #if !defined  (HSE_VALUE) 
  51:Core/Src/system_stm32f7xx.c ****   #define HSE_VALUE    ((uint32_t)25000000) /*!< Default value of the External oscillator in Hz */
  52:Core/Src/system_stm32f7xx.c **** #endif /* HSE_VALUE */
  53:Core/Src/system_stm32f7xx.c **** 
  54:Core/Src/system_stm32f7xx.c **** #if !defined  (HSI_VALUE)
  55:Core/Src/system_stm32f7xx.c ****   #define HSI_VALUE    ((uint32_t)16000000) /*!< Value of the Internal oscillator in Hz*/
  56:Core/Src/system_stm32f7xx.c **** #endif /* HSI_VALUE */
  57:Core/Src/system_stm32f7xx.c **** 
  58:Core/Src/system_stm32f7xx.c **** /**
  59:Core/Src/system_stm32f7xx.c ****   * @}
  60:Core/Src/system_stm32f7xx.c ****   */
  61:Core/Src/system_stm32f7xx.c **** 
  62:Core/Src/system_stm32f7xx.c **** /** @addtogroup STM32F7xx_System_Private_TypesDefinitions
  63:Core/Src/system_stm32f7xx.c ****   * @{
  64:Core/Src/system_stm32f7xx.c ****   */
  65:Core/Src/system_stm32f7xx.c **** 
  66:Core/Src/system_stm32f7xx.c **** /**
  67:Core/Src/system_stm32f7xx.c ****   * @}
  68:Core/Src/system_stm32f7xx.c ****   */
  69:Core/Src/system_stm32f7xx.c **** 
  70:Core/Src/system_stm32f7xx.c **** /** @addtogroup STM32F7xx_System_Private_Defines
  71:Core/Src/system_stm32f7xx.c ****   * @{
  72:Core/Src/system_stm32f7xx.c ****   */
  73:Core/Src/system_stm32f7xx.c **** 
  74:Core/Src/system_stm32f7xx.c **** /************************* Miscellaneous Configuration ************************/
  75:Core/Src/system_stm32f7xx.c **** 
  76:Core/Src/system_stm32f7xx.c **** /* Note: Following vector table addresses must be defined in line with linker
  77:Core/Src/system_stm32f7xx.c ****          configuration. */
  78:Core/Src/system_stm32f7xx.c **** /*!< Uncomment the following line if you need to relocate the vector table
  79:Core/Src/system_stm32f7xx.c ****      anywhere in Flash or Sram, else the vector table is kept at the automatic
  80:Core/Src/system_stm32f7xx.c ****      remap of boot address selected */
  81:Core/Src/system_stm32f7xx.c **** /* #define USER_VECT_TAB_ADDRESS */
  82:Core/Src/system_stm32f7xx.c **** 
  83:Core/Src/system_stm32f7xx.c **** #if defined(USER_VECT_TAB_ADDRESS)
  84:Core/Src/system_stm32f7xx.c **** /*!< Uncomment the following line if you need to relocate your vector Table
  85:Core/Src/system_stm32f7xx.c ****      in Sram else user remap will be done in Flash. */
  86:Core/Src/system_stm32f7xx.c **** /* #define VECT_TAB_SRAM */
  87:Core/Src/system_stm32f7xx.c **** #if defined(VECT_TAB_SRAM)
  88:Core/Src/system_stm32f7xx.c **** #define VECT_TAB_BASE_ADDRESS   RAMDTCM_BASE    /*!< Vector Table base address field.
  89:Core/Src/system_stm32f7xx.c ****                                                      This value must be a multiple of 0x200. */
ARM GAS  /tmp/ccMbZRn9.s 			page 3


  90:Core/Src/system_stm32f7xx.c **** #define VECT_TAB_OFFSET         0x00000000U     /*!< Vector Table base offset field.
  91:Core/Src/system_stm32f7xx.c ****                                                      This value must be a multiple of 0x200. */
  92:Core/Src/system_stm32f7xx.c **** #else
  93:Core/Src/system_stm32f7xx.c **** #define VECT_TAB_BASE_ADDRESS   FLASH_BASE      /*!< Vector Table base address field.
  94:Core/Src/system_stm32f7xx.c ****                                                      This value must be a multiple of 0x200. */
  95:Core/Src/system_stm32f7xx.c **** #define VECT_TAB_OFFSET         0x00000000U     /*!< Vector Table base offset field.
  96:Core/Src/system_stm32f7xx.c ****                                                      This value must be a multiple of 0x200. */
  97:Core/Src/system_stm32f7xx.c **** #endif /* VECT_TAB_SRAM */
  98:Core/Src/system_stm32f7xx.c **** #endif /* USER_VECT_TAB_ADDRESS */
  99:Core/Src/system_stm32f7xx.c **** /******************************************************************************/
 100:Core/Src/system_stm32f7xx.c **** 
 101:Core/Src/system_stm32f7xx.c **** /**
 102:Core/Src/system_stm32f7xx.c ****   * @}
 103:Core/Src/system_stm32f7xx.c ****   */
 104:Core/Src/system_stm32f7xx.c **** 
 105:Core/Src/system_stm32f7xx.c **** /** @addtogroup STM32F7xx_System_Private_Macros
 106:Core/Src/system_stm32f7xx.c ****   * @{
 107:Core/Src/system_stm32f7xx.c ****   */
 108:Core/Src/system_stm32f7xx.c **** 
 109:Core/Src/system_stm32f7xx.c **** /**
 110:Core/Src/system_stm32f7xx.c ****   * @}
 111:Core/Src/system_stm32f7xx.c ****   */
 112:Core/Src/system_stm32f7xx.c **** 
 113:Core/Src/system_stm32f7xx.c **** /** @addtogroup STM32F7xx_System_Private_Variables
 114:Core/Src/system_stm32f7xx.c ****   * @{
 115:Core/Src/system_stm32f7xx.c ****   */
 116:Core/Src/system_stm32f7xx.c **** 
 117:Core/Src/system_stm32f7xx.c ****   /* This variable is updated in three ways:
 118:Core/Src/system_stm32f7xx.c ****       1) by calling CMSIS function SystemCoreClockUpdate()
 119:Core/Src/system_stm32f7xx.c ****       2) by calling HAL API function HAL_RCC_GetHCLKFreq()
 120:Core/Src/system_stm32f7xx.c ****       3) each time HAL_RCC_ClockConfig() is called to configure the system clock frequency 
 121:Core/Src/system_stm32f7xx.c ****          Note: If you use this function to configure the system clock; then there
 122:Core/Src/system_stm32f7xx.c ****                is no need to call the 2 first functions listed above, since SystemCoreClock
 123:Core/Src/system_stm32f7xx.c ****                variable is updated automatically.
 124:Core/Src/system_stm32f7xx.c ****   */
 125:Core/Src/system_stm32f7xx.c ****   uint32_t SystemCoreClock = 16000000;
 126:Core/Src/system_stm32f7xx.c ****   const uint8_t AHBPrescTable[16] = {0, 0, 0, 0, 0, 0, 0, 0, 1, 2, 3, 4, 6, 7, 8, 9};
 127:Core/Src/system_stm32f7xx.c ****   const uint8_t APBPrescTable[8] = {0, 0, 0, 0, 1, 2, 3, 4};
 128:Core/Src/system_stm32f7xx.c **** 
 129:Core/Src/system_stm32f7xx.c **** /**
 130:Core/Src/system_stm32f7xx.c ****   * @}
 131:Core/Src/system_stm32f7xx.c ****   */
 132:Core/Src/system_stm32f7xx.c **** 
 133:Core/Src/system_stm32f7xx.c **** /** @addtogroup STM32F7xx_System_Private_FunctionPrototypes
 134:Core/Src/system_stm32f7xx.c ****   * @{
 135:Core/Src/system_stm32f7xx.c ****   */
 136:Core/Src/system_stm32f7xx.c **** 
 137:Core/Src/system_stm32f7xx.c **** /**
 138:Core/Src/system_stm32f7xx.c ****   * @}
 139:Core/Src/system_stm32f7xx.c ****   */
 140:Core/Src/system_stm32f7xx.c **** 
 141:Core/Src/system_stm32f7xx.c **** /** @addtogroup STM32F7xx_System_Private_Functions
 142:Core/Src/system_stm32f7xx.c ****   * @{
 143:Core/Src/system_stm32f7xx.c ****   */
 144:Core/Src/system_stm32f7xx.c **** 
 145:Core/Src/system_stm32f7xx.c **** /**
 146:Core/Src/system_stm32f7xx.c ****   * @brief  Setup the microcontroller system
ARM GAS  /tmp/ccMbZRn9.s 			page 4


 147:Core/Src/system_stm32f7xx.c ****   *         Initialize the Embedded Flash Interface, the PLL and update the 
 148:Core/Src/system_stm32f7xx.c ****   *         SystemFrequency variable.
 149:Core/Src/system_stm32f7xx.c ****   * @param  None
 150:Core/Src/system_stm32f7xx.c ****   * @retval None
 151:Core/Src/system_stm32f7xx.c ****   */
 152:Core/Src/system_stm32f7xx.c **** 
 153:Core/Src/system_stm32f7xx.c **** void SystemInit(void)
 154:Core/Src/system_stm32f7xx.c **** {
  27              		.loc 1 154 0
  28              		.cfi_startproc
  29              		@ args = 0, pretend = 0, frame = 0
  30              		@ frame_needed = 0, uses_anonymous_args = 0
  31              		@ link register save eliminated.
 155:Core/Src/system_stm32f7xx.c ****   /* FPU settings ------------------------------------------------------------*/
 156:Core/Src/system_stm32f7xx.c **** #if (__FPU_PRESENT == 1) && (__FPU_USED == 1)
 157:Core/Src/system_stm32f7xx.c ****   SCB->CPACR |= ((3UL << 10*2)|(3UL << 11*2));  /* set CP10 and CP11 Full Access */
  32              		.loc 1 157 0
  33 0000 034A     		ldr	r2, .L2
  34 0002 D2F88830 		ldr	r3, [r2, #136]
  35 0006 43F47003 		orr	r3, r3, #15728640
  36 000a C2F88830 		str	r3, [r2, #136]
  37 000e 7047     		bx	lr
  38              	.L3:
  39              		.align	2
  40              	.L2:
  41 0010 00ED00E0 		.word	-536810240
  42              		.cfi_endproc
  43              	.LFE141:
  45              		.section	.text.SystemCoreClockUpdate,"ax",%progbits
  46              		.align	1
  47              		.global	SystemCoreClockUpdate
  48              		.syntax unified
  49              		.thumb
  50              		.thumb_func
  51              		.fpu fpv5-d16
  53              	SystemCoreClockUpdate:
  54              	.LFB142:
 158:Core/Src/system_stm32f7xx.c **** #endif
 159:Core/Src/system_stm32f7xx.c **** 
 160:Core/Src/system_stm32f7xx.c ****   /* Configure the Vector Table location -------------------------------------*/
 161:Core/Src/system_stm32f7xx.c **** #if defined(USER_VECT_TAB_ADDRESS)
 162:Core/Src/system_stm32f7xx.c ****   SCB->VTOR = VECT_TAB_BASE_ADDRESS | VECT_TAB_OFFSET; /* Vector Table Relocation in Internal SRAM 
 163:Core/Src/system_stm32f7xx.c **** #endif /* USER_VECT_TAB_ADDRESS */
 164:Core/Src/system_stm32f7xx.c **** }
 165:Core/Src/system_stm32f7xx.c **** 
 166:Core/Src/system_stm32f7xx.c **** /**
 167:Core/Src/system_stm32f7xx.c ****    * @brief  Update SystemCoreClock variable according to Clock Register Values.
 168:Core/Src/system_stm32f7xx.c ****   *         The SystemCoreClock variable contains the core clock (HCLK), it can
 169:Core/Src/system_stm32f7xx.c ****   *         be used by the user application to setup the SysTick timer or configure
 170:Core/Src/system_stm32f7xx.c ****   *         other parameters.
 171:Core/Src/system_stm32f7xx.c ****   *           
 172:Core/Src/system_stm32f7xx.c ****   * @note   Each time the core clock (HCLK) changes, this function must be called
 173:Core/Src/system_stm32f7xx.c ****   *         to update SystemCoreClock variable value. Otherwise, any configuration
 174:Core/Src/system_stm32f7xx.c ****   *         based on this variable will be incorrect.         
 175:Core/Src/system_stm32f7xx.c ****   *     
 176:Core/Src/system_stm32f7xx.c ****   * @note   - The system frequency computed by this function is not the real 
 177:Core/Src/system_stm32f7xx.c ****   *           frequency in the chip. It is calculated based on the predefined 
ARM GAS  /tmp/ccMbZRn9.s 			page 5


 178:Core/Src/system_stm32f7xx.c ****   *           constant and the selected clock source:
 179:Core/Src/system_stm32f7xx.c ****   *             
 180:Core/Src/system_stm32f7xx.c ****   *           - If SYSCLK source is HSI, SystemCoreClock will contain the HSI_VALUE(*)
 181:Core/Src/system_stm32f7xx.c ****   *                                              
 182:Core/Src/system_stm32f7xx.c ****   *           - If SYSCLK source is HSE, SystemCoreClock will contain the HSE_VALUE(**)
 183:Core/Src/system_stm32f7xx.c ****   *                          
 184:Core/Src/system_stm32f7xx.c ****   *           - If SYSCLK source is PLL, SystemCoreClock will contain the HSE_VALUE(**) 
 185:Core/Src/system_stm32f7xx.c ****   *             or HSI_VALUE(*) multiplied/divided by the PLL factors.
 186:Core/Src/system_stm32f7xx.c ****   *         
 187:Core/Src/system_stm32f7xx.c ****   *         (*) HSI_VALUE is a constant defined in stm32f7xx_hal_conf.h file (default value
 188:Core/Src/system_stm32f7xx.c ****   *             16 MHz) but the real value may vary depending on the variations
 189:Core/Src/system_stm32f7xx.c ****   *             in voltage and temperature.   
 190:Core/Src/system_stm32f7xx.c ****   *    
 191:Core/Src/system_stm32f7xx.c ****   *         (**) HSE_VALUE is a constant defined in stm32f7xx_hal_conf.h file (default value
 192:Core/Src/system_stm32f7xx.c ****   *              25 MHz), user has to ensure that HSE_VALUE is same as the real
 193:Core/Src/system_stm32f7xx.c ****   *              frequency of the crystal used. Otherwise, this function may
 194:Core/Src/system_stm32f7xx.c ****   *              have wrong result.
 195:Core/Src/system_stm32f7xx.c ****   *                
 196:Core/Src/system_stm32f7xx.c ****   *         - The result of this function could be not correct when using fractional
 197:Core/Src/system_stm32f7xx.c ****   *           value for HSE crystal.
 198:Core/Src/system_stm32f7xx.c ****   *     
 199:Core/Src/system_stm32f7xx.c ****   * @param  None
 200:Core/Src/system_stm32f7xx.c ****   * @retval None
 201:Core/Src/system_stm32f7xx.c ****   */
 202:Core/Src/system_stm32f7xx.c **** void SystemCoreClockUpdate(void)
 203:Core/Src/system_stm32f7xx.c **** {
  55              		.loc 1 203 0
  56              		.cfi_startproc
  57              		@ args = 0, pretend = 0, frame = 0
  58              		@ frame_needed = 0, uses_anonymous_args = 0
  59              		@ link register save eliminated.
  60              	.LVL0:
 204:Core/Src/system_stm32f7xx.c ****   uint32_t tmp = 0, pllvco = 0, pllp = 2, pllsource = 0, pllm = 2;
 205:Core/Src/system_stm32f7xx.c ****   
 206:Core/Src/system_stm32f7xx.c ****   /* Get SYSCLK source -------------------------------------------------------*/
 207:Core/Src/system_stm32f7xx.c ****   tmp = RCC->CFGR & RCC_CFGR_SWS;
  61              		.loc 1 207 0
  62 0000 224B     		ldr	r3, .L14
  63 0002 9B68     		ldr	r3, [r3, #8]
  64 0004 03F00C03 		and	r3, r3, #12
  65              	.LVL1:
 208:Core/Src/system_stm32f7xx.c **** 
 209:Core/Src/system_stm32f7xx.c ****   switch (tmp)
  66              		.loc 1 209 0
  67 0008 042B     		cmp	r3, #4
  68 000a 14D0     		beq	.L6
  69 000c 082B     		cmp	r3, #8
  70 000e 16D0     		beq	.L7
  71 0010 1BB1     		cbz	r3, .L13
 210:Core/Src/system_stm32f7xx.c ****   {
 211:Core/Src/system_stm32f7xx.c ****     case 0x00:  /* HSI used as system clock source */
 212:Core/Src/system_stm32f7xx.c ****       SystemCoreClock = HSI_VALUE;
 213:Core/Src/system_stm32f7xx.c ****       break;
 214:Core/Src/system_stm32f7xx.c ****     case 0x04:  /* HSE used as system clock source */
 215:Core/Src/system_stm32f7xx.c ****       SystemCoreClock = HSE_VALUE;
 216:Core/Src/system_stm32f7xx.c ****       break;
 217:Core/Src/system_stm32f7xx.c ****     case 0x08:  /* PLL used as system clock source */
ARM GAS  /tmp/ccMbZRn9.s 			page 6


 218:Core/Src/system_stm32f7xx.c **** 
 219:Core/Src/system_stm32f7xx.c ****       /* PLL_VCO = (HSE_VALUE or HSI_VALUE / PLL_M) * PLL_N
 220:Core/Src/system_stm32f7xx.c ****          SYSCLK = PLL_VCO / PLL_P
 221:Core/Src/system_stm32f7xx.c ****          */    
 222:Core/Src/system_stm32f7xx.c ****       pllsource = (RCC->PLLCFGR & RCC_PLLCFGR_PLLSRC) >> 22;
 223:Core/Src/system_stm32f7xx.c ****       pllm = RCC->PLLCFGR & RCC_PLLCFGR_PLLM;
 224:Core/Src/system_stm32f7xx.c ****       
 225:Core/Src/system_stm32f7xx.c ****       if (pllsource != 0)
 226:Core/Src/system_stm32f7xx.c ****       {
 227:Core/Src/system_stm32f7xx.c ****         /* HSE used as PLL clock source */
 228:Core/Src/system_stm32f7xx.c ****         pllvco = (HSE_VALUE / pllm) * ((RCC->PLLCFGR & RCC_PLLCFGR_PLLN) >> 6);
 229:Core/Src/system_stm32f7xx.c ****       }
 230:Core/Src/system_stm32f7xx.c ****       else
 231:Core/Src/system_stm32f7xx.c ****       {
 232:Core/Src/system_stm32f7xx.c ****         /* HSI used as PLL clock source */
 233:Core/Src/system_stm32f7xx.c ****         pllvco = (HSI_VALUE / pllm) * ((RCC->PLLCFGR & RCC_PLLCFGR_PLLN) >> 6);      
 234:Core/Src/system_stm32f7xx.c ****       }
 235:Core/Src/system_stm32f7xx.c **** 
 236:Core/Src/system_stm32f7xx.c ****       pllp = (((RCC->PLLCFGR & RCC_PLLCFGR_PLLP) >>16) + 1 ) *2;
 237:Core/Src/system_stm32f7xx.c ****       SystemCoreClock = pllvco/pllp;
 238:Core/Src/system_stm32f7xx.c ****       break;
 239:Core/Src/system_stm32f7xx.c ****     default:
 240:Core/Src/system_stm32f7xx.c ****       SystemCoreClock = HSI_VALUE;
  72              		.loc 1 240 0
  73 0012 1F4A     		ldr	r2, .L14+4
  74 0014 1F4B     		ldr	r3, .L14+8
  75              	.LVL2:
  76 0016 1A60     		str	r2, [r3]
 241:Core/Src/system_stm32f7xx.c ****       break;
  77              		.loc 1 241 0
  78 0018 02E0     		b	.L9
  79              	.LVL3:
  80              	.L13:
 212:Core/Src/system_stm32f7xx.c ****       break;
  81              		.loc 1 212 0
  82 001a 1D4A     		ldr	r2, .L14+4
  83 001c 1D4B     		ldr	r3, .L14+8
  84              	.LVL4:
  85 001e 1A60     		str	r2, [r3]
  86              	.LVL5:
  87              	.L9:
 242:Core/Src/system_stm32f7xx.c ****   }
 243:Core/Src/system_stm32f7xx.c ****   /* Compute HCLK frequency --------------------------------------------------*/
 244:Core/Src/system_stm32f7xx.c ****   /* Get HCLK prescaler */
 245:Core/Src/system_stm32f7xx.c ****   tmp = AHBPrescTable[((RCC->CFGR & RCC_CFGR_HPRE) >> 4)];
  88              		.loc 1 245 0
  89 0020 1A4B     		ldr	r3, .L14
  90 0022 9B68     		ldr	r3, [r3, #8]
  91 0024 C3F30313 		ubfx	r3, r3, #4, #4
  92 0028 1B4A     		ldr	r2, .L14+12
  93 002a D15C     		ldrb	r1, [r2, r3]	@ zero_extendqisi2
  94              	.LVL6:
 246:Core/Src/system_stm32f7xx.c ****   /* HCLK frequency */
 247:Core/Src/system_stm32f7xx.c ****   SystemCoreClock >>= tmp;
  95              		.loc 1 247 0
  96 002c 194A     		ldr	r2, .L14+8
  97 002e 1368     		ldr	r3, [r2]
ARM GAS  /tmp/ccMbZRn9.s 			page 7


  98 0030 CB40     		lsrs	r3, r3, r1
  99 0032 1360     		str	r3, [r2]
 100 0034 7047     		bx	lr
 101              	.LVL7:
 102              	.L6:
 215:Core/Src/system_stm32f7xx.c ****       break;
 103              		.loc 1 215 0
 104 0036 194A     		ldr	r2, .L14+16
 105 0038 164B     		ldr	r3, .L14+8
 106              	.LVL8:
 107 003a 1A60     		str	r2, [r3]
 216:Core/Src/system_stm32f7xx.c ****     case 0x08:  /* PLL used as system clock source */
 108              		.loc 1 216 0
 109 003c F0E7     		b	.L9
 110              	.LVL9:
 111              	.L7:
 222:Core/Src/system_stm32f7xx.c ****       pllm = RCC->PLLCFGR & RCC_PLLCFGR_PLLM;
 112              		.loc 1 222 0
 113 003e 134B     		ldr	r3, .L14
 114              	.LVL10:
 115 0040 5A68     		ldr	r2, [r3, #4]
 116              	.LVL11:
 223:Core/Src/system_stm32f7xx.c ****       
 117              		.loc 1 223 0
 118 0042 5B68     		ldr	r3, [r3, #4]
 119 0044 03F03F03 		and	r3, r3, #63
 120              	.LVL12:
 225:Core/Src/system_stm32f7xx.c ****       {
 121              		.loc 1 225 0
 122 0048 12F4800F 		tst	r2, #4194304
 123 004c 13D0     		beq	.L10
 228:Core/Src/system_stm32f7xx.c ****       }
 124              		.loc 1 228 0
 125 004e 134A     		ldr	r2, .L14+16
 126              	.LVL13:
 127 0050 B2FBF3F2 		udiv	r2, r2, r3
 128 0054 0D4B     		ldr	r3, .L14
 129              	.LVL14:
 130 0056 5B68     		ldr	r3, [r3, #4]
 131 0058 C3F38813 		ubfx	r3, r3, #6, #9
 132 005c 03FB02F3 		mul	r3, r3, r2
 133              	.LVL15:
 134              	.L11:
 236:Core/Src/system_stm32f7xx.c ****       SystemCoreClock = pllvco/pllp;
 135              		.loc 1 236 0
 136 0060 0A4A     		ldr	r2, .L14
 137 0062 5268     		ldr	r2, [r2, #4]
 138 0064 C2F30142 		ubfx	r2, r2, #16, #2
 139 0068 0132     		adds	r2, r2, #1
 140 006a 5200     		lsls	r2, r2, #1
 141              	.LVL16:
 237:Core/Src/system_stm32f7xx.c ****       break;
 142              		.loc 1 237 0
 143 006c B3FBF2F3 		udiv	r3, r3, r2
 144              	.LVL17:
 145 0070 084A     		ldr	r2, .L14+8
 146              	.LVL18:
ARM GAS  /tmp/ccMbZRn9.s 			page 8


 147 0072 1360     		str	r3, [r2]
 238:Core/Src/system_stm32f7xx.c ****     default:
 148              		.loc 1 238 0
 149 0074 D4E7     		b	.L9
 150              	.LVL19:
 151              	.L10:
 233:Core/Src/system_stm32f7xx.c ****       }
 152              		.loc 1 233 0
 153 0076 064A     		ldr	r2, .L14+4
 154              	.LVL20:
 155 0078 B2FBF3F2 		udiv	r2, r2, r3
 156 007c 034B     		ldr	r3, .L14
 157              	.LVL21:
 158 007e 5B68     		ldr	r3, [r3, #4]
 159 0080 C3F38813 		ubfx	r3, r3, #6, #9
 160 0084 03FB02F3 		mul	r3, r3, r2
 161              	.LVL22:
 162 0088 EAE7     		b	.L11
 163              	.L15:
 164 008a 00BF     		.align	2
 165              	.L14:
 166 008c 00380240 		.word	1073887232
 167 0090 0024F400 		.word	16000000
 168 0094 00000000 		.word	.LANCHOR0
 169 0098 00000000 		.word	.LANCHOR1
 170 009c 00127A00 		.word	8000000
 171              		.cfi_endproc
 172              	.LFE142:
 174              		.global	APBPrescTable
 175              		.global	AHBPrescTable
 176              		.global	SystemCoreClock
 177              		.section	.data.SystemCoreClock,"aw",%progbits
 178              		.align	2
 179              		.set	.LANCHOR0,. + 0
 182              	SystemCoreClock:
 183 0000 0024F400 		.word	16000000
 184              		.section	.rodata.AHBPrescTable,"a",%progbits
 185              		.align	2
 186              		.set	.LANCHOR1,. + 0
 189              	AHBPrescTable:
 190 0000 00       		.byte	0
 191 0001 00       		.byte	0
 192 0002 00       		.byte	0
 193 0003 00       		.byte	0
 194 0004 00       		.byte	0
 195 0005 00       		.byte	0
 196 0006 00       		.byte	0
 197 0007 00       		.byte	0
 198 0008 01       		.byte	1
 199 0009 02       		.byte	2
 200 000a 03       		.byte	3
 201 000b 04       		.byte	4
 202 000c 06       		.byte	6
 203 000d 07       		.byte	7
 204 000e 08       		.byte	8
 205 000f 09       		.byte	9
 206              		.section	.rodata.APBPrescTable,"a",%progbits
ARM GAS  /tmp/ccMbZRn9.s 			page 9


 207              		.align	2
 210              	APBPrescTable:
 211 0000 00       		.byte	0
 212 0001 00       		.byte	0
 213 0002 00       		.byte	0
 214 0003 00       		.byte	0
 215 0004 01       		.byte	1
 216 0005 02       		.byte	2
 217 0006 03       		.byte	3
 218 0007 04       		.byte	4
 219              		.text
 220              	.Letext0:
 221              		.file 2 "/usr/include/newlib/machine/_default_types.h"
 222              		.file 3 "/usr/include/newlib/sys/_stdint.h"
 223              		.file 4 "Drivers/CMSIS/Include/core_cm7.h"
 224              		.file 5 "Drivers/CMSIS/Device/ST/STM32F7xx/Include/system_stm32f7xx.h"
 225              		.file 6 "Drivers/CMSIS/Device/ST/STM32F7xx/Include/stm32f767xx.h"
 226              		.file 7 "Drivers/STM32F7xx_HAL_Driver/Inc/stm32f7xx_hal.h"
ARM GAS  /tmp/ccMbZRn9.s 			page 10


DEFINED SYMBOLS
                            *ABS*:0000000000000000 system_stm32f7xx.c
     /tmp/ccMbZRn9.s:17     .text.SystemInit:0000000000000000 $t
     /tmp/ccMbZRn9.s:24     .text.SystemInit:0000000000000000 SystemInit
     /tmp/ccMbZRn9.s:41     .text.SystemInit:0000000000000010 $d
     /tmp/ccMbZRn9.s:46     .text.SystemCoreClockUpdate:0000000000000000 $t
     /tmp/ccMbZRn9.s:53     .text.SystemCoreClockUpdate:0000000000000000 SystemCoreClockUpdate
     /tmp/ccMbZRn9.s:166    .text.SystemCoreClockUpdate:000000000000008c $d
     /tmp/ccMbZRn9.s:210    .rodata.APBPrescTable:0000000000000000 APBPrescTable
     /tmp/ccMbZRn9.s:189    .rodata.AHBPrescTable:0000000000000000 AHBPrescTable
     /tmp/ccMbZRn9.s:182    .data.SystemCoreClock:0000000000000000 SystemCoreClock
     /tmp/ccMbZRn9.s:178    .data.SystemCoreClock:0000000000000000 $d
     /tmp/ccMbZRn9.s:185    .rodata.AHBPrescTable:0000000000000000 $d
     /tmp/ccMbZRn9.s:207    .rodata.APBPrescTable:0000000000000000 $d
                     .debug_frame:0000000000000010 $d

NO UNDEFINED SYMBOLS
